0.02
-nan
-nan
-nan
-nan
-nan
-nan
-nan
-nan
-nan
-nan
-nan
-nan
1.034745509998084
0.9269909957057503
0.7484527972748667
0.6014258761204675
0.4885499842613604
0.4018058310497892
0.3342931642394465
0.2810579140402779
0.2385864670037085
0.2043465897720932
0.1764820163393077
0.1536135811295008
0.1347052731092591
0.1189706043153533
0.1058055697391827
0.09474019093194115
0.08540350779675779
0.07749840959997711
0.07078363011049955
0.06506089441202557
0.06016571538769995
0.05596073786335372
0.05233083736662126
0.0491794141297739
0.04642549655906122
0.04400139547229864
0.04185074175864152
0.03992680382847067
0.03819102351293114
0.03661173512317045
0.03516304675983302
0.03382386964838139
0.03257708348297055
0.03140882583572575
0.03030789312759453
0.02926524026253849
0.0282735661091889
0.02732697259142962
0.02642068610283633
0.02555083113353468
0.02471424725294081
0.02390834182616826
0.02313097199264577
0.02238035047064961
0.02165497066030237
0.02095354730230772
0.0202749696189629
0.01961826442924005
0.01898256720305198
0.01836709941288581
0.01777115086479844
0.01719406595537211
0.01663523301589611
0.01609407607799422
0.01557004853347191
0.01506262827172374
0.01457131396591221
0.01409562224891249
0.01363508557531359
0.01318925060959078
0.01275767701528816
0.01233993654751752
0.01193561237283943
0.01154429855773851
0.0111655996804441
0.0107991305314785
0.01044451587662959
0.01010139026255039
0.009769397850224779
0.009448192265447035
0.009137436458463027
0.008836802567214348
0.008545971780377996
0.008264634197706846
0.007992488686156119
0.007729242731007586
0.007474612281729649
0.00722832159267617
0.0069901030589884
0.006759697048228781
0.00653685172837457
0.006321322892852222
0.006112873783307301
0.005911274910796556
0.00571630387605902
0.005527745189484219
0.005345390091349419
0.00516903637284703
0.004998488198369597
0.004833555929471249
0.004674055950872282
0.004519810498825628
0.004370647492120358
0.004226400365956837
0.004086907908885676
0.00395201410297459
0.003821567967329415
0.003695423405071055
0.003573439053844184
0.003455478139910436
0.003341408335859409
0.003231101621953847
0.003124434151108402
0.00302128611749135
0.002921541628722914
0.002825088581638639
0.002731818541573306
0.002641626625117769
0.002554411386292797
0.002470074706079097
0.002388521685240241
0.002309660540370776
0.002233402503099223
0.00215966172237432
0.002088355169761736
0.002019402547676276
0.001952726200475739
0.001888251028341484
0.001825904403871162
0.001765616091309226
0.001707318168342209
0.001650944950385937
0.001596432917292662
0.001543720642408307
0.001492748723909871
0.001443459718355416
0.001395798076379784
0.001349710080470967
0.001305143784763629
0.001262048956787112
0.001220377021108414
0.001180081004809203
0.001141115484741267
0.001103436536503063
0.001067001685083478
0.001031769857119785
0.0009977013347179792
0.0009647577107863357
0.0009329018458325301
0.0009020978261781809
0.0008723109235449414
0.0008435075559675003
0.0008156552499907399
0.0007887226041095857
0.0007626792534109516
0.0007374958353785567
0.0007131439568235485
0.0006895961619026931
0.0006668259011905486
0.0006448075017694587
0.0006235161383052283
0.0006029278050754299
0.000583019288919861
0.0005637681430822648
0.0005451526619145566
0.0005271518564148385
0.0005097454305723773
0.0004929137584922938
0.0004766378622749746
0.000460899390625004
0.0004456805981659438
0.0004309643254372596
0.0004167339795515501
0.0004029735154897808
0.0003896674180136862
0.0003768006841753426
0.0003643588064036781
0.0003523277561494113
0.0003406939680695816
0.0003294443247340643
0.0003185661418374522
0.0003080471538979809
0.000297875500429589
0.000288039712569989
0.0002785287001500382
0.0002693317391900428
0.000260438459809161
0.0002518388345335629
0.0002435231669909226
0.0002354820809776279
0.0002277065098876579
0.0002201876864897167
0.0002129171330425828
0.0002058866517363844
0.0001990883154493458
0.0001925144588102205
0.0001861576695552575
0.0001800107801713045
0.0001740668598136121
0.0001683192064918099
0.000162761339513074
0.0001573869921750032
0.0001521901046997916
0.0001471648174018007
0.0001423054640805684
0.0001376065656319083
0.0001330628238702743
0.0001286691155547737
0.000124420486612617
0.0001203121465532541
0.0001163394630670067
0.0001124979568019361
0.0001087832963132253
0.0001051912931791905
0.0001017178972791667
9.835919222638588e-05
9.511139095228177e-05
9.197083143653427e-05
8.893397257780461e-05
8.599739020129613e-05
8.315777319764422e-05
8.04119197896091e-05
7.775673392195746e-05
7.518922177056575e-05
7.270648836675074e-05
7.030573433316804e-05
6.79842527272248e-05
6.573942598901921e-05
6.356872298988332e-05
6.146969617871153e-05
5.94399788218728e-05
5.747728233491783e-05
5.557939370188958e-05
5.37441729801513e-05
5.196955088766774e-05
5.025352646951924e-05
4.859416484211602e-05
4.6989595011215e-05
4.543800776242358e-05
4.3937653621206e-05
4.248684088044507e-05
4.108393369274902e-05
3.972735022632907e-05
3.841556088080107e-05
3.714708656313583e-05
3.592049701963525e-05
3.4734409223161e-05
3.358748581405281e-05
3.247843359180588e-05
3.140600205725097e-05
3.036898200249766e-05
2.936620414735574e-05
2.839653782116408e-05
2.745888968760073e-05
2.65522025123454e-05
2.567545397047486e-05
2.482765549421483e-05
2.400785115806476e-05
2.321511660096333e-05
2.24485579841382e-05
2.170731098307959e-05
2.099053981327265e-05
2.029743628754019e-05
1.962721890489181e-05
1.897913196927618e-05
1.835244473775729e-05
1.774645059618884e-05
1.716046626289454e-05
1.659383101781644e-05
1.604590595785782e-05
1.551607327638922e-05
1.500373556661828e-05
1.45083151479836e-05
1.402925341480159e-05
1.356601020650774e-05
1.311806319850978e-05
1.268490731330046e-05
1.226605415075284e-05
1.186103143779278e-05
1.146938249576333e-05
1.109066572532013e-05
1.072445410870395e-05
1.037033472811229e-05
1.002790830040098e-05
9.696788726434757e-06
9.376602656145651e-06
9.066989067351157e-06
8.767598858721167e-06
8.478094456492701e-06
8.198149433019769e-06
7.927448139558627e-06
7.665685349894768e-06
7.412565916470275e-06
7.167804437333136e-06
6.931124934449848e-06
6.70226054255234e-06
6.480953208148515e-06
6.266953398786455e-06
6.060019821279586e-06
5.859919150120589e-06
5.666425764031933e-06
5.479321491823055e-06
5.298395366069717e-06
5.123443385701829e-06
4.954268285478441e-06
4.790679314033483e-06
4.632492018552955e-06
4.479528036729591e-06
4.331614895570987e-06
4.188585817510478e-06
4.050279531685496e-06
3.916540092465936e-06
3.787216703397425e-06
3.66216354737167e-06
3.541239622106315e-06
3.424308581284034e-06
3.31123858055013e-06
3.201902129146369e-06
3.096175946066835e-06
2.99394082088998e-06
2.895081479569515e-06
2.799486454437891e-06
2.707047958322768e-06
2.617661763285442e-06
2.531227082970344e-06
2.447646458989901e-06
2.366825650781847e-06
2.28867352988375e-06
2.213101976813048e-06
2.140025781684016e-06
2.069362548236991e-06
2.001032600954217e-06
1.934958895222157e-06
1.871066930330726e-06
1.809284665640444e-06
1.749542439298301e-06
1.691772889618269e-06
1.635910879145918e-06
1.581893421326416e-06
1.529659609429465e-06
1.479150547820611e-06
1.430309285561404e-06
1.38308075220948e-06
1.337411695795931e-06
1.293250622744844e-06
1.250547739681026e-06
1.209254897520925e-06
1.169325536949674e-06
1.130714635988929e-06
1.093378659484978e-06
1.057275509687656e-06
1.022364478772398e-06
9.886062033220833e-07
9.559626194924354e-07
9.243969204369005e-07
8.938735145912219e-07
8.643579856195175e-07
8.358170536473292e-07
8.08218537731198e-07
7.815313194520261e-07
7.557253078837455e-07
7.307714057337275e-07
7.066414765960116e-07
6.833083130440261e-07
6.607456059507895e-07
6.389279150499064e-07
6.17830640054166e-07
5.974299929832429e-07
5.777029712571727e-07
5.586273319214992e-07
5.401815665046105e-07
5.223448766349901e-07
5.050971508394365e-07
4.884189415365537e-07
4.722914434827026e-07
4.566964722589161e-07
4.416164439786431e-07
4.270343552237909e-07
4.129337641954467e-07
3.992987718530111e-07
3.861140043504369e-07
3.733645953117405e-07
3.610361692571672e-07
3.491148255165527e-07
3.375871221232741e-07
3.26440061256877e-07
3.156610741367289e-07
3.052380071098321e-07
2.951591077492697e-07
2.854130116724596e-07
2.75988729736081e-07
2.668756357974329e-07
2.580634544337225e-07
2.495422495885073e-07
2.413024132174411e-07
2.333346546414075e-07
2.256299898703151e-07
2.181797315961408e-07
2.109754795096401e-07
2.040091103516576e-07
1.972727693734369e-07
1.90758861033976e-07
1.844600407041636e-07
1.78369206186541e-07
1.724794898191132e-07
1.667842508119713e-07
1.612770673609465e-07
1.55951730097521e-07
1.508022343752732e-07
1.458227740593629e-07
1.410077346022107e-07
1.363516867569909e-07
1.318493807058426e-07
1.274957398738845e-07
1.232858554343482e-07
1.192149805852624e-07
1.152785252279324e-07
1.114720508621659e-07
1.077912655460182e-07
1.042320190533531e-07
1.00790298100882e-07
9.746222214973552e-08
9.424403860784332e-08
9.11321188195876e-08
8.812295408037904e-08
8.5213151333247e-08
8.239942967681382e-08
7.967861661000199e-08
7.704764430472811e-08
7.450354612042828e-08
7.204345358051138e-08
6.966459280302653e-08
6.736428156428193e-08
6.513992608891822e-08
6.298901841293315e-08
6.090913329432907e-08
5.889792558594956e-08
5.695312755951512e-08
5.507254642154327e-08
5.325406165043017e-08
5.149562292673793e-08
4.979524749506782e-08
4.815101810814301e-08
4.656108085450063e-08
4.502364302351401e-08
4.353697109742021e-08
4.209938875775194e-08
4.070927522007828e-08
3.936506290224694e-08
3.806523618120582e-08
3.680832950209258e-08
3.559292568180165e-08
3.441765422147452e-08
3.328118999215978e-08
3.218225157403928e-08
3.11195999262594e-08
3.009203680481641e-08
2.909840359711159e-08
2.813757997913093e-08
2.72084825463188e-08
2.631006374900244e-08
2.544131061496477e-08
2.460124343112196e-08
2.378891517767702e-08
2.300340979412223e-08
2.224384170503808e-08
2.150935439130574e-08
2.079911971855671e-08
2.011233682502207e-08
1.94482313763127e-08
1.880605459647619e-08
1.818508236362578e-08
1.75846145576081e-08
1.700397398381081e-08
1.644250606751282e-08
1.589957772132871e-08
1.537457675601174e-08
1.486691120236822e-08
1.437600870555702e-08
1.390131563640116e-08
1.344229690658426e-08
1.29984348714775e-08
1.256922913439294e-08
1.215419567301099e-08
1.175286645819079e-08
1.136478907644875e-08
1.098952590588842e-08
1.062665393816424e-08
1.027576388541428e-08
9.936460160233227e-09
9.608360208859228e-09
9.29109397252945e-09
8.984303857489306e-09
8.687643891223718e-09
8.400779563699456e-09
8.123387473042512e-09
7.855154789079588e-09
7.595779124229268e-09
7.344968006692629e-09
7.102438570382696e-09
6.867917416662237e-09
6.641140129601345e-09
6.421850975220427e-09
6.209802640022848e-09
6.004756160827313e-09
5.806480279895456e-09
5.614751433582501e-09
5.429353444295396e-09
5.250077291465338e-09
5.076720765305207e-09
4.909088434699479e-09
4.746991310885367e-09
4.590246572467078e-09
4.438677523737522e-09
4.292113238026356e-09
4.150388525488772e-09
4.013343486733775e-09
3.880823690815339e-09
3.752679673544247e-09
3.628766965361189e-09
3.508945849397902e-09
3.393081164146717e-09
3.281042302400868e-09
3.172702909492495e-09
3.067940893392597e-09
2.966638093725411e-09
2.868680219314452e-09
2.773956991313961e-09
2.682361483232701e-09
2.593790418120192e-09
2.508143958388293e-09
2.425325551491457e-09
2.345241783708917e-09
2.26780233861199e-09
2.192919952518831e-09
2.120510135740569e-09
2.050491275371989e-09
1.982784490735935e-09
1.917313345075426e-09
1.85400402803819e-09
1.792785185786886e-09
1.733587759405972e-09
1.676345002745454e-09
1.620992430036467e-09
1.567467536862709e-09
1.515710071780252e-09
1.465661582670769e-09
1.417265687024164e-09
1.370467815012011e-09
1.32521522552683e-09
1.281456870414986e-09
1.239143455082511e-09
1.198227110879299e-09
1.158661912217718e-09
1.120403107267647e-09
1.083407607014048e-09
1.047633709731459e-09
1.013041084487264e-09
9.795906863525559e-10
9.472447639546019e-10
9.159668925671783e-10
8.857218022323416e-10
8.564754010912479e-10
8.281947524273234e-10
8.008479401792942e-10
7.74404035591113e-10
7.488333292491285e-10
7.241070168893433e-10
7.001970974127241e-10
6.770766851282814e-10
6.547197722117128e-10
6.331010230916737e-10
6.121961336402319e-10
5.919815015723177e-10
5.724343323642492e-10
5.535326350792533e-10
5.352550788866853e-10
5.17581054927637e-10
5.004906461102155e-10
4.839645258966227e-10
4.679840862951155e-10
4.525313580905625e-10
4.375888251494108e-10
4.231397465885135e-10
4.091676997356649e-10
3.956570490646704e-10
3.825925078634368e-10
3.69959363289092e-10
3.577433582900757e-10
3.459307397491639e-10
3.345081486332766e-10
3.234627385952595e-10
3.127820266621802e-10
3.024540656428404e-10
2.924670817965616e-10
2.828098747029557e-10
2.734716020531917e-10
2.644416037474215e-10
2.557098069988168e-10
2.472662785227331e-10
2.391015401993992e-10
2.312064578261395e-10
2.235720519854709e-10
2.161897281717339e-10
2.09051146387172e-10
2.021483545441554e-10
1.95473446546516e-10
1.890189608751641e-10
1.827776203951629e-10
1.767423498299691e-10
1.709063324277042e-10
1.65263062838823e-10
1.5980610104778e-10
1.545293300315012e-10
1.494268103476579e-10
1.444927753207719e-10
1.397216574160077e-10
1.351080560247771e-10
1.306468389682327e-10
1.263329001391732e-10
1.221614016459842e-10
1.181276749194302e-10
1.142271226102961e-10
1.104553443205938e-10
1.0680815040077e-10
1.03281366901878e-10
9.987100361882213e-11
9.657328588728834e-11
9.338446243341533e-11
9.030089903785142e-11
8.731913531403329e-11
8.443589250110337e-11
8.164786371505601e-11
7.895186930744833e-11
7.634489957475267e-11
7.38240399039177e-11
7.138635629807711e-11
6.902913702789167e-11
6.674980687198227e-11
6.454570580263007e-11
6.241445315327294e-11
6.035354783532537e-11
5.836061636756991e-11
5.643361679313112e-11
5.457020742743947e-11
5.27683718816285e-11
5.102593341274088e-11
4.934112363394884e-11
4.771187059449115e-11
4.613643953296514e-11
4.461305333538912e-11
4.313995632236691e-11
4.171546685968425e-11
4.033805331776327e-11
3.90060678244009e-11
3.77181160804264e-11
3.647269762726331e-11
3.526837912031883e-11
3.410378558355453e-11
3.297770265918639e-11
3.18887110556946e-11
3.08357524431753e-11
2.981755875953097e-11
2.883299053787743e-11
2.788092964233774e-11
2.696027029096429e-11
2.607003809885058e-11
2.520919478882287e-11
2.437682050916084e-11
2.357187647996154e-11
2.279355500286565e-11
2.204091248629314e-11
2.131311175795157e-11
2.060936387580074e-11
1.992883495261271e-11
1.927077164876706e-11
1.86344288440195e-11
1.801915033841894e-11
1.742418352780678e-11
1.68488495714216e-11
1.629249671874368e-11
1.575455364886165e-11
1.523432725323683e-11
1.473127676382055e-11
1.424482996855918e-11
1.377443886130525e-11
1.331956320940883e-11
1.287976201651822e-11
1.245442393353239e-11
1.204318312131372e-11
1.164552188285369e-11
1.126094544624112e-11
1.088909932663132e-11
1.052954701318776e-11
1.018186653917566e-11
9.845667026910019e-12
9.520599059022863e-12
9.206247024749194e-12
8.90220214452724e-12
8.608235658509982e-12
8.32396348760546e-12
8.049106499537555e-12
7.783304534676141e-12
7.526338393294686e-12
7.277814132396557e-12
7.037498846266673e-12
6.805160704190187e-12
6.580418662296036e-12
6.36308227025809e-12
6.152979330622891e-12
5.949776264485914e-12
5.753249816450044e-12
5.5632418406052e-12
5.379531989781187e-12
5.201882769011749e-12
5.030099086128443e-12
4.864061190361612e-12
4.703438531759705e-12
4.548149571622651e-12
4.397959750243327e-12
4.252728782888039e-12
4.112279119466016e-12
3.976468779567539e-12
3.845121059212159e-12
3.718135945866581e-12
3.595398622420906e-12
3.476752788917019e-12
3.361948303210269e-12
3.250938356622425e-12
3.14363955713489e-12
3.03982621364638e-12
2.939465357439488e-12
2.842373945253216e-12
2.748509051538145e-12
2.657756165514106e-12
2.569912152762855e-12
2.485051455985177e-12
2.40298097393172e-12
2.323663435655978e-12
2.246903780148718e-12
2.172751190459106e-12
2.101022376197821e-12
2.031717854687505e-12
1.964597104946438e-12
1.899770722111016e-12
1.837050088763321e-12
1.776415994270949e-12
1.717733414586423e-12
1.660987089643547e-12
1.606167692912066e-12
1.553059302936845e-12
1.501754977410341e-12
1.452133028948016e-12
1.404138106262982e-12
1.357733405362563e-12
1.312943207697808e-12
1.26963344963215e-12
1.227722714180534e-12
1.187179669173092e-12
1.147931660946539e-12
1.109970878180286e-12
1.073332820794866e-12
1.037876022192212e-12
1.003639402159128e-12
9.704443885035161e-13
9.383687358602534e-13
9.073714131038623e-13
8.773775095716216e-13
8.484172994924016e-13
8.203989720049371e-13
7.933350538384178e-13
7.671316268003076e-13
7.418328841088348e-13
7.173421776641316e-13
6.936310383991321e-13
6.706868459030908e-13
6.485220951800289e-13
6.270821421022966e-13
6.063418212836323e-13
5.86345470333151e-13
5.669686946320684e-13
5.482136641916249e-13
5.301145708062021e-13
5.126634618900299e-13
4.957183555611229e-13
4.793510151621116e-13
4.635034747850923e-13
4.482126418133216e-13
4.333402551764858e-13
4.189622386641948e-13
4.051373676792261e-13
3.916667461030361e-13
3.787572127889378e-13
3.661941562273805e-13
3.541517042109342e-13
3.424247365317424e-13
3.310861168899688e-13
3.201938478564967e-13
3.09578148834728e-13
2.99378231519058e-13
2.895210743662377e-13
2.799617099677446e-13
2.707973767472733e-13
2.618779353749819e-13
2.531718828227685e-13
2.447479724883283e-13
2.366863828545885e-13
2.288652907888028e-13
2.21300978504346e-13
2.140202370400574e-13
2.069780521559348e-13
2.00127774167504e-13
1.93554140374369e-13
1.871820284582147e-13
1.809958262453698e-13
1.750231139590515e-13
1.692473638273021e-13
1.636119836364688e-13
1.582219748054195e-13
1.52971029028647e-13
1.47863285962565e-13
1.430463070642643e-13
1.383311095649874e-13
1.337988746198713e-13
1.293098462383339e-13
1.250605028347472e-13
1.208888228960879e-13
1.169534541127356e-13
1.1307362898253e-13
1.093686380172937e-13
1.057621760559664e-13
1.022949780327267e-13
9.885142427941808e-14
9.554544905879814e-14
9.24195327437257e-14
8.92953630400547e-14
8.6370354182223e-14
8.346351682986133e-14
8.069250263711007e-14
7.800255059912312e-14
7.55105525244221e-14
7.304344789159747e-14
7.046879532252516e-14
6.815394182190708e-14
6.599799172503095e-14
6.384537289267745e-14
6.166637663299476e-14
5.970420566010787e-14
5.77926645318397e-14
5.588552196658592e-14
5.395903802321261e-14
5.219023970091821e-14
5.042236059530575e-14
4.874579432848997e-14
4.70700511922852e-14
4.555811163409934e-14
4.400822515426198e-14
4.262986674644836e-14
4.12998179425182e-14
3.989939957792762e-14
3.868351502916163e-14
3.747671814865768e-14
3.636721558486054e-14
3.505757374845531e-14
3.38248880673269e-14
3.274535192760242e-14
3.171535400666695e-14
3.079417642022778e-14
2.973352210867795e-14
2.86717529307745e-14
2.76289624415551e-14
2.691241301830067e-14
2.589232650743e-14
2.516241956670631e-14
2.435487813853759e-14
2.359185951030319e-14
2.264888934098948e-14
2.195418578840054e-14
2.112436563956802e-14
2.033309585952088e-14
1.979076309210349e-14
1.921358020991107e-14
1.89562914906905e-14
1.798006481729878e-14
1.712538691590948e-14
1.657231951286663e-14
1.617722632417462e-14
1.550992758324882e-14
1.477484967928366e-14
1.451683450209976e-14
1.401993387908164e-14
1.361464157722795e-14
1.312212460134404e-14
1.321384161082455e-14
1.260791221234272e-14
1.217934269350196e-14
1.175305810697814e-14
1.11521273983753e-14
1.0839557822661e-14
1.058350035165365e-14
1.015023742676303e-14
1.052810538284242e-14
9.798614842074786e-15
9.57072234392028e-15
9.022444542743894e-15
8.5119508671605e-15
8.971963913781167e-15
8.576387317274667e-15
8.346493922734132e-15
8.012740728241349e-15
7.538871426711258e-15
7.37091313543913e-15
7.039482428596751e-15
6.803347884835829e-15
6.481452175112096e-15
6.373442324032574e-15
6.433135039270736e-15
6.162968879553831e-15
5.971022588553654e-15
5.268467690896952e-15
5.098662248336372e-15
5.633229179065831e-15
5.138020771956197e-15
5.153438467624616e-15
5.776354333561163e-15
4.479279944686611e-15
5.394919036259596e-15
5.362751543884979e-15
5.272577154750026e-15
4.724335932264981e-15
5.094151111385909e-15
4.98991504598684e-15
4.870889378554127e-15
5.274721176067668e-15
5.013121838311813e-15
4.898117965042528e-15
3.987699368745512e-15
2.470125295133167e-15
4.776106585027919e-15
4.133804494655091e-15
3.832385773469115e-15
3.536244245909562e-15
4.476871139227135e-15
4.177545800191497e-15
3.769672206233575e-15
4.977606005084863e-15
4.643277008643952e-15
5.035187522053645e-15
5.016666113298295e-15
4.684753227137054e-15
4.095136497546048e-15
3.815917534411034e-15
5.197442913487022e-15
4.19358621180279e-15
4.452526358179326e-15
3.86244159331766e-15
3.397882928985621e-15
3.453873772581792e-15
4.277696406594846e-15
5.143282935129057e-15
5.237942385875486e-15
3.83909310712853e-15
3.26517268465654e-15
4.35967108759797e-15
5.193359461902235e-15
4.360178654492626e-15
4.836429961447675e-15
5.101939268020449e-15
2.601857742270655e-15
3.016479826992679e-15
2.818881782416812e-15
3.334959846991501e-15
2.389227736846203e-15
2.030539459518823e-15
2.607104304217769e-15
1.265620339676943e-15
2.207224195728778e-15
2.456135156472478e-15
2.80643105069522e-15
3.090710677153793e-15
2.676033228918969e-15
2.13155240618375e-15
3.60456694669679e-15
3.479069215581826e-15
3.836860870980582e-15
4.115364023831058e-15
3.366340846919827e-15
3.303723047929692e-15
4.099557305716571e-15
5.161899839602972e-15
3.61028883046838e-15
3.34503358791289e-15
3.19582814818582e-15
3.632521478294958e-15
3.218477910107294e-15
3.510065203915947e-15
3.607132244807425e-15
3.862929769051384e-15
2.588253601286085e-15
2.474031217912873e-15
3.510293579090535e-15
2.648635097464879e-15
1.963265933853582e-15
4.328666864284399e-15
2.294868310962903e-15
3.455270262039585e-15
4.110595759925357e-15
3.929458015463377e-15
2.519546385972198e-15
2.592725306204538e-15
3.432820242513165e-15
3.588750413220143e-15
3.809091216584882e-15
4.473603175668441e-15
3.344464345067883e-15
2.800920154248887e-15
2.721770386419581e-15
3.349606484965384e-15
3.888897742644311e-15
4.61705350608063e-15
2.891743835521942e-15
3.606176619107623e-15
3.443152028465003e-15
2.980437783282131e-15
3.495325361555451e-15
2.962955486145622e-15
2.888881855009736e-15
2.929278809210018e-15
2.731385264951478e-15
3.483459872728376e-15
4.299109883634096e-15
4.646532639172358e-15
2.449751143077343e-15
3.028387474407272e-15
3.07818916744034e-15
2.659708215836067e-15
3.48749367742079e-15
3.364777268198845e-15
4.126088929873997e-15
4.024922877161146e-15
4.643770705615712e-15
3.424547586869501e-15
3.122133651446098e-15
3.213388313187218e-15
3.260944478657955e-15
4.132985695795831e-15
4.012111433712943e-15
3.767525428684083e-15
4.653647999852962e-15
3.697184011865063e-15
2.218811775285315e-15
2.380527314690883e-15
3.479355218636015e-15
2.993761489965323e-15
3.97082965375916e-15
2.898482729299401e-15
3.301164507536947e-15
3.899384051936748e-15
3.13869099044572e-15
4.128375839603404e-15
3.10744229685496e-15
2.560939830956836e-15
3.296313029224595e-15
2.310153612166834e-15
2.666917032347338e-15
3.639884778529297e-15
2.967964202778837e-15
3.260258075609715e-15
3.187280310089439e-15
2.178719291022642e-15
3.53139426959609e-15
6.016859955286248e-16
1.937843816145683e-15
2.783177832729621e-15
1.199547558111409e-15
1.733115809237867e-15
1.804571956581302e-15
1.922683597974912e-15
1.069595737759275e-15
1.294759849867399e-15
8.35275090896908e-16
1.84541380789625e-15
3.277685682505724e-15
2.821984043137163e-15
2.052874644187883e-15
2.679029794553079e-15
1.080307187571205e-15
8.353268401070973e-16
-nan
-nan
7.020922505769974e-16
3.230716524183818e-15
2.420342724562606e-15
-nan
-nan
1.126768945671516e-15
2.400760933320542e-15
4.008404617601736e-15
2.752749845233293e-15
3.336864690955196e-15
1.635544120581787e-15
2.071532584305724e-15
5.786253098363139e-16
8.294254079137996e-16
1.519738637088488e-15
1.367709984487818e-15
4.031748851113643e-15
3.227542445261492e-15
1.491929785028048e-15
1.791929345662004e-15
1.537170719487073e-15
1.666012448277028e-15
2.502346075399076e-15
2.115379213677938e-15
2.311887155410509e-15
1.494587097104686e-15
3.962752029450207e-16
2.378057613308024e-16
-nan
8.241285024283653e-16
1.304114079619362e-15
2.675638075067856e-15
2.361636475415252e-15
1.680883223144787e-15
2.743337656942339e-15
2.601373940933679e-15
5.295849471618087e-16
-nan
1.375794148483358e-15
-nan
8.60760173736206e-16
2.663697677006099e-15
1.3807980036203e-15
1.504132596944465e-15
1.926338922918529e-15
1.223441055395444e-15
-nan
1.25845581861539e-15
1.123754077524174e-15
2.009272145827923e-15
2.786292713928578e-15
5.922091850217777e-16
2.437633546809528e-15
2.009209314199818e-15
2.00665800354345e-15
3.694615249923419e-15
-nan
1.090580807100379e-15
1.995627968295976e-15
5.375834734824139e-16
-nan
3.703249224435625e-15
2.542106478714416e-15
-nan
7.34852942718503e-16
8.000657034147381e-16
1.514844620033854e-15
2.290787484893581e-15
2.332810019362438e-15
2.032036526421014e-15
3.260915296030633e-15
-nan
2.100633900145869e-16
-nan
-nan
-nan
1.182456709697229e-15
2.782006709589979e-15
2.598041231339543e-15
-nan
9.045903868497957e-16
1.484180384643487e-15
2.003891613567166e-15
1.419756369300933e-15
-nan
1.811870582567343e-15
5.958907950927345e-15
3.453797033437385e-15
1.880306816505967e-15
9.852030274591525e-16
2.645382828320439e-15
2.206982779419098e-15
1.506663233925203e-15
1.45141155041121e-15
1.40871851607899e-15
-nan
-nan
3.558780427360019e-15
4.275374788238059e-15
8.828549182560238e-16
3.821080884354261e-15
1.593481134942308e-15
1.392145715780838e-15
2.940984173105493e-15
1.729747894566295e-15
1.320419202131408e-15
-nan
2.02531990164437e-15
3.486111358914372e-15
1.042334564303423e-15
1.580359940794664e-15
-nan
3.462903902527321e-15
1.644927358736286e-15
7.168180390414364e-16
8.506140829757234e-16
2.12090306667641e-15
1.476335991076634e-15
2.106022262144683e-15
-nan
1.17167253514368e-15
2.830276412052163e-15
1.069861366744866e-15
1.649727601334393e-15
2.318021244643649e-15
2.518925513084872e-15
1.222078489698207e-15
-nan
2.271854477077038e-16
-nan
1.405914675468847e-15
1.147140783275701e-15
1.281851246455554e-15
1.341370621677102e-15
2.532403598040748e-15
9.058180738336135e-16
1.416257505507261e-15
9.84091148044044e-16
1.312375321982938e-15
3.053038360871257e-15
1.190840416089561e-15
5.991833214903898e-16
1.522319577241529e-15
2.470504219358624e-15
2.166522132835626e-15
2.896210972968881e-15
1.644581441426201e-15
2.058864103296843e-15
1.990374652682887e-15
1.042995968626823e-15
1.382881379663525e-15
1.817447592127683e-15
1.085419890701056e-15
1.767717687862528e-15
2.486824633307146e-15
1.469776551226279e-15
1.739219613943763e-15
1.28846085351465e-15
7.310851184763787e-17
