0.02
-nan
-nan
-nan
-nan
-nan
-nan
-nan
-nan
5.095737233980935
3.95855464348847
2.688540204194513
1.837543738498606
1.307501599295581
0.97011227465637
0.7440489442790069
0.5845953469853518
0.4674150332394775
0.3786441294599887
0.3098715670833667
0.2556818250407371
0.2124145733730343
0.1775010351795503
0.149085341729427
0.1257953947920991
0.1065972495998965
0.09069892590409566
0.0774849305639022
0.06647062149618686
0.05726978729424932
0.04957124374054725
0.04312170596832612
0.03771310625837206
0.03317311405668185
0.02935799881255705
0.02614722866254492
0.0234393632092786
0.0211489070702167
0.01920386491925499
0.01754379475994262
0.01611820433368901
0.01488517988359267
0.01381017619057303
0.0128649290107713
0.01202647352370294
0.01127626498585933
0.01059940232622218
0.009983954781153668
0.009420388625319057
0.0089010876444699
0.008419958343133417
0.007972109380404609
0.007553594321160255
0.007161207213128891
0.006792321446052496
0.006444763553846774
0.006116714892150152
0.005806635339526251
0.005513204264205513
0.005235274941783745
0.00497183939954079
0.004722001310577852
0.004484955082851097
0.004259969703594548
0.004046376226951604
0.003843558048719658
0.00365094331115758
0.00346799893482542
0.003294225893125047
0.00312915543641637
0.002972346042456084
0.002823380923371042
0.002681865960126593
0.002547427966564341
0.002419713208692792
0.002298386122910955
0.002183128190439986
0.0020736369356059
0.001969625023396981
0.001870819437662871
0.001776960725750757
0.001687802298770781
0.001603109779182753
0.001522660389333657
0.001446242375972564
0.001373654466874271
0.001304705356484341
0.001239213218116018
0.001177005240675043
0.001117917188230488
0.001061792981002125
0.001008484296533757
0.0009578501899633758
0.0009097567324116979
0.0008640766666062999
0.0008206890789208566
0.0007794790870617066
0.0007403375426901426
0.0007031607482969321
0.0006678501876811526
0.0006343122694207728
0.0006024580827432228
0.0005722031652268773
0.0005434672817995554
0.0005161742145026012
0.0004902515625311334
0.0004656305520699099
0.0004422458554606923
0.0004200354192677721
0.0003989403008137144
0.0003789045127910817
0.0003598748755516714
0.000341800876716602
0.0003246345377453566
0.0003083302871285553
0.0002928448398894802
0.0002781370830740287
0.0002641679669497254
0.0002509004016223666
0.0002382991588158109
0.0002263307785486934
0.0002149634804745559
0.0002041670796544886
0.0001939129065370663
0.0001841737309454324
0.0001749236898661762
0.0001661382188487421
0.0001577939868508882
0.0001498688343364366
0.0001423417144811998
0.0001351926373242399
0.0001284026167186723
0.0001219536199402164
0.0001158285198261729
0.0001100110493134877
0.0001044857582538162
9.923797240176267e-05
9.425375445683599e-05
8.951986705770888e-05
8.502373763969049e-05
8.075342505195418e-05
7.669758785197413e-05
7.284545418762842e-05
6.91867931972943e-05
6.57118878430769e-05
6.241150910401857e-05
5.927689147025426e-05
5.629970966689973e-05
5.347205654333313e-05
5.078642207638327e-05
4.823567342381168e-05
4.581303598228578e-05
4.351207539972054e-05
4.132668048235124e-05
3.925104696625689e-05
3.727966210316794e-05
3.540729002112146e-05
3.362895781386867e-05
3.193994233996847e-05
3.033575767428994e-05
2.881214319679036e-05
2.736505227437932e-05
2.599064151579492e-05
2.468526056315509e-05
2.344544239656868e-05
2.226789412726336e-05
2.114948825076164e-05
2.008725434129242e-05
1.907837116156722e-05
1.8120159171493e-05
1.72100734100675e-05
1.634569673853586e-05
1.552473341590094e-05
1.474500300601733e-05
1.400443458560498e-05
1.33010612433782e-05
1.263301485455788e-05
1.199852112188362e-05
1.139589486364063e-05
1.08235355336871e-05
1.027992297556908e-05
9.763613380622935e-06
9.273235457066514e-06
8.80748678606255e-06
8.36513036240339e-06
7.94499130950862e-06
7.545953758790287e-06
7.166957886386592e-06
6.806997099323119e-06
6.465115358185655e-06
6.140404643308525e-06
5.832002538498414e-06
5.539089942540498e-06
5.260888895544607e-06
4.996660509164999e-06
4.745703005143957e-06
4.507349852956203e-06
4.280967998946472e-06
4.065956183617301e-06
3.861743346808244e-06
3.667787108707079e-06
3.4835723323653e-06
3.308609750870794e-06
3.142434673258681e-06
2.984605746472848e-06
2.834703785001281e-06
2.692330656351771e-06
2.557108224879267e-06
2.428677345942224e-06
2.306696913683537e-06
2.190842954711644e-06
2.080807766044883e-06
1.97629909987538e-06
1.877039385714679e-06
1.782764995931265e-06
1.693225541338846e-06
1.608183210599301e-06
1.527412134556626e-06
1.450697789464248e-06
1.377836425510392e-06
1.308634527179445e-06
1.242908297510123e-06
1.180483170746785e-06
1.121193348618735e-06
1.06488136085755e-06
1.011397645239063e-06
9.606001514575301e-07
9.123539643932264e-07
8.665309441017226e-07
8.230093875779025e-07
7.816737026982506e-07
7.424141047120121e-07
7.051263221029203e-07
6.697113199732953e-07
6.360750378464525e-07
6.041281399713159e-07
5.737857760009358e-07
5.44967358825113e-07
5.175963479264407e-07
4.916000475091421e-07
4.669094123607282e-07
4.434588653723792e-07
4.211861233955991e-07
4.0003203069872e-07
3.799404033531051e-07
3.608578788873164e-07
3.427337752615084e-07
3.25519955931356e-07
3.091707005192497e-07
2.93642588299721e-07
2.788943755647095e-07
2.648868925499279e-07
2.51582936035608e-07
2.389471713224045e-07
2.269460391251307e-07
2.155476638086023e-07
2.047217722435929e-07
1.944396117321387e-07
1.846738729770833e-07
1.753986195615708e-07
1.665892158553703e-07
1.582222647216005e-07
1.502755441953152e-07
1.42727947944932e-07
1.355594302047887e-07
1.287509512133663e-07
1.222844288518294e-07
1.161426878431669e-07
1.103094160415186e-07
1.047691209607506e-07
9.950708624237411e-08
9.450933798684709e-08
8.976260280115457e-08
8.525427181279909e-08
8.097237243587049e-08
7.690553113772301e-08
7.304294716912111e-08
6.937436176122086e-08
6.589003143025262e-08
6.258070112149288e-08
5.943758258671715e-08
5.645232767569012e-08
5.361700684860767e-08
5.092409020367913e-08
4.836642514455446e-08
4.593721933660996e-08
4.363002014886556e-08
4.143870032590338e-08
3.935743970407311e-08
3.738071069601957e-08
3.550326263430124e-08
3.372010944403629e-08
3.202651572501294e-08
3.041798262100613e-08
2.889023817295554e-08
2.743922455980644e-08
2.606108788742059e-08
2.475216869129861e-08
2.35089898213744e-08
2.232824964906677e-08
2.120681226265957e-08
2.014169893477894e-08
1.913008141858891e-08
1.816927194607752e-08
1.725671987301736e-08
1.639000013176259e-08
1.556681151885313e-08
1.478496727174138e-08
1.404239199545282e-08
1.333711253063021e-08
1.26672549271453e-08
1.203104151085211e-08
1.142678203518784e-08
1.08528717938688e-08
1.030778539756942e-08
9.790076636924368e-09
9.298369243764196e-09
8.831358348644549e-09
8.387803186952088e-09
7.966525251971351e-09
7.566405795262206e-09
7.186383132563213e-09
6.825446261025684e-09
6.482638057131822e-09
6.157047360193709e-09
5.847809723055212e-09
5.554102790620072e-09
5.275147630801097e-09
5.010203153865964e-09
4.758565477560421e-09
4.519566486334085e-09
4.292570890630989e-09
4.076976165912092e-09
3.872210067911247e-09
3.677727904211632e-09
3.493013957346258e-09
3.317577062319657e-09
3.150951562892986e-09
2.992694743670912e-09
2.842386619945447e-09
2.699627794526451e-09
2.564038952561936e-09
2.435259704641562e-09
2.312948912065383e-09
2.196780978277042e-09
2.086447703408223e-09
1.981656035217571e-09
1.882127058982588e-09
1.7875968505256e-09
1.697814867613789e-09
1.612542184953095e-09
1.531552567753367e-09
1.454629965788908e-09
1.381571466927903e-09
1.312182399296203e-09
1.246277469452294e-09
1.183682950620081e-09
1.124232834916501e-09
1.06776823104078e-09
1.014139229777963e-09
9.632042659895643e-10
9.148275604801873e-10
8.68879773207443e-10
8.252404502422791e-10
7.837926037531045e-10
7.444265490628078e-10
7.07037497305155e-10
6.715267254354828e-10
6.377993562840518e-10
6.057654115473096e-10
5.753410167252111e-10
5.464443950295099e-10
5.189993852127665e-10
4.929333625207781e-10
4.681753161250825e-10
4.446612976342608e-10
4.223281070991793e-10
4.011167994483301e-10
3.809704848180712e-10
3.618364075813105e-10
3.436631163639168e-10
3.264023829690025e-10
3.100088145076557e-10
2.944385940202717e-10
2.796503752677894e-10
2.656048843547447e-10
2.522650053823398e-10
2.395950084810696e-10
2.275611533863774e-10
2.16131638713537e-10
2.052765888248402e-10
1.949667972710275e-10
1.85174247807064e-10
1.758738817047739e-10
1.670407239268146e-10
1.586511414838416e-10
1.50682577210797e-10
1.431147440229889e-10
1.359267537380262e-10
1.291000654501069e-10
1.226158415261346e-10
1.1645666099438e-10
1.106079390976559e-10
1.050531449965903e-10
9.977668680775836e-11
9.476515987149255e-11
9.000557742654481e-11
8.548495369270946e-11
8.119144090687521e-11
7.711360448776013e-11
7.324065225017411e-11
6.956239710415695e-11
6.606819762178192e-11
6.274989325930915e-11
5.959834301130195e-11
5.66050515932095e-11
5.376206937791257e-11
5.106216921333212e-11
4.849721919119892e-11
4.606155314817493e-11
4.374780538962253e-11
4.155027691430179e-11
3.946362189393071e-11
3.748142989831421e-11
3.559880047539655e-11
3.381091237751883e-11
3.211280198427896e-11
3.049963635160075e-11
2.896783713215371e-11
2.75130684675125e-11
2.613108099623221e-11
2.481858880631338e-11
2.357238421295805e-11
2.238864207383945e-11
2.126392548217428e-11
2.019607165729918e-11
1.918160576340797e-11
1.821813850579062e-11
1.730290684715745e-11
1.643398929880456e-11
1.560847336587881e-11
1.482456463471226e-11
1.408001055679465e-11
1.337232789556968e-11
1.270091924851351e-11
1.206326020100547e-11
1.14569676191375e-11
1.088186645309012e-11
1.033532935819192e-11
9.815961894033818e-12
9.323469735298006e-12
8.855345408098515e-12
8.410089057310754e-12
7.987554062911308e-12
7.586507659640215e-12
7.20509014021701e-12
6.843294379850694e-12
6.499672613273961e-12
6.173268610793051e-12
5.863362375629226e-12
5.568880470814346e-12
5.288749339391785e-12
5.023727175284799e-12
4.771756109992994e-12
4.531399023816078e-12
4.304040585983981e-12
4.087810775669739e-12
3.88262853501786e-12
3.687696595629862e-12
3.501886166724952e-12
3.326366976220438e-12
3.158966263101956e-12
3.00041718455286e-12
2.850111206318593e-12
2.706537769999363e-12
2.570649167903263e-12
2.442096496511151e-12
2.318681007600627e-12
2.202890970118769e-12
2.091706460630158e-12
1.986613624112684e-12
1.886982721943497e-12
1.792231355117908e-12
1.702028261807616e-12
1.616917078195323e-12
1.535726506021891e-12
1.458325471340531e-12
1.385093684066815e-12
1.315611123633909e-12
1.249865356968244e-12
1.186641126786909e-12
1.127031100873859e-12
1.07084345130658e-12
1.016594837257892e-12
9.654409747200078e-13
9.165605191024266e-13
8.704260930104809e-13
8.272818748009094e-13
7.8527556726592e-13
7.46048068151325e-13
7.096695790184904e-13
6.734465513000348e-13
6.393018331837389e-13
6.069413053758937e-13
5.764550856623813e-13
5.473021909919102e-13
5.205198220536438e-13
4.943718720550247e-13
4.690159485415546e-13
4.455723424937154e-13
4.245393104328865e-13
4.018250222085332e-13
3.814635279450799e-13
3.626467701186768e-13
3.451688136101444e-13
3.280097757320182e-13
3.112964308344307e-13
2.950522879358991e-13
2.806247481943108e-13
2.662700771579202e-13
2.536076302349915e-13
2.406164944841679e-13
2.295514557569876e-13
2.178480297911594e-13
2.07372898411968e-13
1.961207593709265e-13
1.865350850088093e-13
1.776271352598971e-13
1.674957675410036e-13
1.609205666552769e-13
1.522088717999002e-13
1.437415061166776e-13
1.380061308380279e-13
1.302036816184128e-13
1.239042225431304e-13
1.186489425199558e-13
1.131429308882257e-13
1.093515046308844e-13
1.001542370989185e-13
9.647906041637165e-14
9.082153059870371e-14
8.775917241545476e-14
8.305039893216529e-14
7.996839718837905e-14
7.553183856882942e-14
7.163092797600885e-14
6.790952917903556e-14
6.627974440621777e-14
6.325187813041039e-14
5.742812827423049e-14
5.471709216266591e-14
5.395790046104987e-14
4.968496602402204e-14
5.281922109373982e-14
5.153918998326454e-14
4.980991706583797e-14
4.556001149119129e-14
4.509636160195973e-14
3.737165391468903e-14
3.421096103056617e-14
4.069107443005689e-14
3.461566552124752e-14
2.901639789429948e-14
3.152206328178061e-14
2.946514929331921e-14
3.154554726291755e-14
2.641193457378872e-14
2.437666318417916e-14
2.835532868604981e-14
3.258237850331787e-14
1.986737431874848e-14
2.564487396887477e-14
1.790253799275634e-14
2.495224819971715e-14
1.959459915667896e-14
2.180309437667089e-14
2.256355114673978e-14
1.924496573158738e-14
2.222046906555081e-14
1.710973550408654e-14
3.021907910859679e-14
2.725931279898944e-14
3.190256465811639e-14
1.11027872917401e-14
1.406356529246354e-14
1.111010619322118e-14
1.81861899802433e-14
1.799345435932938e-14
2.176584999989432e-14
1.053887391486744e-14
2.900906462618465e-14
9.360931271824722e-15
2.63695814843683e-14
9.920643225150958e-15
1.225473711797132e-14
1.818177971943579e-14
1.04371838443872e-14
1.139944729886268e-14
2.220495220459163e-14
1.660334981993147e-14
1.314367536054952e-14
3.385286050453536e-15
1.509886944277929e-14
1.917649501082854e-14
1.397139238969024e-14
1.089863177815522e-14
2.619132562021211e-14
1.974342872717971e-14
1.370782492128725e-14
6.299249013232224e-15
2.311068243262222e-14
1.620681664632128e-14
2.487177324450588e-14
2.256950398578747e-14
2.302257710773597e-14
2.220260944526763e-14
2.488210994631864e-14
2.266746556232749e-14
2.420390551971991e-14
2.281456945382069e-14
2.513501078335985e-14
2.037620902433779e-14
2.4525570979483e-14
3.626477133853705e-14
3.437093983921265e-14
2.594390316606754e-14
9.937427115750052e-15
8.069619481516547e-15
1.1060884590075e-14
1.583957019092577e-14
1.327027768374082e-14
1.601528484183252e-14
3.296175225103342e-14
2.508549304507487e-14
1.728329860485844e-14
2.277318150804087e-14
3.217280426356959e-15
6.351638786097408e-15
1.640278483437816e-14
2.206769008907727e-14
1.557923698225593e-14
6.358187855942905e-15
1.229965817838613e-14
9.900937109990334e-15
9.864302026538955e-15
1.953102402480445e-14
9.336342941473698e-15
1.156370785499798e-14
9.441703291716697e-15
1.504053567346182e-14
2.831515710208831e-15
2.748591003405372e-15
-nan
7.655201155166929e-15
1.400317388372706e-14
1.353048140359479e-14
1.952763047611653e-14
1.436283048085167e-14
1.715428737177301e-14
2.100321218486919e-14
1.087033727470583e-14
1.951698914246608e-14
1.674890652527338e-14
1.107488462983519e-14
1.137743011609048e-14
2.021396957316068e-14
1.091921186125282e-14
2.203083066237675e-14
2.818971282544919e-15
6.568953430110443e-15
1.82856506756795e-14
1.353417050606422e-14
9.156709428087033e-15
8.862364228580585e-15
1.149050762346487e-14
1.225987171192689e-14
1.497302165837305e-14
1.366966725864599e-14
6.157489849959914e-15
2.970287263977159e-14
1.083885425793499e-14
1.01077700905458e-14
1.141865415176848e-14
1.062446567995086e-14
1.142199410906252e-14
2.009335898271367e-14
1.02309320506461e-14
1.786367111601115e-14
1.390876994390945e-14
2.145100013851721e-14
1.640516792835245e-14
1.990607784980747e-14
1.569129779846848e-14
9.262444939131491e-15
5.92581977792838e-15
1.331518024053324e-14
1.236535237744331e-14
1.941393546275966e-14
5.398224754633893e-15
1.703548064185062e-14
1.297349694869127e-14
2.667554511876146e-14
2.126912245659745e-14
1.485693920185712e-14
9.350280796960373e-15
5.170901319584293e-15
9.055539699175517e-15
1.430582042765927e-14
9.298054286003316e-15
7.730990170965339e-15
1.059230790948288e-14
7.284779585610604e-15
1.708740360568103e-14
1.36685490208542e-14
1.21281234976554e-14
9.948432794896337e-15
1.140654409318172e-14
1.591748427235494e-14
1.691957118932014e-14
1.318024889458535e-14
1.299646484808928e-14
2.345236334022065e-14
1.983401527018554e-14
1.545630957473583e-14
1.127684556917505e-14
1.089650435971843e-14
1.402541938587148e-14
9.698915556977603e-15
1.578185535604521e-14
8.889736088502085e-15
1.421977843255766e-14
1.608175129476856e-14
2.133678923392448e-14
1.716320230137765e-14
1.832252116257177e-14
2.082325633189468e-14
1.815013403973743e-14
1.889345999589231e-14
9.252337670175938e-15
9.590975797609159e-15
1.942213086292959e-14
1.426327108949116e-14
1.342024680255212e-14
1.063142060922835e-14
6.633363322984346e-15
1.268033492059174e-14
2.206005847463769e-14
5.975923964646571e-15
1.552774121393113e-14
-nan
6.231526334787519e-15
1.974541728928766e-14
3.118250537550136e-15
1.062727699953273e-14
8.319300912175854e-15
7.723070873578093e-15
1.32249713870165e-14
1.280803778118252e-14
1.46054963717992e-14
5.646503404270512e-15
7.536519286433392e-15
1.581381161838578e-14
1.108916904602796e-14
1.844170955263836e-14
1.57453006343708e-14
1.307468335847528e-14
1.241205621913814e-14
1.080030020962203e-14
1.439677406746875e-14
1.965958835993582e-14
1.494516696521448e-14
1.298329576331609e-14
2.813171485562429e-14
1.340612075824989e-14
1.57158601685934e-14
1.247197275840639e-14
3.22519961323621e-14
2.216506551822941e-14
1.206891455074704e-14
1.480244272907986e-14
2.071310175057812e-14
9.223608811536175e-15
1.64146567017415e-14
1.897766057895486e-14
1.018903158044909e-14
1.972475485953539e-14
1.674002618730802e-14
1.112170700109912e-14
9.274187724723702e-15
9.761934980008776e-15
2.027288165592346e-14
9.260005926499981e-15
1.245158822039936e-14
1.564762285296206e-14
1.521071305147236e-14
7.110385065444436e-15
1.315585289076952e-14
1.381153469447373e-14
2.43355127324994e-14
1.303233450503603e-14
1.722119943522816e-14
2.01572780790116e-14
9.431232427799911e-15
1.702723012266647e-14
-nan
1.926596650680219e-14
1.026471191908051e-14
1.909527299750479e-14
1.506609028477921e-14
-nan
1.30146836633363e-14
1.395764324859685e-14
1.503500949772227e-14
1.123359038760769e-14
2.050079795275571e-14
-nan
1.035269238636763e-14
1.391262560715114e-14
1.342495490240168e-14
1.741620779965279e-14
7.033585739082395e-15
2.455653556617063e-14
1.407462684161938e-14
1.248490290657406e-14
3.024065406799517e-15
1.255998001904478e-14
1.21536859865941e-14
6.497481244686252e-15
1.524828810518756e-14
6.154473780762775e-15
8.881722641820341e-15
9.4184411755419e-15
6.924244431887513e-15
2.124865500559258e-14
1.384616101096206e-14
1.389501041198662e-14
5.809695593977428e-15
1.745563479967165e-14
1.902631572397119e-14
7.584500996616585e-15
8.437501011711278e-15
1.717600379358809e-14
-nan
1.727264484414432e-14
8.17445558168352e-15
1.425518330219135e-14
1.008677127651656e-14
2.337755736046831e-14
2.601801780210849e-14
1.447252484336386e-14
1.782622030678108e-14
2.659335047079819e-14
6.08788280687726e-15
1.781454880198988e-14
2.078999361567252e-14
1.334016210520428e-14
1.35606965304042e-14
1.734147360730829e-14
7.132370268607521e-15
5.172077504989472e-15
1.627105552024645e-14
2.7324282102788e-15
1.250797151296613e-14
6.913361136623774e-15
9.530627288639966e-15
1.192692822352152e-14
1.635796958829486e-14
1.876904819652786e-14
6.568873807970841e-15
1.122972152374522e-14
1.817268324912814e-14
6.757514332696101e-15
1.597551130765089e-14
1.629826482162723e-14
1.794898087741127e-14
1.971250525443274e-14
1.323661504103573e-14
2.418966069541298e-14
1.21898877150204e-14
6.312635544936034e-15
1.659687238629554e-14
2.099047368738598e-15
1.423365393940172e-14
6.950017129860098e-15
1.52186286685316e-14
8.775624551409106e-15
1.137051606641756e-14
2.138149072321524e-14
5.863751791537582e-15
1.111661076134504e-14
1.843246848024493e-14
1.711457324863915e-14
1.577393465977443e-14
1.28822692965602e-14
9.7251838874085e-15
5.735056941582298e-15
-nan
1.233488443103386e-14
5.10607794446673e-15
2.338229334505552e-14
5.601740099145198e-15
8.44699016493022e-15
1.85052501096867e-14
1.013640437046633e-14
7.435710295436989e-15
8.17988315088824e-15
1.647723867187466e-14
1.054096590686521e-14
2.01518342543172e-14
1.391200194403101e-14
1.791701895092121e-14
-nan
1.808144968539484e-14
7.024879838235989e-15
5.285420974823744e-15
1.672212711030779e-14
1.176829835615505e-14
9.849738502832686e-15
7.146658674256765e-15
1.04050705326164e-14
8.955163883501689e-15
1.26556284817339e-14
1.210352652441873e-14
2.16357288169606e-14
1.641241625937651e-14
9.008084872647589e-15
9.076346254936127e-15
1.281499311336766e-14
1.070724246184242e-14
1.342328296819605e-14
1.435718657377817e-14
3.033402841965024e-15
2.481873518939927e-14
1.359782796155515e-14
1.779474784550105e-14
1.26299050723853e-14
9.322084207948762e-15
8.275182350343333e-15
1.365265675586539e-14
1.483472334347813e-14
1.283901502788301e-14
1.525703964714478e-14
2.440139163212789e-14
1.649139170070209e-14
1.965135125071446e-14
5.391277215514122e-15
1.022029957772572e-14
1.412367402638212e-14
2.295050354794775e-14
1.733300651015909e-14
2.281613583704596e-14
-nan
1.222531294557563e-14
7.311818494389266e-15
3.591836810900297e-15
5.102400390375018e-15
1.408167451399608e-14
1.13474038471921e-14
-nan
1.818199809610469e-14
-nan
1.371094872185045e-14
1.092242255846437e-14
8.490258233419926e-15
2.225669978362313e-14
2.061279159869726e-14
1.184393527775608e-14
5.041630324677068e-15
8.712373013628625e-15
1.505639838179075e-14
1.491822993547309e-14
1.713927143968762e-14
1.519526804990289e-14
1.617413420287126e-14
8.931147043778667e-15
1.307299279542436e-14
1.024684602455207e-14
2.118110472806097e-14
1.638412652261549e-14
1.652297598817934e-14
1.183378308417985e-14
1.006007157251885e-14
8.283668981909508e-15
1.508032051224469e-15
9.67613834314945e-15
-nan
2.015261180364415e-14
1.635594442033192e-14
2.296140437286724e-15
2.101886348339172e-14
2.018180763554612e-14
8.469697093343054e-15
2.695051563902286e-14
1.717353003985228e-14
1.358827240978267e-14
1.890794848310355e-14
1.105886337495521e-14
2.37626109975773e-14
3.028517179031801e-14
1.907570946368242e-14
1.956328265185926e-14
1.499695266902806e-14
7.684523907195637e-15
1.969997935374818e-14
1.310632324243114e-14
1.4082072349379e-14
1.174253894662715e-14
2.222559573054334e-14
1.810218637472656e-14
3.577439152468319e-14
1.61045523446848e-14
1.102360691857859e-14
1.308790613982432e-14
1.64653601688713e-14
1.25163307489759e-14
1.336525881864419e-14
6.260836425535393e-15
1.405603564996705e-14
1.380564992237344e-14
5.73707437986496e-15
1.32844822927344e-14
9.740408373487534e-15
-nan
1.460222897082709e-14
1.964534993739705e-14
2.73702886835571e-14
1.366010288635976e-14
3.661862313973124e-15
9.216808812408837e-15
1.94863106362176e-14
6.253850452588635e-15
1.648505639688616e-14
1.854995668727469e-14
1.785279670995363e-14
1.662328145444139e-14
1.340767541311261e-14
1.314178284261679e-14
1.484610117979396e-14
3.046504405739654e-14
1.961257310208204e-14
9.083859932616827e-15
1.503759791386661e-14
9.577461339755554e-15
1.947554565657017e-14
2.132823314770954e-14
1.875939758308889e-14
1.69218839053122e-14
1.350496513668899e-14
1.501986636304708e-14
1.149070261516321e-14
2.100561608094808e-14
1.066260334056344e-14
1.325373825546727e-14
1.39972461325271e-14
1.220011504454415e-14
9.770397752184236e-15
4.7359021728899e-15
1.229245944974927e-14
1.044483510427784e-14
7.143640943312016e-15
2.072389606364725e-14
3.157734623883488e-14
5.758187302898364e-15
7.277436691078175e-15
5.822943716573408e-15
1.744159234303636e-14
1.568603143654918e-14
1.123760184507059e-14
5.628271848219824e-15
2.021923019801975e-14
1.306205927082867e-14
1.656170290854568e-14
6.978727470630915e-15
1.453200097501603e-14
1.392619870202209e-14
8.916432226243986e-15
3.284652410712979e-15
1.002028996566328e-14
2.058226691369797e-15
3.894240384801906e-15
1.346440121829051e-14
4.01611787629176e-15
1.879686871261903e-14
1.052116279136936e-14
1.23786561555206e-14
3.002681968413505e-15
1.589451498267964e-14
1.25128485944361e-14
9.202212239351726e-15
8.809966504920697e-15
2.534095001989649e-14
2.140526673593964e-14
2.408516479835184e-14
1.330710362751345e-14
1.053434220292737e-14
1.117188326515204e-14
1.154318792917694e-14
1.348451195714578e-14
2.801455270628807e-14
1.945134363496663e-14
3.511501699462183e-14
8.898239190440945e-15
2.430510842812263e-14
1.852459055111646e-14
1.555981176900763e-14
1.483434178305121e-14
1.50190320355135e-14
2.337104182089142e-14
1.156540336097488e-14
1.269651426326071e-14
2.150565405723575e-14
8.611513974548548e-15
1.240959478718613e-14
1.305608513133502e-14
1.22069182497507e-14
1.08251822025087e-14
2.279687785692389e-14
1.150775331357147e-14
1.90634322307474e-14
4.189884187640252e-15
1.944506633586867e-14
1.148602280880195e-14
1.037763928989999e-14
1.927006073603403e-14
1.775303625954436e-14
1.605506696404902e-14
-nan
1.275413118192443e-14
1.420308702899378e-14
1.674753221084885e-14
1.479930276154133e-14
1.061111542161611e-14
2.73889086847692e-14
2.179673871080317e-14
1.789034205013311e-14
1.150102077947221e-14
9.327159553604667e-15
7.875879967696299e-15
9.024811935508572e-15
5.554470074295036e-15
2.03002296184623e-14
8.254214907436937e-15
1.497240682318103e-14
-nan
-nan
1.38083570248486e-14
2.300232096255665e-14
1.356915629780373e-14
3.57232781689353e-15
1.380893526987949e-14
1.259270461128961e-14
1.929428348166846e-14
1.029360126087707e-14
4.366348375012772e-15
1.678994618141113e-14
2.267952151188794e-14
2.115276568474457e-14
1.491265437813552e-14
1.681121143890691e-14
1.639223308023169e-14
7.609991878033449e-15
1.349990055611241e-14
9.917139965852001e-15
1.089607336398358e-14
1.425556605109645e-14
1.903548758581229e-14
1.671258419537966e-14
1.335023887533534e-14
1.659206276920374e-14
1.000216721067998e-14
1.773890211729438e-14
1.617939843227955e-14
1.817415291141533e-14
1.452696324447234e-14
7.676394217700874e-15
9.712594068008265e-15
8.529454021545281e-15
1.872181639358349e-14
1.541172441890979e-14
1.582640217632355e-14
1.134517072790221e-14
1.857651180276004e-14
1.591314371706492e-14
9.850147697486395e-15
8.29557811158132e-15
1.05023074589885e-14
1.867152792179167e-14
1.935826218585081e-14
2.300949101565358e-14
1.915686830836634e-14
2.727688174727506e-14
1.765075165110978e-14
9.866260155270001e-15
1.632909035253048e-14
6.52543648554628e-15
2.311288581159367e-14
1.717203677238473e-14
6.771664293344411e-15
5.85279891563972e-15
1.779359733404528e-14
2.014083223774923e-14
1.047439929408785e-14
1.201939258804946e-14
2.017063649345332e-14
2.292791414690502e-14
2.267229910749263e-14
2.353893963163012e-14
1.360896106463316e-14
1.915120058040437e-14
2.005900822569441e-14
1.392750324465243e-14
2.525324134690057e-14
1.528062613259393e-14
1.604807597752364e-14
2.23351032509405e-14
1.598230763371443e-14
2.23393160867565e-15
2.417676054074211e-14
1.221883135267336e-14
1.782135880294285e-14
1.574358506831816e-14
1.281723415573462e-14
4.681346067440324e-15
6.741429237514744e-15
6.951418837163915e-15
1.881469944013766e-14
2.165920844865042e-14
1.018075231627683e-14
2.221989337377863e-14
2.297846718257928e-14
1.286729608375554e-14
1.152394050467577e-14
2.132676592290309e-14
9.429021631686659e-15
1.012035058604209e-14
-nan
1.450400141081311e-14
2.761208217651501e-14
4.066383064996228e-15
-nan
4.582332353554742e-15
8.949483650633106e-15
2.259248521878545e-14
6.677929457759555e-15
2.4719158185244e-14
8.476043632980477e-15
1.034941651895038e-15
7.714912703183652e-15
2.59667578829053e-14
1.007355622604718e-14
1.055562109687564e-14
2.109946479690959e-14
7.687090896756784e-15
2.442879483851618e-14
6.477850839081832e-15
1.515978617257691e-14
1.342584996921089e-14
1.075988619951063e-14
1.425256943904931e-14
1.310333963768347e-14
7.76481807617976e-15
8.900439888536343e-15
1.070893146313483e-14
1.112774632249479e-14
1.816285018411245e-14
1.398619979940098e-14
1.201135131064307e-14
1.027561431688793e-14
1.845753691291771e-14
2.078164269469602e-14
1.217078156301472e-14
9.113050361117871e-15
4.409071368235109e-15
8.14244923356271e-15
1.525696405311192e-14
-nan
2.226047560965557e-14
7.13877844424686e-15
2.226329056100866e-14
5.387608636083337e-15
2.490506628302125e-14
1.18483077083431e-14
7.042988178902484e-15
1.5620441045368e-14
1.710257251180562e-14
1.226791014321949e-14
-nan
1.041901926783893e-14
1.994657929109865e-14
1.308532130272454e-14
2.125018486295601e-14
5.99187385312425e-15
5.553847845430065e-15
1.579940889152191e-14
1.73562706825579e-14
1.609318816032748e-14
3.408543009211899e-14
2.435940565722595e-14
2.239990766464403e-14
3.23623852693868e-15
2.011109414680104e-14
1.251314950947905e-14
1.643854248323086e-14
1.572211760974692e-14
1.311268999883219e-14
6.764131254034364e-15
2.127475905333966e-14
1.797903035202741e-14
1.965212524495242e-14
1.521991985171265e-14
1.752457478359135e-14
1.57268103761871e-14
1.29063661732881e-14
1.081917965029555e-14
1.574711022311282e-14
8.718903514989607e-15
4.231912484802258e-15
5.347721941433753e-15
5.386148332907857e-15
7.67996219809955e-15
1.290407906622239e-14
1.137404090113878e-14
1.706553176044428e-14
5.286972346440319e-15
1.83412757683291e-14
1.330093809822359e-14
6.723525840013122e-15
1.400397559413734e-14
2.108459293127418e-14
2.185927664905698e-14
-nan
1.597139067715394e-14
1.268718350864909e-14
2.476575457822339e-14
-nan
2.256177367120903e-14
6.808054418784612e-15
1.491835520055213e-14
3.212305111759269e-15
1.549173198011252e-14
5.261475160597799e-15
1.71383206442179e-14
1.069580075203372e-14
1.413242519027158e-14
7.856425425361427e-15
1.127099547101669e-14
2.865020113931504e-15
2.032795001339586e-14
1.766373580248253e-14
1.727792785051939e-14
1.249064118687054e-14
6.589457492899423e-15
1.105192250516001e-14
1.334659032765039e-14
1.469008812874713e-14
2.270770390019813e-14
7.581456395274408e-15
1.864308574672777e-14
1.920507301918205e-14
2.180365332113663e-14
1.452006128309975e-14
8.784674039802293e-15
1.024404750884246e-14
1.243057419889499e-14
1.599973835537767e-14
1.66591207297229e-14
3.541170933470498e-15
2.999619493024736e-14
1.462761660756331e-14
2.323080462683932e-14
-nan
1.315274292708907e-14
9.059567299769069e-15
1.285619008613799e-14
9.90958961589003e-15
1.747875857596795e-14
1.747716546067712e-14
6.783289549338504e-15
9.11927095610079e-15
1.828427824833944e-14
1.711441856930473e-14
1.150388978874109e-14
6.571382458872757e-15
1.327404555104517e-14
1.325704764155976e-14
1.339063935103972e-14
7.608918433892607e-15
1.525615448903133e-14
1.638265048167867e-14
1.326818874050374e-14
7.266950966054455e-15
5.375177092938185e-15
2.197510426831635e-14
1.936366169446141e-14
1.703018763596949e-14
1.046413545116855e-14
1.049453277161053e-14
2.15984181400121e-14
1.29628583561716e-14
4.603931443161217e-15
1.445850582487386e-14
7.941418239328802e-15
1.555035240263144e-14
1.995365540469956e-14
8.039300873363931e-15
6.433081390763502e-15
1.013914614928124e-14
1.36572651776715e-14
5.272146257414568e-15
1.10029568129522e-14
1.806771377832523e-14
1.401762375592373e-14
7.254926296149051e-15
2.414090403360049e-15
1.174348081265138e-14
1.20390671099667e-14
4.960568714537632e-15
8.373255340955371e-15
5.107059736667451e-15
1.705042679547244e-14
1.659276059551312e-14
9.553896189417934e-15
1.308820706423157e-14
1.104656397624383e-14
1.522906478889852e-14
1.818894019168473e-14
1.384146632120711e-14
1.858297453762379e-14
1.402043021643346e-14
2.744076814148548e-14
2.113151620138021e-14
7.914569199542897e-15
1.797065553556124e-14
1.54702872381104e-14
1.670196034361522e-15
1.015204318982863e-14
2.973684152528826e-15
1.633656206314323e-14
2.044508819955265e-14
-nan
1.009939199874943e-14
1.075862314342634e-14
1.29920471927232e-14
1.148779866880672e-14
1.284871472822012e-14
1.189159994142186e-14
-nan
1.772428341571478e-14
1.712560274786559e-14
2.373667864735032e-14
2.633126435142898e-14
2.453805640447176e-14
6.513284609402939e-15
3.659714080529665e-14
1.411870472695015e-14
1.227153737637845e-14
1.311640478028952e-14
1.930079645878528e-14
1.553558100016988e-14
6.41528239741953e-16
2.007709530723185e-14
1.51865101898225e-14
8.490743038261894e-15
9.539509520762303e-15
1.841522438286587e-14
9.61811512600425e-15
1.12916135778696e-14
-nan
-nan
1.390877836860791e-14
1.521313966307811e-14
1.503051452905501e-14
8.149535944385734e-15
1.251416490434405e-14
2.022059150014542e-14
1.610543445951183e-14
7.376744483728733e-15
1.311026215209504e-14
-nan
1.190089638717494e-14
1.568997424966396e-14
2.857505994233292e-15
6.418236231278356e-15
1.217824204379777e-14
1.474827940464161e-14
1.328998354421929e-14
2.169730844416055e-14
3.27140779810399e-15
2.047763671908622e-14
1.868491555835173e-14
1.706758898041536e-14
1.680363051043858e-14
-nan
1.701098737490276e-14
-nan
1.319236802563328e-14
1.334451212079557e-14
1.558055744355616e-14
1.224952718346639e-14
1.224213615646434e-14
1.181783785642866e-14
1.671326552978155e-14
1.19467138700916e-14
4.978422591040126e-15
-nan
1.719028693402329e-14
1.927061540146156e-14
1.077923739067792e-14
1.18599670168208e-14
5.472686873087203e-15
2.504373648168374e-14
1.998841137662338e-14
5.103466744377804e-15
1.616122493953436e-14
2.090293225406404e-14
7.868823082167317e-15
2.415186246123734e-14
6.32992561889772e-15
1.259362188405477e-14
1.071525619170849e-14
1.194376152482631e-14
1.308707861995662e-14
2.121426991929213e-14
1.572301011318424e-14
2.068273509914268e-14
1.112104707252202e-14
2.219587813754079e-14
1.303620235408843e-14
4.361662596409302e-15
2.228590318559087e-14
2.237560866839673e-14
1.51510554126803e-14
2.218912903426873e-14
1.893373117392159e-14
1.428035646641338e-14
1.366507874111429e-14
2.231419303125233e-14
9.148742059959847e-15
7.293387280056063e-15
1.370337271049236e-14
3.296842555383584e-14
1.127799153394821e-14
5.004458316267935e-15
1.053721567555184e-14
1.625843424788854e-14
1.768600704877324e-14
1.452622025298215e-14
3.406396968854386e-14
1.518763103516918e-14
1.533294961338831e-14
3.198064129047581e-14
1.322888869220934e-14
1.147622870545268e-14
2.466277243010942e-14
2.168733613966045e-14
1.584900746428246e-14
4.724309924687166e-15
1.221433387339924e-14
1.261110759265088e-14
1.016209076681183e-14
1.419859943460557e-14
1.330126034571606e-14
-nan
1.861522269487461e-14
9.719039593825489e-15
1.383310101880955e-14
7.157549042195134e-15
1.625546105668665e-14
1.114619535114282e-14
1.475607132197262e-14
5.113049230630755e-15
1.24030340840597e-14
1.804533181827518e-14
1.965249278821153e-14
1.514746829539152e-14
2.194090598586415e-14
1.350738812561655e-14
2.132332973632958e-14
2.832216655305838e-14
1.236343592693579e-14
1.044613121560961e-14
2.240059208316893e-14
3.249453107143886e-15
6.351940493376689e-15
1.68911607658008e-14
1.546237679534131e-14
2.139237372560056e-14
1.676008296361317e-14
1.810460113384035e-14
1.842251729208643e-14
8.682270633869516e-15
2.10667395079875e-14
5.771129906903336e-15
1.353309415666184e-14
1.602367819401659e-14
1.437209907953771e-14
1.657614542196997e-14
1.223664469874059e-14
1.3986401232846e-14
8.425924299431528e-15
9.561561791240746e-15
-nan
5.206921970627117e-16
1.820078222350462e-14
1.752130864630825e-14
1.286402491641909e-14
2.630178918533325e-15
1.233674457200833e-14
1.696506790305154e-14
1.026140386223192e-14
9.052110405532301e-15
5.715807719821342e-15
1.578695450450654e-14
1.642721001867015e-14
7.127147446729619e-15
2.961589526596396e-15
1.11400702095347e-14
1.680391422298988e-15
1.608483026855459e-14
2.545672599841963e-14
7.951555786912497e-15
7.816916276761781e-15
1.151522653414649e-14
1.787738032768963e-14
1.725634166563107e-14
-nan
2.396192859300869e-14
1.373917808107603e-14
5.091013379941123e-15
1.709071756812304e-14
3.059041063977555e-14
9.231910357461266e-15
2.066584990974317e-14
1.624310649037706e-14
1.237793975451675e-14
3.040317614851541e-15
2.654512480695406e-14
1.739596039348379e-14
3.485023333821907e-14
1.171461137810405e-14
1.848637812390259e-14
1.408384526697255e-15
1.657842179201837e-14
2.365753612536436e-14
1.091462041913158e-14
1.127404400030757e-14
1.164686656728067e-14
1.493449246912517e-14
2.142389465754495e-14
1.938005295503252e-14
2.526016614520686e-14
1.734108702607267e-14
1.050946264441486e-14
1.148361445385518e-14
1.029104446685962e-14
1.719200399617056e-15
1.611950359261974e-14
1.688500036981152e-14
8.586436732247838e-15
1.596270717918373e-14
1.098303051627861e-14
1.233131098075538e-14
5.258131889469716e-15
1.72500127587755e-14
2.008975196586462e-14
8.594585298946105e-15
1.02782561478907e-14
2.049785649702119e-14
1.201519462812531e-14
2.763202654121969e-14
9.35291726985982e-15
9.069475841865677e-15
1.55477544032632e-14
1.422777551018409e-14
2.094615944246696e-14
1.592242814116733e-14
1.419615081193954e-14
-nan
2.246591592694239e-14
9.958364838955364e-16
1.854364096359754e-14
1.338258220591909e-14
1.292821161254453e-14
1.202856125416682e-14
-nan
1.863148354564815e-14
1.541927354173559e-14
9.619757765275058e-15
1.157574909799432e-14
8.958592503160549e-15
2.023877106893036e-14
1.154877636921019e-14
1.84411595917173e-14
7.54151281155587e-15
1.426602604772442e-14
7.931830130099046e-15
2.516307107395679e-14
2.081756312447283e-14
1.571324738327372e-14
1.781234339744846e-14
1.650989056774891e-14
8.488112405207548e-15
1.14102629214638e-14
2.195787980592707e-14
2.011575050742659e-14
1.98504045359328e-14
1.96024041435403e-14
2.021932460937566e-14
1.58779910849844e-14
6.513232472449313e-15
1.184321193656996e-14
1.348592668614102e-14
1.381995567894405e-14
1.090169436535936e-14
1.7784284899863e-14
1.678426895405524e-14
1.519392146326192e-14
1.221124823625917e-14
1.648595833770956e-14
9.400821267819052e-15
9.78406686828668e-15
9.506907167096285e-15
9.555510394530284e-15
8.416316341482798e-15
1.90828235573105e-14
1.302772054279561e-14
3.229226643170245e-14
1.122025548668727e-14
2.056253508862228e-14
1.719862194313542e-14
1.660477055116208e-15
1.024247114108205e-14
9.982426316954699e-15
8.34512697577793e-15
1.731135368995859e-14
1.981599910854511e-14
1.667069429104787e-14
1.146151198282193e-14
1.661200124747049e-14
1.979537149196847e-14
1.995442788824782e-14
1.715906984987645e-14
1.970502155923961e-14
1.290343008283538e-14
2.12752343639649e-14
4.65666249974197e-15
7.46326981192644e-15
4.70432926884602e-15
1.60196168615178e-14
1.052769676322212e-14
1.988561849715751e-14
1.270862035910548e-14
1.118438721944775e-14
8.610303170397409e-15
4.572889697451213e-15
-nan
7.867694144588917e-15
1.163820361062555e-14
5.100671484580723e-15
7.77855365949309e-15
2.290119858414263e-14
1.392475941400326e-14
2.201282757287409e-14
2.004732693447968e-14
1.228037632630978e-14
1.131277680886004e-14
9.965821907040488e-15
1.063269970933927e-14
1.803634802038683e-14
1.970473047448584e-14
1.598567698522283e-14
1.879322920761363e-14
9.428087293932525e-15
1.294931306247014e-14
1.962864007075997e-14
2.77509783764614e-14
1.913458041213269e-14
2.686092275036194e-14
1.045513357263362e-14
3.98702133542811e-15
4.105358543449167e-15
1.291999242598027e-14
2.006186587853153e-14
1.233383143310573e-14
7.111741996951484e-15
1.336172160234881e-14
1.448966574944588e-14
2.050551987673106e-14
1.568128703827182e-14
9.244245268985556e-16
4.531104103244418e-15
1.218754214432532e-14
2.99283625255151e-15
8.556822855395609e-16
1.025541570953059e-14
2.475659129233588e-14
2.823415878388911e-14
1.358455965733482e-14
5.150918320201286e-15
1.584510363596278e-14
8.167558840631394e-15
1.06108291787431e-14
1.200904204634239e-14
1.496646863826121e-14
1.894926956780394e-14
1.095721777236403e-14
1.879692939076255e-14
6.040307940001756e-15
1.520562930583928e-14
7.730561893920582e-15
1.869187536745484e-14
2.152880164828822e-14
1.875879058902952e-14
3.443490058023917e-15
2.084434324618799e-14
2.530263752223477e-14
2.534353917598277e-14
1.538787806133781e-14
1.57932152099816e-14
1.533374472976864e-14
1.371516752758488e-14
-nan
7.445036086317449e-15
1.721890988703245e-14
1.310901146089971e-14
9.516854830819292e-15
1.407547174055784e-14
1.139557314733785e-14
1.392044616634271e-14
1.80899085300101e-14
1.001824371081038e-14
1.552370639825249e-14
1.800912215861456e-14
1.291992629692354e-14
9.06139726845777e-15
2.435459461056985e-14
7.05359775395727e-15
1.074901613832236e-14
1.837183068135947e-14
6.039445242814936e-15
2.148490625586613e-14
2.133638892106631e-14
6.636969246711384e-15
2.902730501409216e-15
1.924443857192509e-14
1.457720497224478e-14
5.585204531226139e-15
9.008429285378277e-15
1.019114148483828e-14
-nan
2.691177988916239e-14
1.43715982282531e-14
1.88489266035435e-14
1.816902731565707e-14
3.964865009943536e-15
1.18807597648309e-14
7.952587007469277e-15
8.414125367353783e-15
7.18801850153992e-15
3.494954879998271e-15
3.934443160389307e-15
1.906468394997361e-14
2.625559216602164e-14
1.674589256627156e-14
2.22435305612854e-14
7.734933526858247e-15
7.430930286395102e-15
1.179270607867607e-14
8.109109595900147e-15
2.205438281984733e-14
1.954238470453388e-14
8.189467376777998e-15
1.023489490916988e-14
1.547061949228057e-14
9.507643488928995e-15
2.177686313289687e-14
1.427568352928104e-14
2.617658771791908e-14
8.692327308747883e-15
1.422262703063862e-14
2.150916499907818e-14
1.895158911560504e-14
5.088868507232198e-15
1.529622078207127e-14
2.649009964934938e-14
2.466181769678086e-14
1.500285746262106e-14
1.021236784221805e-14
1.06531356769245e-14
8.313672841612693e-15
5.021258727860231e-15
1.436959908263508e-14
1.451772207557802e-14
1.831516480052024e-14
1.199520724098095e-14
5.299434875144773e-15
1.454584195050955e-14
2.093841337122414e-14
6.226335787188576e-15
1.510613016091498e-14
2.901627670371332e-14
2.033443773727895e-14
4.481028810566075e-15
1.180792655224023e-14
3.147809128342914e-15
1.079591642629911e-14
4.220760612692813e-15
2.301195268338825e-14
1.073295633620251e-14
8.459812394708831e-15
7.980319291091672e-15
2.299334917994268e-14
8.818067731992599e-15
1.269012338985456e-14
6.181952113325863e-15
1.025715684225833e-14
1.203213287155497e-14
2.554114654249963e-14
1.717234264745435e-14
9.203067150775464e-15
1.601845623009807e-14
2.1474034474384e-14
1.276489567580964e-14
5.637267525945924e-15
6.064919985235565e-15
1.30483972704331e-14
1.261484769734169e-14
1.516677707515902e-14
1.288658369420794e-14
7.133873070606757e-15
1.58981121345369e-14
2.33162810724343e-14
1.160405907204521e-14
1.197315641299995e-14
1.193992438059369e-14
2.154721467071899e-14
1.023023728522894e-14
4.031803756537569e-15
1.354734459714297e-14
6.975845748722426e-15
1.00698223035041e-14
1.443247995741673e-14
1.220630297051303e-14
1.47449549653786e-14
7.547233798860648e-15
1.373054791353532e-14
2.668002794401568e-14
1.911251207036665e-14
2.149520253909523e-14
1.111614994273394e-14
2.374954127077675e-14
1.342260589961064e-14
7.894491412411743e-15
1.228939117870908e-14
7.079747520479042e-15
1.79720187240079e-14
2.439166174881193e-14
1.231339480875162e-14
1.373496016920888e-14
1.959173175079051e-14
1.697369088376354e-14
1.892572287210368e-14
1.374955419230271e-14
1.772213982505359e-14
7.229219113493357e-15
8.795289060962226e-15
1.630813768060583e-14
8.583955836637345e-15
1.515535213663995e-14
6.372038692626055e-15
1.512513442929577e-14
1.887801744982895e-14
1.465305783786354e-14
1.017699640039066e-14
1.652177814369405e-14
2.049344379486215e-14
1.449944552944542e-14
1.715442034627527e-14
8.893468498339255e-15
9.697688438626481e-15
1.363896748568832e-14
1.600030416530452e-14
-nan
4.274426505502846e-15
1.687036088643634e-14
1.445684314430401e-14
1.081762067370653e-14
2.014980673535362e-14
-nan
1.060256984159412e-14
4.871403090646684e-15
2.010379454232976e-14
7.960422189102483e-15
1.081631828530266e-14
2.977951604155616e-14
1.090352819463053e-14
1.848104332584989e-14
1.389425714386015e-14
9.679815942029204e-15
5.646044135189542e-15
1.759782541648774e-14
1.363185806697178e-14
2.249429011839691e-14
6.003592337169315e-15
1.27511662811269e-14
3.541016629866009e-14
1.397517745476997e-14
8.452569703212416e-15
7.318525360587508e-15
2.211715073272873e-14
1.721058326965068e-14
1.206013243445247e-14
2.409817045783881e-14
1.257652980814387e-14
1.835642791208832e-14
1.864768645283352e-14
6.830000331247623e-15
1.314841897563712e-14
1.363458874487617e-14
1.698561038328603e-14
9.71943256573216e-15
2.177298463503896e-14
5.618417745052562e-15
9.383119389308093e-15
1.194237364057284e-14
7.087520448396843e-15
2.332469689729469e-14
2.312503277122521e-14
1.556944268156306e-14
1.879018408483786e-14
3.18825569732881e-14
-nan
6.03965907496412e-15
2.347492686957551e-14
2.128757272549571e-14
1.762453502540395e-14
6.410256144178607e-15
1.082094216864796e-14
1.801300491973607e-14
1.131265931533577e-14
1.172995736514951e-14
1.653479568789356e-14
1.233148961801764e-14
8.209469583399228e-15
1.562704975518453e-14
8.156197939391219e-15
-nan
1.13907255438021e-14
1.806731183056439e-14
1.213825469978438e-14
1.895023146198014e-14
1.486786514586119e-14
7.811110106100556e-15
2.519629335246877e-14
1.54585132112604e-14
1.231659571573287e-14
1.592949324592717e-14
1.660632096196168e-14
1.310107653174202e-14
1.65169991736639e-14
2.23580182113737e-14
1.581121648881545e-14
2.061266554559553e-14
1.439154379349108e-14
1.70604841668796e-14
1.468373608837971e-14
1.119142149711269e-14
1.372628036449206e-14
1.547102854696721e-14
1.526716052873616e-15
1.513516347019876e-14
1.394076820150302e-14
6.497430363218967e-15
7.687385332159073e-15
1.318190493505034e-14
2.060919093546799e-14
1.384976509284393e-14
6.596644237057166e-15
1.53984785127227e-14
1.047668791594158e-14
1.673882251309731e-14
1.52182383601088e-14
2.920836531596192e-15
1.438191759170767e-14
1.922816278679672e-14
1.160751088707987e-14
1.811195452496798e-14
1.308587651926239e-14
1.744246635151375e-14
1.755085318731336e-14
1.343913025378686e-14
1.687000055169952e-14
1.944854617402417e-14
1.941681700281564e-14
1.896435593514895e-14
5.357083393670556e-15
2.143264305214079e-14
2.438675457907376e-14
1.304419353569312e-14
8.524228636636443e-15
9.865079102434003e-15
1.771214483844122e-14
2.69658351881145e-14
1.596790974177594e-14
1.154687215568242e-14
1.221861135936748e-14
1.53040599583863e-14
1.511116418669738e-14
1.464138164275579e-14
1.334745802326756e-14
1.543917259084208e-14
1.700954242048407e-14
1.760099886897781e-14
6.692039315888761e-15
1.876546522220974e-14
9.566039004939245e-15
1.059943159579452e-14
2.275870501975087e-14
1.552983087430399e-14
-nan
-nan
1.544253517550712e-14
4.833466937946746e-15
9.764151767210942e-15
1.273514959074552e-14
2.414060871215022e-14
1.356499125891786e-14
1.425963406161355e-14
1.317121929260513e-14
1.700248239937862e-14
1.318685795088867e-14
1.07511435122428e-14
7.144076306332617e-15
3.709762621979113e-14
2.790876426700377e-14
2.073040726154115e-15
1.143945204778388e-14
1.740218538597018e-14
7.774405731786966e-15
1.046373239963694e-14
2.123781850436323e-14
1.564625846098571e-14
1.508736350087555e-14
1.680070442112655e-14
9.978591635994259e-15
1.234348335162549e-14
1.135638256705144e-14
1.387754148428059e-14
1.986679007617683e-14
1.512113569971965e-14
1.886435398173831e-14
9.359854844824295e-15
1.819163210844127e-14
9.488474665977392e-15
1.826274044949035e-14
2.420733197789342e-14
2.142432204017229e-14
1.751651056776951e-14
1.36565919318022e-14
2.209233211654937e-14
2.565601131173884e-14
1.311934351706707e-14
1.401584543910108e-14
7.661412164680484e-15
1.142087411636718e-14
4.54000785964575e-15
-nan
1.401584152637899e-14
1.289384634747807e-14
1.074483780055488e-14
4.352004342356254e-15
1.912930534051421e-14
1.552424412883239e-14
2.779883265406684e-14
1.769710276667707e-14
1.746295175265001e-14
1.34555735732999e-14
5.679462729269608e-15
-nan
8.772482166445885e-15
4.415148384931035e-15
1.296729312534518e-14
4.77688319130823e-15
1.733357309354756e-14
1.709290020141262e-14
1.848076314372057e-14
-nan
7.668539017207865e-15
1.201676412156961e-14
-nan
2.443639620343551e-15
1.658810384787899e-14
1.132368391662465e-14
1.868739800635632e-14
2.63887290010579e-14
1.991186854998497e-14
1.791537257695141e-14
1.68277823446402e-14
2.289583441660364e-14
1.31902540699236e-14
1.140059091321433e-14
1.000754519975865e-14
1.474273609994526e-14
4.127664507395141e-15
8.839075976450253e-15
6.518598128705999e-15
1.42283251625059e-14
8.622624388726652e-15
2.275154252347975e-14
8.168003451520486e-15
5.571166381427589e-15
1.990274277778294e-14
1.6191557830568e-14
1.639889704315916e-14
1.05244912054765e-14
1.865377026717265e-14
1.219481595087736e-14
1.35440456401566e-14
9.048328892268153e-15
-nan
1.017289680558442e-14
1.063352273056631e-14
1.919789847200662e-14
4.477739805376461e-15
2.250788682818647e-14
1.238164256972278e-14
1.784424962130568e-14
1.593127568359509e-14
-nan
1.959173169372832e-14
1.511818380852667e-14
1.829972270795273e-14
9.778782752643424e-15
1.421482136588454e-14
1.930221866856576e-14
1.839546523360679e-14
9.349560025730618e-15
1.994866005838165e-14
8.79274646688055e-15
2.206965977174363e-14
8.587856822698807e-15
9.896764047428868e-15
1.242869076540947e-14
1.343543130922002e-14
1.149428672854649e-14
4.588186270567764e-15
2.114141413070772e-14
1.630031087216678e-14
1.718262242368804e-14
6.28987213453521e-15
2.349211155443302e-14
1.460983538891778e-14
1.421458967479791e-14
8.607592109524527e-15
2.267030153207986e-14
2.158842632153257e-14
1.850272342195435e-14
1.389683375597706e-14
1.584290927877811e-14
1.29259520367415e-15
2.591315314570346e-14
1.412817501298866e-14
1.381991520491356e-14
1.742710475006605e-14
1.500658351075864e-14
2.135135594390109e-14
8.318790939562745e-15
1.486870906156007e-14
1.165498781155585e-14
8.811624810052248e-15
2.634994823079961e-15
1.295845621987986e-14
2.081522281232544e-14
1.960572605519315e-14
1.17231998476376e-14
1.336991374445128e-14
1.597134241968342e-14
1.155137099373989e-14
1.526768529717735e-14
3.143396268649925e-14
2.817735662347674e-14
1.372580673115994e-14
1.488777845447401e-14
1.391493687964698e-14
-nan
2.811325912303649e-14
9.013328313324332e-15
1.2502862472596e-14
7.041328721512268e-15
1.353024394944553e-14
8.975225277107531e-15
1.570740689593619e-14
1.826572832283767e-14
3.656712522308588e-15
1.87554965636126e-14
1.678865391195732e-14
9.44567934989839e-15
3.677602467137034e-15
1.164683456791524e-14
1.85629354270342e-14
3.097836549302283e-14
1.01881319338151e-14
7.218519341024817e-15
1.445119193419543e-14
1.828707391292326e-14
2.615864949460976e-14
8.786130465689846e-15
1.902255669423023e-14
2.144440501908594e-14
1.239161661734524e-14
4.045903941496548e-15
1.385160230387767e-14
1.837704130194365e-14
1.113558322321593e-14
1.984012380486014e-14
1.563503453167426e-14
1.428303188426217e-14
1.579616236507046e-14
2.995079522385634e-15
4.094927166677903e-15
6.018182815828206e-15
1.709824694001325e-14
2.329562929916664e-14
1.564708820542977e-14
8.220482797036991e-15
6.77550870255932e-15
1.320752947911734e-14
7.427662119853274e-15
1.49849213390566e-14
1.300321884131401e-14
8.77419480947074e-15
1.801191042291222e-14
1.982188278411542e-14
2.176177736214424e-14
1.504709208565248e-14
1.078257379159266e-14
6.184353892834863e-15
2.330356015140269e-14
2.800889864476389e-14
1.777653230486913e-14
2.055323812379528e-14
3.281349222139811e-14
2.566562082199294e-14
1.473463357625329e-14
1.103284519975159e-14
1.726030425353128e-14
8.788388409203274e-15
1.04191262460109e-14
1.866249821561695e-14
2.033354977521602e-14
7.322002188450344e-15
6.270321816838497e-15
1.724074557522196e-14
2.692668085655435e-14
2.419155608213303e-14
1.639964436043908e-14
1.035685451956283e-14
1.206180739013964e-14
2.041449284073064e-14
7.804175059560363e-15
5.625737816169814e-15
9.087909560248147e-15
1.611017667894519e-14
5.413862849218184e-15
1.853791944841829e-14
7.848817032209551e-15
1.758063291052232e-14
1.722701578213598e-14
8.458206479590222e-15
1.635869193367251e-14
1.56802530641972e-14
1.621891109525015e-14
1.081156470736493e-14
1.575162141987074e-14
1.475249023070341e-14
1.096703056977931e-14
2.275097086278397e-14
1.521978205510517e-14
2.32236594275061e-14
-nan
9.398592029601667e-15
1.615949602064173e-14
1.656090331478187e-14
1.295230491796964e-14
1.45866564798402e-14
1.972946463668862e-14
1.176132048751961e-14
1.3182414180963e-14
-nan
9.405982034931135e-15
1.86637888898265e-14
1.202068893064393e-14
6.750147171445167e-15
2.2871509901541e-14
2.643814277318882e-14
2.081704257568152e-14
1.015698872448681e-14
1.63389486814504e-14
1.787127988319981e-14
8.766026917220675e-15
1.846397996925473e-14
1.866567374161918e-14
1.768735538415405e-14
1.366856351219938e-14
1.754228435242192e-14
1.344523499378411e-14
1.83116766572449e-14
5.336131858167795e-15
1.422596881670332e-14
2.121545623250604e-14
1.743085034482627e-14
1.368474907366226e-14
1.434180616768633e-14
9.32401241410525e-15
2.226004518990818e-14
3.003473388988482e-14
2.019587208853321e-14
2.223736987192048e-15
1.263187812891321e-14
1.135644008411862e-14
1.086188884703165e-14
4.45110901576184e-15
1.239441983473131e-14
4.228081849887228e-15
8.969717935902946e-15
1.395196316585711e-14
1.311331171268825e-14
3.257259022860107e-15
1.768235706003143e-14
-nan
1.195592304024829e-14
1.251007766738865e-14
-nan
6.934148322503639e-15
9.899851865082038e-15
9.836653693742287e-15
1.263387102568565e-14
1.94911925315849e-14
5.107096222938936e-15
1.028282450567168e-14
8.569529785246234e-15
5.3814234254533e-15
1.213238476311391e-14
1.874199163112455e-14
2.388357571598611e-14
1.406447570405758e-14
2.439212208914461e-14
1.535248499485381e-14
1.108295558754451e-14
-nan
1.183169532964594e-14
1.185776309123979e-14
6.655349552505349e-15
1.44306883488122e-14
9.455620694504222e-15
1.821015615497577e-14
1.441436420728544e-14
1.749652590102916e-14
7.600992894718564e-15
1.629862973707605e-14
2.199635107825458e-14
1.258804530834947e-14
1.272328287554049e-14
1.142701024976462e-14
2.04402285904244e-14
2.311730852931192e-14
1.012993070178652e-14
1.52194073904877e-14
1.410392489944653e-14
2.624365733599063e-14
1.248409251248354e-15
7.471463512409344e-15
7.864106877480716e-15
1.225544753568325e-14
8.361320176756443e-15
1.69619863221624e-14
1.962671167190657e-15
8.630732069263053e-15
8.36578419598401e-15
1.773977524630004e-14
1.272547002908279e-14
2.185479894342677e-14
6.611715089377147e-15
8.651274015153066e-15
7.087249864015778e-15
4.09348915799322e-15
1.651453292632197e-14
2.26310820536005e-14
2.281490171521268e-14
1.673820744921062e-14
1.757795493459468e-14
1.264259284816277e-14
6.454798731553526e-15
1.63713975387844e-14
1.049922120145152e-14
3.40813422436654e-15
1.733970642692744e-14
1.526131232381229e-15
6.037722242633683e-15
2.15532514647194e-14
1.543820401452739e-14
1.486328232180276e-14
2.098520879252518e-14
-nan
2.460650368727957e-15
1.398541652591498e-14
1.917780974918787e-14
1.542053032693441e-14
1.080782755781839e-14
1.223204058024894e-14
2.838598771536485e-15
1.806055300849396e-14
-nan
2.503582885035582e-14
1.897456262437692e-14
1.117014897110282e-14
7.933819718975525e-15
4.416152534613081e-15
1.652339479829232e-14
1.613486357887742e-14
1.476096703664928e-14
1.728346046638867e-14
1.530290173418511e-14
1.308269714722754e-14
1.370190068012998e-14
1.501675291680097e-14
1.793983888656818e-14
2.748728766354391e-14
8.346517897164131e-15
1.557077632463341e-14
1.130648685295807e-14
1.54271680491707e-14
4.019078680627867e-14
2.326838795659643e-14
1.745791282535425e-14
2.367618906896681e-14
1.607998073351332e-14
1.304458125353087e-14
1.131073226280832e-14
9.370673918857429e-15
8.26917670668599e-15
1.142018723404211e-14
2.249520982719251e-14
1.539445172673784e-14
1.303448746533581e-14
1.491832583646885e-14
1.955722161511413e-14
1.207736662603282e-14
5.437459385654768e-15
1.171718296827232e-14
1.218956953838493e-14
8.440102858432329e-15
1.467442840813637e-14
2.13078862491241e-14
9.602702500684085e-15
2.50193554722662e-14
2.484451509089082e-14
1.635977222257004e-14
1.143750672537649e-14
1.612195593388364e-14
2.689716475473447e-14
8.46195182989377e-15
1.0885745831216e-14
1.446814153225624e-14
1.666049121919127e-14
1.464664223629543e-14
6.911737697479291e-15
1.698144641763096e-14
-nan
1.515787763877662e-14
1.969894621700513e-14
1.911069002702295e-14
1.905667450063146e-14
2.104493508245845e-14
2.914078144961165e-15
7.128630128085677e-15
2.235831506048922e-14
2.51927584049112e-14
1.159455752451043e-14
8.165466435959669e-15
1.436942452312422e-14
1.419470324542001e-14
7.091887903231015e-15
2.344671623176558e-14
6.724710672574365e-15
6.042782102470038e-15
8.744006953604912e-15
1.714691210248737e-14
-nan
1.81992452683449e-14
1.008033867952485e-14
1.8918418287776e-14
2.675343686407876e-14
1.368476397306481e-14
1.641281172099088e-14
-nan
2.690130929691822e-15
3.340110419361151e-15
-nan
9.734090071434539e-15
1.010825449018269e-14
2.05018490493023e-14
3.887098820337563e-15
9.667973783920893e-15
9.828144383399106e-15
9.958887781477165e-15
1.02537575848692e-14
9.918273731475524e-15
2.85500025972651e-14
9.112512786411564e-15
4.508225455325809e-15
9.384038791085781e-15
1.64589596547198e-14
4.973468004882403e-15
-nan
1.58754310159655e-14
1.342080277529885e-14
2.030246623480387e-14
1.259633125759321e-14
2.031841365821953e-14
1.837763417560421e-14
1.914278508555156e-14
1.351244304176087e-14
1.477399365551529e-14
1.199614050330884e-14
1.452965904900392e-14
1.287454763703881e-14
1.571866776557857e-14
8.755481461970376e-15
2.007169002835088e-14
1.867140122092461e-14
1.236646740157128e-14
1.494769347420995e-14
2.658808915027257e-14
2.03679537364208e-14
1.878546047318017e-15
4.18188826437439e-15
1.14832761996642e-14
1.911114970228881e-14
2.299197725768012e-14
1.454302976811739e-14
9.567954960125166e-15
7.513189998295055e-15
1.515099278984207e-14
1.311070975746371e-14
9.122497906000822e-15
1.505213682127335e-14
1.692572897552966e-14
1.449418534098256e-14
1.46859794424249e-14
1.392388490906906e-14
1.965793408785691e-14
4.461004250006924e-15
1.866037969664348e-14
4.850645607723144e-15
2.222833855764291e-15
1.464218282424724e-14
1.109262708642476e-14
1.938778610648901e-14
1.036897418775782e-14
1.626377364613976e-14
1.20951332309531e-14
9.940859840306018e-15
6.904528279017036e-15
8.537888866819676e-15
2.004196539028262e-14
-nan
7.650824435795912e-15
1.481407539164115e-14
1.227319475790393e-14
1.350458714835585e-14
1.587085136616733e-14
2.027394768237053e-14
2.067358051394219e-14
1.885710239262472e-14
3.180350346031153e-15
1.879790886773952e-14
2.037885511147578e-14
2.324384094513577e-14
1.782515268938773e-14
1.182409674470606e-14
2.197735640395531e-14
4.921768195282525e-15
1.836814000677289e-14
1.205775920935127e-14
7.558294461587246e-15
2.779068180084793e-14
2.277568988602986e-15
1.237008389792046e-14
1.088438147915896e-14
1.006383725178774e-14
2.250041634653855e-14
1.331418737350279e-15
2.917285067442054e-14
6.516422185455057e-15
1.272078874190136e-14
1.296800906114493e-14
-nan
1.932835812258538e-14
7.375306660017147e-15
1.982946221543483e-14
1.408224866978697e-14
2.306724473132238e-14
-nan
1.244064565290042e-14
-nan
1.182059228355431e-14
1.854933714776148e-14
1.158772577367117e-14
9.045811063581883e-15
1.484933173342473e-14
1.486498306527865e-14
1.777587970410443e-14
4.017177545461281e-15
1.049263094267065e-14
6.0665671568581e-15
5.185173687661017e-15
1.535229685638033e-14
5.285518706565435e-15
7.273054220794213e-15
1.838332904007478e-14
1.444880820315117e-14
2.581992316025381e-14
2.492426207560131e-14
2.400258289519709e-14
1.286654821039926e-14
4.054647504754603e-15
9.171667932946094e-15
2.880954222452606e-15
1.408985069538294e-14
2.198256446791902e-14
2.294319906886126e-14
2.014517099814453e-14
1.737765823172456e-14
8.872120724245944e-15
9.803310499905861e-15
1.49309432964422e-14
2.259359813270012e-14
9.298574066524749e-15
8.613988033291127e-15
1.339924749921766e-14
1.762240116090882e-14
1.508538822435616e-14
1.995521534186232e-14
1.360721434942111e-14
1.020355557678466e-14
2.090953860870979e-14
8.280702220599789e-15
1.712574294844017e-14
1.523872522919721e-14
2.767096627733137e-14
1.545512654865852e-14
6.240389046334012e-15
1.412332064412762e-14
1.425235760069003e-14
1.686149276475081e-14
7.731431158597126e-15
1.165098842191679e-14
1.668353994106004e-14
7.652242222488201e-15
1.435715826838719e-14
2.436482105352107e-14
2.075594473900405e-14
2.127020758566032e-14
1.650684831870548e-14
2.208766281363097e-14
5.946092403674908e-15
1.229437522889155e-14
1.204302074190875e-14
-nan
1.682288268854859e-14
5.979272452749113e-15
1.94083443985516e-14
1.256176808701776e-14
1.393683913256287e-14
-nan
8.983099301481827e-15
1.485158709164278e-14
7.237327726042833e-15
1.286211115564335e-14
-nan
1.281925941557806e-14
1.639647575090371e-14
2.167668584659476e-14
3.032699453178096e-15
7.376771275463569e-15
3.576721444229435e-15
1.891955207706186e-14
9.752404578510355e-15
1.132787293117406e-14
2.092469262889724e-14
1.409806277100771e-14
1.032895527129897e-14
1.37852425157567e-14
1.724579624492221e-14
1.502330218998505e-14
-nan
1.437114493652456e-14
1.120130651139616e-14
1.31472014737154e-14
1.569320638422919e-14
-nan
9.062242658959391e-15
8.246571757827013e-15
9.897760573723567e-15
8.568725548141579e-15
5.592734575385637e-15
1.483182374032313e-14
-nan
9.184870670016847e-15
1.493342846608086e-14
7.019039907859854e-15
1.103555810573756e-14
2.802996600897326e-15
1.434375324745248e-14
1.165934909656885e-14
1.654215182272996e-14
1.767772724530453e-14
1.4382951185042e-14
7.810766758244154e-15
-nan
1.419816420852693e-14
1.089183758181669e-14
2.819999847490207e-14
3.43968342469719e-14
1.361284499178323e-14
6.846140797726097e-15
1.512668252591027e-14
2.19141070914873e-14
2.354066970380919e-14
1.456797848781404e-14
2.036260800684577e-14
2.06871887371544e-14
1.886035924043791e-14
1.559041493177702e-14
3.912914355355761e-15
1.331358687106491e-14
6.413436371259674e-15
1.834444944725415e-14
1.323607278184416e-14
1.99381436196091e-14
9.375656220140575e-15
6.584582485814793e-15
2.126523700628851e-14
1.087998698443723e-14
1.873178240188592e-14
-nan
4.532223169554328e-15
1.83786411269219e-14
2.387138831005785e-14
1.207479792731055e-14
1.521800047063938e-14
2.17501212372063e-14
1.808514081217513e-14
1.080485131898392e-14
1.909057942216379e-14
1.536965057997942e-14
2.121603192450751e-14
2.134385388935216e-14
8.312710374556995e-15
2.176201616593165e-14
1.481360154831548e-14
1.775516698713023e-14
1.714196532277614e-15
1.56905890105139e-15
1.847782837092119e-14
1.648065567717735e-14
1.323721454859628e-14
1.417869636306668e-14
4.58540639487436e-15
7.004273977794445e-15
1.456005439343226e-14
1.806638427725463e-14
7.531069588334297e-15
1.016775115313611e-14
1.754512104885585e-14
5.945496011848184e-15
-nan
1.205666844530698e-14
1.303875157447163e-14
1.421619174850084e-14
1.884630016786006e-14
2.55162544947911e-14
2.646936403663583e-14
1.639596703483126e-14
1.59890622550521e-14
1.080146226786325e-14
1.498752376312916e-14
-nan
1.593020774441606e-14
8.637355636387725e-15
1.029542787560273e-14
1.344419521487025e-14
1.367739182500772e-14
5.547201961849057e-15
2.167041197424218e-14
1.072168876661753e-14
8.376994796793786e-15
1.889291172865087e-14
7.177762804918521e-15
1.668435000002287e-14
1.301427831091514e-14
1.206176029677731e-14
1.230489580648145e-14
2.836446812604428e-14
9.096342178383693e-15
1.162484879459327e-14
1.363243566823495e-14
1.124382460400231e-14
1.052019044643479e-14
1.208266133472624e-14
1.858815114473985e-14
1.32438890105088e-14
1.020659796420797e-14
7.93917980242458e-15
1.350087358621324e-14
2.706342296072129e-14
1.730853527684209e-14
1.616201014900333e-14
1.210234130981258e-14
2.119871619248041e-14
2.282109159298724e-14
1.451446059904195e-14
1.291834580760855e-14
7.468930486162784e-15
2.253493221173431e-14
1.403871213623122e-14
9.327771966181915e-15
1.254391925406556e-14
7.727614983857553e-15
1.229756117698786e-14
1.111966296540143e-14
8.42033603259636e-15
1.192510175102299e-14
6.950822061569061e-15
1.142021808475315e-14
2.117934480269142e-14
1.902185686339366e-14
1.083535465762287e-14
1.432080640785745e-14
1.192557279382074e-14
-nan
6.705536856801274e-15
1.524292431266669e-14
1.283907985290488e-14
1.591951466726041e-14
1.548666473684601e-14
1.033489234738515e-14
1.893906858866136e-14
1.1253732340229e-14
1.716971080236805e-14
7.206065897483138e-15
1.711838988125947e-14
1.08788896535888e-14
9.632623740263577e-15
3.099687257210985e-15
1.979609291018003e-14
7.651653945881261e-15
1.551578549447673e-14
1.464203988166276e-14
1.404992935011273e-14
8.470137180982217e-15
1.301391866196228e-14
9.907646857919273e-15
1.563055044001774e-14
1.314036538189954e-14
1.957149965434518e-14
1.630840348649454e-14
1.922532011574906e-14
6.097247239136518e-15
2.101059760904191e-14
1.588002885465192e-14
1.173594723484419e-14
1.260493641625501e-14
1.719162606222777e-14
6.380739799926988e-15
1.344149836004585e-14
2.585989137330401e-14
2.043407913342028e-14
4.340050395370414e-15
2.173677638273639e-14
2.472395072789933e-14
1.455980110037726e-14
1.201419398646442e-14
-nan
1.702991438169936e-14
1.425715697516885e-14
1.775487860505982e-14
2.208170728311691e-14
1.755043253572754e-14
1.673110907346748e-14
1.714631248548315e-14
2.687024031351001e-14
3.294665028780319e-14
1.481260389533491e-14
2.248568493462004e-14
1.406258656567403e-14
8.226170420923193e-15
2.833058048828751e-14
1.413917960296254e-14
0
