0.02
328.6626858192766
134.4849770476285
98.4956317495645
73.63403134119822
48.89043670400704
29.58241087619287
16.98582940373601
9.636980696594852
5.622857454211214
3.483720229783895
2.318735757559293
1.642451736835456
1.216986272655118
0.92984756504701
0.7259121769860404
0.5758398674508838
0.4625426582754543
0.3753150875801267
0.3070900448211769
0.2530253754875442
0.2097092853264801
0.174682929623864
0.1461396747762904
0.1227290878055716
0.1034258506590205
0.08744026266241758
0.0741560528632005
0.06308648328609505
0.05384290518971001
0.04611191646653346
0.03963853977814222
0.03421367144813717
0.02966460216837945
0.02584778048386208
0.02264323991549872
0.01995027923383222
0.01768409816158451
0.01577316518172289
0.01415714327026613
0.01278523360423423
0.01161482443140188
0.0106103571344695
0.009742345633780307
0.008986507631451006
0.008322984702997391
0.007735641258724319
0.007211439631554329
0.006739891004223022
0.006312581254312695
0.005922768754940962
0.005565048970708319
0.005235079028639443
0.004929354559319607
0.004645030944177932
0.004379781489486566
0.004131685769855351
0.003899142267004872
0.003680800345022466
0.003475507469987124
0.003282268356538113
0.003100213388942361
0.002928574219272997
0.002766664898521259
0.002613867260670399
0.002469619568754979
0.002333407659190632
0.002204757997727583
0.002083232197811675
0.00196842265812341
0.001859949057481131
0.001757455507742542
0.001660608213040422
0.001569093520041481
0.001482616271619253
0.001400898397392105
0.001323677690514362
0.00125070673228847
0.0011817519352707
0.00111659268253695
0.001055020546002931
0.0009968385706885809
0.0009418606147583588
0.0008899107375164106
0.0008408226291494155
0.0007944390773939847
0.0007506114672183017
0.0007091993103591571
0.0006700698021497883
0.000633097403460811
0.0005981634459159668
0.0005651557588220116
0.0005339683163899386
0.0005045009040580353
0.0004766588027628076
0.0004503524901735606
0.0004254973579414066
0.0004020134441115607
0.000379825179868212
0.0003588611498800404
0.0003390538655140304
0.0003203395502500784
0.0003026579366541044
0.000285952074305646
0.0002701681481111707
0.00025525530645062
0.0002411654986299882
0.0002278533211766217
0.0002152758724813564
0.0002033926153469069
0.000192165247052676
0.000181557576473565
0.0001715354079485092
0.0001620664314727645
0.0001531201189113337
0.0001446676258925132
0.0001366816990837228
0.000129136588548646
0.0001220079649131976
0.0001152728410888179
0.0001089094982870046
0.0001028974161051358
9.721720645711601e-05
9.185055113597487e-05
8.678014281557468e-05
8.198962930037226e-05
7.746356083885721e-05
7.318734034664722e-05
6.914717637221515e-05
6.533003864063133e-05
6.172361606294524e-05
5.831627705620711e-05
5.509703204506502e-05
5.205549803980836e-05
4.918186515704588e-05
4.64668649937335e-05
4.390174074890813e-05
4.147821898422654e-05
3.918848294893633e-05
3.702514737347194e-05
3.498123465756262e-05
3.305015236265093e-05
3.122567196180246e-05
2.950190874560477e-05
2.787330284988248e-05
2.633460132235086e-05
2.48808411839269e-05
2.350733341470724e-05
2.220964784784405e-05
2.098359886435264e-05
1.982523190378231e-05
1.873081070464109e-05
1.769680525862484e-05
1.671988042486584e-05
1.579688516636248e-05
1.492484239594715e-05
1.410093936910134e-05
1.332251861433646e-05
1.258706935684451e-05
1.189221942732259e-05
1.123572760594412e-05
1.061547639728784e-05
1.002946519698572e-05
9.47580384053779e-06
8.952706505568712e-06
8.458485954929286e-06
7.991548091509666e-06
7.550386814769539e-06
7.133579173076544e-06
6.739780760376476e-06
6.367721386666781e-06
6.016200983532198e-06
5.684085728348786e-06
5.370304390417357e-06
5.073844873153303e-06
4.793750953320842e-06
4.529119192157276e-06
4.279096025193099e-06
4.042875007155207e-06
3.819694212683023e-06
3.608833775264491e-06
3.409613567393937e-06
3.22139101233254e-06
3.043558994750789e-06
2.875543925705906e-06
2.716803873970969e-06
2.566826825723514e-06
2.425129033982638e-06
2.291253453965371e-06
2.164768271722663e-06
2.045265515224728e-06
1.932359726103327e-06
1.825686729106589e-06
1.724902453754769e-06
1.629681823024246e-06
1.539717702283513e-06
1.454719915801215e-06
1.374414302207707e-06
1.29854183877721e-06
1.226857800918547e-06
1.159130970850715e-06
1.095142897796945e-06
1.034687190402732e-06
9.775688490981905e-07
9.236036385306895e-07
8.726174968659127e-07
8.244459666589179e-07
7.789336737463575e-07
7.359338174630587e-07
6.953077039877095e-07
6.569242932657553e-07
6.20659780944442e-07
5.863971970141537e-07
5.540260264061649e-07
5.234418569780026e-07
4.945460404850259e-07
4.672453749153634e-07
4.414517998753612e-07
4.17082122056676e-07
3.940577331274881e-07
3.723043715396699e-07
3.517518711108548e-07
3.323339419292922e-07
3.139879484119183e-07
2.966547185403932e-07
2.80278344432241e-07
2.648060015670741e-07
2.501877854654396e-07
2.363765477717876e-07
2.233277376372007e-07
2.109992675526981e-07
1.993513719987279e-07
1.883464808541722e-07
1.779490995942439e-07
1.6812568743906e-07
1.588445633002591e-07
1.500757893725305e-07
1.41791081653019e-07
1.339637199564823e-07
1.265684562219754e-07
1.19581435074915e-07
1.129801233298693e-07
1.067432260045184e-07
1.008506273670677e-07
9.528332094963459e-08
9.00233505081088e-08
8.505374626570035e-08
8.035848290740723e-08
7.592241420528286e-08
7.173123270169626e-08
6.777141827034109e-08
6.40301995898559e-08
6.049550809412879e-08
5.715594568078016e-08
5.400073947352637e-08
5.10197085213704e-08
4.820324495265218e-08
4.554225665360219e-08
4.302816473205829e-08
4.065286126426104e-08
3.840868059512116e-08
3.62883871234187e-08
3.428514229146611e-08
3.239248214433986e-08
3.060430478202644e-08
2.891483998126111e-08
2.73186408924832e-08
2.581055655515448e-08
2.438572363047514e-08
2.303954705640791e-08
2.176768331997533e-08
2.056603115374639e-08
1.94307145913881e-08
1.835807134407568e-08
1.734464195523408e-08
1.63871571423857e-08
1.5482529781975e-08
1.462783987927497e-08
1.382033230399599e-08
1.305740060002388e-08
1.233658700164189e-08
1.165556451823716e-08
1.101213672113577e-08
1.040422839693812e-08
9.829878421598272e-09
9.287234239435228e-09
8.774547975174001e-09
8.29016217833355e-09
7.832514754131117e-09
7.400133337029005e-09
6.991621438475737e-09
6.605659268412081e-09
6.241003344815754e-09
5.896477666043331e-09
5.570971082801887e-09
5.263434908137337e-09
4.972874384138386e-09
4.698355605859877e-09
4.438988790119178e-09
4.193941700929015e-09
3.962421571952006e-09
3.743682546016463e-09
3.537017614486471e-09
3.341762037305461e-09
3.157285418260552e-09
2.98299272227226e-09
2.818321100323717e-09
2.662739868333538e-09
2.515747347172549e-09
2.376869008750057e-09
2.245656931135616e-09
2.121690225444447e-09
2.004564563367512e-09
1.893905684562608e-09
1.789356114332036e-09
1.69057740847451e-09
1.597251304576468e-09
1.509078440178415e-09
1.425772145555329e-09
1.347063579803609e-09
1.272700454340385e-09
1.202444419652018e-09
1.136065014558049e-09
1.073349963062691e-09
1.014097978583718e-09
9.581161028506807e-10
9.052246635248188e-10
8.552524119300533e-10
8.080403999195256e-10
7.63434345012717e-10
7.212899909562762e-10
6.814722452824726e-10
6.438517848102229e-10
6.083089945773165e-10
5.747289987648929e-10
5.43001765260044e-10
5.130263461128309e-10
4.847056490167042e-10
4.579467589644511e-10
4.326674747191072e-10
4.087824894275451e-10
3.862160860501853e-10
3.648956617051685e-10
3.447519198059602e-10
3.257205219106374e-10
3.077408212512722e-10
2.90751247942992e-10
2.747012408364553e-10
2.595366177091387e-10
2.452095697582174e-10
2.316728103477689e-10
2.188837335064383e-10
2.068007813040157e-10
1.953848157707016e-10
1.845993528743196e-10
1.744086896390969e-10
1.647799381539553e-10
1.556837997940984e-10
1.470900955769593e-10
1.389703870644388e-10
1.312986965278793e-10
1.240510126456212e-10
1.172025514684166e-10
1.107320037128515e-10
1.046200526176036e-10
9.88439428385476e-11
9.338841403031042e-11
8.823226201757007e-11
8.336212699534653e-11
7.876123756155867e-11
7.441199267427942e-11
7.030475453911469e-11
6.642274575620649e-11
6.275669108060788e-11
5.929284913942361e-11
5.601980358304264e-11
5.292661733664799e-11
5.000441187664373e-11
4.72445992245324e-11
4.463615044568468e-11
4.217294964167534e-11
3.984454249735794e-11
3.764401335115947e-11
3.556797368009412e-11
3.360528407262957e-11
3.174823684211548e-11
2.999509539309337e-11
2.833957776340875e-11
2.6775873471207e-11
2.529830636042841e-11
2.390204538413296e-11
2.258242975692284e-11
2.133568192066451e-11
2.015769326722948e-11
1.904511445243629e-11
1.799457833168422e-11
1.699997263808584e-11
1.606212645757831e-11
1.517469778464036e-11
1.433743278424171e-11
1.354504980728822e-11
1.279772332758338e-11
1.209089087278563e-11
1.142452097470194e-11
1.079387743905492e-11
1.019860444679762e-11
9.635662407856541e-12
9.102777308221739e-12
8.601349821598844e-12
8.126055914299326e-12
7.678770053820418e-12
7.25445844695884e-12
6.85335625904508e-12
6.474897967383934e-12
6.117663765426642e-12
5.780129489637856e-12
5.460548664946771e-12
5.159929040577593e-12
4.875057803040198e-12
4.606493313207745e-12
4.351109635383028e-12
4.111020634711577e-12
3.884468102661049e-12
3.66980407057588e-12
3.468055766865012e-12
3.276707631641656e-12
3.094372929870879e-12
2.923634448025171e-12
2.762601571044308e-12
2.609394392959918e-12
2.465787842607706e-12
2.328613736059315e-12
2.200913479266731e-12
2.079450096804723e-12
1.965385986189704e-12
1.857959461152483e-12
1.754436880107456e-12
1.657933590352006e-12
1.565835984960717e-12
1.48006865092689e-12
1.399191955778567e-12
1.320599400264327e-12
1.247529733991511e-12
1.179033041353349e-12
1.113820033319155e-12
1.052182694364379e-12
9.938815892951107e-13
9.38597160971278e-13
8.872520789977993e-13
8.388098353061957e-13
7.92408422084756e-13
7.481978212663884e-13
7.068770251802708e-13
6.680566371956685e-13
6.30719394189549e-13
5.961936329251548e-13
5.627991438734973e-13
5.321540576497692e-13
5.031515324194727e-13
4.750206676849106e-13
4.501204199746007e-13
4.252137428296748e-13
4.014597587676526e-13
3.782789318679709e-13
3.578727288423239e-13
3.383573264049998e-13
3.200415866776248e-13
3.024057969651552e-13
2.864937246789316e-13
2.701473986094003e-13
2.548263532028115e-13
2.42002130740807e-13
2.274038149092857e-13
2.138347946609529e-13
2.041395915661142e-13
1.921597815886975e-13
1.819031306300467e-13
1.721647334023595e-13
1.63110273211092e-13
1.536654793770926e-13
1.446963749835684e-13
1.364150642070199e-13
1.29931931128875e-13
1.215121096029829e-13
1.159409672238089e-13
1.088333515250036e-13
1.037066799495881e-13
9.695424637867916e-14
9.148276885977969e-14
8.824597654534789e-14
8.141487002885327e-14
7.811854370784174e-14
7.442660316524053e-14
6.965055030984451e-14
6.519560479351133e-14
6.015751071030369e-14
5.83095460874819e-14
5.561620579087748e-14
5.34492119737992e-14
5.000229289861107e-14
4.628820361782836e-14
4.330349797787081e-14
4.347833072604963e-14
3.918290602835097e-14
3.656173558411478e-14
3.551563616464449e-14
3.400800319750979e-14
3.196514778212242e-14
3.06818123225058e-14
2.966832296669948e-14
2.606836985130669e-14
2.42123578046116e-14
2.494545284559205e-14
1.892928222942598e-14
2.224130753704998e-14
1.217346848774655e-14
1.850899757364417e-14
1.741983063105193e-14
1.557580754560562e-14
1.729701374951917e-14
1.52191326394582e-14
1.511616748295813e-14
1.335205920999264e-14
1.372213331719257e-14
1.568231341224842e-14
1.335240512748202e-14
7.40629611890227e-15
8.023627730408324e-15
1.008982039512498e-14
4.358252399534614e-15
4.20215671875908e-15
-nan
-nan
-nan
9.68869308539534e-15
8.574579070080285e-15
1.102446522382769e-14
5.486733607007326e-15
4.885076556011194e-15
8.024871270443651e-15
-nan
-nan
-nan
3.130985919298985e-15
6.976571607948257e-15
2.672231337836126e-15
9.046344093656555e-15
7.909719493855949e-15
-nan
-nan
-nan
-nan
6.035154943406847e-15
-nan
-nan
-nan
3.418484732543479e-15
-nan
-nan
-nan
7.209995286510042e-15
-nan
-nan
-nan
4.737059891775856e-15
-nan
-nan
7.699084976955889e-15
-nan
6.336205663240068e-15
2.358866672280986e-15
-nan
-nan
8.285470218560742e-15
-nan
-nan
-nan
7.942522653627874e-15
-nan
9.559155923863377e-15
-nan
1.081232248002608e-14
-nan
1.778585650705931e-14
4.92242439769517e-15
7.398023203196647e-15
-nan
1.042964641377959e-14
-nan
6.146766483035477e-15
-nan
-nan
2.877980505926429e-15
-nan
4.43712640775775e-15
-nan
-nan
-nan
-nan
-nan
-nan
-nan
-nan
-nan
4.847373574092258e-15
-nan
-nan
-nan
-nan
-nan
4.841558422002523e-15
-nan
-nan
-nan
-nan
-nan
-nan
-nan
-nan
2.244834243192523e-15
1.662997264810832e-15
-nan
-nan
-nan
-nan
-nan
-nan
-nan
2.100721080203587e-15
4.374875258688694e-15
4.534063241373367e-15
-nan
-nan
7.629045579422741e-15
-nan
-nan
-nan
-nan
-nan
-nan
-nan
-nan
2.552346066459684e-15
-nan
-nan
-nan
7.4642206262335e-16
-nan
-nan
5.292837128550092e-15
6.571167337319247e-15
-nan
-nan
6.182456758053706e-15
-nan
7.325458518574977e-15
-nan
-nan
-nan
-nan
-nan
-nan
-nan
-nan
-nan
-nan
5.365692660295599e-15
-nan
-nan
-nan
-nan
-nan
-nan
-nan
-nan
-nan
1.332648370711193e-15
-nan
-nan
-nan
3.17193283176523e-15
1.53421082474883e-15
-nan
-nan
3.537747069904971e-15
4.769473727198472e-15
1.58536033188378e-15
-nan
9.240349881613399e-15
2.598535788197367e-15
-nan
-nan
-nan
-nan
6.166144571676619e-15
3.900583513931875e-15
-nan
-nan
1.374259284169122e-15
-nan
-nan
-nan
-nan
-nan
-nan
4.719948295128594e-15
-nan
-nan
3.554582754741402e-15
4.128267724784032e-15
-nan
-nan
-nan
-nan
5.292339273320434e-15
-nan
-nan
8.104619505945452e-15
1.449873108289474e-15
-nan
-nan
-nan
-nan
-nan
-nan
-nan
-nan
4.682090845464632e-15
-nan
3.227271364044829e-15
-nan
-nan
-nan
-nan
2.356258890825567e-15
2.191860628896933e-15
6.467230331168902e-15
-nan
7.069413702283449e-15
-nan
-nan
-nan
9.035862127323332e-15
8.453118297568204e-15
-nan
-nan
-nan
-nan
-nan
-nan
3.478518014362066e-15
-nan
-nan
-nan
-nan
-nan
-nan
3.895448411519891e-15
-nan
-nan
-nan
-nan
-nan
-nan
-nan
7.227450534278609e-15
-nan
3.947733883617518e-15
-nan
-nan
-nan
-nan
-nan
-nan
-nan
-nan
-nan
-nan
-nan
-nan
-nan
-nan
4.834434822695895e-15
-nan
-nan
3.841687206994619e-15
-nan
-nan
-nan
-nan
-nan
-nan
-nan
-nan
-nan
-nan
-nan
-nan
1.045083382542394e-14
-nan
5.593529109422354e-15
-nan
-nan
-nan
-nan
-nan
-nan
-nan
6.323442101390464e-15
-nan
-nan
-nan
5.710607186799568e-15
-nan
-nan
-nan
-nan
-nan
-nan
-nan
-nan
-nan
7.387823215487017e-16
5.001918287641599e-15
-nan
-nan
-nan
-nan
-nan
2.979995799971741e-15
-nan
-nan
-nan
5.94140515284814e-15
-nan
-nan
5.227198611231839e-15
-nan
-nan
-nan
6.256910923039375e-15
-nan
-nan
-nan
-nan
-nan
-nan
-nan
1.362384994272058e-14
8.200570808304945e-15
1.949026345045e-15
-nan
-nan
-nan
-nan
-nan
-nan
-nan
-nan
-nan
-nan
-nan
6.52305146226723e-15
-nan
-nan
-nan
-nan
-nan
-nan
5.950647300306211e-15
4.794335452963529e-15
-nan
-nan
-nan
-nan
-nan
3.591440327362386e-15
1.259100629643088e-15
-nan
-nan
-nan
-nan
-nan
-nan
-nan
6.09541789077918e-15
1.498898337969397e-15
1.113814309298726e-14
-nan
-nan
-nan
-nan
-nan
4.746771413989577e-15
-nan
1.243758164222181e-14
7.44991654066856e-15
-nan
-nan
5.421261843173274e-15
3.721048361335504e-15
-nan
-nan
-nan
3.09418124057289e-15
2.332783951045206e-15
-nan
-nan
-nan
-nan
-nan
-nan
-nan
-nan
1.206827304829627e-14
-nan
-nan
-nan
-nan
-nan
-nan
5.43672445228422e-15
-nan
-nan
-nan
7.874548918762189e-15
7.936057180642321e-15
-nan
-nan
-nan
-nan
-nan
-nan
3.515818084165974e-15
7.037729532261253e-15
-nan
-nan
-nan
4.822544732170602e-15
7.565693045806039e-15
-nan
-nan
-nan
-nan
-nan
3.359926831878368e-15
-nan
1.101479760243227e-14
1.379501514451977e-15
-nan
5.667031121513867e-15
-nan
-nan
-nan
-nan
1.248158188304744e-14
-nan
-nan
-nan
-nan
-nan
9.583949470769326e-15
-nan
-nan
-nan
-nan
-nan
-nan
-nan
2.636921590931867e-15
3.81734151205247e-15
-nan
-nan
-nan
-nan
-nan
-nan
-nan
-nan
-nan
-nan
-nan
3.634128666698736e-15
-nan
-nan
-nan
-nan
3.197030938397372e-15
9.570878242626263e-15
5.755332782985102e-15
-nan
6.552400034845364e-15
-nan
-nan
-nan
-nan
-nan
-nan
-nan
-nan
-nan
-nan
-nan
-nan
-nan
-nan
-nan
-nan
6.646023031642065e-15
-nan
-nan
-nan
-nan
-nan
-nan
-nan
-nan
-nan
5.307293179980665e-15
-nan
5.792221319965195e-15
-nan
-nan
-nan
-nan
-nan
-nan
8.752714228481769e-15
6.549562336890294e-15
-nan
-nan
-nan
-nan
8.807557300060615e-15
-nan
-nan
-nan
-nan
-nan
-nan
-nan
-nan
1.127117330186188e-14
8.079330994792517e-15
9.865450958164376e-15
-nan
-nan
4.063955628828635e-15
-nan
-nan
-nan
-nan
-nan
-nan
-nan
-nan
-nan
-nan
-nan
-nan
-nan
5.734484745455847e-15
6.974101598415038e-15
-nan
-nan
1.426518768067165e-15
-nan
-nan
-nan
-nan
-nan
7.950135837089653e-15
5.972044637277314e-15
-nan
-nan
-nan
-nan
-nan
-nan
1.03757827764599e-14
-nan
-nan
4.50727835447127e-15
-nan
6.571694182117304e-15
1.261760413026487e-15
-nan
2.571137401118785e-15
-nan
8.066260663336232e-15
-nan
8.441425488877866e-15
-nan
-nan
-nan
-nan
-nan
-nan
-nan
4.130249644521141e-15
-nan
-nan
-nan
-nan
6.505585114004083e-15
-nan
6.759107499899527e-15
-nan
-nan
-nan
1.842926374581223e-15
5.219011486996601e-15
-nan
-nan
-nan
-nan
8.467396682116561e-16
-nan
5.253262065881726e-15
8.928434942699695e-16
-nan
-nan
-nan
-nan
-nan
2.14790916488786e-15
-nan
-nan
-nan
-nan
-nan
-nan
-nan
-nan
-nan
-nan
-nan
-nan
-nan
1.392069344588354e-14
-nan
3.808752735757581e-15
1.749692302691407e-15
-nan
-nan
5.059202026120798e-16
-nan
-nan
-nan
-nan
-nan
-nan
-nan
-nan
-nan
-nan
4.822709312569734e-15
-nan
-nan
1.138932070151961e-14
5.909542135523263e-15
6.595005360714737e-15
-nan
-nan
-nan
-nan
-nan
-nan
-nan
-nan
-nan
2.416347449180447e-15
9.109769366724626e-15
5.597245326261249e-15
-nan
-nan
-nan
-nan
-nan
-nan
-nan
-nan
-nan
6.354573650503897e-15
-nan
2.120689832507229e-15
6.09736681348976e-15
-nan
-nan
-nan
2.348234629169903e-15
-nan
2.099335424764123e-15
-nan
-nan
-nan
-nan
-nan
-nan
3.178188483596775e-15
-nan
-nan
9.70844514927028e-15
9.37606020573934e-15
-nan
-nan
-nan
-nan
-nan
-nan
-nan
-nan
-nan
-nan
-nan
-nan
3.61212109242515e-15
-nan
-nan
-nan
-nan
-nan
-nan
-nan
-nan
7.017589035852232e-15
-nan
3.861433160774132e-15
-nan
-nan
1.899445517835778e-15
-nan
5.85989636722535e-15
6.034718631801832e-16
-nan
7.436343914503291e-15
1.147851632174697e-14
4.896105638751015e-15
-nan
-nan
-nan
-nan
-nan
-nan
-nan
-nan
-nan
1.82753555590028e-15
3.763918774358123e-15
-nan
-nan
-nan
9.439567059071747e-15
-nan
-nan
-nan
-nan
5.401338381857062e-15
-nan
6.112543451646586e-15
4.076144623773666e-15
-nan
-nan
-nan
-nan
3.748864521494203e-15
7.053373644164702e-15
-nan
3.430131049771322e-15
-nan
-nan
-nan
-nan
-nan
-nan
-nan
-nan
-nan
-nan
6.449268528616815e-15
-nan
-nan
-nan
4.931540612609868e-15
-nan
-nan
4.141954240357893e-15
-nan
-nan
-nan
-nan
-nan
-nan
-nan
-nan
-nan
-nan
-nan
-nan
-nan
-nan
-nan
-nan
1.274108775007989e-15
-nan
-nan
-nan
2.291332335399542e-15
4.939305920828788e-15
-nan
-nan
-nan
-nan
-nan
-nan
-nan
-nan
4.987292205424642e-15
-nan
5.39039867518617e-15
-nan
-nan
3.318101930669793e-15
-nan
-nan
2.500301965881409e-15
6.463227818691764e-15
6.254395998443224e-15
-nan
-nan
-nan
-nan
1.898307086019893e-15
-nan
-nan
-nan
-nan
-nan
-nan
-nan
-nan
-nan
-nan
-nan
7.488155765803579e-15
-nan
-nan
-nan
5.705866448971045e-15
-nan
1.835784152692681e-15
-nan
-nan
-nan
-nan
-nan
-nan
1.358314836333663e-14
-nan
-nan
2.519667449376689e-15
-nan
-nan
-nan
1.186877920318661e-14
-nan
-nan
-nan
1.556189328706135e-15
-nan
-nan
3.657329933082611e-15
-nan
-nan
-nan
-nan
-nan
-nan
-nan
-nan
-nan
-nan
-nan
-nan
-nan
-nan
-nan
-nan
-nan
4.908870248173144e-15
-nan
-nan
-nan
-nan
-nan
-nan
-nan
8.477538246858498e-15
-nan
-nan
-nan
-nan
-nan
-nan
-nan
-nan
-nan
-nan
-nan
7.158920963028457e-15
1.800289661161926e-15
-nan
-nan
4.875742287136225e-15
-nan
-nan
-nan
-nan
6.647079055049475e-15
-nan
2.962552080712115e-15
-nan
-nan
7.167801039126071e-15
-nan
-nan
2.025793833174357e-15
-nan
-nan
-nan
-nan
-nan
-nan
-nan
2.750351515415692e-15
-nan
-nan
-nan
6.134402032033108e-15
-nan
-nan
-nan
-nan
8.262084552785258e-15
-nan
-nan
-nan
-nan
9.682530565880756e-15
2.863630814748118e-15
-nan
-nan
-nan
-nan
-nan
1.349564486204606e-15
5.605365179466023e-15
-nan
-nan
3.724093134588121e-15
-nan
-nan
-nan
-nan
-nan
5.740373543346563e-15
-nan
-nan
-nan
3.803545583011292e-15
-nan
-nan
-nan
-nan
-nan
-nan
4.949215526143274e-15
-nan
2.359827960268282e-15
-nan
-nan
2.098471543096928e-15
-nan
-nan
-nan
-nan
-nan
-nan
-nan
-nan
6.051957859159673e-15
-nan
-nan
-nan
-nan
2.859499335032943e-15
6.747531788637415e-15
-nan
-nan
-nan
0
