0.02
1833734873.498496
405968119.0303888
71542516.43640883
11466543.4844613
1732168.937285489
244850.1063625713
30554.05231340318
2422.263222397647
-nan
-nan
22.65179272958083
8.159050250939394
2.992982128947331
1.929808662623322
1.575276057234684
1.32522589780496
1.128585246824671
0.9740715505879265
0.8525975798443457
0.756609437919197
0.680205137619069
0.6188803119482891
0.5692098342113925
0.5285793068005177
0.4949822480062429
0.4668716255126134
0.4430510806732476
0.422594092566548
0.4047828655268341
0.3890614568927741
0.3749994829161862
0.3622638809026493
0.3505969122723855
0.3397990438593359
0.3297156533077825
0.3202267295454066
0.311238912464743
0.3026793532115898
0.2944909865683011
0.2866288952329409
0.2790575162658758
0.2717484958033798
0.2646790420439941
0.2578306608203372
0.2511881847298214
0.2447390274274527
0.238472610593379
0.2323799233269146
0.2264531831170958
0.2206855747481853
0.21507104902237
0.2096041674135005
0.2042799820061473
0.1990939425561926
0.1940418244098988
0.1891196724748936
0.1843237575524189
0.1796505421959421
0.1750966539173828
0.1706588640656631
0.1663340710888592
0.1621192871879636
0.1580116275982781
0.154008301909787
0.1501066069725795
0.1463039210371168
0.1425976988589332
0.1389854675588449
0.1354648230770992
0.1320334270963401
0.1286890043365389
0.1254293401466307
0.1222522783344929
0.1191557191897792
0.116137617664197
0.1131959816815315
0.1103288705557512
0.1075343935001986
0.1048107082143838
0.1021560195378561
0.09956857816265045
0.09704667939762006
0.09458866197919692
0.0921929069242456
0.08985783642139179
0.08758191275790211
0.08536363727967579
0.0832015493822722
0.08109422553125752
0.07904027831035561
0.07703835549609864
0.07508713915785892
0.07318534478219958
0.07133172042068416
0.06952504586025941
0.06776413181549087
0.06604781914191601
0.06437497806987807
0.06274450745821286
0.06115533406720192
0.05960641185025352
0.05809672126377244
0.05662526859471847
0.05519108530537527
0.05379322739485174
0.05243077477689293
0.05110283067353795
0.04980852102423362
0.04854699390997865
0.04731741899212347
0.04611898696543326
0.04495090902505097
0.04381241634699749
0.04270275958186701
0.0416212083613732
0.04056705081741641
0.0395395931133583
0.03853815898718136
0.03756208930623974
0.03661074163330115
0.03568348980358868
0.0347797235125508
0.03389884791407864
0.03304028322890958
0.03220346436295551
0.0313878405353045
0.03059287491565105
0.02981804427091441
0.02906283862080989
0.02832676090214884
0.02760932664164761
0.02691006363702098
0.02622851164616108
0.02556422208418693
0.02491675772817292
0.02428569242935485
0.02367061083262878
0.02307110810315465
0.02248678965988873
0.02191727091586094
0.0213621770250386
0.02082114263559565
0.0202938116494373
0.01977983698781274
0.01927888036286814
0.0187906120549827
0.01831471069574916
0.01785086305644746
0.01739876384188015
0.01695811548942608
0.01652862797318769
0.01611001861309714
0.01570201188885747
0.01530433925859801
0.01491673898212258
0.01453895594863342
0.01417074150882084
0.01381185331120445
0.01346205514261939
0.01312111677274542
0.01278881380256995
0.01246492751669327
0.01214924473937169
0.01184155769420867
0.01154166386739937
0.01124936587443901
0.01096447133020635
0.01068679272233997
0.01041614728781955
0.01015235689267453
0.009895247914738363
0.00964465112937422
0.009400401598092996
0.009162338559994121
0.008930305325955047
0.008704149175500924
0.008483721256286682
0.008268876486124867
0.00805947345749485
0.007855374344470539
0.007656444812006189
0.007462553927518835
0.007273574074710919
0.007089380869575257
0.006909853078527688
0.006734872538612885
0.006564324079731983
0.006398095448839033
0.006236077236058151
0.006078162802671832
0.005924248210932959
0.005774232155654992
0.005628015897534008
0.005485503198160743
0.005346600256677689
0.005211215648041163
0.005079260262846279
0.004950647248677172
0.004825291952941959
0.0047031118671555
0.004584026572633977
0.004467957687564189
0.004354828815414147
0.004244565494650066
0.00413709514972675
0.004032347043319252
0.003930252229765296
0.003830743509685501
0.003733755385754169
0.003639224019589614
0.003547087189736986
0.003457284250714509
0.003369756093097836
0.003284445104614715
0.003201295132225483
0.003120251445164019
0.003041260698914276
0.002964270900099721
0.002889231372261956
0.002816092722506259
0.002744806808991099
0.002675326709242363
0.002607606689269115
0.002541602173462034
0.002477269715254196
0.002414566968524842
0.002353452659727643
0.002293886560724721
0.002235829462308945
0.00217924314839645
0.002124090370873237
0.002070334825078733
0.002017941125910253
0.001966874784532481
0.001917102185677434
0.001868590565518767
0.001821307990106794
0.001775223334349546
0.001730306261526526
0.001686527203320905
0.001643857340357582
0.001602268583234571
0.001561733554034199
0.001522225568302968
0.001483718617487888
0.001446187351817445
0.001409607063616113
0.001373953671041862
0.001339203702235071
0.001305334279869247
0.001272323106092934
0.001240148447853015
0.001208789122589727
0.001178224484293963
0.001148434409917892
0.001119399286129397
0.001091099996402406
0.001063517908433973
0.001036634861879977
0.001010433156401612
0.0009848955400147258
0.0009600051977337602
0.0009357457405039355
0.0009121011944132674
0.0008890559901780541
0.000866594952894636
0.0008447032920505831
0.0008233665917890136
0.000802570801419513
0.0007823022261691854
0.0007625475181681355
0.0007432936676631498
0.0007245279944540069
0.0007062381395465307
0.0006884120570171167
0.0006710380060833796
0.000654104543375423
0.0006376005154029585
0.0006215150512133454
0.0006058375552352172
0.0005905577003036274
0.0005756654208616602
0.0005611509063344031
0.0005470045946704817
0.0005332171660473513
0.0005197795367357608
0.0005066828531198895
0.0004939184858686256
0.0004814780242546023
0.0004693532706170503
0.000457536234964821
0.0004460191297161356
0.0004347943645713276
0.0004238545415157874
0.0004131924499490674
0.0004028010619374472
0.000392673527586681
0.0003828031705319073
0.0003731834835417044
0.000363808124233453
0.0003546709108971982
0.0003457658184251502
0.0003370869743441663
0.0003286286549489229
0.0003203852815325939
0.0003123514167131326
0.0003045217608525657
0.0002968911485667378
0.0002894545453235201
0.0002822070441270236
0.0002751438622856864
0.0002682603382621565
0.0002615519286029046
0.0002550142049453616
0.0002486428511009302
0.0002424336602117666
0.0002363825319791321
0.0002304854699622734
0.0002247385789453632
0.0002191380623710561
0.0002136802198387784
0.0002083614446665049
0.0002031782215139189
0.0001981271240657151
0.0001932048127735519
0.0001884080326547739
0.0001837336111469258
0.0001791784560164086
0.0001747395533198452
0.0001704139654170614
0.0001661988290340431
0.0001620913533749159
0.0001580888182814005
0.0001541885724388495
0.0001503880316273464
0.0001466846770170412
0.000143076053506405
0.0001395597681023242
0.0001361334883410964
0.0001327949407489347
0.0001295419093415183
0.0001263722341612364
0.0001232838098511261
0.0001202745842647877
0.0001173425571113006
0.0001144857786340235
0.0001117023483228731
0.0001089904136586667
0.0001063481688892676
0.0001037738538362534
0.0001012657527317815
9.882219308438252e-05
9.64415445735033e-05
9.412221797155247e-05
9.18626640930937e-05
8.966137277046205e-05
8.751687185493537e-05
8.542772624305583e-05
8.339253692743165e-05
8.140994007106516e-05
7.947860610535617e-05
7.759723885029948e-05
7.576457465710095e-05
7.397938157202147e-05
7.224045852152474e-05
7.054663451764806e-05
6.889676788348404e-05
6.728974549809275e-05
6.57244820606042e-05
6.419991937264563e-05
6.271502563894263e-05
6.126879478585581e-05
5.986024579663299e-05
5.848842206421164e-05
5.715239075985531e-05
5.585124221828798e-05
5.458408933825864e-05
5.335006699873173e-05
5.214833148970192e-05
5.09780599579966e-05
4.983844986730287e-05
4.87287184721617e-05
4.764810230559308e-05
4.659585668028416e-05
4.557125520278698e-05
4.457358930061043e-05
4.360216776181673e-05
4.265631628682566e-05
4.173537705241143e-05
4.083870828743125e-05
3.996568385987038e-05
3.911569287555802e-05
3.828813928758554e-05
3.748244151678542e-05
3.669803208261686e-05
3.593435724462272e-05
3.519087665382991e-05
3.446706301437187e-05
3.376240175457394e-05
3.307639070766486e-05
3.240853980186906e-05
3.175837075963178e-05
3.112541680552781e-05
3.050922238323474e-05
2.990934288056234e-05
2.932534436316744e-05
2.875680331621301e-05
2.820330639388496e-05
2.766445017653825e-05
2.713984093555605e-05
2.662909440528186e-05
2.613183556194905e-05
2.564769840968231e-05
2.517632577309501e-05
2.471736909607926e-05
2.427048824709623e-05
2.383535133045022e-05
2.341163450315974e-05
2.299902179762897e-05
2.259720494948561e-05
2.220588323084608e-05
2.182476328819303e-05
2.145355898525531e-05
2.109199125037761e-05
2.073978792806345e-05
2.039668363465056e-05
2.006241961825296e-05
1.97367436218159e-05
1.941940975033934e-05
1.911017834088262e-05
1.88088158360695e-05
1.85150946606669e-05
1.822879310049535e-05
1.794969518439494e-05
1.7677590568658e-05
1.741227442356458e-05
1.715354732241209e-05
1.690121513235776e-05
1.665508890739615e-05
1.641498478289518e-05
1.618072387213019e-05
1.595213216435324e-05
1.572904042421851e-05
1.551128409271912e-05
1.529870318963637e-05
1.509114221702456e-05
1.48884500641496e-05
1.469047991331446e-05
1.449708914710115e-05
1.430813925664474e-05
1.412349575056843e-05
1.394302806573929e-05
1.376660947817163e-05
1.359411701537918e-05
1.342543136988505e-05
1.326043681315799e-05
1.30990211110791e-05
1.294107543993491e-05
1.278649430362916e-05
1.263517545211923e-05
1.248701980033334e-05
1.234193134849957e-05
1.219981710338257e-05
1.206058700072617e-05
1.19241538283313e-05
1.179043315087787e-05
1.165934323520385e-05
1.153080497737488e-05
1.14047418301123e-05
1.128107973239881e-05
1.115974703903312e-05
1.104067445251584e-05
1.092379495559125e-05
1.080904374498804e-05
1.069635816658089e-05
1.058567765188915e-05
1.047694365556408e-05
1.037009959436754e-05
1.026509078718439e-05
1.01618643967372e-05
1.006036937214571e-05
9.96055639309165e-06
9.862377815087528e-06
9.765787616120268e-06
9.670741344529432e-06
9.577196068208776e-06
9.485110325069309e-06
9.394444074831632e-06
9.30515865167261e-06
9.217216718987359e-06
9.130582224419644e-06
9.045220356637624e-06
8.961097503128707e-06
8.878181209465834e-06
8.796440139344884e-06
8.715844036166773e-06
8.636363685188747e-06
8.557970877668794e-06
8.480638375117709e-06
8.404339875438235e-06
8.329049979627598e-06
8.254744159688902e-06
8.181398727571182e-06
8.108990805139688e-06
8.037498294961794e-06
7.966899852146579e-06
7.89717485711306e-06
7.828303389233814e-06
7.760266201314281e-06
7.693044694992445e-06
7.626620897106624e-06
7.560977436539112e-06
7.496097522066646e-06
7.431964921116549e-06
7.368563938932657e-06
7.305879398692876e-06
7.243896622315966e-06
7.182601411868834e-06
7.121980031778141e-06
7.062019191379767e-06
7.002706028592454e-06
6.944028093760851e-06
6.885973334162057e-06
6.828530079278363e-06
6.771687026369315e-06
6.715433226759855e-06
6.659758072601555e-06
6.604651283923913e-06
6.550102896619134e-06
6.496103250350464e-06
6.442642977212457e-06
6.389712990923932e-06
6.337304476197482e-06
6.285408878449319e-06
6.234017894228057e-06
6.183123461813139e-06
6.132717752081491e-06
6.082793159976422e-06
6.033342296109123e-06
5.98435797875529e-06
5.935833225980606e-06
5.887761248494068e-06
5.84013544241281e-06
5.792949382352416e-06
5.74619681495247e-06
5.699871652520859e-06
5.653967966935321e-06
5.608479983783633e-06
5.563402076793784e-06
5.518728762572699e-06
5.474454695187437e-06
5.430574661350793e-06
5.38708357566357e-06
5.343976475852912e-06
5.301248518597757e-06
5.258894975139835e-06
5.216911227256597e-06
5.175292763331766e-06
5.134035174773409e-06
5.093134152025838e-06
5.05258548150265e-06
5.012385042133284e-06
4.972528802067006e-06
4.933012815627139e-06
4.893833220539238e-06
4.854986234979517e-06
4.816468154745242e-06
4.778275350828913e-06
4.740404266815806e-06
4.702851416480144e-06
4.665613381508961e-06
4.628686809197602e-06
4.592068410384676e-06
4.555754957532838e-06
4.519743282357335e-06
4.484030274294915e-06
4.448612878557938e-06
4.413488094371217e-06
4.378652973271348e-06
4.344104617674421e-06
4.309840178943388e-06
4.275856856381665e-06
4.242151895323409e-06
4.208722586066479e-06
4.175566262408914e-06
4.14268030041779e-06
4.110062117264292e-06
4.077709169928088e-06
4.045618954112724e-06
4.01378900310276e-06
3.982216886800738e-06
3.950900210657916e-06
3.919836614766557e-06
3.88902377282864e-06
3.858459391349932e-06
3.828141208648578e-06
3.798066994265575e-06
3.76823454772651e-06
3.738641698277493e-06
3.709286303805385e-06
3.680166250216709e-06
3.651279450695617e-06
3.622623845177869e-06
3.594197399599684e-06
3.565998105202928e-06
3.538023978165943e-06
3.510273058673814e-06
3.48274341084353e-06
3.45543312177911e-06
3.428340301246224e-06
3.401463081036334e-06
3.374799614774078e-06
3.34834807706481e-06
3.322106663322141e-06
3.296073589272269e-06
3.270247090437142e-06
3.244625421912894e-06
3.219206857809288e-06
3.19398969095364e-06
3.168972232589485e-06
3.144152811788792e-06
3.119529775438515e-06
3.095101487665219e-06
3.070866329580049e-06
3.046822698895111e-06
3.022969009902829e-06
2.9993036929116e-06
2.975825193976467e-06
2.95253197477664e-06
2.929422512241948e-06
2.90649529839054e-06
2.883748839965998e-06
2.861181658148857e-06
2.838792288576919e-06
2.816579280909835e-06
2.794541198711371e-06
2.7726766190525e-06
2.75098413266394e-06
2.72946234327684e-06
2.708109867751353e-06
2.686925335903806e-06
2.66590738999318e-06
2.645054684981601e-06
2.624365887975892e-06
2.603839678286024e-06
2.583474747168035e-06
2.563269797771022e-06
2.543223544798218e-06
2.523334714409825e-06
2.503602044200303e-06
2.484024282877036e-06
2.464600190374282e-06
2.445328537305235e-06
2.426208105226888e-06
2.407237686262336e-06
2.38841608311814e-06
2.369742108906253e-06
2.351214586839301e-06
2.33283235050862e-06
2.314594243300328e-06
2.296499118650612e-06
2.278545839787162e-06
2.260733279611254e-06
2.243060320497155e-06
2.225525854404875e-06
2.208128782629934e-06
2.190868015771268e-06
2.173742473530353e-06
2.156751084585175e-06
2.139892786866105e-06
2.123166526817506e-06
2.106571259941282e-06
2.090105950267466e-06
2.073769570484591e-06
2.057561101819539e-06
2.041479533861449e-06
2.025523864620099e-06
2.009693100234277e-06
1.993986255114466e-06
1.978402351799906e-06
1.962940420739164e-06
1.947599500294424e-06
1.93237863683881e-06
1.917276884421925e-06
1.902293304765679e-06
1.887426967389327e-06
1.872676949197532e-06
1.858042334707048e-06
1.84352221582862e-06
1.829115691735887e-06
1.814821869024368e-06
1.800639861404338e-06
1.78656878979314e-06
1.772607782170952e-06
1.758755973587739e-06
1.745012505961538e-06
1.731376528203174e-06
1.717847195976223e-06
1.704423671818011e-06
1.691105124926864e-06
1.677890731079228e-06
1.664779672782334e-06
1.651771138993366e-06
1.638864325154323e-06
1.626058433253683e-06
1.61335267145729e-06
1.600746254343522e-06
1.588238402762618e-06
1.5758283437701e-06
1.563515310569606e-06
1.551298542384618e-06
1.539177284624622e-06
1.527150788547896e-06
1.515218311447191e-06
1.50337911648937e-06
1.491632472733905e-06
1.479977654924794e-06
1.468413943724419e-06
1.456940625313093e-06
1.445556991619218e-06
1.434262340220166e-06
1.423055974064206e-06
1.411937201835342e-06
1.40090533763847e-06
1.38995970082127e-06
1.379099616271897e-06
1.368324414210851e-06
1.357633430092529e-06
1.347026004556077e-06
1.336501483575214e-06
1.326059218237926e-06
1.315698564636699e-06
1.305418884152577e-06
1.295219543071474e-06
1.285099912641681e-06
1.27505936906012e-06
1.265097293527575e-06
1.255213072027445e-06
1.245406095456334e-06
1.235675759520645e-06
1.226021464464314e-06
1.216442615498109e-06
1.206938622418866e-06
1.197508899627597e-06
1.188152866231748e-06
1.178869945799349e-06
1.169659566437857e-06
1.160521160838771e-06
1.151454165982748e-06
1.142458023398044e-06
1.133532179022901e-06
1.124676082988224e-06
1.115889189902686e-06
1.107170958560727e-06
1.098520852114104e-06
1.08993833783632e-06
1.081422887181164e-06
1.072973975724325e-06
1.064591083306629e-06
1.056273693651065e-06
1.048021294630542e-06
1.039833378164272e-06
1.031709440076255e-06
1.023648980154094e-06
1.015651502185198e-06
1.007716513713726e-06
9.998435262335256e-07
9.920320550445519e-07
9.842816193097436e-07
9.765917418641533e-07
9.6896194931979e-07
9.613917719825736e-07
9.538807438888315e-07
9.464284025882171e-07
9.39034289438668e-07
9.316979492669447e-07
9.244189304646112e-07
9.171967850546696e-07
9.100310684967447e-07
9.029213396615151e-07
8.958671610208036e-07
8.888680984132136e-07
8.819237209827882e-07
8.750336014210799e-07
8.681973155728754e-07
8.614144427263385e-07
8.546845654529536e-07
8.480072695752671e-07
8.413821441306211e-07
8.348087814423292e-07
8.282867769276101e-07
8.218157292392471e-07
8.153952401516763e-07
8.090249145876249e-07
8.027043604873083e-07
7.964331888167835e-07
7.902110137544827e-07
7.840374524190957e-07
7.779121249222975e-07
7.7183465419248e-07
7.658046663644808e-07
7.598217903760196e-07
7.538856580352335e-07
7.47995904120237e-07
7.421521662166892e-07
7.363540846990279e-07
7.306013028139387e-07
7.248934665875402e-07
7.192302248178939e-07
7.136112290013041e-07
7.080361333923729e-07
7.025045949969756e-07
6.970162734480772e-07
6.915708309988946e-07
6.861679326678553e-07
6.80807246032867e-07
6.754884412226996e-07
6.702111910026268e-07
6.649751706276224e-07
6.597800579645663e-07
6.546255333417617e-07
6.495112796733902e-07
6.444369822517661e-07
6.394023289076722e-07
6.344070098495398e-07
6.294507177263043e-07
6.24533147619999e-07
6.196539969288213e-07
6.14812965593895e-07
6.100097556618324e-07
6.052440716250717e-07
6.005156203136307e-07
5.958241107891665e-07
5.911692543844476e-07
5.86550764764205e-07
5.819683577565297e-07
5.774217514478017e-07
5.72910666174702e-07
5.684348242793012e-07
5.639939504882963e-07
5.595877715174904e-07
5.552160163174516e-07
5.508784159928809e-07
5.465747035992003e-07
5.423046144149642e-07
5.380678856917546e-07
5.338642568428083e-07
5.296934691860341e-07
5.255552662615742e-07
5.21449393274559e-07
5.173755977360049e-07
5.133336290866888e-07
5.093232385955612e-07
5.053441795539932e-07
5.013962071679633e-07
4.974790785588106e-07
4.935925527486747e-07
4.897363906115797e-07
4.859103549575625e-07
4.82114210376587e-07
4.783477233318604e-07
4.746106621412045e-07
4.709027968757123e-07
4.67223899428781e-07
4.635737435451191e-07
4.599521045585747e-07
4.563587597463446e-07
4.527934880296414e-07
4.492560700534232e-07
4.457462882148581e-07
4.422639266550769e-07
4.388087710689472e-07
4.353806089256086e-07
4.319792293378829e-07
4.286044230528881e-07
4.252559824700713e-07
4.21933701579097e-07
4.186373760274215e-07
4.153668030839134e-07
4.12121781398297e-07
4.08902111445603e-07
4.057075951575396e-07
4.025380359756405e-07
3.993932389915789e-07
3.962730107040824e-07
3.931771591231001e-07
3.901054938091885e-07
3.870578258268355e-07
3.840339677543641e-07
3.810337334616939e-07
3.780569384228176e-07
3.751033995515723e-07
3.721729351337624e-07
3.692653648285675e-07
3.663805099080331e-07
3.635181927571971e-07
3.606782374216099e-07
3.578604691433611e-07
3.55064714578156e-07
3.522908017600908e-07
3.495385600040561e-07
3.468078200683962e-07
3.440984139321831e-07
3.414101749090299e-07
3.387429376497131e-07
3.360965380295536e-07
3.334708132754612e-07
3.308656019181103e-07
3.282807436812877e-07
3.257160794877211e-07
3.231714515603686e-07
3.206467034540136e-07
3.181416798631183e-07
3.156562266106139e-07
3.131901908229924e-07
3.107434207732439e-07
3.083157659891793e-07
3.059070771266959e-07
3.035172059939129e-07
3.011460055508746e-07
2.98793330002161e-07
2.96459034608462e-07
2.941429757512629e-07
2.918450110045494e-07
2.895649989529537e-07
2.87302799316539e-07
2.850582729642542e-07
2.828312817680664e-07
2.806216888238545e-07
2.784293582093129e-07
2.762541550268616e-07
2.740959454970813e-07
2.719545968496128e-07
2.698299773311638e-07
2.677219562358645e-07
2.656304039320609e-07
2.635551916975963e-07
2.614961919160742e-07
2.594532779156666e-07
2.57426324041744e-07
2.554152055580559e-07
2.534197988083177e-07
2.514399810244905e-07
2.494756304232659e-07
2.475266262201172e-07
2.455928483888009e-07
2.436741780861534e-07
2.417704972618483e-07
2.398816887226926e-07
2.380076364203654e-07
2.361482249591539e-07
2.343033400419804e-07
2.324728681301107e-07
2.306566965541255e-07
2.288547138004146e-07
2.270668088131169e-07
2.252928717134467e-07
2.235327933297775e-07
2.217864654673295e-07
2.200537806175353e-07
2.183346321906993e-07
2.166289145013798e-07
2.149365226100417e-07
2.13257352302271e-07
2.115913003761103e-07
2.099382643518879e-07
2.082981425751376e-07
2.066708340957319e-07
2.050562388422548e-07
2.034542575089458e-07
2.01864791410181e-07
2.002877429201805e-07
1.987230149196087e-07
1.971705112557164e-07
1.956301363873608e-07
1.941017956221257e-07
1.925853948662369e-07
1.91080840821379e-07
1.8958804101875e-07
1.881069035408858e-07
1.86637337256647e-07
1.851792518903592e-07
1.837325576865191e-07
1.822971656393118e-07
1.808729874786209e-07
1.794599355212623e-07
1.780579229622001e-07
1.76666863452168e-07
1.752866714788789e-07
1.739172621366611e-07
1.725585512061017e-07
1.712104550162112e-07
1.698728906799784e-07
1.685457760022012e-07
1.672290293158117e-07
1.65922569502734e-07
1.64626316299218e-07
1.633401899599486e-07
1.620641113763905e-07
1.607980020454879e-07
1.595417840601165e-07
1.582953801614519e-07
1.570587136841575e-07
1.55831708487578e-07
1.546142891971561e-07
1.534063809030966e-07
1.522079092631144e-07
1.510188005681599e-07
1.498389816374787e-07
1.486683799515777e-07
1.47506923456308e-07
1.463545407627372e-07
1.452111608883205e-07
1.440767136032563e-07
1.429511290509319e-07
1.418343380086194e-07
1.407262718070142e-07
1.396268622839751e-07
1.385360418170747e-07
1.374537432461289e-07
1.363799000139078e-07
1.353144460658799e-07
1.342573158742371e-07
1.332084444187111e-07
1.321677671778975e-07
1.311352200854812e-07
1.301107396554256e-07
1.290942629292962e-07
1.280857273126599e-07
1.27085070754221e-07
1.260922317047967e-07
1.251071491422389e-07
1.241297624656428e-07
1.231600115095811e-07
1.221978366276303e-07
1.212431786341624e-07
1.202959788351647e-07
1.193561788983734e-07
1.18423721070293e-07
1.174985479777559e-07
1.165806026967977e-07
1.156698287289606e-07
1.147661700805648e-07
1.138695712494482e-07
1.129799769661139e-07
1.120973325522361e-07
1.112215837753e-07
1.103526766525147e-07
1.094905578054239e-07
1.086351741217418e-07
1.077864730155362e-07
1.069444023990752e-07
1.061089103383652e-07
1.052799454180791e-07
1.044574567391914e-07
1.036413936602839e-07
1.028317060565887e-07
1.020283440080856e-07
1.012312581448035e-07
1.00440399412342e-07
9.965571918926274e-08
9.887716922303783e-08
9.810470157303272e-08
9.73382687416269e-08
9.657782357874099e-08
9.582331931347293e-08
9.507470953655307e-08
9.433194816623418e-08
9.359498957539816e-08
9.286378838927167e-08
9.213829965088116e-08
9.141847871662886e-08
9.0704281300497e-08
8.999566351340581e-08
8.929258166982336e-08
8.859499261516325e-08
8.790285336041186e-08
8.721612142956894e-08
8.653475448606398e-08
8.58587106568829e-08
8.5187948338462e-08
8.452242627408564e-08
8.386210357292752e-08
8.320693954862679e-08
8.255689391632765e-08
8.191192671857972e-08
8.127199823331627e-08
8.063706908839856e-08
8.000710032796015e-08
7.938205312460463e-08
7.876188902331663e-08
7.814656990902795e-08
7.753605786213468e-08
7.693031541525055e-08
7.632930531293736e-08
7.573299051540151e-08
7.514133440225575e-08
7.455430048835535e-08
7.397185269891292e-08
7.339395523815678e-08
7.282057253764429e-08
7.225166933392051e-08
7.168721057480828e-08
7.112716163065937e-08
7.057148801753149e-08
7.00201555577988e-08
6.947313032039794e-08
6.893037863904458e-08
6.839186714746751e-08
6.785756278123058e-08
6.732743255907188e-08
6.680144396862837e-08
6.62795645364532e-08
6.576176225865486e-08
6.524800526118716e-08
6.473826192476291e-08
6.423250094261797e-08
6.373069115868374e-08
6.323280166682851e-08
6.273880189790282e-08
6.224866147386508e-08
6.176235023904341e-08
6.127983825846985e-08
6.080109584500416e-08
6.032609357054227e-08
5.985480218319078e-08
5.938719267437228e-08
5.892323630564465e-08
5.846290461757346e-08
5.800616911891563e-08
5.755300187810051e-08
5.710337496029188e-08
5.66572607090157e-08
5.621463165521465e-08
5.577546057992899e-08
5.533972051631956e-08
5.49073846165614e-08
5.447842632237616e-08
5.405281922188812e-08
5.363053717128077e-08
5.321155407293801e-08
5.279584425114962e-08
5.238338214706854e-08
5.197414236259991e-08
5.156809970019591e-08
5.116522919993742e-08
5.07655060578867e-08
5.036890571971202e-08
4.997540377373598e-08
4.958497604770938e-08
4.919759847163033e-08
4.881324725038124e-08
4.843189875874856e-08
4.80535294732103e-08
4.76781161869519e-08
4.73056357813202e-08
4.693606533660966e-08
4.656938212292292e-08
4.620556361368078e-08
4.584458733818767e-08
4.548643119968058e-08
4.513107310749063e-08
4.477849118749414e-08
4.44286638228915e-08
4.408156941292189e-08
4.373718665278178e-08
4.339549436095615e-08
4.305647151818772e-08
4.272009722759104e-08
4.238635083975534e-08
4.205521179575561e-08
4.172665971602751e-08
4.14006744355977e-08
4.107723584707671e-08
4.075632410667675e-08
4.043791945216114e-08
4.012200233760695e-08
3.980855327508627e-08
3.949755295975694e-08
3.918898230949069e-08
3.888282240060266e-08
3.857905430857006e-08
3.827765935559845e-08
3.797861900337999e-08
3.768191485979111e-08
3.738752868530562e-08
3.70954423786597e-08
3.680563801340163e-08
3.651809767431428e-08
3.623280370008109e-08
3.594973856404906e-08
3.566888482613561e-08
3.539022528920868e-08
3.511374265916193e-08
3.483942007476134e-08
3.456724060799323e-08
3.42971875046025e-08
3.402924414796322e-08
3.376339410952009e-08
3.349962100961562e-08
3.323790857951958e-08
3.297824073457055e-08
3.272060155492532e-08
3.246497516242605e-08
3.221134579013294e-08
3.195969787846984e-08
3.1710015963171e-08
3.146228465508689e-08
3.121648874034434e-08
3.097261308526388e-08
3.073064261516431e-08
3.049056254456215e-08
3.025235806945474e-08
3.001601454701106e-08
2.978151742156569e-08
2.954885229969993e-08
2.931800481230625e-08
2.908896081266224e-08
2.886170620086915e-08
2.863622699104864e-08
2.84125093530539e-08
2.819053945627183e-08
2.797030360455897e-08
2.775178837365138e-08
2.753498028621552e-08
2.731986597956524e-08
2.710643220543617e-08
2.689466589204659e-08
2.668455400053439e-08
2.647608358187943e-08
2.626924179861653e-08
2.606401594587099e-08
2.586039335977645e-08
2.565836162177456e-08
2.545790823908728e-08
2.525902081649401e-08
2.506168720565844e-08
2.486589524608258e-08
2.467163287248356e-08
2.447888816774266e-08
2.428764924140237e-08
2.409790435178712e-08
2.390964183332519e-08
2.372285013027371e-08
2.353751771506986e-08
2.335363317936694e-08
2.317118518406119e-08
2.299016259702498e-08
2.281055420717249e-08
2.263234898332891e-08
2.245553598120172e-08
2.228010427040587e-08
2.210604308746014e-08
2.193334177401629e-08
2.17619896682102e-08
2.159197623290798e-08
2.14232909643919e-08
2.125592357000759e-08
2.108986372799034e-08
2.09251012365327e-08
2.076162593219423e-08
2.05994277481529e-08
2.043849666698266e-08
2.027882289084118e-08
2.012039651452037e-08
1.996320781964523e-08
1.98072471998484e-08
1.965250503244513e-08
1.949897174487056e-08
1.934663791725219e-08
1.919549419710202e-08
1.904553129584852e-08
1.889673992024932e-08
1.87491109341474e-08
1.860263529753705e-08
1.845730398892153e-08
1.831310806261109e-08
1.817003865480527e-08
1.802808693114972e-08
1.788724426894497e-08
1.774750192137215e-08
1.760885123764513e-08
1.747128376252699e-08
1.733479099955743e-08
1.719936462944413e-08
1.706499617113488e-08
1.693167748889337e-08
1.679940035763457e-08
1.666815661298671e-08
1.653793824387715e-08
1.640873714931957e-08
1.628054536316626e-08
1.61533551252743e-08
1.602715853183406e-08
1.590194788280678e-08
1.577771539661715e-08
1.565445349443485e-08
1.553215452182426e-08
1.541081099229575e-08
1.529041547917454e-08
1.517096051178939e-08
1.505243881540531e-08
1.493484308391803e-08
1.481816598973159e-08
1.470240044030912e-08
1.458753929825664e-08
1.44735755374351e-08
1.436050205474531e-08
1.4248311940813e-08
1.413699832545511e-08
1.402655433492471e-08
1.391697318499893e-08
1.380824809105718e-08
1.370037239156932e-08
1.35933395145159e-08
1.348714279379507e-08
1.338177575998376e-08
1.327723186897961e-08
1.317350464993827e-08
1.307058784326759e-08
1.296847503185317e-08
1.286716000713079e-08
1.276663649340421e-08
1.266689826869221e-08
1.256793920211605e-08
1.246975327334796e-08
1.23723344107725e-08
1.227567667835682e-08
1.217977404812334e-08
1.208462066278622e-08
1.199021069100075e-08
1.189653822316717e-08
1.180359760980511e-08
1.171138303694499e-08
1.161988885035951e-08
1.15291094456305e-08
1.143903930177629e-08
1.134967281796957e-08
1.126100451562624e-08
1.117302897670761e-08
1.108574068161868e-08
1.099913428561611e-08
1.091320447342919e-08
1.082794609924447e-08
1.074335371141563e-08
1.065942221932738e-08
1.057614641411657e-08
1.049352122297023e-08
1.041154147358082e-08
1.033020222135361e-08
1.024949841577217e-08
1.016942510692757e-08
1.008997738645258e-08
1.001115028098938e-08
9.932938989333685e-09
9.855338767547064e-09
9.778344807623454e-09
9.701952325347259e-09
9.626156627864614e-09
9.550953109151573e-09
9.476337096269574e-09
9.40230405503106e-09
9.328849406769579e-09
9.25596854470737e-09
9.183657101992832e-09
9.111910539522174e-09
9.040724502217456e-09
8.970094611764339e-09
8.900016533090703e-09
8.830485903520143e-09
8.76149845467467e-09
8.69304993616669e-09
8.625136218467904e-09
8.557753085106167e-09
8.490896342556497e-09
8.424561860352547e-09
8.358745646186674e-09
8.2934437045723e-09
8.228651870686857e-09
8.164366173462842e-09
8.100582795142624e-09
8.03729760008061e-09
7.974506797383358e-09
7.912206587548417e-09
7.850393104002969e-09
7.789062617796208e-09
7.728211220914422e-09
7.667835127944032e-09
7.607930767091866e-09
7.548494436003673e-09
7.489522464279191e-09
7.431011125200193e-09
7.372956977337636e-09
7.315356321579199e-09
7.258205669890268e-09
7.201501450653009e-09
7.145240252099743e-09
7.08941855530624e-09
7.034033043152204e-09
6.979080215114604e-09
6.924556707808608e-09
6.870459123049385e-09
6.816784169568614e-09
6.763528588041882e-09
6.710689051543524e-09
6.658262342671431e-09
6.60624523641509e-09
6.554634421399851e-09
6.503426836005398e-09
6.452619299079705e-09
6.402208669885737e-09
6.352191936276126e-09
6.30256590348191e-09
6.253327588306789e-09
6.204473952822066e-09
6.156001981031113e-09
6.107908709388214e-09
6.060191144194669e-09
6.012846294714995e-09
5.965871340375533e-09
5.919263397839736e-09
5.873019554651819e-09
5.827136971041093e-09
5.781612904232269e-09
5.736444449596168e-09
5.691628853777951e-09
5.647163383840347e-09
5.603045375237401e-09
5.559271963025094e-09
5.515840531660134e-09
5.472748387922758e-09
5.429992894185578e-09
5.38757147285248e-09
5.345481445363168e-09
5.303720237707176e-09
5.262285258277048e-09
5.221174004677171e-09
5.180383962486862e-09
5.139912615627527e-09
5.099757404900586e-09
5.059915869869517e-09
5.020385622207581e-09
4.981164187138042e-09
4.942249139149422e-09
4.903638182988646e-09
4.865328824007369e-09
4.82731875743231e-09
4.789605670899151e-09
4.752187143760325e-09
4.715061011260431e-09
4.678224870264895e-09
4.641676504312676e-09
4.605413700045279e-09
4.569434174994615e-09
4.533735737088459e-09
4.498316251894502e-09
4.463173432701571e-09
4.428305138938076e-09
4.393709333041472e-09
4.359383769881803e-09
4.325326314636977e-09
4.291534995677968e-09
4.258007633516419e-09
4.224742219924709e-09
4.191736641408892e-09
4.15898897673225e-09
4.126497058330208e-09
4.094259040468653e-09
4.062272936561824e-09
4.030536710372723e-09
3.999048334530093e-09
3.967806002089009e-09
3.936807751355031e-09
3.906051666440955e-09
3.875535834546085e-09
3.845258446746025e-09
3.815217598046264e-09
3.78541140727365e-09
3.755838097706806e-09
3.726495787281057e-09
3.69738275534752e-09
3.66849715318219e-09
3.63983722499705e-09
3.611401186022017e-09
3.583187320622757e-09
3.55519379668394e-09
3.527419043899726e-09
3.499861188059149e-09
3.472518734226911e-09
3.445389830166387e-09
3.418472857128342e-09
3.391766194090532e-09
3.365268138536022e-09
3.338977191564131e-09
3.312891567893224e-09
3.287009753416311e-09
3.261330098299705e-09
3.235851109336563e-09
3.210571142848476e-09
3.185488690666437e-09
3.160602172469099e-09
3.135910105328249e-09
3.111410934444797e-09
3.08710314843217e-09
3.062985293575376e-09
3.039055852875343e-09
3.015313369568988e-09
2.991756358932771e-09
2.968383365097756e-09
2.945192958067854e-09
2.92218376109925e-09
2.899354262466056e-09
2.876703178569578e-09
2.854229034352197e-09
2.831930476644664e-09
2.809806123875447e-09
2.787854568620603e-09
2.766074563647826e-09
2.744464654897077e-09
2.72302365404083e-09
2.701750132836027e-09
2.680642801552003e-09
2.659700333978083e-09
2.638921508740403e-09
2.618304929911843e-09
2.597849530722833e-09
2.577553879986064e-09
2.557416824320779e-09
2.537437094987185e-09
2.517613406268273e-09
2.497944597644977e-09
2.478429428336986e-09
2.459066772007774e-09
2.439855400604086e-09
2.420794123186263e-09
2.401881721247289e-09
2.383117131777267e-09
2.364499075181914e-09
2.346026418703059e-09
2.327698153925427e-09
2.309513054966777e-09
2.291470056853853e-09
2.273567991950746e-09
2.255805820101763e-09
2.238182363408115e-09
2.220696614447416e-09
2.203347478436311e-09
2.1861338368748e-09
2.169054692865283e-09
2.152108945717928e-09
2.135295612491854e-09
2.118613609932664e-09
2.10206197092534e-09
2.08563961923546e-09
2.069345552941859e-09
2.053178803721537e-09
2.037138310814456e-09
2.021223156891005e-09
2.005432360358554e-09
1.989764920309708e-09
1.974219893231255e-09
1.958796292904816e-09
1.943493217309309e-09
1.928309710900696e-09
1.913244854423566e-09
1.898297649123311e-09
1.88346714878021e-09
1.868752587731101e-09
1.854152945669919e-09
1.839667322535077e-09
1.825294940616377e-09
1.811034868511077e-09
1.796886177139773e-09
1.782848005193897e-09
1.768919482419133e-09
1.7550998137151e-09
1.741388062195347e-09
1.727783452014205e-09
1.714285137191804e-09
1.700892277382325e-09
1.687603993693825e-09
1.674419566699158e-09
1.661338165552338e-09
1.648358933959143e-09
1.635481089016219e-09
1.622703865200728e-09
1.610026448305413e-09
1.597448098893092e-09
1.584968020881512e-09
1.572585467982115e-09
1.560299573167519e-09
1.548109667910192e-09
1.536015006419684e-09
1.524014830705439e-09
1.512108480409375e-09
1.500295094792701e-09
1.488574032365307e-09
1.476944458421994e-09
1.465405807725209e-09
1.453957296205981e-09
1.442598185634466e-09
1.431327851793192e-09
1.420145556811241e-09
1.409050598786678e-09
1.398042348223175e-09
1.387120077758632e-09
1.37628318398707e-09
1.365530900711733e-09
1.354862632806064e-09
1.344277749610874e-09
1.333775518903432e-09
1.323355333595615e-09
1.313016537511571e-09
1.302758543243814e-09
1.292580632463117e-09
1.282482324056452e-09
1.272462846728835e-09
1.262521703653173e-09
1.252658170435309e-09
1.242871726688688e-09
1.233161695644467e-09
1.223527534574071e-09
1.213968604659728e-09
1.204484403268634e-09
1.195074320335725e-09
1.185737694764649e-09
1.176474034054967e-09
1.167282754912167e-09
1.158163272406824e-09
1.149115005590417e-09
1.140137451520149e-09
1.131230013979813e-09
1.122392201333594e-09
1.113623457649999e-09
1.104923195408743e-09
1.09629088937865e-09
1.087726021643403e-09
1.07922805407794e-09
1.070796494531466e-09
1.062430817333434e-09
1.054130477032218e-09
1.045894991157039e-09
1.037723806130426e-09
1.029616494278925e-09
1.021572532536902e-09
1.013591398579905e-09
1.005672621588884e-09
9.978156826757942e-10
9.90020203312484e-10
9.822855687748058e-10
9.746113686662189e-10
9.669971072478678e-10
9.594423159874299e-10
9.519466028783536e-10
9.445093887597976e-10
9.371302972452552e-10
9.298088920375779e-10
9.225446215174383e-10
9.153371423685304e-10
9.081859441205041e-10
9.010905919930945e-10
8.940507369781278e-10
8.870658897432845e-10
8.801355802380333e-10
8.732594093098837e-10
8.664369844624299e-10
8.596678365593481e-10
8.529515891060498e-10
8.462878319690961e-10
8.39676134481243e-10
8.3311607002623e-10
8.266072272168303e-10
8.201492753610823e-10
8.137417134884226e-10
8.073842766418442e-10
8.010764630341019e-10
7.948179707636227e-10
7.886083107469743e-10
7.824471893100355e-10
7.763342345532482e-10
7.702690018680616e-10
7.64251194284331e-10
7.582804064177243e-10
7.523562168004734e-10
7.464782892861346e-10
7.406462633995812e-10
7.348598544792186e-10
7.291186573459135e-10
7.234223022086467e-10
7.177703862845136e-10
7.121626404861917e-10
7.065988011195142e-10
7.010783744251691e-10
6.956010570741e-10
6.901665185917114e-10
6.84774467179618e-10
6.794245002141245e-10
6.741163670622088e-10
6.688497499046877e-10
6.636242334972154e-10
6.584395245664619e-10
6.532953231261579e-10
6.481913244187543e-10
6.431271786727661e-10
6.38102611138514e-10
6.33117324972792e-10
6.281709523207266e-10
6.232632128494668e-10
6.1839381169364e-10
6.13562436439293e-10
6.087688336609891e-10
6.040126714958896e-10
5.99293657392774e-10
5.946114989073229e-10
5.89966035504707e-10
5.853567956528051e-10
5.807835286753706e-10
5.762460235699486e-10
5.717439483347093e-10
5.672770030046442e-10
5.628450242658492e-10
5.584476326670892e-10
5.540846216803027e-10
5.497556543299387e-10
5.45460525283314e-10
5.411989619212795e-10
5.369707075507142e-10
5.327754556168153e-10
5.286129733419827e-10
5.244830604064656e-10
5.203854073305109e-10
5.163197111522123e-10
5.122858323420771e-10
5.082834555112898e-10
5.043123306448124e-10
5.003722323354987e-10
4.964629419172069e-10
4.925841381181132e-10
4.887357105559949e-10
4.849172752773925e-10
4.81128733529713e-10
4.77369776626785e-10
4.736401984717532e-10
4.699397575513552e-10
4.662682152035076e-10
4.626253294039774e-10
4.590109242179659e-10
4.554247189506327e-10
4.51866607372017e-10
4.483362819129657e-10
4.448334677097329e-10
4.413580582686322e-10
4.379097779839875e-10
4.344884372177588e-10
4.310938232318156e-10
4.277257175101283e-10
4.243839155931941e-10
4.210683077782091e-10
4.177785469280443e-10
4.14514510296084e-10
4.112759735746735e-10
4.080626952421567e-10
4.048745231942757e-10
4.017112486257619e-10
3.985727113631508e-10
3.954586546106115e-10
3.923689976624153e-10
3.893034764037342e-10
3.862618842829101e-10
3.832440665166115e-10
3.802498489655166e-10
3.772789591785333e-10
3.74331252037849e-10
3.714066433370052e-10
3.685048497602339e-10
3.656257451766112e-10
3.627691218624359e-10
3.59934848175498e-10
3.571227441679043e-10
3.543325584412822e-10
3.515642042429337e-10
3.488174354281922e-10
3.460921037723192e-10
3.433880573605897e-10
3.407051925854773e-10
3.380432471180577e-10
3.354021289378925e-10
3.327816401976006e-10
3.301815776911081e-10
3.276018663246194e-10
3.250422953176097e-10
3.225027190452711e-10
3.19983009602774e-10
3.174829919773977e-10
3.15002476866548e-10
3.125413251365354e-10
3.100994374800121e-10
3.076766297282029e-10
3.052727564263634e-10
3.028876242165805e-10
3.00521146189089e-10
2.981731630686482e-10
2.958435319880115e-10
2.935320469176863e-10
2.912386155413848e-10
2.889631179019331e-10
2.867054213744884e-10
2.844652879836651e-10
2.822427585636299e-10
2.800375549278e-10
2.778495740339984e-10
2.756787087111757e-10
2.735248189675405e-10
2.713877625605231e-10
2.692674052229826e-10
2.671635551732543e-10
2.650761705321698e-10
2.630050989671379e-10
2.609501702237647e-10
2.589113013299471e-10
2.568883674448208e-10
2.548812478795056e-10
2.528898370279335e-10
2.509139804213182e-10
2.489535929745401e-10
2.470084942668103e-10
2.450785311513617e-10
2.431636736605734e-10
2.412638019147923e-10
2.393787154196775e-10
2.375084172595527e-10
2.356526873725738e-10
2.338114717240722e-10
2.319846610829059e-10
2.301721255186177e-10
2.283737211325686e-10
2.265894013243806e-10
2.248189779456678e-10
2.23062418479419e-10
2.213195775966962e-10
2.195903137404121e-10
2.178746144488197e-10
2.16172254406953e-10
2.144832441560588e-10
2.128074090158853e-10
2.111446771773693e-10
2.094949113584812e-10
2.078580060384498e-10
2.062339181014027e-10
2.046225063876951e-10
2.030236969873529e-10
2.014373941592689e-10
1.998634870549625e-10
1.983018685892466e-10
1.967524023197589e-10
1.952150412125476e-10
1.936897913293872e-10
1.921763717035585e-10
1.906747903115879e-10
1.89185011196703e-10
1.877068449432959e-10
1.862401806916933e-10
1.847850214410966e-10
1.83341187172591e-10
1.819086681202075e-10
1.804873066369887e-10
1.790771187437457e-10
1.776779158815766e-10
1.762896174305352e-10
1.74912168104485e-10
1.735454529333477e-10
1.721894479590617e-10
1.70844034743255e-10
1.695091381847017e-10
1.681846180768799e-10
1.668705305398624e-10
1.655666741612743e-10
1.642730069244091e-10
1.62989436094705e-10
1.61715885076315e-10
1.604522548173117e-10
1.591985341900604e-10
1.57954602249283e-10
1.567203786827348e-10
1.554958377741201e-10
1.542808632583696e-10
1.530753368533489e-10
1.51879249933294e-10
1.506924905395483e-10
1.495150923844512e-10
1.483468361567547e-10
1.471876750805933e-10
1.460376008487042e-10
1.448964555993928e-10
1.437642441957119e-10
1.426408976109829e-10
1.415263219803473e-10
1.404204284637133e-10
1.39323256237656e-10
1.38234607844255e-10
1.371544394485025e-10
1.360827613643542e-10
1.35019414914984e-10
1.339644275229986e-10
1.329176414817662e-10
1.318790230548687e-10
1.308485227032732e-10
1.298260344147603e-10
1.288115821800803e-10
1.27805006319745e-10
1.268063480048203e-10
1.258155158659425e-10
1.248324234272524e-10
1.238570012122854e-10
1.228892116503417e-10
1.219290025482987e-10
1.209762788288644e-10
1.200309280483797e-10
1.19092999464079e-10
1.181624087202513e-10
1.17239108221547e-10
1.163229432246561e-10
1.154140322876355e-10
1.145121965200481e-10
1.136173675852459e-10
1.127295150620629e-10
1.118485853846601e-10
1.109746084687113e-10
1.101074513002241e-10
1.092470735341319e-10
1.08393319604401e-10
1.075462764173013e-10
1.067059161336245e-10
1.058721148531419e-10
1.050447931546998e-10
1.042239575192121e-10
1.034095134955084e-10
1.026014575068185e-10
1.017996770277954e-10
1.010041171279286e-10
1.002148060194372e-10
9.943169764609877e-11
9.865473228409568e-11
9.788375018507445e-11
9.711886788840782e-11
9.635990487048926e-11
9.560687219340228e-11
9.485972135923718e-11
9.411842033439478e-11
9.338293357344008e-11
9.26532085026658e-11
9.192918103178949e-11
9.121075118716979e-11
9.049790989368418e-11
8.979071230767422e-11
8.908899803416186e-11
8.839279832071531e-11
8.770202353737641e-11
8.70166858660195e-11
8.63366356053914e-11
8.566190895063174e-11
8.499249592310466e-11
8.432830046012729e-11
8.366924107457907e-11
8.301541142984938e-11
8.236664956590817e-11
8.172297457952216e-11
8.108433564429652e-11
8.045071359337201e-11
7.982200309682449e-11
7.919820321198026e-11
7.857925856560958e-11
7.796513932611408e-11
7.73558682454607e-11
7.675131772161565e-11
7.615149052423182e-11
7.55563277606699e-11
7.496581300821989e-11
7.437994580215163e-11
7.37986471998775e-11
7.322191748952031e-11
7.264970607756847e-11
7.208190658915825e-11
7.151859239744616e-11
7.095967054673992e-11
7.040509046033594e-11
6.985485937108231e-11
6.930889228369595e-11
6.876718964607128e-11
6.822977880712926e-11
6.769653004453597e-11
6.716745623704815e-11
6.664250540222365e-11
6.612166681186698e-11
6.560485316056129e-11
6.509209583500935e-11
6.458337997309384e-11
6.407855566017733e-11
6.357772461538279e-11
6.308084738030597e-11
6.258780312181685e-11
6.209863916001609e-11
6.161326595314326e-11
6.113173689333155e-11
6.065392271317083e-11
6.017982906925711e-11
5.970945193797372e-11
5.924278318070433e-11
5.877976035867791e-11
5.832029226522904e-11
5.786446770046535e-11
5.741219258827797e-11
5.69634681315812e-11
5.651823164434994e-11
5.607646671362627e-11
5.563820870108212e-11
5.520332565626773e-11
5.477183753318145e-11
5.43437374038015e-11
5.391896265936642e-11
5.349751310970982e-11
5.307934077333903e-11
5.266443476580209e-11
5.225281885779188e-11
5.184442587726535e-11
5.143916724926537e-11
5.103711879245884e-11
5.063817180034754e-11
5.024236029684009e-11
4.984964555963999e-11
4.94599661500485e-11
4.907331675780212e-11
4.868969995603872e-11
4.830912000263474e-11
4.793149665803288e-11
4.755685468051942e-11
4.718514491070856e-11
4.681629411673226e-11
4.645035011079824e-11
4.608728501292372e-11
4.572705886497903e-11
4.53696182505941e-11
4.501498034513387e-11
4.466303609809002e-11
4.431391949978792e-11
4.396753359937394e-11
4.362381913502476e-11
4.328281422615598e-11
4.294446584842104e-11
4.260877509912454e-11
4.227568204192346e-11
4.194523974695538e-11
4.161739020408521e-11
4.129208821921985e-11
4.09693337966742e-11
4.064902814978423e-11
4.033124186830477e-11
4.00160184420119e-11
3.970319888044948e-11
3.939279853557126e-11
3.908476924377302e-11
3.877924425856175e-11
3.847604737255183e-11
3.817526896937615e-11
3.787681079717448e-11
3.758067428108888e-11
3.728692086421692e-11
3.699546240560393e-11
3.670622314270627e-11
3.641925842400026e-11
3.613454243657051e-11
3.585205415088452e-11
3.557174627168761e-11
3.529364951220392e-11
3.501770802227959e-11
3.474390232095971e-11
3.44722316978773e-11
3.420269194029183e-11
3.393526999098986e-11
3.366993741521344e-11
3.340671242258652e-11
3.314551643729783e-11
3.288637160419623e-11
3.26292172854143e-11
3.23740992430839e-11
3.212099421819322e-11
3.186986400990718e-11
3.162068325768202e-11
3.137340831801523e-11
3.112807576906982e-11
3.088462841738094e-11
3.064316043831381e-11
3.040354535690851e-11
3.016581706245601e-11
2.99299431327424e-11
2.969588441193923e-11
2.946370188183152e-11
2.923329307698013e-11
2.900473751248776e-11
2.877795251019925e-11
2.855291141804042e-11
2.832959757238531e-11
2.810810749961782e-11
2.788831458182379e-11
2.767022681491034e-11
2.745382439433348e-11
2.723911890649686e-11
2.702615426561221e-11
2.681478503132628e-11
2.660507742889748e-11
2.63970198147331e-11
2.619053735926906e-11
2.598571648568247e-11
2.578250996542472e-11
2.558092581365529e-11
2.53808323307634e-11
2.518234895372882e-11
2.498540765771736e-11
2.478999321174837e-11
2.459610189711446e-11
2.440378898628646e-11
2.421290763979104e-11
2.402360139033325e-11
2.383563948099076e-11
2.364917980907952e-11
2.346417585285921e-11
2.328062453653485e-11
2.30985852043514e-11
2.291789143629004e-11
2.273866202395964e-11
2.256075661311087e-11
2.238428808891695e-11
2.220925024388463e-11
2.203558401393987e-11
2.186321438249572e-11
2.169215620018072e-11
2.152245905877876e-11
2.135412600017347e-11
2.118712524023446e-11
2.102138539861503e-11
2.085692271824613e-11
2.069376477026711e-11
2.053187061590119e-11
2.037126748838105e-11
2.021183985060306e-11
2.005373407835547e-11
1.989686107781544e-11
1.974122824589087e-11
1.958680007999936e-11
1.94335819127756e-11
1.928157449182747e-11
1.913076817898686e-11
1.898113421892894e-11
1.883262462679022e-11
1.868529207723303e-11
1.853911103615534e-11
1.839411465451601e-11
1.825017665317465e-11
1.810739293734253e-11
1.796574279013014e-11
1.7825188752355e-11
1.768577623467515e-11
1.754739179090147e-11
1.741010098668887e-11
1.727385068716819e-11
1.713867745144046e-11
1.700459110145476e-11
1.687153870689067e-11
1.673950661379892e-11
1.660855144171883e-11
1.647861331520462e-11
1.634965485957227e-11
1.62217406189457e-11
1.609479172731317e-11
1.596884857136044e-11
1.584393019864767e-11
1.571994477200569e-11
1.559696237554911e-11
1.547491022813047e-11
1.535380774163814e-11
1.523363489698127e-11
1.511442939452235e-11
1.49961248514607e-11
1.48787623776288e-11
1.4762321879372e-11
1.464676250083355e-11
1.453215296993501e-11
1.441842381076797e-11
1.430553689177946e-11
1.419355723216329e-11
1.408246240025933e-11
1.397224527498369e-11
1.386292300399776e-11
1.375437446141511e-11
1.364674521352139e-11
1.353991240083805e-11
1.343387118027124e-11
1.332874726250738e-11
1.322439061914358e-11
1.312084560637568e-11
1.30181112880907e-11
1.291624031701448e-11
1.281516432885307e-11
1.271484375112238e-11
1.261536670617505e-11
1.251663863387373e-11
1.241865802119599e-11
1.232138949788512e-11
1.222490850434778e-11
1.212916331038842e-11
1.203418202965698e-11
1.193998098189157e-11
1.184645030818674e-11
1.175370218654065e-11
1.166164393607533e-11
1.157039267964833e-11
1.147980150478708e-11
1.138992333686958e-11
1.130074836462101e-11
1.1212267409139e-11
1.112446013518318e-11
1.10373270076578e-11
1.095091721201509e-11
1.086517591508907e-11
1.078010589450266e-11
1.069567439625277e-11
1.061187792136811e-11
1.05288319207669e-11
1.044636928770968e-11
1.036452673568904e-11
1.028339956542342e-11
1.020291109957447e-11
1.012305702011479e-11
1.004376831511909e-11
9.965077086503243e-12
9.88701740320662e-12
9.809552617853963e-12
9.732696352241864e-12
9.65643777944516e-12
9.58079394713913e-12
9.505768413838848e-12
9.431268503993632e-12
9.357368190777185e-12
9.284062468180748e-12
9.211352461900526e-12
9.139184605608984e-12
9.067577206722837e-12
8.996559097882055e-12
8.926065388078058e-12
8.856165650874232e-12
8.786782812044766e-12
8.71795087482301e-12
8.649602216149296e-12
8.581826635569546e-12
8.514615005848107e-12
8.447852055344936e-12
8.381639844643987e-12
8.315941243906874e-12
8.250754496931795e-12
8.186086828552944e-12
8.121946202304427e-12
8.058255835832203e-12
7.995090286873333e-12
7.932428787401986e-12
7.870254680884363e-12
7.808576918522812e-12
7.747382826819933e-12
7.68665066187391e-12
7.626390666130567e-12
7.566597839216499e-12
7.507284483518959e-12
7.448448152599725e-12
7.39004362008278e-12
7.332093884640864e-12
7.274550728236511e-12
7.217500841300375e-12
7.160892771545962e-12
7.104682077199035e-12
7.049016598228267e-12
6.99373433817626e-12
6.938880153513503e-12
6.884449133856582e-12
6.830471191013749e-12
6.776922122202101e-12
6.723774548725496e-12
6.671056258168768e-12
6.618761658829439e-12
6.566814285553545e-12
6.515282102073752e-12
6.464133124490794e-12
6.413444377687859e-12
6.363118478796086e-12
6.313211117116083e-12
6.263726690506059e-12
6.214581394610575e-12
6.165802844546712e-12
6.117423771759187e-12
6.069415864009454e-12
6.021839617329229e-12
5.974573989501537e-12
5.927665561029563e-12
5.88114879110232e-12
5.834992410720107e-12
5.789227540937795e-12
5.74381582335933e-12
5.698722761983828e-12
5.654028870993093e-12
5.609657724415523e-12
5.565574897222969e-12
5.521904468573615e-12
5.478543173920398e-12
5.435565472828984e-12
5.392892159518306e-12
5.350553326855361e-12
5.30852528252682e-12
5.266873190616788e-12
5.225497710724696e-12
5.18448826195085e-12
5.14376717171358e-12
5.10340386504707e-12
5.063326688379551e-12
5.023553578829484e-12
4.984138555179798e-12
4.944988102451353e-12
4.906114960328976e-12
4.867550891976119e-12
4.829311148633315e-12
4.791349718666551e-12
4.753702197642806e-12
4.716366343011887e-12
4.679309534881125e-12
4.642527714918899e-12
4.60605071095167e-12
4.569820388872846e-12
4.533943729950449e-12
4.498349587215871e-12
4.462992079101289e-12
4.427915009884259e-12
4.393124914846838e-12
4.358588313809841e-12
4.324377908226322e-12
4.290406041847716e-12
4.25664882119444e-12
4.22319548484576e-12
4.190033490841882e-12
4.15709302859977e-12
4.124352692303435e-12
4.091930057668878e-12
4.059783084500788e-12
4.027862362852594e-12
3.996148653982013e-12
3.96473117675049e-12
3.933558842259053e-12
3.90262642645875e-12
3.871903898860737e-12
3.841387348812985e-12
3.811157773879013e-12
3.781187104374994e-12
3.751422118452498e-12
3.721935264992179e-12
3.692629212016951e-12
3.66358673151749e-12
3.634793702572467e-12
3.606184440144176e-12
3.577824992448622e-12
3.549667797725516e-12
3.521733120921515e-12
3.493984553697433e-12
3.466485340454373e-12
3.439253343980884e-12
3.412196206044454e-12
3.385418033463307e-12
3.358687058347743e-12
3.332280883175298e-12
3.30609117666486e-12
3.280050047814605e-12
3.254249267714076e-12
3.228634604513479e-12
3.20317989540885e-12
3.177922546342316e-12
3.152855035063281e-12
3.127987638461013e-12
3.103331660515979e-12
3.07890165525507e-12
3.054628188538014e-12
3.030581357455846e-12
3.006708546656191e-12
2.98300997899501e-12
2.95947956243225e-12
2.936158754870832e-12
2.912959717674603e-12
2.890002734669253e-12
2.867222845409324e-12
2.844577946558128e-12
2.822156930193775e-12
2.799883923981342e-12
2.777828915843862e-12
2.75591940397067e-12
2.7341787934201e-12
2.712617447959291e-12
2.691228218570168e-12
2.669993957868364e-12
2.648936248984741e-12
2.628022879481748e-12
2.60727407413606e-12
2.586680717287151e-12
2.566266043147407e-12
2.545991240774664e-12
2.525875279360823e-12
2.50596744806721e-12
2.486178602536502e-12
2.466558258068178e-12
2.447121914007686e-12
2.4278388701293e-12
2.40866837471742e-12
2.389613148430692e-12
2.370757232768639e-12
2.352018344983883e-12
2.333371228586576e-12
2.314947697837084e-12
2.296684883211077e-12
2.278528920084254e-12
2.260548402833476e-12
2.242648327015285e-12
2.224866150835791e-12
2.207265631103057e-12
2.189802280631215e-12
2.172538711331246e-12
2.155328906207262e-12
2.138361736215689e-12
2.121433284820363e-12
2.104676375697905e-12
2.088022109111891e-12
2.071513784221302e-12
2.055147242404e-12
2.038887776241152e-12
2.022800769446336e-12
2.006807291609273e-12
1.99093646132252e-12
1.975135234114112e-12
1.959501744103922e-12
1.943972802364811e-12
1.928587025010578e-12
1.913336492752672e-12
1.898203456043819e-12
1.883174813662091e-12
1.868263829411542e-12
1.853488187796193e-12
1.838825726972059e-12
1.824211687073827e-12
1.809763357497529e-12
1.795432751470745e-12
1.781235078435478e-12
1.767103573442208e-12
1.753082304145251e-12
1.739192272529593e-12
1.725393787562947e-12
1.711697373862663e-12
1.698129182814715e-12
1.684654247635527e-12
1.671301510872459e-12
1.658021333107147e-12
1.644916592166135e-12
1.631869238453935e-12
1.618963839486852e-12
1.606125296148317e-12
1.593374342490386e-12
1.580713643978379e-12
1.568171476279632e-12
1.555699739186468e-12
1.543338994017497e-12
1.531078326086294e-12
1.518899341929241e-12
1.506862809111769e-12
1.494876569037267e-12
1.48300593065544e-12
1.471205824731694e-12
1.459514430309764e-12
1.447898034190124e-12
1.436369345217672e-12
1.424939704586668e-12
1.413573374813899e-12
1.402360663458262e-12
1.391214809911602e-12
1.380109724809308e-12
1.369137916314865e-12
1.358190954159679e-12
1.347347722715475e-12
1.336648649896177e-12
1.326036522164562e-12
1.315442533631807e-12
1.305012095101266e-12
1.294640452145242e-12
1.284255243577741e-12
1.27404793533161e-12
1.263915686577899e-12
1.253842639260025e-12
1.243855319866616e-12
1.233897832576062e-12
1.224050246209979e-12
1.214281811935345e-12
1.204604453097879e-12
1.195010639770008e-12
1.185457067354513e-12
1.175977516252156e-12
1.166645077553874e-12
1.157338447483145e-12
1.148061282236096e-12
1.138890163476132e-12
1.12982315424368e-12
1.120840962236479e-12
1.111880424141022e-12
1.103003680694346e-12
1.094214910231514e-12
1.085454957610244e-12
1.076801538512699e-12
1.068167318104879e-12
1.059622785640003e-12
1.051095552644271e-12
1.042629150939001e-12
1.034255608562362e-12
1.025997468637581e-12
1.017799090786663e-12
1.009634973069411e-12
1.001569096248532e-12
9.935677709966659e-13
9.8562833352545e-13
9.777086909181602e-13
9.6989161353653e-13
9.621577728281023e-13
9.544080054988514e-13
9.467419094790253e-13
9.391217594176479e-13
9.316191860636352e-13
9.241319160440971e-13
9.166831253476696e-13
9.093096065113499e-13
9.01976285460396e-13
8.94706805528779e-13
8.875024860169157e-13
8.80317222233661e-13
8.732555181014524e-13
8.662268938300105e-13
8.592903129966673e-13
8.523348139775662e-13
8.454787000059576e-13
8.386865603829305e-13
8.319460523895258e-13
8.252346139555242e-13
8.185600731039372e-13
8.119612391242728e-13
8.053806752862745e-13
7.988245197964177e-13
7.923698089417213e-13
7.859965473898931e-13
7.795817268575651e-13
7.732768395520016e-13
7.670294762662606e-13
7.608412204255966e-13
7.546643284290417e-13
7.485780084490114e-13
7.424987819178828e-13
7.365138096885509e-13
7.305527473392359e-13
7.246117378487143e-13
7.187342269018e-13
7.129114657681678e-13
7.071150275631194e-13
7.014239420760398e-13
6.957399496947612e-13
6.901351249219111e-13
6.845648525365317e-13
6.790107305779764e-13
6.734949112058733e-13
6.680284796469093e-13
6.626110589606385e-13
6.572308891490131e-13
6.518925928954236e-13
6.465491052854834e-13
6.413134151505224e-13
6.361029635175175e-13
6.309200134077885e-13
6.257721000521627e-13
6.206926072406514e-13
6.156428968446684e-13
6.106243514390259e-13
6.056645349384767e-13
6.00705637577968e-13
5.957920665182034e-13
5.909217655410945e-13
5.860877790018174e-13
5.813164425576381e-13
5.76580203102324e-13
5.71867867214615e-13
5.67208989914918e-13
5.625946582089837e-13
5.579911519598519e-13
5.534204736966849e-13
5.48911257926148e-13
5.443900118667647e-13
5.399139767945193e-13
5.354652383002928e-13
5.311225271308912e-13
5.267856671913019e-13
5.22461189279599e-13
5.181374857160999e-13
5.138450661087426e-13
5.096143212605631e-13
5.053888360722988e-13
5.012082846528723e-13
4.970912281633991e-13
4.930020915876777e-13
4.889448873747937e-13
4.84895039757355e-13
4.808569573101138e-13
4.768686147721737e-13
4.729397415429905e-13
4.690125611963549e-13
4.651588464907394e-13
4.612780015913328e-13
4.574694075964712e-13
4.536745409359022e-13
4.499226373581491e-13
4.462462332201142e-13
4.425930866412695e-13
4.389157833205023e-13
4.352889063562875e-13
4.316420918709101e-13
4.280865805662489e-13
4.245215183983484e-13
4.210763323333732e-13
4.176320108288404e-13
4.141639433304063e-13
4.107273508355706e-13
4.073084739252552e-13
4.039444079798471e-13
4.005723272250622e-13
3.972527056590954e-13
3.939485841036084e-13
3.906641370182126e-13
3.873791153863299e-13
3.841582189970856e-13
3.809866222298063e-13
3.777934875628624e-13
3.746724528517604e-13
3.71553901074581e-13
3.684920723404706e-13
3.653982133875132e-13
3.623394796368064e-13
3.592765921896208e-13
3.562828955709219e-13
3.532818598203306e-13
3.50346290283565e-13
3.474361589716991e-13
3.445116794883204e-13
3.416186480562066e-13
3.387296586422403e-13
3.358659935681208e-13
3.33062563399366e-13
3.302660480784148e-13
3.274324308464835e-13
3.246644686699303e-13
3.219122376588741e-13
3.192545873505201e-13
3.165948298333966e-13
3.139084630020583e-13
3.112332214063951e-13
3.085847170363815e-13
3.059847046353113e-13
3.033755091813804e-13
3.007911234790335e-13
2.981970367036278e-13
2.956522357345698e-13
2.931343662444632e-13
2.905920813205293e-13
2.880993731459671e-13
2.85651034585938e-13
2.832344082185277e-13
2.808284711551673e-13
2.7845106159015e-13
2.760596825767174e-13
2.736836634489347e-13
2.713425144712526e-13
2.689940083123325e-13
2.666552582834746e-13
2.643694825429218e-13
2.620994223228157e-13
2.598607704791181e-13
2.57636958550949e-13
2.554045650751841e-13
2.531962762781274e-13
2.510162246434042e-13
2.488399209833403e-13
2.466896306474726e-13
2.445400784816505e-13
2.424451277246662e-13
2.40395651255957e-13
2.38353187340778e-13
2.363292634066515e-13
2.342863143919373e-13
2.322269785320538e-13
2.301451414024977e-13
2.281147491401283e-13
2.261653781181322e-13
2.242019733673765e-13
2.222678157424027e-13
2.203016194707947e-13
2.184077099729417e-13
2.165045448441721e-13
2.145835825278461e-13
2.127383124609559e-13
2.108715748823688e-13
2.090224817483859e-13
2.071852504086859e-13
2.053033067821959e-13
2.034405634143159e-13
2.016425048143931e-13
1.998764753488839e-13
1.981451669542251e-13
1.963839095414548e-13
1.94632139610516e-13
1.92949987426861e-13
1.912881246466751e-13
1.895894440120976e-13
1.878951596266314e-13
1.861836453206683e-13
1.844841664850266e-13
1.828083619062727e-13
1.811220120389281e-13
1.795779740034514e-13
1.780200048204399e-13
1.764196814618268e-13
1.748786460883995e-13
1.733283611757016e-13
1.717806525738419e-13
1.702239472938541e-13
1.686573680957444e-13
1.670964563211334e-13
1.655340387535333e-13
1.640574553749188e-13
1.625534830483158e-13
1.610005322387659e-13
1.595464863969486e-13
1.58108457226303e-13
1.566779414072152e-13
1.55205093422355e-13
1.538205984926513e-13
1.52415370796172e-13
1.509884606141786e-13
1.495531534060469e-13
1.481902695910119e-13
1.467889512241572e-13
1.454914024839934e-13
1.441167728031582e-13
1.428220836803666e-13
1.415236107137274e-13
1.402034365343899e-13
1.389400966425335e-13
1.376457811438599e-13
1.363374635346031e-13
1.351075401434868e-13
1.338928106809654e-13
1.326143620144947e-13
1.313938290824932e-13
1.301524087255693e-13
1.289050683207927e-13
1.27692796056641e-13
1.265056701289037e-13
1.253233678535121e-13
1.24172749018144e-13
1.230260197201235e-13
1.219081499762882e-13
1.208035430384691e-13
1.196470143828427e-13
1.18513293436532e-13
1.173947642137159e-13
1.163093595114381e-13
1.151581906408806e-13
1.140984840242007e-13
1.129780624701267e-13
1.119072666694143e-13
1.108641766412967e-13
1.098363736176071e-13
1.087888117323399e-13
1.076782761836399e-13
1.066434723415112e-13
1.056122989114832e-13
1.045825099345112e-13
1.035825960579352e-13
1.025450259994043e-13
1.015047169302964e-13
1.004896124076488e-13
9.952589029832013e-14
9.854417558667429e-14
9.758428129712417e-14
9.662029604268374e-14
9.568125564651604e-14
9.475756263346185e-14
9.382433199095276e-14
9.28765966178402e-14
9.19545689794661e-14
9.106026972110067e-14
9.01111274726667e-14
8.918230277975482e-14
8.826295223082702e-14
8.739509766125521e-14
8.653843640573142e-14
8.567025406532808e-14
8.475209910843268e-14
8.395472551305712e-14
8.308326951421697e-14
8.225305660342549e-14
8.14043796860978e-14
8.058424923354336e-14
7.976014705672163e-14
7.896182058842643e-14
7.815344623725094e-14
7.733908001533583e-14
7.655307220309704e-14
7.571164054460163e-14
7.497175137630469e-14
7.41851086468581e-14
7.342296750606347e-14
7.265574454783143e-14
7.189083541671877e-14
7.111915529631032e-14
7.036338384954275e-14
6.962134482423634e-14
6.885742236276625e-14
6.812426302145762e-14
6.740410621068134e-14
6.664986578809103e-14
6.592490546849796e-14
6.522408600457493e-14
6.451702405648122e-14
6.38503379511821e-14
6.3125995009427e-14
6.241098252775391e-14
6.178049076274973e-14
6.113750078241736e-14
6.050246728411453e-14
5.982663743054483e-14
5.918280992316033e-14
5.849413873299622e-14
5.787094790594813e-14
5.723122912579387e-14
5.655480633632486e-14
5.588176150557707e-14
5.524751401025225e-14
5.464145183369354e-14
5.399730206582038e-14
5.335661449940488e-14
5.271303889824031e-14
5.207576719352731e-14
5.138652501932935e-14
5.076643923470963e-14
5.015058038503681e-14
4.955415240269831e-14
4.895952702322719e-14
4.834950340214465e-14
4.774276579715965e-14
4.712278918864576e-14
4.654928577984181e-14
4.601898690561584e-14
4.542363325954869e-14
4.486230724526878e-14
4.430853721264099e-14
4.378631260766417e-14
4.322787108886758e-14
4.267795162933546e-14
4.215939737572443e-14
4.163761122678033e-14
4.113180337240818e-14
4.058640838491958e-14
4.009215175076882e-14
3.960843973355116e-14
3.914529122934446e-14
3.868047840009458e-14
3.817022054597474e-14
3.768463568122973e-14
3.719813881574391e-14
3.671187978159046e-14
3.623061476063265e-14
3.577466003105539e-14
3.533803524233964e-14
3.485190699861357e-14
3.439270863835682e-14
3.393060724890566e-14
3.349546970143433e-14
3.306545473905356e-14
3.257605900950617e-14
3.211740147390634e-14
3.170525809859138e-14
3.128623299791207e-14
3.082781026280057e-14
3.0417352713651e-14
3.003264451380669e-14
2.961457051936589e-14
2.912975922362071e-14
2.869758927684975e-14
2.824300945479254e-14
2.779526467838965e-14
2.740530024365955e-14
2.702582361863281e-14
2.665567279329985e-14
2.625360123670427e-14
2.581748628977847e-14
2.537887602623907e-14
2.497606016984039e-14
2.458355695978513e-14
2.420747099636846e-14
2.383776613442481e-14
2.345677577820007e-14
2.30912267194136e-14
2.270846024608656e-14
2.232145729400382e-14
2.193498796669346e-14
2.158000136705659e-14
2.119971898871679e-14
2.087807878107264e-14
2.057331153037589e-14
2.022691905854549e-14
1.986746591602319e-14
1.954455746207254e-14
1.919170691579132e-14
1.883842371603498e-14
1.850731584062923e-14
1.818490713301871e-14
1.787339564739079e-14
1.754960764399897e-14
1.718782772532146e-14
1.685082147411241e-14
1.648727630685733e-14
1.611666465037588e-14
1.571506919054305e-14
1.539845541107049e-14
1.508695030149821e-14
1.476624062369383e-14
1.446222971353419e-14
1.412238124159295e-14
1.380865505185771e-14
1.354144910738133e-14
1.328879967296205e-14
1.295441485306551e-14
1.26661732185979e-14
1.240891253401839e-14
1.211085828575168e-14
1.185277301424988e-14
1.156143297955546e-14
1.12518287278224e-14
1.093836746888434e-14
1.066371782576817e-14
1.041001961217268e-14
1.014931684711663e-14
9.917229566185574e-15
9.637572193628562e-15
9.37780125250724e-15
9.138555176371895e-15
8.856508602517653e-15
8.522474216498765e-15
8.274629571082046e-15
8.019147292087369e-15
7.824274343863619e-15
7.576251872691204e-15
7.333212051650882e-15
7.09408916116978e-15
6.829835990268917e-15
6.56351863462879e-15
6.357133129399448e-15
6.139265474258949e-15
5.897338781634694e-15
5.651546734775347e-15
5.458968106448051e-15
5.245430646323965e-15
5.025642874257078e-15
4.784557165163877e-15
4.548595810136853e-15
4.320508498417305e-15
4.102724012829371e-15
3.889814805223869e-15
3.640614611020326e-15
3.418827360931116e-15
3.163453305810519e-15
2.913752728227491e-15
2.746279128093311e-15
2.600846661018383e-15
2.462883190720507e-15
2.284680511679515e-15
2.07678075486547e-15
1.827540311078412e-15
1.578152376676491e-15
1.361331894021794e-15
1.171385469114238e-15
1.007965603870295e-15
8.195595419109119e-16
6.892353544903691e-16
5.28627547642055e-16
3.390541127675059e-16
1.838987535604721e-16
0
