0.02
37891694.20449459
25185275.70511643
16833228.14450482
11123486.70357642
7289333.620924303
4749119.372231258
3081318.955067393
1992709.276132504
1284809.860479224
825605.4201181611
528248.399868855
335985.5077067524
211872.364458691
131906.9660916436
80503.91185771217
47529.70068255127
26350.28389393548
12440.84038308123
-nan
-nan
-nan
-nan
-nan
-nan
-nan
476.8421004860198
973.2638570572349
1059.057261182514
1021.470760316623
933.4527885583333
827.1277789474743
718.4477118055055
615.4216668554375
521.7984400424017
438.9673601489885
367.0150407320184
305.3353909207668
252.987023195193
208.9021242390021
172.0060428341862
141.2826850919898
115.807029414091
94.75790757767074
77.41922675396822
63.17472390127423
51.4994077800709
41.94961877779117
34.1528590885911
27.79805271133302
22.62658399502281
18.42427010974288
15.0143051520847
12.25114464406627
10.01526144354234
8.208686177307698
6.751239886447253
5.577368942045008
4.633499461138724
3.875838410542277
3.268559630913935
2.782323248728691
2.393084192427595
2.081148078116521
1.830430810362782
1.627875035216719
1.462977035804254
1.327385098058956
1.214543666989528
1.119371892466602
1.037975460549463
0.9673949200787548
0.9053932162728345
0.8502823796777548
0.8007864498948268
0.7559358219264637
0.7149874674043456
0.6773656263139198
0.6426182081345054
0.6103849766812602
0.5803744264788419
0.5523469928571071
0.5261028394238099
0.5014729364974623
0.4783124996339034
0.4564961203830207
0.4359141128408308
0.4164697372830803
0.3980770604247053
0.380659281543416
0.3641474029481237
0.3484791579873256
0.3335981342467659
0.3194530468221648
0.3059971287265706
0.2931876141187325
0.2809852961829831
0.2693541458947056
0.258260981088404
0.2476751775679457
0.2375684157137795
0.2279144573242059
0.2186889484008533
0.209869244337449
0.2014342545565051
0.1933643041031776
0.1856410100795734
0.1782471711078581
0.1711666682625596
0.1643843761227063
0.1578860827714979
0.1516584177217042
0.1456887868734235
0.1399653137212804
0.1344767861235358
0.1292126080281808
0.1241627556229583
0.1193177374388231
0.1146685579911633
0.1102066845908803
0.1059240169995051
0.1018128596393715
0.09786589610224851
0.09407616572844689
0.09043704205349633
0.08694221294170783
0.08358566224553902
0.08036165284694616
0.07726471095231291
0.07428961152602165
0.07143136475982671
0.06868520348581039
0.0660465714502186
0.0635111123738267
0.06107465973204504
0.05873322719456047
0.05648299967030929
0.05432032490883662
0.05224170561380236
0.05024379202867532
0.04832337495835105
0.04647737919386743
0.04470285731037409
0.04299698381123369
0.04135704959357277
0.03978045671277038
0.03826471342532967
0.0368074294913685
0.03540631171952405
0.03405915973852125
0.0327638619809414
0.03151839186589351
0.0303208041683589
0.02916923156391971
0.02806188133846404
0.02699703225325008
0.02597303155640069
0.02498829213259492
0.0240412897832668
0.02313056063020481
0.0222546986359047
0.02141235323450714
0.02060222706754097
0.01982307381909039
0.01907369614533767
0.01835294369376055
0.0176597112075516
0.01699293671110646
0.01635159977265956
0.01573471984040126
0.015141354648602
0.01457059869047609
0.0140215817547058
0.01349346752270479
0.01298545222387101
0.0124967633462166
0.01202665839990643
0.0115744237313625
0.01113937338571435
0.01072084801548185
0.01031821383349152
0.009930861608117009
0.009558205699035139
0.009199683131769783
0.008854752709381852
0.008522894159741584
0.008203607316888455
0.007896411335057928
0.007600843934015097
0.007316460674400178
0.007042834261847289
0.006779553878693485
0.006526224542148057
0.006282466487841872
0.006047914577721449
0.005822217731301944
0.0056050383793308
0.005396051938956778
0.005194946309539905
0.005001421388268756
0.004815188604792842
0.004635970474107217
0.004463500166959265
0.004297521097079829
0.004137786524565749
0.00398405917477372
0.00383611087210781
0.003693722188109341
0.00355668210328375
0.003424787682119893
0.003297843760780107
0.003175662646961307
0.003058063831446562
0.002944873710886464
0.002835925321368229
0.002731058082348312
0.002630117550540731
0.002532955183370323
0.002439428111615884
0.002349398920881993
0.002262735441553985
0.002179310546904069
0.002099001959028597
0.002021692062311251
0.001947267724116737
0.001875620122433441
0.001806644580192867
0.00174024040600541
0.001676310741062416
0.001614762411963073
0.001555505789236502
0.00149845465133554
0.001443526053890394
0.00139064020401613
0.001339720339478379
0.001290692612527205
0.001243485978217938
0.001198032087044918
0.001154265181719318
0.001112121997931193
0.001071541668940203
0.001032465633846281
0.0009948375493979689
0.0009586032052002288
0.0009237104421904679
0.0008901090742555659
0.0008577508128680572
0.0008265891946248224
0.0007965795115751174
0.0007676787442303098
0.0007398454971510547
0.0007130399370123189
0.0006872237330501585
0.0006623599997978319
0.0006384132420229893
0.0006153493017804642
0.0005931353074988199
0.0005717396250219916
0.0005511318105305964
0.0005312825652697936
0.0005121636920141911
0.0004937480532026601
0.0004760095306782669
0.0004589229869714355
0.0004424642280669132
0.000426609967596845
0.0004113377924054101
0.0003966261294314365
0.0003824542138587679
0.0003688020584849742
0.0003556504242618163
0.0003429807919618843
0.0003307753349282648
0.0003190168928654793
0.0003076889466314304
0.0002967755939917707
0.0002862615262999976
0.0002761320060670502
0.0002663728453866788
0.0002569703851834358
0.0002479114752515393
0.000239183455054397
0.0002307741352555566
0.0002226717799527159
0.0002148650895880814
0.0002073431845088832
0.0002000955891532405
0.0001931122168372592
0.0001863833551203372
0.0001798996517266448
0.0001736521010011259
0.000167632030879994
0.0001618310903555217
0.000156241237416615
0.000150854727446971
0.0001456641020628487
0.0001406621783741726
0.0001358420386525662
0.0001311970203908608
0.0001267207067391952
0.0001224069173030061
0.0001182496992897925
0.0001142433189906337
0.0001103822535843117
0.0001066611832514805
0.0001030749835871861
9.961871830043868e-05
9.628763218996549e-05
9.30771443857558e-05
8.998284184596332e-05
8.700047310018739e-05
8.412594222930135e-05
8.135530307301892e-05
7.868475365679135e-05
7.611063082952204e-05
7.362940510445765e-05
7.123767569547641e-05
6.893216574134934e-05
6.67097177110648e-05
6.456728898339941e-05
6.250194759424809e-05
6.051086814536788e-05
5.859132786834834e-05
5.674070283856413e-05
5.495646433256929e-05
5.323617532472341e-05
5.157748711663239e-05
4.997813609540545e-05
4.843594061536441e-05
4.694879799871821e-05
4.551468165071221e-05
4.413163828496786e-05
4.279778525484759e-05
4.151130798674846e-05
4.027045751153746e-05
3.907354809034325e-05
3.791895493113567e-05
3.68051119924487e-05
3.573050987112438e-05
3.469369377055783e-05
3.369326154639171e-05
3.272786182666536e-05
3.179619220351322e-05
3.089699749317922e-05
3.002906806228242e-05
2.919123821673963e-05
2.838238465193911e-05
2.760142496047119e-05
2.684731619577367e-05
2.611905348941569e-05
2.541566871916826e-05
2.473622922617733e-05
2.40798365792999e-05
2.344562538414007e-05
2.283276213500112e-05
2.22404441084308e-05
2.16678982955853e-05
2.111438037285027e-05
2.057917370810341e-05
2.00615884017084e-05
1.956096036062451e-05
1.907665040383048e-05
1.860804339840411e-05
1.815454742434289e-05
1.771559296734604e-05
1.729063213835412e-05
1.687913791821624e-05
1.648060342738175e-05
1.609454121888654e-05
1.572048259415626e-05
1.535797694050026e-05
1.500659108970446e-05
1.466590869671372e-05
1.433552963800856e-05
1.401506942861463e-05
1.370415865765943e-05
1.340244244113775e-05
1.310957989209888e-05
1.282524360721365e-05
1.254911916936334e-05
1.228090466594199e-05
1.202031022221894e-05
1.176705754939132e-05
1.152087950698055e-05
1.128151967934246e-05
1.10487319655246e-05
1.082228018261359e-05
1.060193768169886e-05
1.038748697663466e-05
1.017871938520575e-05
9.975434682015538e-06
9.777440763134869e-06
9.584553322217445e-06
9.39659553774111e-06
9.21339777111998e-06
9.034797275245706e-06
8.860637913458481e-06
8.690769888623959e-06
8.525049481841254e-06
8.363338800888314e-06
8.205505537676643e-06
8.051422735043635e-06
7.900968562091425e-06
7.754026098092263e-06
7.610483124816039e-06
7.470231926838832e-06
7.333169099459936e-06
7.199195364418634e-06
7.068215393105265e-06
6.940137636411064e-06
6.814874161668572e-06
6.692340496562761e-06
6.572455478929481e-06
6.455141113193057e-06
6.340322432559177e-06
6.22792736706877e-06
6.117886617382087e-06
6.010133533754079e-06
5.904604000266561e-06
5.801236324085003e-06
5.699971129466205e-06
5.60075125653233e-06
5.503521664205363e-06
5.408229337782102e-06
5.314823200488936e-06
5.223254028691955e-06
5.133474371267832e-06
5.045438472406199e-06
4.959102198024792e-06
4.874422965399726e-06
4.79135967595995e-06
4.709872651323608e-06
4.629923572006841e-06
4.551475419171708e-06
4.474492418883515e-06
4.398939989107226e-06
4.32478468887747e-06
4.251994170124413e-06
4.180537131435849e-06
4.110383274209171e-06
4.041503260748796e-06
3.973868674143957e-06
3.907451980286979e-06
3.842226491552841e-06
3.778166331934799e-06
3.715246404232659e-06
3.653442358402676e-06
3.592730561486736e-06
3.533088069149733e-06
3.474492598060719e-06
3.416922500061518e-06
3.360356737128306e-06
3.304774857870583e-06
3.250156974835752e-06
3.196483742833294e-06
3.143736338392293e-06
3.091896440284814e-06
3.040946210613405e-06
2.990868276986739e-06
2.941645715346124e-06
2.89326203394739e-06
2.845701157494362e-06
2.798947412393046e-06
2.7529855125586e-06
2.707800545948171e-06
2.663377961479886e-06
2.619703556750945e-06
2.576763466015494e-06
2.534544149166464e-06
2.493032380649621e-06
2.452215239208047e-06
2.41208009808691e-06
2.37261461542393e-06
2.333806725217017e-06
2.295644628580189e-06
2.258116785671093e-06
2.2212119073112e-06
2.184918947756674e-06
2.149227097150799e-06
2.114125774525498e-06
2.079604621069879e-06
2.045653493797314e-06
2.012262459161319e-06
1.979421787199381e-06
1.947121945872376e-06
1.91535359542665e-06
1.884107583246784e-06
1.853374938710565e-06
1.823146868302423e-06
1.793414750962174e-06
1.764170133554706e-06
1.735404726469805e-06
1.707110399490519e-06
1.679279177764021e-06
1.651903237738772e-06
1.624974903765191e-06
1.598486644053866e-06
1.57243106750678e-06
1.546800920135505e-06
1.521589081995632e-06
1.496788563810253e-06
1.472392504105481e-06
1.448394166354593e-06
1.424786935739234e-06
1.401564316831078e-06
1.378719930722052e-06
1.356247512431996e-06
1.334140908531061e-06
1.312394074533881e-06
1.291001072763699e-06
1.269956069875314e-06
1.249253334862626e-06
1.228887236740686e-06
1.208852242529673e-06
1.189142915135571e-06
1.169753911633644e-06
1.150679981094487e-06
1.131915962928543e-06
1.113456784972815e-06
1.095297461711852e-06
1.077433092698749e-06
1.059858860774681e-06
1.042570030515813e-06
1.025561946634359e-06
1.00883003238993e-06
9.923697882613041e-07
9.761767903400201e-07
9.602466887835015e-07
9.445752068198047e-07
9.291581390306624e-07
9.139913501458143e-07
8.990707738556768e-07
8.843924114319013e-07
8.699523304700843e-07
8.557466638049277e-07
8.417716082554791e-07
8.280234234101196e-07
8.144984307855293e-07
8.011930124365141e-07
7.881036098770777e-07
7.752267232825122e-07
7.625589102460756e-07
7.500967848260539e-07
7.37837016594257e-07
7.25776329598901e-07
7.139115015365919e-07
7.02239362711246e-07
6.90756795236241e-07
6.794607320606592e-07
6.683481560816833e-07
6.574160994229722e-07
6.466616424107431e-07
6.360819129428526e-07
6.256740855288244e-07
6.15435380581245e-07
6.053630637140326e-07
5.954544448103582e-07
5.857068773984779e-07
5.761177579452264e-07
5.666845250071733e-07
5.574046587164345e-07
5.482756798733052e-07
5.392951494918424e-07
5.304606678899255e-07
5.217698743170376e-07
5.132204460555583e-07
5.048100979766541e-07
4.965365818147843e-07
4.883976856564047e-07
4.803912331788197e-07
4.725150832346529e-07
4.647671292302159e-07
4.571452985523462e-07
4.496475518909047e-07
4.42271882925354e-07
4.350163176598979e-07
4.278789138156567e-07
4.208577604916956e-07
4.13950977582489e-07
4.071567151905051e-07
4.004731532734403e-07
3.938985010804078e-07
3.8743099662907e-07
3.810689063565484e-07
3.748105246321738e-07
3.686541732195222e-07
3.625982009848714e-07
3.566409832263582e-07
3.507809215824771e-07
3.450164432049427e-07
3.393460006861057e-07
3.337680714890579e-07
3.282811575969668e-07
3.228837850541918e-07
3.175745036984298e-07
3.12351886600826e-07
3.072145298999154e-07
3.021610522489581e-07
2.971900945327731e-07
2.923003195543127e-07
2.874904116139438e-07
2.827590762024915e-07
2.781050395613094e-07
2.73527048564828e-07
2.690238701954814e-07
2.645942912558017e-07
2.602371181018978e-07
2.559511763098291e-07
2.517353103556758e-07
2.475883833577347e-07
2.435092766485907e-07
2.394968897169082e-07
2.355501396704749e-07
2.31667961090628e-07
2.278493057151554e-07
2.240931421240143e-07
2.203984556034548e-07
2.1676424770901e-07
2.131895361428059e-07
2.096733543998989e-07
2.062147515456673e-07
2.028127920034421e-07
1.994665552670445e-07
1.961751356758131e-07
1.929376421661478e-07
1.897531980354464e-07
1.866209407298977e-07
1.835400215955121e-07
1.805096057110603e-07
1.775288715379091e-07
1.745970108774035e-07
1.717132285649389e-07
1.688767421726406e-07
1.660867820326099e-07
1.633425907531345e-07
1.606434233774271e-07
1.579885467788715e-07
1.553772397854224e-07
1.528087928185619e-07
1.50282507817616e-07
1.477976978955048e-07
1.453536873572651e-07
1.429498114145508e-07
1.405854160141412e-07
1.382598576181406e-07
1.359725031774534e-07
1.337227297813191e-07
1.315099246982217e-07
1.293334850566964e-07
1.271928177567337e-07
1.250873392857714e-07
1.230164754738781e-07
1.209796616208385e-07
1.18976342033786e-07
1.170059700189242e-07
1.150680078049156e-07
1.131619262785154e-07
1.112872048822921e-07
1.094433315345115e-07
1.076298024413835e-07
1.058461218989718e-07
1.040918023644856e-07
1.023663640057732e-07
1.006693349356666e-07
9.900025088029266e-08
9.735865505045227e-08
9.574409806399031e-08
9.415613783756512e-08
9.259433953484944e-08
9.105827521571127e-08
8.954752400854371e-08
8.806167181059044e-08
8.660031131033402e-08
8.516304165699548e-08
8.374946867558858e-08
8.235920451080157e-08
8.099186759932434e-08
7.964708261407815e-08
7.83244802257891e-08
7.702369720964776e-08
7.574437618700117e-08
7.448616559883644e-08
7.324871965419767e-08
7.203169808460984e-08
7.083476621216574e-08
6.96575948005891e-08
6.8499859905878e-08
6.736124295670771e-08
6.624143051233394e-08
6.514011420023773e-08
6.405699068428392e-08
6.299176152879518e-08
6.194413326777588e-08
6.091381706255101e-08
5.990052890980771e-08
5.890398932528142e-08
5.792392349079092e-08
5.696006092457825e-08
5.601213566308705e-08
5.507988601656734e-08
5.416305447622653e-08
5.326138791617335e-08
5.237463725137516e-08
5.150255741893217e-08
5.064490742305963e-08
4.980145013709907e-08
4.89719523277824e-08
4.815618458142099e-08
4.735392114938711e-08
4.656494000840085e-08
4.578902281510664e-08
4.502595471161878e-08
4.427552441123843e-08
4.353752400679192e-08
4.281174903966011e-08
4.209799833079129e-08
4.139607404800031e-08
4.070578161648154e-08
4.002692951108378e-08
3.935932947157927e-08
3.870279620641319e-08
3.805714752262586e-08
3.742220419009785e-08
3.679778985481759e-08
3.618373111850193e-08
3.557985741240771e-08
3.498600088912903e-08
3.440199652955373e-08
3.382768195521514e-08
3.326289746526005e-08
3.270748596269869e-08
3.216129295901022e-08
3.162416638839155e-08
3.109595682110054e-08
3.057651717516474e-08
3.006570280491052e-08
2.956337143749112e-08
2.906938307895114e-08
2.858360010394789e-08
2.81058871209716e-08
2.763611095759885e-08
2.717414058242402e-08
2.671984711827521e-08
2.627310383551347e-08
2.583378607943694e-08
2.540177121033883e-08
2.497693868277883e-08
2.455916978249724e-08
2.414834777988033e-08
2.374435799426289e-08
2.334708748946123e-08
2.295642524007008e-08
2.257226203163331e-08
2.219449043398468e-08
2.182300476339899e-08
2.145770107689146e-08
2.109847716303465e-08
2.074523250687015e-08
2.039786818618246e-08
2.005628694724956e-08
1.972039312761351e-08
1.939009258088467e-08
1.906529278975305e-08
1.874590271676868e-08
1.843183283251381e-08
1.812299507772679e-08
1.781930279094242e-08
1.75206708276796e-08
1.72270153763569e-08
1.693825399388595e-08
1.665430567695123e-08
1.63750906659658e-08
1.610053057832347e-08
1.583054821590819e-08
1.556506777994366e-08
1.530401466010711e-08
1.504731545719531e-08
1.479489803676609e-08
1.454669135280772e-08
1.430262566020295e-08
1.406263224229915e-08
1.382664360082115e-08
1.35945932861854e-08
1.33664160238334e-08
1.3142047496771e-08
1.292142451976328e-08
1.270448497357424e-08
1.249116773954559e-08
1.228141268735615e-08
1.207516071605388e-08
1.18723536001239e-08
1.167293422202884e-08
1.147684627709466e-08
1.128403446524056e-08
1.109444440741403e-08
1.09080225401496e-08
1.072471625206065e-08
1.054447376214509e-08
1.036724420916385e-08
1.019297747747375e-08
1.002162433861573e-08
9.853136379803953e-09
9.687465986789364e-09
9.524566334287129e-09
9.364391312401839e-09
9.206895630322273e-09
9.052034739849441e-09
8.899764817810886e-09
8.750042767596559e-09
8.602826151455033e-09
8.458073373682915e-09
8.315743368086167e-09
8.17579586510582e-09
8.038191206144473e-09
7.902890367621617e-09
7.769855024112194e-09
7.639047451032728e-09
7.510430570514418e-09
7.383967911098504e-09
7.259623581343039e-09
7.137362283972863e-09
7.017149327420663e-09
6.898950627207925e-09
6.782732566338301e-09
6.668462183618612e-09
6.556107000651707e-09
6.445635131668052e-09
6.337015192391347e-09
6.230216279764602e-09
6.125208045040409e-09
6.021960604778237e-09
5.920444632137008e-09
5.820631244936166e-09
5.722492063355664e-09
5.625999135443244e-09
5.531125021068468e-09
5.437842665589275e-09
5.346125571092742e-09
5.25594763996634e-09
5.167283102536035e-09
5.080106748578229e-09
4.994393712959219e-09
4.910119585581077e-09
4.827260349365748e-09
4.745792404662562e-09
4.665692455541337e-09
4.586937685050849e-09
4.509505618288381e-09
4.433374180006302e-09
4.358521655176437e-09
4.284926631729939e-09
4.212568118821872e-09
4.141425501006734e-09
4.071478371060643e-09
4.002706815131126e-09
3.935091150470715e-09
3.86861204365106e-09
3.803250503557949e-09
3.738987851700078e-09
3.675805735548035e-09
3.613686059019369e-09
3.552611040287746e-09
3.492563242252447e-09
3.433525432715913e-09
3.375480757445247e-09
3.318412532746791e-09
3.26230444590324e-09
3.207140477212895e-09
3.152904781981644e-09
3.09958186047442e-09
3.047156388330701e-09
2.995613345857005e-09
2.944937967885219e-09
2.895115726181767e-09
2.84613232376211e-09
2.797973737510267e-09
2.750626155512483e-09
2.704075944034248e-09
2.6583097668478e-09
2.613314502510933e-09
2.569077228915557e-09
2.52558524921369e-09
2.482825980386577e-09
2.440787261747673e-09
2.399457011567582e-09
2.35882330156193e-09
2.318874437867738e-09
2.279598978691707e-09
2.2409855918533e-09
2.2030231825379e-09
2.165700848672878e-09
2.129007908382836e-09
2.092933707087265e-09
2.057467887298189e-09
2.022600264229309e-09
1.988320802509031e-09
1.954619611994795e-09
1.921486975682834e-09
1.888913360894205e-09
1.856889414782306e-09
1.825405880193117e-09
1.794453709967892e-09
1.7640239330557e-09
1.734107802293223e-09
1.704696683986782e-09
1.675782073919661e-09
1.647355682633227e-09
1.619409323594052e-09
1.591934845405577e-09
1.564924364704655e-09
1.538370081650941e-09
1.512264346618598e-09
1.48659962007714e-09
1.461368454527781e-09
1.436563536845449e-09
1.412177814974573e-09
1.388204164682099e-09
1.364635643720879e-09
1.341465469843747e-09
1.318686935535626e-09
1.296293457992514e-09
1.274278550134994e-09
1.252635858435847e-09
1.23135905530481e-09
1.210442058894012e-09
1.189878793597873e-09
1.169663332989125e-09
1.149789747446106e-09
1.130252357186777e-09
1.111045502375848e-09
1.09216357695455e-09
1.073601095657942e-09
1.055352685281343e-09
1.037413102584793e-09
1.019777151499536e-09
1.002439715684692e-09
9.853957105282583e-10
9.686402170279717e-10
9.521683562317218e-10
9.359754078442217e-10
9.200566211665549e-10
9.044073883487124e-10
8.890231936492899e-10
8.738995774687155e-10
8.590320767766066e-10
8.44416388549293e-10
8.300483326414333e-10
8.159237058801747e-10
8.020383867597411e-10
7.883883418002756e-10
7.749696077212253e-10
7.617782841011604e-10
7.488105068127769e-10
7.360625710823584e-10
7.235306897113952e-10
7.112112521630706e-10
6.991006761011133e-10
6.871954522365914e-10
6.754921239116426e-10
6.639872251853124e-10
6.526774478710729e-10
6.415595050660409e-10
6.306300987725637e-10
6.198861242709718e-10
6.093244377546731e-10
5.989419223546837e-10
5.887355818113641e-10
5.787024268618508e-10
5.688395219759623e-10
5.591440014655032e-10
5.496130199273218e-10
5.402438307229227e-10
5.310337107907531e-10
5.219799652881866e-10
5.130798948531999e-10
5.043309415682985e-10
4.957305804027568e-10
4.872762517115445e-10
4.789654847229381e-10
4.707958994447843e-10
4.627650875358439e-10
4.548706679569084e-10
4.471103663734559e-10
4.394819151244809e-10
4.319831103386587e-10
4.246117188356549e-10
4.173655766011659e-10
4.102426322071332e-10
4.032407005235016e-10
3.963577970962367e-10
3.895918707516314e-10
3.829410153259525e-10
3.764032147678463e-10
3.699765890674109e-10
3.636592239639799e-10
3.574493173360771e-10
3.513449871543562e-10
3.453444844225611e-10
3.394460390778862e-10
3.336479229051406e-10
3.279484277190964e-10
3.223459336814332e-10
3.168387582704982e-10
3.114252926667991e-10
3.061039469520041e-10
3.00873144006568e-10
2.957313811495648e-10
2.906771264677728e-10
2.857089220809409e-10
2.808252715161471e-10
2.760247844611752e-10
2.713060227560599e-10
2.666676234248865e-10
2.621081979646042e-10
2.576263975388281e-10
2.532209478912693e-10
2.488905238907108e-10
2.44633873315834e-10
2.404497267597504e-10
2.363368444646599e-10
2.322940450094002e-10
2.283201441676474e-10
2.244139523450095e-10
2.205743265820339e-10
2.16800109543602e-10
2.13090240947979e-10
2.094436256152073e-10
2.058591801562273e-10
2.023357813930017e-10
1.988724780385676e-10
1.95468232447907e-10
1.921220191946349e-10
1.888328808088235e-10
1.855998254952822e-10
1.824218865923137e-10
1.792981924939009e-10
1.762277387986644e-10
1.732096763790293e-10
1.702431283750802e-10
1.673272020314897e-10
1.644609716882442e-10
1.616436605833372e-10
1.588744461770207e-10
1.561524696154651e-10
1.534769506847409e-10
1.508471000394403e-10
1.482621369423891e-10
1.457213418679082e-10
1.432238978281008e-10
1.407690567335962e-10
1.383561568062122e-10
1.359844398215823e-10
1.33653235859729e-10
1.313618652213242e-10
1.291096244282213e-10
1.268958450588122e-10
1.24719864758384e-10
1.225810505929291e-10
1.204787881064922e-10
1.184124267167989e-10
1.163813899088526e-10
1.14385050543366e-10
1.124228413887658e-10
1.104941930188905e-10
1.08598461589843e-10
1.067351742875605e-10
1.049037177459487e-10
1.031035726523878e-10
1.013341922097941e-10
9.95950718580569e-11
9.788564950195177e-11
9.620548634442464e-11
9.455404617312099e-11
9.293087016217832e-11
9.133545228752205e-11
8.976734004737613e-11
8.822602282326079e-11
8.671107361818314e-11
8.522203908096803e-11
8.375847303524881e-11
8.23199677062174e-11
8.090602803929718e-11
7.951628715465918e-11
7.815036599401488e-11
7.680779500506879e-11
7.548825088781731e-11
7.419126653268228e-11
7.291646329259592e-11
7.166351137673269e-11
7.043200062226664e-11
6.922156142250159e-11
6.803188993513775e-11
6.686257692322621e-11
6.571328628685201e-11
6.458367328585949e-11
6.347340496324642e-11
6.238214658304272e-11
6.130959843139145e-11
6.025541541995346e-11
5.921928845597996e-11
5.820089833992649e-11
5.719996644997872e-11
5.621616334276515e-11
5.524924566553038e-11
5.429891886319235e-11
5.336484498692956e-11
5.244680301760483e-11
5.154449114425332e-11
5.065764440736272e-11
4.978601871017434e-11
4.89293612884148e-11
4.808732241338476e-11
4.725977110038576e-11
4.644640823381345e-11
4.564697346164479e-11
4.486126760836111e-11
4.408901357650934e-11
4.333001538004731e-11
4.258402872938004e-11
4.185086495456883e-11
4.113026630667254e-11
4.042203649876467e-11
3.972593982189237e-11
3.904183452939643e-11
3.836943003347442e-11
3.770858582958075e-11
3.705908115590453e-11
3.642073248738305e-11
3.579332888379349e-11
3.517665520749933e-11
3.457058547499263e-11
3.397492631589334e-11
3.338948341297957e-11
3.281413425592136e-11
3.224865039894475e-11
3.169289307812092e-11
3.114664749222409e-11
3.060979315042848e-11
3.008217288604536e-11
2.956362178310271e-11
2.905398726925576e-11
2.855306594158681e-11
2.806075350013517e-11
2.757693258629157e-11
2.710140397160096e-11
2.663403920824264e-11
2.617469767288822e-11
2.572327404510059e-11
2.527957951241309e-11
2.48434967650301e-11
2.441493546417974e-11
2.399376871413195e-11
2.357984498301985e-11
2.317304917945471e-11
2.277323749795761e-11
2.238027591540542e-11
2.199410212026692e-11
2.161454447061707e-11
2.124153581166414e-11
2.087491882311103e-11
2.051461757265013e-11
2.01604764555846e-11
1.981247763088394e-11
1.947043974039313e-11
1.913426144482718e-11
1.880389181439678e-11
1.847919941133309e-11
1.816009804253173e-11
1.784649569721454e-11
1.753831157956626e-11
1.723540934102715e-11
1.693768656312325e-11
1.664510380264738e-11
1.635760051960928e-11
1.607501910509635e-11
1.579730223070842e-11
1.552435645562242e-11
1.525610316826534e-11
1.499248785241732e-11
1.473340860339995e-11
1.447881663336636e-11
1.422861817154139e-11
1.398268410975111e-11
1.37409852025708e-11
1.350344969231101e-11
1.327004842012102e-11
1.304064649670568e-11
1.281517727329338e-11
1.259360228921061e-11
1.237584208913877e-11
1.216183885703836e-11
1.195153632615382e-11
1.174481125158592e-11
1.154167956379571e-11
1.134207620956294e-11
1.1145922164502e-11
1.095314298708674e-11
1.076363673259669e-11
1.057743204513559e-11
1.03944664320283e-11
1.021462685736096e-11
1.003790370069526e-11
9.86421264601143e-12
9.693493766029686e-12
9.525755283705833e-12
9.360904877218281e-12
9.198872051892787e-12
9.039642999527779e-12
8.883164020333332e-12
8.729416515823481e-12
8.57829292106848e-12
8.429790247009666e-12
8.283817673259848e-12
8.140368210111176e-12
7.999404046006881e-12
7.860895815455622e-12
7.724770634069343e-12
7.590987706032179e-12
7.459519454538707e-12
7.330310346137679e-12
7.203325443688485e-12
7.078535283019564e-12
6.955948940911704e-12
6.835430380881044e-12
6.71699717132892e-12
6.600625577923886e-12
6.486250920093614e-12
6.373863429983401e-12
6.263412365228376e-12
6.154849595011426e-12
6.048189615788711e-12
5.943369355655052e-12
5.840378322958062e-12
5.739113221950946e-12
5.639646233741774e-12
5.541861024189734e-12
5.445771112206119e-12
5.351377086158312e-12
5.258600743410246e-12
5.167402249767718e-12
5.077802278392237e-12
4.989715432537215e-12
4.903166159107977e-12
4.818094457194601e-12
4.734523415075245e-12
4.652399666572753e-12
4.571665246927458e-12
4.492350519344326e-12
4.414420804644922e-12
4.337802690330963e-12
4.262548378733498e-12
4.188599589805305e-12
4.115926906813927e-12
4.044482037966884e-12
3.974312236289796e-12
3.905324582717114e-12
3.837512583466244e-12
3.770900111264914e-12
3.705412699178085e-12
3.641059412786195e-12
3.577849371043795e-12
3.515753215094276e-12
3.4547103994737e-12
3.394714680870156e-12
3.33572650675416e-12
3.277795503512714e-12
3.220870646914696e-12
3.164922300413037e-12
3.109975708334492e-12
3.055986164761538e-12
3.002889455611288e-12
2.950699511560827e-12
2.899466176607853e-12
2.849102692349425e-12
2.799582744693165e-12
2.750919274410386e-12
2.703131910577977e-12
2.656152714095049e-12
2.60997263356521e-12
2.564628065481227e-12
2.520028652024805e-12
2.47623681120919e-12
2.433184666200061e-12
2.390907201951535e-12
2.349352073509357e-12
2.308469862570292e-12
2.268312374543128e-12
2.228874561032735e-12
2.190109728865098e-12
2.152027273062815e-12
2.114588056724327e-12
2.077792892533347e-12
2.041669092532539e-12
2.006147946047247e-12
1.971230436370683e-12
1.936950985948753e-12
1.903276867052607e-12
1.870151677424912e-12
1.837621091723396e-12
1.805637012690229e-12
1.77422633672142e-12
1.743352403537002e-12
1.71297228034385e-12
1.683165669016005e-12
1.653867317017826e-12
1.62508168001467e-12
1.596812144344359e-12
1.569003739658597e-12
1.541681833434765e-12
1.514849280707505e-12
1.488488566721302e-12
1.462569497185512e-12
1.437106159920699e-12
1.412083910383192e-12
1.387486178384965e-12
1.363307882085435e-12
1.339558445344428e-12
1.316219765076274e-12
1.293294222978732e-12
1.270749558292896e-12
1.24859470958518e-12
1.226823840920504e-12
1.205460483490063e-12
1.184446106847788e-12
1.163815920752408e-12
1.143534211223366e-12
1.123619316786337e-12
1.104021507750109e-12
1.084775289424208e-12
1.065861575515959e-12
1.047304168706985e-12
1.029054002021814e-12
1.011112513914806e-12
9.935107708935403e-13
9.76170340653574e-13
9.591718048053877e-13
9.424781748436186e-13
9.260277150538861e-13
9.098479768325908e-13
8.939697045849634e-13
8.783753714664491e-13
8.630651210843641e-13
8.480387055986278e-13
8.332272987465918e-13
8.18668484884943e-13
8.043901735816339e-13
7.903702313166271e-13
7.76552798226346e-13
7.629764990390128e-13
7.496339048297047e-13
7.365643287474771e-13
7.236920658428453e-13
7.110551481518279e-13
6.986174462432892e-13
6.86408540209977e-13
6.744363663283244e-13
6.626627511201519e-13
6.510850028668284e-13
6.397094580604172e-13
6.285635065256154e-13
6.175737142426183e-13
6.067722789570335e-13
5.961706572166154e-13
5.857612442081653e-13
5.75492543487321e-13
5.654230546140334e-13
5.555772389874287e-13
5.459040625047826e-13
5.363548512940073e-13
5.269745571011569e-13
5.177833408017497e-13
5.08729754623023e-13
4.998127660829965e-13
4.910738236947523e-13
4.82497763726649e-13
4.740385008704819e-13
4.657451146329774e-13
4.575919400520702e-13
4.49577748714837e-13
4.417066959961495e-13
4.339894730028868e-13
4.263783241158135e-13
4.189177164179785e-13
4.115952946306287e-13
4.044238157547513e-13
3.973323409802966e-13
3.903584625778745e-13
3.835518961045805e-13
3.768044558018489e-13
3.701861955532629e-13
3.637019425015232e-13
3.573703378049784e-13
3.511358109797957e-13
3.449547621034009e-13
3.388988948732959e-13
3.329621008796858e-13
3.270994637918386e-13
3.213567497089682e-13
3.157117908249923e-13
3.101800906995889e-13
3.04750004252206e-13
2.994371195334271e-13
2.941939953496299e-13
2.890725415659653e-13
2.840248747952566e-13
2.790440527292319e-13
2.741595491787995e-13
2.693365717591325e-13
2.646229258377769e-13
2.599942236785128e-13
2.554008846245846e-13
2.509390770092652e-13
2.465295298504007e-13
2.422010196597274e-13
2.37943549735072e-13
2.337705050795407e-13
2.296633145129482e-13
2.256507604284735e-13
2.217301966161044e-13
2.178284175534794e-13
2.140024177159759e-13
2.102584247901095e-13
2.065584936941521e-13
2.029315225538243e-13
1.993877296222495e-13
1.958850224476225e-13
1.924393117996369e-13
1.890479307289704e-13
1.857150051781672e-13
1.824529837590649e-13
1.7926720400042e-13
1.760995744781169e-13
1.730117264871683e-13
1.699707082214158e-13
1.669777721796392e-13
1.640598124388138e-13
1.611732123946201e-13
1.583414610839889e-13
1.555715663183614e-13
1.528399634355581e-13
1.501548955995685e-13
1.475088529881851e-13
1.449042684905433e-13
1.423465252721471e-13
1.398576303563996e-13
1.373759262649542e-13
1.349552180757869e-13
1.325813874705069e-13
1.302600414720815e-13
1.279592137750069e-13
1.256979137401776e-13
1.235166464590685e-13
1.213520843611934e-13
1.19196621835408e-13
1.170819474875686e-13
1.150232528116968e-13
1.129937876397217e-13
1.110222543781027e-13
1.090773558420171e-13
1.071846686605691e-13
1.052852529625205e-13
1.03418925426612e-13
1.016142277259954e-13
9.980580205107383e-14
9.803302945107371e-14
9.630472442791839e-14
9.462733985304433e-14
9.29482898972576e-14
9.130909195970123e-14
8.968965626128765e-14
8.81008794111894e-14
8.651521630948385e-14
8.498535186337187e-14
8.34515877685397e-14
8.196498846377694e-14
8.050855055798243e-14
7.909550656211902e-14
7.77216210028772e-14
7.636508927189218e-14
7.501023871857153e-14
7.369639979897135e-14
7.240950498634408e-14
7.116457747465875e-14
6.99033175701675e-14
6.868084588744601e-14
6.744709715155307e-14
6.626197928469454e-14
6.508361030175772e-14
6.393527713221204e-14
6.279066174138549e-14
6.167222847243603e-14
6.059436612585168e-14
5.951807693826188e-14
5.845658636165898e-14
5.74313399768983e-14
5.642592553268249e-14
5.547708718387707e-14
5.448806401418422e-14
5.35173569594991e-14
5.255369357575161e-14
5.165117434325189e-14
5.071279097440393e-14
4.983195033199396e-14
4.894612241387517e-14
4.812043289261337e-14
4.728826397959076e-14
4.645214306601603e-14
4.561873785103938e-14
4.483523554361651e-14
4.406853766250564e-14
4.332633794851831e-14
4.256110676339571e-14
4.185649308715164e-14
4.116043789871445e-14
4.046761073433303e-14
3.974639549444344e-14
3.905346616138835e-14
3.836823007613721e-14
3.768905002505368e-14
3.70211734104669e-14
3.63288108503379e-14
3.567969345457169e-14
3.504110773389386e-14
3.439930459558214e-14
3.380203089103004e-14
3.325426931470105e-14
3.268332104364478e-14
3.210849682317705e-14
3.153658042111325e-14
3.099352173610085e-14
3.043189706031005e-14
2.989912996216117e-14
2.937990684782067e-14
2.882854122912613e-14
2.829509656559364e-14
2.777217171428381e-14
2.730721690431343e-14
2.681352241221326e-14
2.633047325472188e-14
2.587820424951238e-14
2.53678671296433e-14
2.493181876494449e-14
2.445483324672537e-14
2.399261436842582e-14
2.357944793629347e-14
2.313098313891315e-14
2.273664312099653e-14
2.232324384020304e-14
2.193790119549791e-14
2.156298517707762e-14
2.117319262101638e-14
2.07957110885021e-14
2.042275896436849e-14
2.008956262567074e-14
1.976387130810867e-14
1.943934589356199e-14
1.914742293777771e-14
1.883502038771632e-14
1.85268782501369e-14
1.820917651408449e-14
1.78641095794801e-14
1.7550368913781e-14
1.724743962145605e-14
1.692466837095105e-14
1.661800601208258e-14
1.631798545785465e-14
1.607190721600719e-14
1.582283811178422e-14
1.558676464662862e-14
1.534177905672737e-14
1.508567865258302e-14
1.482330964296065e-14
1.455442060413958e-14
1.429363053865774e-14
1.402487742678443e-14
1.378872741642223e-14
1.355260227929041e-14
1.332317399336872e-14
1.312606525451894e-14
1.289348674153935e-14
1.266984656798488e-14
1.246647181846128e-14
1.223764478079582e-14
1.209083038567886e-14
1.179978162594789e-14
1.16218045845767e-14
1.138555534376354e-14
1.116547100286659e-14
1.096910403583079e-14
1.076926454131367e-14
1.057086120350292e-14
1.037989306617976e-14
1.020390588979901e-14
1.003232190395194e-14
9.884755823360043e-15
9.725456443576631e-15
9.558807533054062e-15
9.411890474921001e-15
9.254870558356712e-15
9.083141498429867e-15
8.913090336788251e-15
8.719227484906312e-15
8.53542843937642e-15
8.371637738056122e-15
8.208357885913471e-15
8.061991478355552e-15
7.920969902000788e-15
7.772145714686749e-15
7.613089199793692e-15
7.472858583555322e-15
7.335567546050102e-15
7.205217525284017e-15
7.075270264776754e-15
6.949065133563265e-15
6.817051933960692e-15
6.711536722244262e-15
6.588961313751257e-15
6.484678434953313e-15
6.34397277689165e-15
6.239827115459226e-15
6.145507251818417e-15
6.068300540722256e-15
5.983089988618482e-15
5.905432008010585e-15
5.831122906821776e-15
5.770410947454064e-15
5.705394189876612e-15
5.654711952382742e-15
5.599506157759282e-15
5.551958315393809e-15
5.496589153782622e-15
5.452566565905143e-15
5.367213960855634e-15
5.3099810412308e-15
5.231177081961132e-15
5.165278957274817e-15
5.113587773241095e-15
5.038059114121888e-15
4.936635514506666e-15
4.852396506914276e-15
4.773843761713929e-15
4.697150333525887e-15
4.612616217969336e-15
4.52148511358703e-15
4.434516071462843e-15
4.352660112848589e-15
4.299924917338616e-15
4.240017770428035e-15
4.181670427444189e-15
4.140769254105702e-15
4.115051040345476e-15
4.095219764451329e-15
4.072296929199074e-15
4.049655527118191e-15
4.031537010819114e-15
3.995722631748332e-15
3.944719447019261e-15
3.904375180673707e-15
3.88984568901121e-15
3.788621953503236e-15
3.757835008122022e-15
3.683376628646115e-15
3.663295429019274e-15
3.626769174755557e-15
3.610080170844814e-15
3.590554646199343e-15
3.575168388112076e-15
3.552985515878022e-15
3.532103963149019e-15
3.510360784913439e-15
3.525053190106767e-15
3.432283580251542e-15
3.423500226751314e-15
3.378983647400151e-15
3.373862326964742e-15
3.350461856702323e-15
3.383842311607641e-15
3.359933766631858e-15
3.343161290325892e-15
3.322656845201337e-15
3.326760214667437e-15
3.297583112984653e-15
3.290257340551452e-15
3.291999526033197e-15
3.268359860698749e-15
3.270135794610809e-15
3.255127773173223e-15
3.238878579532933e-15
3.23251241748615e-15
3.194846548223837e-15
3.177627773914805e-15
3.164028863342109e-15
3.156424686071766e-15
3.151051729848518e-15
3.137126678337992e-15
3.147884830026681e-15
3.135682028428699e-15
3.134530796704713e-15
3.133546317773307e-15
3.132451974828881e-15
3.132341559562172e-15
3.132320307742415e-15
3.132254327195526e-15
3.132208067392437e-15
3.13221433350136e-15
3.13217848088401e-15
3.132179581774207e-15
3.132161611362049e-15
3.132143821419224e-15
3.132133077993296e-15
3.132132730805161e-15
3.132123771449869e-15
3.132128733847228e-15
3.132127484918397e-15
3.132124525861013e-15
3.132115624925589e-15
3.132125395841545e-15
3.132108373017442e-15
3.132110445279285e-15
3.132102345906335e-15
3.132108582605876e-15
3.132092468622338e-15
3.132097667247387e-15
3.132092902195861e-15
3.132090937559e-15
3.132090642454304e-15
3.132093049017421e-15
3.132080537900821e-15
3.13208376713436e-15
3.132079827556256e-15
3.132095505353267e-15
3.132084273054203e-15
3.132089988657219e-15
3.13206842813697e-15
3.132076478184413e-15
3.132071388105814e-15
3.132010850326561e-15
3.131761685773637e-15
3.1316659018733e-15
3.131655032480676e-15
3.131649945731963e-15
3.131659641991246e-15
3.131652407525865e-15
3.131647423437297e-15
3.131652650391936e-15
3.131652701193327e-15
3.131656027500714e-15
3.131658993980534e-15
3.135716571202542e-15
3.145991132619466e-15
3.150772047481585e-15
3.150376967790641e-15
3.151909259966007e-15
3.151847597089372e-15
3.151730781035125e-15
3.148477507309731e-15
3.156719401699406e-15
3.138700336406206e-15
3.12656258097459e-15
3.136238723596071e-15
3.122519566139582e-15
3.107889063393882e-15
3.102730881307101e-15
3.107357691236662e-15
3.101381358684078e-15
3.098329608485892e-15
3.104312613949275e-15
3.098397988825359e-15
3.096259428783151e-15
3.095927342749024e-15
3.08716650431413e-15
3.095955518507017e-15
3.086529845507095e-15
3.078648130133903e-15
3.073298394387103e-15
3.067882018195905e-15
3.053394323586591e-15
3.055093592340168e-15
3.045258535017881e-15
3.031693077490426e-15
3.020182528005943e-15
3.006023666009981e-15
2.990617777898928e-15
2.992853566862837e-15
2.986328361835802e-15
2.977941467295652e-15
2.959031783986138e-15
2.971201921937724e-15
2.963085864827287e-15
2.947604246594652e-15
2.941681432132418e-15
2.945749219768293e-15
2.943416166673657e-15
2.921981502837795e-15
2.919974610765454e-15
2.923732014887078e-15
2.902353112195222e-15
2.892683831042845e-15
2.893255957537994e-15
2.890679038748332e-15
2.889508238748875e-15
2.889324132279521e-15
2.889565155451459e-15
2.889108474659438e-15
2.889429568154732e-15
2.889007988845263e-15
2.889194009979514e-15
2.88913081014665e-15
2.889373576532261e-15
2.889125312529812e-15
2.889378631491388e-15
2.88911910298224e-15
2.889372218342652e-15
2.890420180606885e-15
2.895039851397969e-15
2.891047214110843e-15
2.863880784085638e-15
2.849485063309244e-15
2.840103453559812e-15
2.835701716218376e-15
2.848104037560711e-15
2.843432607657516e-15
2.8468093298866e-15
2.832806623832787e-15
2.842304157860286e-15
2.826201970828789e-15
2.83713708600178e-15
2.821785606442681e-15
2.833867979367397e-15
2.820393316501777e-15
2.833958155088925e-15
2.821193621101683e-15
2.833122591009977e-15
2.820879833462853e-15
2.833680612332732e-15
2.792869461968141e-15
2.800470069661999e-15
2.818871965575095e-15
2.766436473686318e-15
2.782215103088255e-15
2.750177204290888e-15
2.745842429572424e-15
2.701987585114382e-15
2.694612544331529e-15
2.672423534680967e-15
2.660543844793677e-15
2.625800562290746e-15
2.690680389581761e-15
2.630413223267128e-15
2.606211731732809e-15
2.614008820012158e-15
2.601108985707219e-15
2.588703885869995e-15
2.558524712918467e-15
2.500019590806731e-15
2.475332029574638e-15
2.455859000431649e-15
2.428056720812045e-15
2.335374616098273e-15
2.291973583827587e-15
2.242429385163444e-15
2.207300303765474e-15
2.15598989959261e-15
2.127249784870401e-15
2.106071788642479e-15
2.083611420394845e-15
2.077805364287489e-15
2.067546467672102e-15
2.067682734424978e-15
2.0584847660615e-15
2.061618006722027e-15
2.07392070186497e-15
1.984581191337071e-15
1.955899893752462e-15
1.94304504415321e-15
1.920526020698202e-15
1.905214077152042e-15
1.842468228299859e-15
1.815413906657162e-15
1.840504865234318e-15
1.79670856560865e-15
1.840055144776262e-15
1.724602707249932e-15
1.753004323848286e-15
1.647759301768972e-15
1.686930823618366e-15
1.658098226368381e-15
1.576100953972615e-15
1.666755291995047e-15
1.54796777679291e-15
1.517560885406998e-15
1.477739070280092e-15
1.490741690899338e-15
1.499675371797651e-15
1.439412190228423e-15
1.390397667365438e-15
1.403458875080135e-15
1.423062746294217e-15
1.429638061179129e-15
1.35771265878967e-15
1.307001967524871e-15
1.265618232999712e-15
1.256150925318193e-15
1.206690333817904e-15
1.207591841480551e-15
1.218760838342524e-15
1.22892220820634e-15
1.230636321002922e-15
1.23209559189072e-15
1.126414699538584e-15
1.078678655602969e-15
1.042219703481805e-15
1.005009032958063e-15
1.038671375224422e-15
9.849956110289872e-16
9.55732641037808e-16
9.127591013924504e-16
9.204835533961192e-16
8.748661548424757e-16
8.71980278680148e-16
8.565337249152099e-16
8.418188961694461e-16
9.117599858252986e-16
9.873390323759153e-16
9.497094499421827e-16
9.081693058051854e-16
8.875975057393201e-16
9.136406490933017e-16
8.701792787595345e-16
8.06897157976048e-16
7.9657748797468e-16
8.192371909745534e-16
8.477981910798397e-16
7.437351475129839e-16
6.935907053117792e-16
6.545496321587405e-16
6.851196134088499e-16
6.189289014946814e-16
5.856817399097111e-16
5.537698923006251e-16
5.806637555262973e-16
5.993066847262001e-16
6.140804858783654e-16
5.836968027544585e-16
6.257710501069678e-16
6.438366135666306e-16
6.589828115469484e-16
6.69895518198091e-16
5.713244948927335e-16
5.691219627052006e-16
5.162195525027722e-16
5.71635903082473e-16
4.990183671820356e-16
5.581766126793923e-16
4.53260038816922e-16
4.845663259953458e-16
4.25686425755598e-16
4.017709239838088e-16
3.882055772913451e-16
4.125830037020602e-16
3.696993274722712e-16
4.098148626842543e-16
3.601850616926324e-16
4.170251948486756e-16
4.016534669973596e-16
3.489148245841883e-16
3.986460866425797e-16
3.320103798758264e-16
3.182500399405257e-16
3.142244144446867e-16
3.477958427208436e-16
2.99022778060199e-16
3.119595567455758e-16
3.324987958092146e-16
2.932497247264065e-16
3.23004807851935e-16
2.770245337573535e-16
3.181906384271135e-16
2.663422693516148e-16
3.079198615710427e-16
2.570183822545357e-16
2.766948633378138e-16
2.915665894151608e-16
4.074096620145326e-16
2.775957543044053e-16
3.764517199957629e-16
2.536245815047866e-16
2.465954516905588e-16
2.559173080678194e-16
2.884753673358956e-16
2.142384433601425e-16
2.86629284938052e-16
2.102497103870903e-16
2.217163789976055e-16
2.606746240286803e-16
3.930817432866598e-16
2.61370504052722e-16
3.25362510844926e-16
2.435267148911128e-16
2.259689497700321e-16
2.652426813871757e-16
2.214784941884982e-16
2.757181381462545e-16
1.895177359393935e-16
2.063331457135368e-16
2.553542144005518e-16
1.89248084894225e-16
2.139473400626786e-16
2.523177314934619e-16
1.988067553699746e-16
2.558363160021575e-16
1.808060386806402e-16
2.070513182789569e-16
2.451837367619932e-16
1.913484921959149e-16
2.008798298535903e-16
2.131676609407393e-16
2.283820997152061e-16
2.070501621606905e-16
2.092650961159601e-16
1.89400630641741e-16
2.352977941504348e-16
1.650116413173455e-16
1.97910773538002e-16
2.227570126506361e-16
1.676442343611387e-16
1.894053025063235e-16
2.389086019550922e-16
1.771194770770294e-16
1.808235830957539e-16
2.366504180306493e-16
1.562113284726872e-16
1.84907426193408e-16
2.36335289619117e-16
1.625326318417201e-16
2.385145363319946e-16
1.744488536848468e-16
2.013606855329615e-16
1.891609930658887e-16
1.707249309644523e-16
2.036424679919977e-16
2.081331119617071e-16
1.800999156896604e-16
1.62513009511517e-16
1.963702297331735e-16
1.43358399875508e-16
1.952531432082524e-16
1.236521341515242e-16
1.693879584498302e-16
1.854880668274285e-16
1.522978933136784e-16
1.936072222371624e-16
1.578009147019513e-16
1.868898965019019e-16
1.981938755214524e-16
1.656702954837781e-16
2.040019850973753e-16
1.679185759294267e-16
2.087142160582637e-16
2.038651147675109e-16
1.87160131427433e-16
2.216686205531039e-16
1.809777656284012e-16
2.116791822785311e-16
1.994768962026695e-16
1.848378161952014e-16
2.2725219712916e-16
3.295042541908512e-16
1.945807152621884e-16
1.562997376211917e-16
1.68008445207525e-16
1.932871664648329e-16
1.939183731573788e-16
1.669399844443041e-16
1.995105291849067e-16
1.596935881823023e-16
1.98091948402006e-16
1.913913542239466e-16
1.722472563211124e-16
2.014322613307105e-16
1.5885493221492e-16
1.982240955352421e-16
1.971398778308808e-16
1.746447654017823e-16
2.059056656447726e-16
1.611433635176909e-16
1.980964296863966e-16
1.951027370116469e-16
1.713058625037067e-16
2.093252351130963e-16
1.656207790989678e-16
1.932282558934307e-16
2.054344847219234e-16
1.626337541476588e-16
2.046817074131195e-16
1.712352479686488e-16
2.085637714528117e-16
1.642819614382187e-16
2.023428583477482e-16
2.381640223574485e-16
1.982732088882171e-16
1.964103437063239e-16
2.059000666205504e-16
2.017994626347119e-16
2.308728966635011e-16
3.365812683804922e-16
2.057881852224704e-16
1.472901632750096e-16
1.537398342273661e-16
1.986442256879912e-16
1.803670987725823e-16
1.595031563261738e-16
1.908288260877461e-16
1.316020132736252e-16
1.781792978268139e-16
1.927943146026944e-16
1.655091662781935e-16
2.073784712476877e-16
1.678869586253472e-16
1.942850548793068e-16
1.975885455856024e-16
1.577266188744521e-16
2.023317500614077e-16
1.55367570707737e-16
2.015548699558939e-16
1.485401416778973e-16
1.951902668152589e-16
2.208289216526705e-16
1.914122156570273e-16
1.886173589490116e-16
1.928568355680312e-16
1.694898107821887e-16
1.988953465230514e-16
1.924630530454684e-16
1.776634884474263e-16
1.96011548530752e-16
1.613186333820202e-16
1.973732825261146e-16
1.921982586672815e-16
1.734750271529675e-16
1.980073571331388e-16
1.589351265055023e-16
1.989600324609425e-16
1.970069531697157e-16
1.720940725732388e-16
2.059051194216434e-16
1.590611962200638e-16
1.947704369223299e-16
1.945029334727112e-16
1.720612598388703e-16
2.020346761709588e-16
1.595445005555953e-16
1.975686096026372e-16
1.9499065417386e-16
1.733304165040128e-16
2.031906162073823e-16
1.606991096948706e-16
2.044312661809099e-16
3.254442205056875e-16
1.925996962954234e-16
1.433309161668741e-16
2.028484855651618e-16
1.023704071874758e-16
1.955375869403487e-16
7.521191432307576e-17
