0.02
66.21687033660606
30.68101116213656
-nan
-nan
-nan
-nan
-nan
-nan
-nan
-nan
-nan
-nan
-nan
-nan
-nan
-nan
-nan
-nan
-nan
-nan
-nan
0.1118637096582589
0.4552624739663765
0.5558731523050876
0.5936004509519783
0.6000919829980524
0.5891176361139351
0.5681060519608544
0.5414698884136493
0.5119580264113669
0.4813200197014351
0.450673856683365
0.4207260288077745
0.3919102076866877
0.3644776973249994
0.3385578046637419
0.3141987398504602
0.2913955680247811
0.2701093760487557
0.2502803947886668
0.2318369271965556
0.2147013566533949
0.1987941259618341
0.1840363139101694
0.170351251464846
0.1576654879619991
0.1459093232452054
0.1350170541321972
0.1249270357335232
0.1155816248185807
0.1069270497286893
0.09891323625339679
0.09149360906859802
0.08462488199797828
0.07826684620596135
0.07238216258312583
0.06693616250542384
0.06189665954551741
0.05723377345577461
0.05291976677820889
0.0489288937457011
0.04523726069878998
0.0418226970172073
0.03866463550791809
0.03574400124927092
0.03304310801459662
0.03054556154741612
0.02823616910499061
0.02610085480963189
0.02412658044031973
0.02230127136053075
0.02061374731617182
0.01905365785671764
0.01761142213994529
0.01627817288201679
0.01504570421452
0.01390642321131023
0.01285330485192028
0.01187985019530878
0.01098004754728738
0.0101483364164418
0.009379574065809242
0.008669004480292619
0.008012229582166521
0.007405182538704019
0.006844103016719612
0.006325514248677308
0.005846201783956706
0.005403193807078284
0.004993742912226066
0.004615309230452973
0.004265544812551639
0.003942279176840953
0.003643505937073679
0.003367370431340817
0.003112158278256907
0.002876284791840322
0.002658285191356622
0.002456805546977179
0.002270594406391698
0.002098495051538348
0.001939438338356983
0.001792436075954055
0.001656574904801232
0.001531010636578021
0.001414963021059048
0.001307710907997223
0.001208587774350548
0.001116977589391017
0.001032310992286339
0.0009540617586293632
0.0008817435341487301
0.0008149068154561447
0.0007531361591964046
0.0006960476023572479
0.0006432862777948083
0.0005945242102262294
0.0005494582790544013
0.0005078083354076501
0.0004693154617414215
0.0004337403632187965
0.0004008618809031031
0.0003704756175485639
0.0003423926674714401
0.0003164384426266722
0.000292451587606806
0.0002702829768374507
0.000249794787742864
0.0002308596441344403
0.0002133598245012858
0.0001971865302890115
0.0001822392096257914
0.0001684249322936576
0.0001556578120624932
0.0001438584728027591
0.0001329535550554549
0.0001228752599976263
0.0001135609279692727
0.0001049526489420235
9.69969025095689e-05
8.96442251653297e-05
8.284890279582089e-05
7.656868648118019e-05
7.076452983528943e-05
6.540034625756183e-05
6.044278457884338e-05
5.58610217163254e-05
5.162657104348128e-05
4.771310528383834e-05
4.409629283083282e-05
4.075364647402281e-05
3.766438359015864e-05
3.480929693299649e-05
3.217063521804676e-05
2.973199275644239e-05
2.747820745731475e-05
2.5395266559869e-05
2.347021951072575e-05
2.169109744763322e-05
2.004683878369623e-05
1.852722043417813e-05
1.712279425541759e-05
1.582482830289639e-05
1.462525253994502e-05
1.351660866511967e-05
1.249200373971814e-05
1.154506733159325e-05
1.066991190785797e-05
9.86109623002875e-06
9.11359152334814e-06
8.422750210058072e-06
7.784277014696918e-06
7.194202257301637e-06
6.648857173239278e-06
6.144851101963703e-06
5.679050406729062e-06
5.248558990713043e-06
4.850700290952966e-06
4.48300063661114e-06
4.143173870092205e-06
3.829107131613122e-06
3.538847723438515e-06
3.270590968939257e-06
3.022668992209826e-06
2.79354034825382e-06
2.581780437790212e-06
2.386072651995551e-06
2.205200184787028e-06
2.038038469015145e-06
1.883548182166496e-06
1.740768787364108e-06
1.608812558538896e-06
1.486859063112701e-06
1.374150059569303e-06
1.2699847839196e-06
1.173715592236358e-06
1.084743934590093e-06
1.002516632842197e-06
9.265224419064728e-07
8.562888705535076e-07
7.913792441714865e-07
7.313899895500196e-07
6.759481254776036e-07
6.247089445474878e-07
5.773538688691786e-07
5.335884698558932e-07
4.931406377335999e-07
4.557588899932205e-07
4.212108063594194e-07
3.892815857075346e-07
3.597727093848336e-07
3.325007064949146e-07
3.072960149401275e-07
2.840019254325853e-07
2.624736077465292e-07
2.425772100032446e-07
2.241890272384459e-07
2.071947315429183e-07
1.914886619211138e-07
1.769731660076692e-07
1.635579943730101e-07
1.511597385280681e-07
1.397013129833288e-07
1.291114753635951e-07
1.193243835873352e-07
1.102791871364569e-07
1.019196471796312e-07
9.419378905110243e-08
8.705357746729375e-08
8.045461841530682e-08
7.435588294781289e-08
6.87194524847963e-08
6.351028287780509e-08
5.86959858296406e-08
5.424662920332053e-08
5.013454908556793e-08
4.633417885692775e-08
4.282188930340686e-08
3.957584355008857e-08
3.657585909211772e-08
3.380328374888544e-08
3.124087896541345e-08
2.887271350984474e-08
2.668406308988704e-08
2.466131977919915e-08
2.2791907418865e-08
2.106420274896823e-08
1.94674640588302e-08
1.7991763433166e-08
1.662792612333738e-08
1.536747239578572e-08
1.420256555768942e-08
1.312596246595298e-08
1.213096955339158e-08
1.12114005122282e-08
1.03615379869972e-08
9.576097930257674e-09
8.850197099363648e-09
8.179321722637134e-09
7.559301080316916e-09
6.986280102907214e-09
6.456696185977322e-09
5.967256489437165e-09
5.514917918754733e-09
5.096868280834905e-09
4.710508192970817e-09
4.353435634011584e-09
4.023430188951802e-09
3.718440281775529e-09
3.436569807568919e-09
3.176066089553703e-09
2.935309469131624e-09
2.712803070756319e-09
2.507163265999864e-09
2.317111651941906e-09
2.14146652910566e-09
1.979135933953698e-09
1.829110829584181e-09
1.690457944541877e-09
1.562315420505428e-09
1.443886593572585e-09
1.33443505083571e-09
1.233280320308044e-09
1.139793437511291e-09
1.053393265042477e-09
9.735422815536015e-10
8.997445046945066e-10
8.31540649072841e-10
7.685070550012099e-10
7.10251672325556e-10
6.564121767422069e-10
6.066538086156442e-10
5.606672027579372e-10
5.18166697853663e-10
4.788878813460196e-10
4.425865100227841e-10
4.090369882673646e-10
3.780305271216321e-10
3.49374751667115e-10
3.22890933357642e-10
2.98414456124271e-10
2.757937762249959e-10
2.548877284133737e-10
2.355664439197909e-10
2.177096276580814e-10
2.012063833157845e-10
1.859542893484012e-10
1.718582833204793e-10
1.588308040266822e-10
1.467908297573602e-10
1.356635523259739e-10
1.253798082976379e-10
1.158754822982422e-10
1.070916965389292e-10
9.897386971778299e-11
9.147108079256103e-11
8.453736848498688e-11
7.812921618300335e-11
7.220668340010465e-11
6.673318990269195e-11
6.167458669993467e-11
5.699931210531353e-11
5.267867834327982e-11
4.868532636526902e-11
4.499481246931552e-11
4.158419341143818e-11
3.843209941921414e-11
3.551870052449419e-11
3.28261849835493e-11
3.033776206912489e-11
2.803808671058153e-11
2.591269478471507e-11
2.394855294097697e-11
2.213290362128438e-11
2.045517933328198e-11
1.890472347690695e-11
1.747176302439523e-11
1.614742235439623e-11
1.492328558326099e-11
1.379202305501562e-11
1.274652267180721e-11
1.178017969864223e-11
1.088724681984407e-11
1.006195618160955e-11
9.299103990396705e-12
8.594185869338309e-12
7.942838785147253e-12
7.340761221144912e-12
6.784398528399986e-12
6.270007642286152e-12
5.794706067197034e-12
5.35543324843405e-12
4.949402299685331e-12
4.574089419775065e-12
4.227430819692448e-12
3.906964561945749e-12
3.610621456406372e-12
3.336785775911455e-12
3.083881919798075e-12
2.850362693765638e-12
2.63435355997032e-12
2.434531132685154e-12
2.25005191691598e-12
2.079497612681128e-12
1.921884667894633e-12
1.775922978642634e-12
1.641214442606673e-12
1.516851511047708e-12
1.401968806268412e-12
1.295687864558388e-12
1.197442186950774e-12
1.106686348628187e-12
1.022934409257572e-12
9.453007977112881e-13
8.734642167352771e-13
8.073357409130974e-13
7.461059320673964e-13
6.896448552549861e-13
6.372470143624392e-13
5.888975224128474e-13
5.441934798745925e-13
5.030831361771532e-13
4.648449313193753e-13
4.296501653169991e-13
3.97016490382679e-13
3.670395420874419e-13
3.39171998276202e-13
3.134326084981994e-13
2.895519377812718e-13
2.676992424529771e-13
2.474483906787476e-13
2.287427042517835e-13
2.113245243771959e-13
1.951424066849802e-13
1.803310076226731e-13
1.667653072714177e-13
1.539813113599704e-13
1.424493392696838e-13
1.316103844212528e-13
1.216048586864126e-13
1.124320119205725e-13
1.037182830297342e-13
9.597865041786237e-14
8.861940464212688e-14
8.19538194413397e-14
7.57772981975592e-14
6.994807090227009e-14
6.473429376030375e-14
5.967282169881799e-14
5.529550437443139e-14
5.103836440540726e-14
4.706127841679119e-14
4.34347885799431e-14
4.007000023613529e-14
3.698706992100607e-14
3.432627799408224e-14
3.147287053543729e-14
2.912134876070227e-14
2.706887410668371e-14
2.510764038558391e-14
2.315292266306125e-14
2.132527221038126e-14
1.963832223519503e-14
1.83472088816435e-14
1.689065458415569e-14
1.568420324353426e-14
1.45327001615794e-14
1.3225199240788e-14
1.201596590572294e-14
1.10758742817571e-14
1.028469690262075e-14
9.663101554105327e-15
8.861490044661499e-15
8.118303689662425e-15
7.397901869740578e-15
6.745116934032837e-15
6.276705617258244e-15
5.877449050575653e-15
5.445981462098487e-15
5.053735332082269e-15
4.693456316803968e-15
4.261999217323615e-15
3.982663545585247e-15
3.640013830158132e-15
3.427900570981223e-15
3.127336998884093e-15
3.056429477208166e-15
2.706654594849664e-15
2.456839138158981e-15
2.358053051748811e-15
2.381026261806661e-15
2.083623481383238e-15
2.125093669889873e-15
1.842712571568544e-15
1.629057482945092e-15
1.52994449645754e-15
1.463771876027252e-15
1.404045748294232e-15
1.428248087974084e-15
1.22864295893069e-15
1.010936069398747e-15
9.918074146010659e-16
1.105047299719226e-15
1.129899557617467e-15
9.214019515120761e-16
7.280011718971995e-16
8.033258854905344e-16
6.019288616428382e-16
6.772560825933609e-16
5.82467827122518e-16
1.349461680516694e-15
8.16006660158845e-16
5.543615686070157e-16
5.189171049099351e-16
6.810852743056128e-16
1.057984727872609e-15
6.225922587113865e-16
6.560592067237172e-16
7.735428779205484e-16
4.379299362300511e-16
5.880916168219477e-16
3.670025767670261e-16
4.936172475022813e-16
4.603869260159868e-16
5.408508641602237e-16
4.701316474125136e-16
5.363795034642594e-16
3.132893843681835e-16
8.505421916862554e-16
4.866300500633515e-16
4.525458721253831e-16
2.184823860196308e-16
3.625230071576146e-16
2.995386198605242e-16
6.489456154105848e-16
2.302140391143116e-16
4.146501926159153e-16
4.767962600143407e-16
4.704427675550436e-16
3.896290836931399e-16
3.09397172428878e-16
8.020422335744527e-16
6.21057154393063e-16
4.931949117964265e-16
4.147701908836222e-16
2.850563413501059e-16
5.792607433763468e-16
5.823246603950248e-16
2.26734899248785e-16
4.673021009579245e-16
2.218069585337344e-16
7.021177821956902e-16
2.668558196708914e-16
2.2579461626593e-16
3.351582911873321e-16
4.961601725141266e-16
7.591721396563869e-16
3.478186358622744e-16
2.979480782555751e-16
3.750370497175786e-16
6.094610350676556e-16
3.066503323215544e-16
2.054666041082309e-16
3.665130869289338e-16
2.881002170147974e-16
3.589912663592622e-16
4.182850869705523e-16
1.002344994049346e-15
3.892182411766673e-16
6.370728710087293e-16
9.090892407236346e-16
7.140179432747021e-16
4.476739278637274e-16
2.740289658215772e-16
5.662733606487468e-16
4.479244104005045e-16
5.464183533598732e-16
1.186303862654106e-15
9.318619734285861e-16
7.322758942794667e-16
4.738053797494244e-16
1.039733008897819e-15
5.532462595780048e-16
7.088013710680375e-16
3.947585004542285e-16
4.270218558470238e-16
5.704481637567501e-16
6.760982998642792e-16
6.156404992627856e-16
2.034001233954154e-16
9.310669334263613e-17
