0.02
26332498.56939031
14624419.27160998
8514364.170915948
4911907.636348099
2782458.893739797
1532185.473400372
807145.5414693282
394425.3895071012
165836.9093370312
44487.27817719854
16100.14051806314
41954.02693424263
49715.58519841311
48328.77938610383
42873.20662908992
36091.68609450219
29377.78572523151
23365.67487043745
18277.00386223172
14121.5142539021
10810.45043922784
8218.581048398255
6216.394632204268
4685.353167380371
3523.819315993111
2648.094279319326
1991.098520071801
1500.098206382421
1134.219947813924
862.1180446019065
659.9478047843363
509.6859745992077
397.7828524143156
314.105029777227
251.1185198895409
203.2618827778421
166.464439012153
137.7736550139443
115.0657649611384
96.82202688638188
81.95826817644097
69.69789578853542
59.4796349891965
50.89207195246732
43.62811726168012
37.45377437333998
32.18689443901274
27.68275501831281
23.82423283247483
20.51504187014288
17.67500971243001
15.23671131940579
13.14301288573854
11.34523292525468
9.801728921502423
8.476783632143196
7.339707694022871
6.364102693916379
5.527246693331881
4.809575793868862
4.194242937488231
3.666740185591144
3.214574125045624
2.826986387276481
2.494712903078086
2.2097766793946
1.965309718503816
1.755400298317241
1.574962261912777
1.419623280563982
1.285629308579946
1.169762686528318
1.069271607622551
0.9818089583248886
0.9053788753203073
0.8382897051237436
0.7791123781076473
0.7266434857367519
0.6798725591949633
0.6379531851027185
0.6001776684934815
0.5659549814173667
0.5347917362580588
0.5062759123775871
0.480063054545657
0.4558646581755555
0.4334384619241635
0.4125803821945915
0.3931178445311858
0.3749042913840511
0.3578146719628091
0.3417417460698401
0.3265930586105023
0.3122884641255177
0.2987581007831168
0.2859407307008501
0.2737823783282535
0.262235211115865
0.2512566170846358
0.2408084424719298
0.2308563596380194
0.2213693411216221
0.2123192203573715
0.2036803233050446
0.1954291582536735
0.1875441534897685
0.1800054344706257
0.1727946337138658
0.1658947278773839
0.1592898975211732
0.1529654058623112
0.1469074934964879
0.1411032865947681
0.135540716518353
0.1302084491465684
0.1250958225005867
0.1201927914798676
0.1154898787205178
0.1109781307426431
0.1066490786839499
0.1024947030245066
0.0985074017969426
0.09467996185075145
0.09100553280156377
0.08747760334834771
0.08408997968543859
0.08083676577324414
0.07771234526294035
0.07471136489704525
0.07182871923060022
0.06905953653705871
0.06639916577969505
0.06384316454375612
0.06138728783689675
0.05902747767623104
0.05675985338962685
0.0545807025669446
0.05248647260402644
0.05047376278839769
0.04853931688105074
0.04668001615344353
0.0448928728430348
0.04317502399435019
0.04152372565584458
0.03993634740570829
0.03841036718232854
0.03694336639738509
0.03553302531159032
0.03417711865487839
0.03287351147448218
0.03162015519574796
0.030415083881859
0.02925641067978318
0.02814232444080706
0.0270710865049557
0.0260410276394512
0.02505054512211458
0.02409809996132587
0.02318221424476279
0.02230146860972535
0.02145449982836041
0.02063999850157533
0.01985670685585061
0.01910341663757267
0.01837896709983328
0.01768224307700984
0.0170121731427044
0.01636772784692242
0.01574791802861059
0.01515179319991793
0.01457843999874961
0.01402698070639294
0.01349657182717435
0.0129864027272788
0.01249569433001967
0.01202369786500189
0.01156969366874967
0.01113299003450439
0.01071292210901889
0.0103088508342777
0.009920161932190651
0.009546264930392619
0.009186592227381902
0.008840598195313487
0.008507758318845173
0.008187568368510315
0.007879543607162502
0.007583218028109488
0.007298143623608891
0.00702388968246991
0.006760042115553303
0.006506202808020693
0.006261988997235947
0.006027032675265374
0.00580098001497729
0.005583490818776821
0.005374237989060756
0.005172907019512239
0.00497919550639429
0.004792812679037765
0.004613478948751384
0.004440925475417028
0.004274893751060577
0.004115135199722845
0.003961410792978352
0.003813490680481173
0.003671153834939335
0.003534187710946237
0.003402387917119217
0.003275557901019543
0.003153508646347577
0.003036058381930011
0.00292303230203269
0.002814262297553397
0.00270958669766793
0.002608850021515153
0.00251190273953071
0.002418601044047237
0.002328806628800085
0.002242386476988199
0.002159212657555817
0.002079162129372892
0.00200211655300572
0.001927962109780972
0.001856589327858026
0.001787892915036311
0.001721771598034981
0.001658127967991963
0.00159686833194057
0.001537902570030502
0.001481143998269369
0.001426509236570347
0.001373918081898893
0.001323293386320646
0.001274560939759684
0.00122764935728416
0.001182489970743475
0.001139016724587808
0.001097166075707575
0.001056876897137146
0.001018090385472376
0.000980749971858192
0.0009448012364076422
0.0009101918259194073
0.0008768713747659945
0.0008447914288294397
0.0008139053723668329
0.00078416835769192
0.000755537237563928
0.0007279705001784463
0.0007014282066601402
0.000675871930959978
0.0006512647020644354
0.0006275709484267376
0.0006047564445346149
0.0005827882595316594
0.0005616347078132268
0.000541265301520198
0.0005216507048574706
0.000502762690166632
0.0004845740956851489
0.000467058784926726
0.0004501916076204776
0.0004339483621484475
0.0004183057594240737
0.0004032413881554732
0.0003887336814405068
0.0003747618846420412
0.0003613060244942724
0.0003483468793921173
0.0003358659508188876
0.0003238454358674995
0.0003122682008136699
0.0003011177557003943
0.0002903782298946261
0.0002800343485789232
0.0002700714101417507
0.0002604752644324646
0.000251232291846812
0.0002423293832117953
0.0002337539204387357
0.0002254937579149322
0.0002175372046059347
0.0002098730068405874
0.0002024903317531611
0.0001953787513567346
0.0001885282272240764
0.0001819290957525072
0.0001755720539903152
0.0001694481460032985
0.0001635487497604989
0.0001578655645195813
0.0001523905986922966
0.0001471161581720387
0.0001420348351054896
0.0001371394970917006
0.0001324232767918257
0.0001278795619343142
0.000123501985699981
0.0001192844174729346
0.0001152209539429835
0.0001113059105463899
0.0001075338132319977
0.000103899390540378
0.00010039756598409
9.702345071749247e-05
9.377233648553314e-05
9.063968884030107e-05
8.762114061566907e-05
8.471248565021306e-05
8.19096727488581e-05
7.920879987427397e-05
7.660610855942537e-05
7.409797853282617e-05
7.168092254873373e-05
6.935158141414279e-05
6.71067192055395e-05
6.494321866816781e-05
6.285807679094182e-05
6.08484005503292e-05
5.891140281699508e-05
5.704439841898495e-05
5.524480035573795e-05
5.351011615698836e-05
5.183794438134318e-05
5.022597124912855e-05
4.867196740469616e-05
4.717378480284726e-05
4.572935371530572e-05
4.433667985204908e-05
4.299384159355883e-05
4.16989873296364e-05
4.045033290070956e-05
3.924615913776368e-05
3.808480949680967e-05
3.696468778468995e-05
3.588425597235396e-05
3.484203209205009e-05
3.383658821560519e-05
3.286654851008411e-05
3.193058736793832e-05
3.102742760885793e-05
3.015583874986334e-05
2.931463534155826e-05
2.850267536721291e-05
2.771885870251576e-05
2.696212563306445e-05
2.623145542756859e-05
2.552586496422349e-05
2.484440740784499e-05
2.418617093591663e-05
2.355027751122133e-05
2.293588169894038e-05
2.234216952685344e-05
2.176835738592296e-05
2.121369097031616e-05
2.067744425460818e-05
2.015891850682678e-05
1.965744133559705e-05
1.917236577025667e-05
1.870306937211776e-05
1.824895337567629e-05
1.780944185900891e-05
1.738398094117409e-05
1.697203800641129e-05
1.65731009536701e-05
1.618667747032937e-05
1.581229432964881e-05
1.544949671041788e-05
1.509784753862045e-05
1.47569268497567e-05
1.442633117152742e-05
1.410567292590072e-05
1.379457984997155e-05
1.349269443531574e-05
1.319967338449352e-05
1.291518708535844e-05
1.263891910112387e-05
1.237056567728768e-05
1.210983526380559e-05
1.185644805265071e-05
1.161013553006069e-05
1.137064004334652e-05
1.113771438175709e-05
1.091112137095712e-05
1.069063348086671e-05
1.0476032446497e-05
1.026710890164985e-05
1.006366202481008e-05
9.865499197104497e-06
9.672435672168953e-06
9.48429425747661e-06
9.300905006750508e-06
9.122104923397024e-06
8.947737674484967e-06
8.77765331508863e-06
8.611708022928456e-06
8.449763842474692e-06
8.291688438757693e-06
8.137354860544116e-06
7.986641312492304e-06
7.839430935986798e-06
7.695611598559491e-06
7.555075691557913e-06
7.417719935656564e-06
7.283445194436786e-06
7.152156295292346e-06
7.023761857522051e-06
6.898174127600498e-06
6.775308821221961e-06
6.655084971913621e-06
6.537424785883338e-06
6.42225350314181e-06
6.309499264438128e-06
6.199092983943495e-06
6.090968227457815e-06
5.985061095670535e-06
5.881310112703983e-06
5.779656119582423e-06
5.680042172316127e-06
5.582413444409979e-06
5.486717133820112e-06
5.392902374085342e-06
5.300920149417428e-06
5.210723213633401e-06
5.122266012685395e-06
5.035504610802252e-06
4.95039661987929e-06
4.866901132428824e-06
4.784978657082974e-06
4.70459105749505e-06
4.6257014938152e-06
4.54827436712135e-06
4.472275266022818e-06
4.397670916159453e-06
4.324429131840253e-06
4.252518769863801e-06
4.181909685658909e-06
4.112572691447431e-06
4.044479516164693e-06
3.977602767433604e-06
3.91191589543629e-06
3.847393158066045e-06
3.784009588171194e-06
3.721740961917107e-06
3.660563768870689e-06
3.600455183500358e-06
3.54139303779526e-06
3.4833557955214e-06
3.426322527070909e-06
3.370272886153641e-06
3.315187087167742e-06
3.261045883627141e-06
3.207830547774084e-06
3.155522851035307e-06
3.10410504517166e-06
3.053559844744775e-06
3.003870409876057e-06
2.955020330234707e-06
2.906993609424398e-06
2.859774650137438e-06
2.813348240274461e-06
2.767699539172776e-06
2.722814064998795e-06
2.678677682143072e-06
2.635276589754205e-06
2.592597310132576e-06
2.550626678350712e-06
2.509351831786902e-06
2.468760200138895e-06
2.428839496230515e-06
2.389577706927287e-06
2.3509630844849e-06
2.312984138236578e-06
2.275629626794082e-06
2.238888550300881e-06
2.202750143329896e-06
2.167203867838327e-06
2.132239406334086e-06
2.097846655785616e-06
2.064015721097218e-06
2.030736909389065e-06
1.998000724352222e-06
1.965797860772164e-06
1.93411919910462e-06
1.902955800624785e-06
1.872298902603743e-06
1.842139913476616e-06
1.812470408483283e-06
1.783282125284538e-06
1.75456695987358e-06
1.726316962466742e-06
1.698524333707734e-06
1.67118142087154e-06
1.644280714396407e-06
1.617814844241364e-06
1.591776576719804e-06
1.566158811083801e-06
1.540954576519853e-06
1.516157029144002e-06
1.491759448949828e-06
1.467755237090924e-06
1.444137913143086e-06
1.42090111251474e-06
1.398038583680157e-06
1.375544185955557e-06
1.353411886881167e-06
1.331635760068848e-06
1.310209982822296e-06
1.289128833998808e-06
1.268386691778089e-06
1.247978031824576e-06
1.227897425087733e-06
1.208139535871217e-06
1.188699120019696e-06
1.169571023092458e-06
1.150750178431541e-06
1.132231605529908e-06
1.11401040836596e-06
1.096081773706432e-06
1.078440969406222e-06
1.061083343080611e-06
1.044004320380471e-06
1.02719940356045e-06
1.010664170088936e-06
9.943942710999368e-07
9.783854302032342e-07
9.626334420396717e-07
9.471341709226634e-07
9.31883549595894e-07
9.168775781077532e-07
9.021123223414947e-07
8.875839131201269e-07
8.732885447885154e-07
8.592224741677942e-07
8.453820195007276e-07
8.317635592490029e-07
8.18363531093403e-07
8.05178430991318e-07
7.922048119230341e-07
7.794392830476546e-07
7.668785087643418e-07
7.545192076069787e-07
7.423581514748852e-07
7.303921646304244e-07
7.186181227588621e-07
7.0703295210712e-07
6.956336287557386e-07
6.844171776059288e-07
6.733806715753973e-07
6.625212309245591e-07
6.518360222494972e-07
6.413222579156543e-07
6.309771951161459e-07
6.207981351745279e-07
6.107824229344762e-07
6.009274458452195e-07
5.9123063333762e-07
5.81689456099525e-07
5.723014254480971e-07
5.630640926589966e-07
5.53975048213239e-07
5.450319212582067e-07
5.362323789563897e-07
5.275741257546403e-07
5.190549028932886e-07
5.106724877596105e-07
5.024246932983911e-07
4.943093674650953e-07
4.863243925605101e-07
4.784676847859393e-07
4.707371936700949e-07
4.631309014241931e-07
4.556468225258751e-07
4.482830031460152e-07
4.410375206933824e-07
4.339084831885055e-07
4.268940289251812e-07
4.199923258264574e-07
4.13201571110589e-07
4.065199907174998e-07
3.999458389238216e-07
3.934773977593036e-07
3.871129767131244e-07
3.808509122017442e-07
3.746895671687187e-07
3.6862733064363e-07
3.626626173516303e-07
3.567938673359986e-07
3.510195453229517e-07
3.453381406726352e-07
3.39748166716809e-07
3.342481605284407e-07
3.288366824495065e-07
3.235123157861684e-07
3.182736664675196e-07
3.13119362523978e-07
3.080480538984731e-07
3.030584120108785e-07
2.981491294959852e-07
2.93318919800478e-07
2.885665168271915e-07
2.83890674648418e-07
2.792901672306704e-07
2.747637880530546e-07
2.703103498126281e-07
2.659286841116306e-07
2.616176411664197e-07
2.573760895358569e-07
2.532029157696635e-07
2.49097024183412e-07
2.450573365946958e-07
2.410827919155403e-07
2.371723460168015e-07
2.333249713386325e-07
2.295396568060012e-07
2.258154074673424e-07
2.221512440615099e-07
2.185462030888324e-07
2.149993363366097e-07
2.115097107868097e-07
2.080764082048604e-07
2.046985250395965e-07
2.013751721792333e-07
1.981054746327925e-07
1.948885713398466e-07
1.91723615058977e-07
1.886097720419879e-07
1.855462217907436e-07
1.825321569010446e-07
1.79566782903808e-07
1.766493179755867e-07
1.737789927227591e-07
1.709550500949043e-07
1.681767451583172e-07
1.654433447369816e-07
1.627541274462843e-07
1.601083834357515e-07
1.575054141015042e-07
1.549445321179203e-07
1.524250609978513e-07
1.499463351437781e-07
1.475076995968968e-07
1.451085098124826e-07
1.427481315559805e-07
1.404259407024418e-07
1.381413231763923e-07
1.358936746292999e-07
1.336824004422028e-07
1.315069154249909e-07
1.293666438100628e-07
1.272610189888168e-07
1.251894834268957e-07
1.231514884761156e-07
1.211464942857707e-07
1.191739697118411e-07
1.172333919321288e-07
1.153242466293636e-07
1.134460277275245e-07
1.115982371269847e-07
1.097803847738451e-07
1.079919884791175e-07
1.062325737075753e-07
1.045016735706117e-07
1.027988285531157e-07
1.011235866830614e-07
9.947550306739016e-08
9.785414005469134e-08
9.625906681027863e-08
9.468985959911551e-08
9.3146101397857e-08
9.162738184196045e-08
9.01332971714736e-08
8.866345005739369e-08
8.721744960687518e-08
8.579491114739718e-08
8.439545618534614e-08
8.301871229331369e-08
8.166431297415051e-08
8.03318976522634e-08
7.902111155699645e-08
7.773160555627444e-08
7.646303608583312e-08
7.521506521374776e-08
7.398736030721694e-08
7.277959417861691e-08
7.159144476089858e-08
7.042259526043305e-08
6.927273394480892e-08
6.814155404465695e-08
6.702875380636305e-08
6.593403622894505e-08
6.485710907119945e-08
6.37976848659234e-08
6.275548069646068e-08
6.173021826097085e-08
6.07216236583888e-08
5.972942741466754e-08
5.87533643826616e-08
5.779317367168383e-08
5.684859857375158e-08
5.591938659464578e-08
5.500528914209132e-08
5.410606176169142e-08
5.322146386811877e-08
5.235125871660289e-08
5.149521341752314e-08
5.065309883083979e-08
4.982468945692851e-08
4.900976345259919e-08
4.820810259387656e-08
4.741949206113632e-08
4.664372059046711e-08
4.588058020493973e-08
4.512986639928152e-08
4.439137791974349e-08
4.366491670044019e-08
4.295028790181603e-08
4.224729985628505e-08
4.155576393611924e-08
4.087549454995636e-08
4.020630914811513e-08
3.954802802949576e-08
3.89004744793767e-08
3.826347460984738e-08
3.763685730936889e-08
3.702045419402157e-08
3.641409966498221e-08
3.58176307659392e-08
3.523088715177755e-08
3.465371107659299e-08
3.408594734403962e-08
3.352744330687161e-08
3.297804864830915e-08
3.243761559627865e-08
3.190599873505748e-08
3.138305496189921e-08
3.086864348722635e-08
3.036262579019982e-08
2.986486567133839e-08
2.937522899281547e-08
2.889358393736878e-08
2.841980061087936e-08
2.795375145036295e-08
2.749531078126488e-08
2.704435505633969e-08
2.660076266792718e-08
2.616441392392631e-08
2.573519119392675e-08
2.5312978673745e-08
2.489766247428018e-08
2.448913048381417e-08
2.408727240158148e-08
2.369197975645962e-08
2.330314584160217e-08
2.292066560813808e-08
2.254443573983041e-08
2.217435465078737e-08
2.18103223428586e-08
2.145224039782006e-08
2.110001205890754e-08
2.075354208881197e-08
2.041273673964069e-08
2.007750395265638e-08
1.974775300073573e-08
1.942339466230185e-08
1.910434121791969e-08
1.879050630730235e-08
1.848180497680626e-08
1.817815365060889e-08
1.78794701112394e-08
1.758567346385022e-08
1.729668415480185e-08
1.701242387667671e-08
1.67328156286357e-08
1.645778366457871e-08
1.618725337835391e-08
1.592115149246098e-08
1.565940578346373e-08
1.540194531320365e-08
1.514870028456387e-08
1.489960198779913e-08
1.465458279761069e-08
1.441357627870982e-08
1.41765170046058e-08
1.394334062825226e-08
1.371398383046233e-08
1.348838429476467e-08
1.326648085512628e-08
1.304821321517327e-08
1.283352200801091e-08
1.262234897399386e-08
1.241463662570041e-08
1.221032862422084e-08
1.200936933867e-08
1.181170417961725e-08
1.161727935031464e-08
1.142604202212875e-08
1.123794014958356e-08
1.105292256254558e-08
1.08709389397071e-08
1.069193974124599e-08
1.051587617772357e-08
1.034270041281822e-08
1.017236523440012e-08
1.000482428816894e-08
9.840031899456375e-09
9.677943225091559e-09
9.518514031735348e-09
9.361700961544501e-09
9.207461220719801e-09
9.055752811439627e-09
8.90653431003404e-09
8.759765081398556e-09
8.615405086721312e-09
8.473414947567247e-09
8.333755917824065e-09
8.196389903159896e-09
8.061279417762962e-09
7.928387593314229e-09
7.797678134626171e-09
7.669115361210718e-09
7.54266419810423e-09
7.418290073429809e-09
7.295959043267082e-09
7.175637667993834e-09
7.057293113320726e-09
6.940892972507308e-09
6.826405489372219e-09
6.713799353589588e-09
6.603043756226181e-09
6.494108464967259e-09
6.386963618793813e-09
6.281580008809057e-09
6.177928704389437e-09
6.075981406619047e-09
5.975710247184133e-09
5.877087746441929e-09
5.780086851962063e-09
5.68468109637742e-09
5.59084431865333e-09
5.4985508234253e-09
5.407775296760438e-09
5.31849299605063e-09
5.230679316008779e-09
5.144310301957753e-09
5.0593622178823e-09
4.975811832243006e-09
4.893636221881131e-09
4.812812871731111e-09
4.733319605709566e-09
4.655134627559641e-09
4.578236450572494e-09
4.50260401132724e-09
4.428216618504611e-09
4.35505379003662e-09
4.283095463920685e-09
4.212321862927763e-09
4.142713590896956e-09
4.074251532046679e-09
4.006916910555263e-09
3.940691206605762e-09
3.875556233017134e-09
3.811494063746056e-09
3.748487160784684e-09
3.686518166027303e-09
3.625570056969109e-09
3.565626091306288e-09
3.506669777353737e-09
3.448684912268816e-09
3.391655542786171e-09
3.335566006792275e-09
3.28040087351594e-09
3.226144956827947e-09
3.172783327840795e-09
3.120301324604872e-09
3.068684432884135e-09
3.017918564198002e-09
2.967989660626557e-09
2.918883997078919e-09
2.870588011868474e-09
2.82308846959324e-09
2.776372231982182e-09
2.730426433859315e-09
2.68523843014122e-09
2.640795819999931e-09
2.597086288333006e-09
2.554097780788616e-09
2.511818504735693e-09
2.470236770673768e-09
2.429341100238568e-09
2.389120278258997e-09
2.349563171375017e-09
2.310658820175566e-09
2.272396534543379e-09
2.234765769302539e-09
2.197756088849653e-09
2.161357366728124e-09
2.125559506985131e-09
2.090352624646683e-09
2.055726979481422e-09
2.02167308642587e-09
1.988181465129356e-09
1.955242918912234e-09
1.922848265296567e-09
1.890988640609957e-09
1.859655163916999e-09
1.828839252990623e-09
1.798532321888055e-09
1.76872601578767e-09
1.739412125428432e-09
1.710582513659759e-09
1.682229245497676e-09
1.654344429924921e-09
1.626920376983704e-09
1.599949512067025e-09
1.57342436479214e-09
1.547337565110504e-09
1.521681941522444e-09
1.496450366927083e-09
1.471635837639799e-09
1.447231552185646e-09
1.423230670904303e-09
1.399626599386028e-09
1.376412781587935e-09
1.353582768675316e-09
1.331130249767422e-09
1.309049030643314e-09
1.287333005776314e-09
1.265976097322238e-09
1.244972430709283e-09
1.224316196079889e-09
1.204001602713408e-09
1.184023080030595e-09
1.164375068262783e-09
1.145052122370809e-09
1.126048825412508e-09
1.107359959266398e-09
1.088980351123092e-09
1.070904909260447e-09
1.053128596097603e-09
1.035646438101497e-09
1.018453660442361e-09
1.001545423580954e-09
9.849170689316e-10
9.685639776248211e-10
9.52481601222894e-10
9.366654499991609e-10
9.211111683642376e-10
9.058144199577763e-10
8.907709272487126e-10
8.75976567598018e-10
8.614272315399324e-10
8.471188416703372e-10
8.330473532355196e-10
8.192089545532263e-10
8.055997804633433e-10
7.922160558328425e-10
7.790540048853625e-10
7.661100285664776e-10
7.533805139965128e-10
7.40861887399977e-10
7.285506735921013e-10
7.16443469773158e-10
7.0453686464376e-10
6.9282760572986e-10
6.813123633940941e-10
6.699879801174596e-10
6.588512657525628e-10
6.478991679596977e-10
6.371286006341412e-10
6.265365896625074e-10
6.161201759842875e-10
6.058764670975105e-10
5.958025603331827e-10
5.85895708304278e-10
5.761531364879096e-10
5.665721083981091e-10
5.571499735936165e-10
5.478840452642818e-10
5.387718291554362e-10
5.298107237673399e-10
5.209982817384838e-10
5.123320127865136e-10
5.03809510269918e-10
4.954283596777251e-10
4.871863074685908e-10
4.790809405157605e-10
4.711100770587629e-10
4.632714250189148e-10
4.555628689248794e-10
4.479822135786566e-10
4.405273821659648e-10
4.331962835508046e-10
4.259868591087919e-10
4.18897081576034e-10
4.119249601016722e-10
4.050685950483986e-10
3.983260164523687e-10
3.916954163494385e-10
3.851748769360978e-10
3.787625914268064e-10
3.724567512373386e-10
3.662556444136309e-10
3.6015750316142e-10
3.541606425568798e-10
3.482633713982978e-10
3.424640444080086e-10
3.367610351983833e-10
3.311527540499235e-10
3.256375592537562e-10
3.202140237818292e-10
3.1488055806988e-10
3.096357165248865e-10
3.044780052303277e-10
2.994059804046633e-10
2.944182432976601e-10
2.895133912545151e-10
2.84690027483264e-10
2.799468458439113e-10
2.75282462465274e-10
2.706955676503521e-10
2.661849079786087e-10
2.617492451100717e-10
2.57387309701614e-10
2.530978778348402e-10
2.488797319203046e-10
2.447317215401883e-10
2.406526849013638e-10
2.366414928196162e-10
2.326969507170138e-10
2.288179752579086e-10
2.250035165852562e-10
2.212525015323745e-10
2.175638635928401e-10
2.139365564452355e-10
2.103695636203812e-10
2.068619181936168e-10
2.034125738627476e-10
2.000206325282466e-10
1.966850989666547e-10
1.934050764451787e-10
1.90179625716902e-10
1.870078006782249e-10
1.838887358716924e-10
1.808215917671498e-10
1.778054448679239e-10
1.748395019979026e-10
1.719229077961364e-10
1.690548318742194e-10
1.66234558976689e-10
1.634611893397988e-10
1.60733975346708e-10
1.580521227450207e-10
1.554148758184635e-10
1.528215623453409e-10
1.502714265625047e-10
1.477637596356716e-10
1.452978313265915e-10
1.428729458080836e-10
1.404884625830114e-10
1.381436656230039e-10
1.35837917827345e-10
1.335705707625285e-10
1.313410035760996e-10
1.291485310033691e-10
1.269925675151503e-10
1.248725010863013e-10
1.227877339781302e-10
1.207377019061615e-10
1.187218300889173e-10
1.16739523552477e-10
1.14790241952715e-10
1.128734535356072e-10
1.109886013918626e-10
1.091351238224979e-10
1.073125260858907e-10
1.055203237510794e-10
1.037579676919113e-10
1.020250152464825e-10
1.003208743885714e-10
9.864517110098234e-11
9.699737599612057e-11
9.537708310756168e-11
9.37837530093668e-11
9.221699513655086e-11
9.067633593252722e-11
8.916136275472815e-11
8.767164238965307e-11
8.620674633940915e-11
8.476626976687544e-11
8.334980740389523e-11
8.19569805950211e-11
8.058739539395644e-11
7.92406484491624e-11
7.791632615833903e-11
7.66140905817989e-11
7.533357814706845e-11
7.407442281783236e-11
7.283625777592595e-11
7.16187542076205e-11
7.042159799619783e-11
6.924434608190692e-11
6.808676147675625e-11
6.694847023276479e-11
6.582915303465693e-11
6.472854915904451e-11
6.364633403758118e-11
6.258208325165795e-11
6.153565048049815e-11
6.050667190458739e-11
5.949484489468612e-11
5.849987123313707e-11
5.75215300977416e-11
5.65595350826393e-11
5.561358280187468e-11
5.468342993570296e-11
5.37687917499751e-11
5.286943099920197e-11
5.198509856530125e-11
5.11154668638744e-11
5.026037127681058e-11
4.941956821016781e-11
4.859277129899974e-11
4.777976242475708e-11
4.698037989885393e-11
4.619430840889292e-11
4.542132215689989e-11
4.46612736202409e-11
4.39139438495461e-11
4.317904882887797e-11
4.245647329688124e-11
4.174595228449048e-11
4.104728426036298e-11
4.036028212920596e-11
3.968473889505663e-11
3.902051976822012e-11
3.836734302664043e-11
3.772511860840388e-11
3.709363933734096e-11
3.647268958567991e-11
3.586211765850222e-11
3.526173892886608e-11
3.46714278472378e-11
3.409093784787692e-11
3.352015347170137e-11
3.295890210083308e-11
3.240706113226541e-11
3.186440951758332e-11
3.133080676587354e-11
3.080613832328247e-11
3.029020106949368e-11
2.978294377531197e-11
2.928411307086569e-11
2.879363595638891e-11
2.831135976510397e-11
2.783716802690467e-11
2.737088496716365e-11
2.691240045343397e-11
2.646160079859196e-11
2.601834066881465e-11
2.558245069975685e-11
2.515384626441837e-11
2.473239204677898e-11
2.431805358130141e-11
2.391060986798124e-11
2.350999644834945e-11
2.311606380590995e-11
2.272870830738598e-11
2.234785661182778e-11
2.197336448733566e-11
2.160512417128161e-11
2.124305514179407e-11
2.088707948051521e-11
2.053700802388881e-11
2.019279595951574e-11
1.985434735085193e-11
1.952156203518973e-11
1.91943416116594e-11
1.887258296076852e-11
1.855619034888631e-11
1.824509971577248e-11
1.793922988851921e-11
1.763849098802719e-11
1.734275184591926e-11
1.705198474267489e-11
1.676610567626133e-11
1.64850128327619e-11
1.62086025266141e-11
1.593683605209916e-11
1.566960633489981e-11
1.540682252896457e-11
1.514848368344186e-11
1.489445881168563e-11
1.464464766319088e-11
1.439907394050295e-11
1.415761305785784e-11
1.392013793630758e-11
1.368666886241614e-11
1.345712202292528e-11
1.323138589137691e-11
1.300939237266143e-11
1.279115426748974e-11
1.25766084240455e-11
1.2365598907558e-11
1.215814345653432e-11
1.195416203000224e-11
1.175361093901136e-11
1.155640022382282e-11
1.136253043441853e-11
1.117189119787385e-11
1.098441731299998e-11
1.080007682399902e-11
1.061884349975776e-11
1.044066278044075e-11
1.026543972891762e-11
1.009313470933206e-11
9.92371442273618e-12
9.75716387041182e-12
9.593375202245357e-12
9.432355686270546e-12
9.274009520508121e-12
9.118324191778374e-12
8.965281141821222e-12
8.81478038384555e-12
8.666814488766277e-12
8.521320662992988e-12
8.378231983026423e-12
8.237570890233443e-12
8.099221627470913e-12
7.963264613973186e-12
7.829539680326636e-12
7.698034726060549e-12
7.568767626994184e-12
7.441673823704538e-12
7.316702705515644e-12
7.193828113135658e-12
7.073005110454873e-12
6.954214499185342e-12
6.837413895541651e-12
6.722598786105782e-12
6.609708053789675e-12
6.4987050057245e-12
6.38958356236431e-12
6.282250345838296e-12
6.176727747905668e-12
6.072957669835424e-12
5.97091768697558e-12
5.870600492973439e-12
5.77197683781249e-12
5.675003265003716e-12
5.579614766845327e-12
5.485868279406466e-12
5.39367446737265e-12
5.303061951167633e-12
5.2139504003731e-12
5.126343971130035e-12
5.040188846069407e-12
4.955500760826885e-12
4.872228526031307e-12
4.790354504422981e-12
4.709879430609734e-12
4.630716408754251e-12
4.552895630032445e-12
4.476370253092326e-12
4.401113978657232e-12
4.327095874902011e-12
4.254379320369357e-12
4.18285459251305e-12
4.112506334259608e-12
4.043345660790695e-12
3.975395801096671e-12
3.908593474924139e-12
3.842880052435691e-12
3.778272255231259e-12
3.714740579929144e-12
3.65226353281356e-12
3.590838000129825e-12
3.530439926399464e-12
3.471045247716351e-12
3.412674072491158e-12
3.355264007606468e-12
3.298834016401018e-12
3.243326490458136e-12
3.188789974794493e-12
3.135176808445103e-12
3.082424172551479e-12
3.030569346624807e-12
2.979588984318214e-12
2.929461071323396e-12
2.880173086820719e-12
2.831720680606589e-12
2.784068558055716e-12
2.737231362656926e-12
2.691166012968458e-12
2.645889117230207e-12
2.601385203984566e-12
2.557587472154529e-12
2.514520806408568e-12
2.472222217697174e-12
2.430581598575744e-12
2.389694783218246e-12
2.349490058709639e-12
2.309969744522144e-12
2.271052099020958e-12
2.232811618409362e-12
2.195231917730549e-12
2.158279855856356e-12
2.121986796264272e-12
2.086268956328395e-12
2.051160744937378e-12
2.01661258856519e-12
1.982683175916314e-12
1.949298174599658e-12
1.91646251184371e-12
1.884195601423119e-12
1.852483539782661e-12
1.821296474328709e-12
1.790616093602927e-12
1.760455402601289e-12
1.730777795567825e-12
1.701621195191915e-12
1.672947468379735e-12
1.644753374724623e-12
1.617065162294491e-12
1.589798971640484e-12
1.563009774350001e-12
1.53667542846202e-12
1.510797995110493e-12
1.485327732977765e-12
1.460304831750788e-12
1.43568823611361e-12
1.411489034364453e-12
1.387733092852542e-12
1.364340129039995e-12
1.341330363317572e-12
1.318690856464976e-12
1.296465129275966e-12
1.274601998161927e-12
1.253107005730712e-12
1.231984961893949e-12
1.211245886590319e-12
1.190822045141664e-12
1.170767979622891e-12
1.151060939156056e-12
1.131662574842785e-12
1.112605318279641e-12
1.093831272775125e-12
1.075394137463926e-12
1.057246910272751e-12
1.0393961123763e-12
1.021862369491665e-12
1.004584312693328e-12
9.876401572556041e-13
9.709501915833457e-13
9.545443822560802e-13
9.384285008172642e-13
9.225657999499814e-13
9.070088011235586e-13
8.917075720266492e-13
8.766651478995222e-13
8.618876145013378e-13
8.473045391975566e-13
8.32990645869653e-13
8.189177775022312e-13
8.050886312302184e-13
7.914879959782873e-13
7.781601461404786e-13
7.650197502298546e-13
7.521480256159885e-13
7.394391945344947e-13
7.269495510780552e-13
7.146923657493212e-13
7.026511370142911e-13
6.907728689948369e-13
6.791218052385643e-13
6.676697296516676e-13
6.563798964276566e-13
6.452885485004759e-13
6.344008978398095e-13
6.23643888886441e-13
6.130950425109037e-13
6.027469225928734e-13
5.925708553837714e-13
5.825715423813617e-13
5.727396563902331e-13
5.630588725510931e-13
5.535161565065871e-13
5.441470848183737e-13
5.349508086022006e-13
5.258767792554749e-13
5.169895192471646e-13
5.082854369575495e-13
4.996924427565244e-13
4.912512287191269e-13
4.829439332490004e-13
4.748102396525578e-13
4.667836318803572e-13
4.589275835852357e-13
4.511377905177935e-13
4.435031447078733e-13
4.360459199554426e-13
4.286367041707703e-13
4.214057902932291e-13
4.142550950569839e-13
4.072247589276411e-13
4.003454879712869e-13
3.93542982107322e-13
3.868946289676903e-13
3.80323023280454e-13
3.738723645327987e-13
3.675085647825628e-13
3.61253664536401e-13
3.551186670884692e-13
3.491205893601621e-13
3.432223359129102e-13
3.374062035198869e-13
3.316931074066026e-13
3.260663603876325e-13
3.205445066036414e-13
3.150935853093545e-13
3.09734843205678e-13
3.044770473435316e-13
2.993361022871337e-13
2.942464475995713e-13
2.892647311693148e-13
2.843362963942081e-13
2.795392237607317e-13
2.74809060110244e-13
2.701345824999726e-13
2.655442164076246e-13
2.610411417624315e-13
2.565730957975186e-13
2.522129140888935e-13
2.479585718005651e-13
2.43735986290186e-13
2.396158937633591e-13
2.355414340901846e-13
2.314968966798283e-13
2.275158589066496e-13
2.236652476398075e-13
2.198603142802737e-13
2.161062557144364e-13
2.124297621031117e-13
2.088496387566314e-13
2.053530695763634e-13
2.018509576618793e-13
1.984161511452533e-13
1.950152504311592e-13
1.917215728258679e-13
1.884442063725242e-13
1.852470236014643e-13
1.82109457662056e-13
1.790145397228975e-13
1.759484661219286e-13
1.729558869578633e-13
1.700176826364923e-13
1.671007609863157e-13
1.642275383597863e-13
1.614172171606628e-13
1.586621053404708e-13
1.559810731106751e-13
1.533510725201545e-13
1.507614781848736e-13
1.481875606666603e-13
1.456954452343036e-13
1.431933191300596e-13
1.407473557107867e-13
1.383051607354374e-13
1.359467415291336e-13
1.336368746826228e-13
1.313300937105879e-13
1.290799960783178e-13
1.268733697955222e-13
1.247201844862941e-13
1.225840427390209e-13
1.20479902936634e-13
1.18413338252605e-13
1.164103605029507e-13
1.144222142178397e-13
1.124536207308603e-13
1.105237443874067e-13
1.086587466342521e-13
1.067949926005852e-13
1.049631114573701e-13
1.031486544126386e-13
1.013593063548939e-13
9.961951695849644e-14
9.792634464218106e-14
9.625599586828745e-14
9.462759116671217e-14
9.30258889798534e-14
9.14319813508028e-14
8.990122398843473e-14
8.837589203085575e-14
8.690176622384875e-14
8.541097461602481e-14
8.392845873250752e-14
8.251704735168528e-14
8.10461643823903e-14
7.966273077773323e-14
7.827786685855514e-14
7.694244232923826e-14
7.560914149270538e-14
7.43351881659431e-14
7.304510293663299e-14
7.180914241205416e-14
7.05640299104505e-14
6.935420072011018e-14
6.816372695966275e-14
6.698353856724792e-14
6.583492573276691e-14
6.473371310068138e-14
6.361357727731068e-14
6.250513674140953e-14
6.14236064566594e-14
6.038377179393865e-14
5.934447984969518e-14
5.832650636029648e-14
5.731434362497929e-14
5.634278218000521e-14
5.538332979918824e-14
5.439973700317246e-14
5.34873760569649e-14
5.257553519811986e-14
5.167044623563913e-14
5.07952004596976e-14
4.993711304579444e-14
4.910027155106432e-14
4.825865766103081e-14
4.743344423906796e-14
4.656242504652727e-14
4.576820682515032e-14
4.496651873608671e-14
4.41969198902097e-14
4.34357551918418e-14
4.268708497395335e-14
4.198076636731259e-14
4.12374616358427e-14
4.052102930342782e-14
3.980854635183849e-14
3.912288172806888e-14
3.847177812172665e-14
3.782012410984186e-14
3.716292047688611e-14
3.65256761296623e-14
3.5938391080751e-14
3.53281346539683e-14
3.471065358818156e-14
3.410047879477616e-14
3.351097240528552e-14
3.29524289042779e-14
3.241203140786793e-14
3.185798069415021e-14
3.128866390067945e-14
3.071178932414346e-14
3.017810370188605e-14
2.967104650446628e-14
2.914102765295247e-14
2.863790139481372e-14
2.812694858545145e-14
2.763739978356761e-14
2.71711492178352e-14
2.668724089440527e-14
2.62247897885654e-14
2.574491709202047e-14
2.529829938857079e-14
2.485751552710136e-14
2.440411562447465e-14
2.398580938715516e-14
2.353167234564579e-14
2.31434860357597e-14
2.274936454351365e-14
2.234063452904632e-14
2.194934778583252e-14
2.156929400254449e-14
2.121338707056987e-14
2.083959236720073e-14
2.047945049029827e-14
2.015148901962859e-14
1.983564042500072e-14
1.950756650985934e-14
1.92036373413256e-14
1.889238008690211e-14
1.854568768506774e-14
1.82145496568062e-14
1.787546030558715e-14
1.753256264156532e-14
1.721675654039709e-14
1.689805400589097e-14
1.656590364715245e-14
1.625115845457428e-14
1.594163654172796e-14
1.561532481442575e-14
1.531178266064501e-14
1.501277602169982e-14
1.473271063984826e-14
1.444744494105272e-14
1.417492394453818e-14
1.389288971127727e-14
1.36235027623471e-14
1.338924260412578e-14
1.314279312263049e-14
1.287725494297254e-14
1.264893027352224e-14
1.24112051981228e-14
1.219680517869465e-14
1.199407841156986e-14
1.175889036695318e-14
1.15223607425178e-14
1.130236855413858e-14
1.108699742499163e-14
1.086577497774547e-14
1.066955763858783e-14
1.048422380644934e-14
1.031807716777573e-14
1.014417938296005e-14
9.974735613884645e-15
9.808122979271383e-15
9.640621819843639e-15
9.476237256528922e-15
9.335301766768723e-15
9.181227336377882e-15
9.049652377529106e-15
8.915364646707916e-15
8.782989635059891e-15
8.67383637522587e-15
8.54108039361836e-15
8.420486441051176e-15
8.282608632798332e-15
8.145254564826916e-15
8.027435045558481e-15
7.907608823815494e-15
7.763470853951538e-15
7.641177454062203e-15
7.485622478398356e-15
7.343544264382586e-15
7.187796505677173e-15
7.028233227757749e-15
6.900805159167755e-15
6.760689294982071e-15
6.632989045328487e-15
6.478268731614117e-15
6.38177752876251e-15
6.295602607329458e-15
6.181931156255191e-15
6.075831779818678e-15
5.968083150585096e-15
5.864687611343828e-15
5.766493679216165e-15
5.68079229194988e-15
5.590576020325834e-15
5.504629885123748e-15
5.427772993727471e-15
5.35010000322388e-15
5.281713751337423e-15
5.237356679619533e-15
5.190712278151931e-15
5.090087812377755e-15
5.052103789116509e-15
5.005909823842758e-15
4.908848525162003e-15
4.831341135324286e-15
4.762988844163295e-15
4.710642626244433e-15
4.698874002146431e-15
4.582241964635268e-15
4.501850624567305e-15
4.435284555328773e-15
4.373036616516891e-15
4.325290258937127e-15
4.260332269611428e-15
4.201922846924416e-15
4.157917626844701e-15
4.100831934910876e-15
4.039399005505156e-15
4.026899486943872e-15
3.960507919200207e-15
3.94336947236325e-15
3.88744014092163e-15
3.840314129192051e-15
3.798662226714355e-15
3.769301540765088e-15
3.740302953263334e-15
3.721876235565183e-15
3.69440110378314e-15
3.685401018070136e-15
3.674846814052418e-15
3.66762643033264e-15
3.657513403838784e-15
3.642427389096679e-15
3.617398524259847e-15
3.593818573719037e-15
3.511259100124764e-15
3.479727656602167e-15
3.440898471531104e-15
3.406324257494803e-15
3.340102342396399e-15
3.330107221357848e-15
3.240966499790814e-15
3.186111267669506e-15
3.134170724743149e-15
3.08732322665176e-15
3.051208610217604e-15
3.013543858657581e-15
2.984058977104157e-15
2.962962633616351e-15
2.937849039158483e-15
2.907920225844336e-15
2.885783576649367e-15
2.867884225215591e-15
2.85221155797779e-15
2.844709014866537e-15
2.834934621091131e-15
2.83036817316053e-15
2.825518194768592e-15
2.821237022054215e-15
2.812441169748222e-15
2.801426041257039e-15
2.79357704256062e-15
2.784363958633032e-15
2.776873017982201e-15
2.772716175676177e-15
2.762070395689276e-15
2.737832005476703e-15
2.678802648242857e-15
2.638132723786612e-15
2.626225218046232e-15
2.59743271423573e-15
2.57926279986064e-15
2.568865314746667e-15
2.60010208870057e-15
2.530531832955599e-15
2.508038152369463e-15
2.448207741347814e-15
2.402680216957119e-15
2.385103336280555e-15
2.413159350226001e-15
2.360739007170804e-15
2.349530010190396e-15
2.287244245869844e-15
2.216655916564078e-15
2.236393734399789e-15
2.160431376853548e-15
2.172229466872577e-15
2.083340787650398e-15
2.096465700004744e-15
2.013634544783336e-15
2.037310290093728e-15
1.928704762554753e-15
1.859858336954478e-15
1.817178005543677e-15
1.842479062477639e-15
1.753333955717007e-15
1.75818223363699e-15
1.684640340953089e-15
1.637343648756813e-15
1.585343580926566e-15
1.595321614243866e-15
1.606587775874121e-15
1.524228629427269e-15
1.509045999767085e-15
1.4728516172379e-15
1.413511999142841e-15
1.408219174061223e-15
1.383516997443665e-15
1.352669137025672e-15
1.300254855775062e-15
1.275103043302997e-15
1.259894381768981e-15
1.241005250762779e-15
1.234016696846635e-15
1.222759843806033e-15
1.203552608334932e-15
1.176684368857889e-15
1.153854973104521e-15
1.130847286627224e-15
1.12101807209984e-15
1.157722860263698e-15
1.171877491698027e-15
1.07365222411722e-15
1.054482371787847e-15
1.02917077054851e-15
1.017848555223055e-15
9.980883801654919e-16
9.938391179309912e-16
9.928158653162084e-16
9.897073413335184e-16
9.821954217121489e-16
9.825965941967637e-16
9.826584748373548e-16
9.824905920032446e-16
9.826635565238383e-16
9.824773258334874e-16
9.825951838391465e-16
9.8252779802667e-16
9.826222041076456e-16
9.824454182872994e-16
9.826759164513932e-16
9.824824587037916e-16
9.825931417881036e-16
9.825261480009587e-16
9.826225398913391e-16
9.824444925272368e-16
9.826563326965543e-16
9.82471292787439e-16
9.825980904893762e-16
9.825172233049282e-16
9.826108691379332e-16
9.824385495382542e-16
9.826548287448919e-16
9.824726201863438e-16
9.82592133988921e-16
9.825213050137558e-16
9.826199216946489e-16
9.824442429651523e-16
9.826635589056608e-16
9.824630570334472e-16
9.897375711178092e-16
9.971035355837534e-16
9.447465138814231e-16
9.279801197370365e-16
9.186595842831249e-16
9.710047609156142e-16
9.201407752098635e-16
9.081466217008216e-16
8.884935754112493e-16
8.623667579648761e-16
8.637999101541274e-16
8.671695593203279e-16
8.62979269261888e-16
8.526073242899169e-16
8.579422537781424e-16
8.124443220553369e-16
8.26342103299778e-16
7.866205593595201e-16
8.017710964869045e-16
7.588129436850624e-16
7.846515425420518e-16
7.848461873484642e-16
7.244309573420562e-16
7.465197260305083e-16
6.964727520153089e-16
7.307242444628687e-16
6.862895585473631e-16
7.235297345957124e-16
6.753972678013869e-16
7.173131808795373e-16
6.740620926414427e-16
7.146022261716489e-16
7.320775945875683e-16
6.839627679501409e-16
7.221661179577796e-16
6.799116563361794e-16
7.227944016850715e-16
6.790840761451894e-16
6.621513975233445e-16
7.041051088620542e-16
6.200050056808798e-16
7.051744544583452e-16
5.73269720910221e-16
5.594968898447165e-16
5.406828899889861e-16
5.320513775148057e-16
5.255388331330357e-16
5.401991023486996e-16
5.259507774265801e-16
5.115102627216979e-16
5.992006017317136e-16
5.577854447075334e-16
5.293946391454156e-16
5.069736927983277e-16
4.912735294854317e-16
4.780482409150963e-16
4.683130707328393e-16
4.59253578505776e-16
4.574013165371974e-16
4.54584605205611e-16
4.532878505336999e-16
4.441017468125457e-16
4.412042622012276e-16
4.385677635156146e-16
4.477437178928065e-16
4.377875466803967e-16
4.326631762757212e-16
4.312035830295101e-16
4.269406516828601e-16
4.280451556844578e-16
4.250293107521373e-16
4.259684968308888e-16
4.22766965336924e-16
4.23998340835968e-16
4.217168876838504e-16
4.223666442226761e-16
4.189422723325138e-16
4.206449769929545e-16
4.259664088476285e-16
4.204216621672932e-16
4.160715860926145e-16
4.214858987823148e-16
4.156685831409964e-16
4.194493868509105e-16
4.15026229021958e-16
4.17136151922185e-16
4.148558995841152e-16
4.171898177488805e-16
4.240103132696559e-16
4.170606721903557e-16
4.148085434829823e-16
4.19158719049979e-16
4.124909273912027e-16
4.15609090290607e-16
4.117477979349614e-16
4.140935231501493e-16
4.118893214960336e-16
4.136421457621028e-16
4.119537204542916e-16
4.13878374834764e-16
4.116302300157856e-16
4.139985960359307e-16
4.118678293836422e-16
4.136735614468164e-16
4.119848935018651e-16
4.139221819099209e-16
4.116823474640893e-16
4.140535053944786e-16
4.118917371147727e-16
4.136521970297236e-16
4.120085882318023e-16
4.138795810932967e-16
4.116939282803505e-16
4.140480408854594e-16
4.119641135843114e-16
4.179580859013959e-16
4.106887372760141e-16
4.123364695579274e-16
4.046308779089174e-16
4.050260808434273e-16
4.089470658934449e-16
3.975761459567204e-16
4.047519277269337e-16
3.916672383371987e-16
3.938660157982488e-16
3.939072240445498e-16
3.933949515206282e-16
3.939459595857941e-16
3.934751339065458e-16
3.939508143856086e-16
3.934323663740224e-16
3.94071334471477e-16
3.977466385997129e-16
3.80021690002858e-16
3.820829963810141e-16
3.764525006717348e-16
3.749602717042068e-16
3.732359950548366e-16
3.721028649685362e-16
3.72719412997475e-16
3.719659816068222e-16
3.724129571991019e-16
3.721426127634496e-16
3.741466492643294e-16
3.702710160855671e-16
3.715931212393735e-16
4.083957685202101e-16
4.072770767937607e-16
4.010172301604954e-16
3.546599988024099e-16
4.227377298421241e-16
3.933191119709242e-16
3.87154793629837e-16
3.756430590944777e-16
3.654674035596437e-16
3.631333752214712e-16
3.587435142706898e-16
3.528182538789077e-16
3.525194779180605e-16
3.510957043599031e-16
3.505612729295851e-16
3.495011445176448e-16
3.507319272711171e-16
3.485965763991967e-16
3.403332451740506e-16
3.347405277461321e-16
3.343801925153465e-16
3.330464443991142e-16
3.337173806233458e-16
3.325695101559658e-16
3.341815935627985e-16
3.319463727701623e-16
3.294927876052442e-16
3.312247265997694e-16
3.257752687106401e-16
3.21384555667268e-16
3.193950966683305e-16
3.177191068108235e-16
3.198730523543949e-16
3.174095774296381e-16
3.181030404272128e-16
3.191115436102943e-16
3.180976536922757e-16
3.174229608427887e-16
3.198259213540072e-16
3.174277208653549e-16
3.180882437168091e-16
3.190953417047097e-16
3.175024840350051e-16
3.185178766939373e-16
3.169851339274979e-16
3.148148469784404e-16
3.155191121373097e-16
3.148496140327037e-16
3.155138129007805e-16
3.147291524218057e-16
3.155744243135207e-16
3.147205528694614e-16
3.154873999736723e-16
3.177128283412156e-16
3.489810511014393e-16
3.395960642622186e-16
3.107812605436906e-16
4.412447450489951e-16
2.904608950332698e-16
2.823439392910629e-16
2.611581276509978e-16
2.734201635797454e-16
2.545623868130915e-16
2.732692364760974e-16
3.749771734806032e-16
2.733025778204728e-16
2.853798839361008e-16
2.649192062654518e-16
2.713888439484875e-16
2.13419818298666e-16
2.357264601532863e-16
3.395596598182575e-16
2.308662810025203e-16
2.362452229283177e-16
2.699124402991733e-16
2.249500880407244e-16
2.419420322280791e-16
1.820735430199536e-16
2.438414068213128e-16
1.83367876021675e-16
2.365922242307779e-16
1.866646708129573e-16
2.27859598044662e-16
1.761452754786369e-16
2.240745177102662e-16
2.237655392140632e-16
3.495762727777663e-16
2.219875538883144e-16
2.355286831648487e-16
3.303912377904672e-16
2.22229749196505e-16
2.31165452046544e-16
2.268606798942158e-16
3.693269426239748e-16
2.336490152194099e-16
2.464207570329308e-16
2.263811972954558e-16
2.200268330614199e-16
2.226250362008779e-16
1.953564756268715e-16
2.245615342011593e-16
2.144879204203284e-16
2.6514422886598e-16
2.646864180522077e-16
2.114555447396411e-16
2.394937676221201e-16
2.713041726806287e-16
2.997257702608544e-16
2.433939998180028e-16
2.094125806744905e-16
2.606230124721021e-16
2.258403973303333e-16
2.323864473047857e-16
2.141314686510837e-16
2.086230511378212e-16
2.648929306450682e-16
2.52036593072349e-16
1.919704026702055e-16
2.135737728025614e-16
2.09986804480209e-16
1.937946734902515e-16
2.192556297170897e-16
2.016776815923226e-16
2.538367053688802e-16
2.584914206532955e-16
1.959081887608927e-16
2.186842002647392e-16
2.057556368235289e-16
1.919918153543329e-16
2.19002360561555e-16
1.909438397203556e-16
1.989492887098067e-16
2.169819951505089e-16
2.327315942657311e-16
1.766195401908179e-16
2.246427056379658e-16
1.605366484788111e-16
2.180637522391951e-16
1.716775953732581e-16
2.165409385856563e-16
1.522722917851864e-16
2.189490142346394e-16
1.620232168131616e-16
2.176880503981335e-16
1.516517438077095e-16
2.106756147697978e-16
1.471189313529609e-16
2.103860282130069e-16
1.543978283606533e-16
2.092598029732144e-16
1.37274692280477e-16
2.040015989647715e-16
1.261976039117139e-16
2.042533560297912e-16
1.398900785606414e-16
2.05033381450211e-16
1.296707642709334e-16
1.999872321200849e-16
1.232968220929959e-16
2.041041148645178e-16
1.380236459544762e-16
2.098453623976689e-16
2.278401313632225e-16
1.525484148751697e-16
1.734573149512498e-16
1.710955862892159e-16
1.624220934721256e-16
2.218332311505822e-16
2.385344583588428e-16
1.642302943426144e-16
1.865447917740372e-16
1.879872980528856e-16
2.622301850793629e-16
1.820704328296769e-16
1.631462843700143e-16
1.886382440095671e-16
1.721036956514337e-16
2.26358141162319e-16
1.296587319319803e-16
2.174118959166608e-16
1.385190313278907e-16
1.663530761168329e-16
1.682318618068102e-16
1.540108010783224e-16
2.246865291313305e-16
2.254026780403302e-16
1.616679572538337e-16
1.73056951600009e-16
1.717616091919966e-16
1.412452757839016e-16
1.770592976603116e-16
1.171557693869923e-16
1.821185573565896e-16
1.067876083519456e-16
1.775845334218598e-16
9.922150409381424e-17
