0.02
36.57412544112257
-nan
-nan
8.319443087412312
6.542188321314386
-nan
-nan
-nan
5.793600983851641
7.591250228972258
8.032069303772271
7.775719887239547
7.164748546524021
6.399054717544192
5.601814345611037
4.846005883397891
4.167024846731103
3.574446658479195
3.064008088644335
2.626706499422049
2.253550488315817
1.936892982421103
1.670099688235632
1.446901719899818
1.261069207781359
1.106493776400501
0.9774898080314965
0.8690838634678681
0.7771595978993413
0.6984453123047826
0.6304000247303003
0.5710638614605136
0.5189173929620509
0.4727691683187859
0.4316734297916953
0.3948720606425294
0.361753232502252
0.3318206720527651
0.3046696747708093
0.279967798585342
0.2574392468978954
0.2368524193940059
0.2180102255557294
0.2007427362021762
0.1849017187678996
0.1703566114338775
0.1569915429073345
0.1447030822474226
0.1333984868918623
0.1229942918171928
0.1134151406083988
0.1045927986278779
0.0964653121772746
0.08897629003988115
0.08207428953789715
0.07571229168866359
0.06984725137698793
0.06443970975976025
0.05945345771699186
0.05485524098935242
0.05061449948418997
0.04670313489310852
0.04309530212911877
0.03976722113207844
0.03669700634231637
0.03386451166921945
0.03125118915393368
0.02883995980128077
0.02661509527592964
0.02456210934521207
0.02266765811607701
0.02091944825902849
0.01930615253634442
0.01781733205382045
0.01644336473440195
0.01517537956974021
0.01400519624519721
0.0129252697592408
0.01192863967420647
0.0110088836463483
0.01016007489259227
0.009376743262047984
0.008653839593715611
0.007986703058545264
0.007371031203908958
0.006802852440943279
0.006278500739104128
0.005794592316593741
0.005348004139056234
0.004935854061297996
0.004555482467192361
0.004204435281048967
0.003880448239456202
0.003581432325986405
0.003305460282367017
0.003050754118997215
0.00281567355528112
0.002598705326437589
0.002398453298454076
0.002213629336922362
0.002043044878823745
0.001885603159096993
0.001740292046200029
0.001606177442997042
0.001482397211289431
0.001368155580260948
0.001262718001088019
0.001165406412018588
0.00107559488036363
0.0009927055900608374
0.0009162051457441334
0.0008456011665351028
0.0007804391450338747
0.0007202995491729445
0.0006647951466791081
0.0006135685338304838
0.0005662898519801608
0.0005226546769340963
0.0004823820677130087
0.0004452127625091892
0.0004109075107673708
0.0003792455313025629
0.0003500230872161004
0.0003230521691181166
0.0002981592788098491
0.0002751843061497986
0.000253979492330525
0.000234408473243704
0.0002163453970231474
0.0001996741102268074
0.0001842874074754673
0.0001700863396947647
0.0001569795764265343
0.000144882817978988
0.0001337182534811901
0.0001234140611894629
0.0001139039476694059
0.0001051267227363725
9.702590728833149e-05
8.95493713980782e-05
8.264900025501453e-05
7.628038574942334e-05
7.040254168024491e-05
6.497764074402403e-05
5.997077161636908e-05
5.534971458226323e-05
5.108473429952912e-05
4.714838839602182e-05
4.351535070571283e-05
4.016224804208279e-05
3.706750949291721e-05
3.421122729557027e-05
3.157502842324295e-05
2.914195607385228e-05
2.689636031335188e-05
2.48237971773367e-05
2.291093558501883e-05
2.114547146591268e-05
1.95160485434397e-05
1.80121852580027e-05
1.662420735350649e-05
1.534318568323055e-05
1.416087882899033e-05
1.306968015451591e-05
1.206256894642623e-05
1.113306532308952e-05
1.027518861612846e-05
9.483418954383859e-06
8.752661800856357e-06
8.078215213534093e-06
7.45573962068804e-06
6.881229915717122e-06
6.350989694615736e-06
5.861607470885546e-06
5.409934717795348e-06
4.993065597691926e-06
4.608318250865624e-06
4.253217523850815e-06
3.925479028085791e-06
3.622994427370038e-06
3.34381786008613e-06
3.086153409076863e-06
2.848343539358455e-06
2.628858428025257e-06
2.426286119532625e-06
2.239323440392521e-06
2.066767616090417e-06
1.907508535528553e-06
1.760521611975427e-06
1.62486119582596e-06
1.499654493943425e-06
1.384095959245685e-06
1.277442111618051e-06
1.179006757944109e-06
1.088156580292931e-06
1.004307063029732e-06
9.269187341560323e-07
8.554936950799179e-07
7.89572417977274e-07
7.287307888392765e-07
6.725773788786569e-07
6.207509253658793e-07
5.729180067412557e-07
5.28770896206742e-07
4.88025581670237e-07
4.504199373360848e-07
4.157120368261785e-07
3.836785957634994e-07
3.541135353673014e-07
3.268266558254715e-07
3.016424128574856e-07
2.783987879580937e-07
2.569462464076991e-07
2.371467749765008e-07
2.188729946047601e-07
2.020073406157231e-07
1.864413070844292e-07
1.720747487447703e-07
1.588152367625468e-07
1.465774643144945e-07
1.352826981313046e-07
1.248582719202821e-07
1.152371188237185e-07
1.063573401437758e-07
9.816180724619369e-08
9.059779360686133e-08
8.36166360718177e-08
7.717342150634349e-08
7.122669765055017e-08
6.573820667339377e-08
6.067263894792029e-08
5.59974056188641e-08
5.168242910164428e-08
4.769994955972722e-08
4.402434615071923e-08
4.063197230067618e-08
3.750100348576133e-08
3.461129701684925e-08
3.194426201444228e-08
2.948274039466289e-08
2.721089600814194e-08
2.511411290407827e-08
2.3178901485476e-08
2.139281139016459e-08
1.974435198618226e-08
1.822291765043282e-08
1.6818720176674e-08
1.552272571118748e-08
1.432659639313592e-08
1.322263685582463e-08
1.22037447407585e-08
1.126336504090465e-08
1.039544776669707e-08
9.594409274684334e-09
8.855096121436428e-09
8.172751789972154e-09
7.542986662493753e-09
6.961748973926754e-09
6.425299456781134e-09
5.930186970133118e-09
5.473226200718921e-09
5.05147724560341e-09
4.662226865477096e-09
4.302970898629355e-09
3.971398017032023e-09
3.665375068882434e-09
3.382933334936132e-09
3.122255579128527e-09
2.881664816762947e-09
2.659613228123904e-09
2.454672223403234e-09
2.26552328538052e-09
2.090949579233423e-09
1.92982793792474e-09
1.781121801902691e-09
1.643874421198356e-09
1.517202973754273e-09
1.400292317711531e-09
1.292390440916317e-09
1.192803145042575e-09
1.100889645984337e-09
1.016058768578095e-09
9.377646775165793e-10
8.655036233781089e-10
7.988107622883582e-10
7.372570278847448e-10
6.804464165713246e-10
6.280134955281861e-10
5.796208389340697e-10
5.349571798809595e-10
4.937351396346177e-10
4.556895696334611e-10
4.205756512641695e-10
3.881674666962848e-10
3.582566598470488e-10
3.306505708370018e-10
3.051717738680324e-10
2.816562379748614e-10
2.599527126961294e-10
2.399216217718993e-10
2.21434063929031e-10
2.043710944962918e-10
1.886229573991231e-10
1.740882291807201e-10
1.606736001617084e-10
1.482926619044567e-10
1.368656784155349e-10
1.263193058704437e-10
1.165854942924097e-10
1.076018203915735e-10
9.931041508008777e-11
9.165785401824469e-11
8.4595068929791e-11
7.807644953674357e-11
7.206018119963527e-11
6.650748600157084e-11
6.138264324667416e-11
5.665270084694748e-11
5.22872716245206e-11
4.825815358468679e-11
4.453956501875855e-11
4.110748142659275e-11
3.793991892906918e-11
3.501641699404161e-11
3.231811738815463e-11
2.982784876343342e-11
2.752939704448646e-11
2.540808630913821e-11
2.345025421621559e-11
2.164323800701004e-11
1.997549805282327e-11
1.843626334763319e-11
1.701562758303185e-11
1.570445877630313e-11
1.449435750625798e-11
1.337741901390424e-11
1.234654715799566e-11
1.139513793817651e-11
1.051711865909701e-11
9.706666455220577e-12
8.958698651378072e-12
8.268364187342822e-12
7.631270826457708e-12
7.043239003289018e-12
6.500525882277324e-12
5.999522127017561e-12
5.537247399192467e-12
5.110608050740255e-12
4.716835882896986e-12
4.353364782405596e-12
4.01785781811777e-12
3.708249656936376e-12
3.4225213686027e-12
3.158793603901866e-12
2.91538851942269e-12
2.690752726135826e-12
2.483405402388268e-12
2.292054931065443e-12
2.115462763775013e-12
1.952551860272674e-12
1.802046203898673e-12
1.663204079710968e-12
1.534995431334532e-12
1.416743335028577e-12
1.307472291159462e-12
1.206736893520738e-12
1.113794525993741e-12
1.027945894375853e-12
9.487620500168256e-13
8.757030441314957e-13
8.082105708397171e-13
7.459308914117983e-13
6.8845189578502e-13
6.353848191359795e-13
5.86498040319807e-13
5.412899773899114e-13
4.995957605319575e-13
4.610781358414511e-13
4.255176768027128e-13
3.927969384156955e-13
3.625161174305376e-13
3.345752698437866e-13
3.088056098642164e-13
2.849894263233326e-13
2.630352455859911e-13
2.427403828622259e-13
2.240202366546248e-13
2.068606742330457e-13
1.908821708105123e-13
1.761284620356194e-13
1.626226974131512e-13
1.501623696559498e-13
1.385944868803232e-13
1.279190653228765e-13
1.180341005531262e-13
1.08911968341163e-13
1.00508978410946e-13
9.284965485792644e-14
8.569421860717953e-14
7.905170968984542e-14
7.301740384188447e-14
6.736606449826709e-14
6.211162062055733e-14
5.736193916887941e-14
5.288641685851748e-14
4.885422567106477e-14
4.511185771457525e-14
4.163953176797368e-14
3.848036274036163e-14
3.546184442682871e-14
3.276407214395472e-14
3.027998774666349e-14
2.797215402711915e-14
2.586268366630548e-14
2.384802021072327e-14
2.193939831215877e-14
2.024329063170032e-14
1.8764890652198e-14
1.73634850217184e-14
1.602623987946599e-14
1.484763880683665e-14
1.371423056236288e-14
1.265240516732857e-14
1.175100147256607e-14
1.086655677303022e-14
1.005673625852193e-14
9.305829120129708e-15
8.633389021604176e-15
8.03774189054434e-15
7.451613553565444e-15
6.887694571533694e-15
6.29661396956836e-15
5.830063368403983e-15
5.417832775793328e-15
4.982751341794231e-15
4.645306007649472e-15
4.292777622402032e-15
3.920720641269933e-15
3.638281305158684e-15
3.352470265494393e-15
3.190443902629172e-15
2.853936706450412e-15
2.710601589698769e-15
2.451036813751613e-15
2.313494033582371e-15
2.131369116265276e-15
1.956896858108784e-15
1.837276188793882e-15
1.677523642595449e-15
1.568326740077168e-15
1.422322792375613e-15
1.264019706090614e-15
1.253651957721989e-15
1.16601544862073e-15
1.117882938502663e-15
1.095149769065349e-15
9.029029959592543e-16
8.548213324573429e-16
8.602563897611094e-16
6.858109442085549e-16
7.224761932947634e-16
6.340349086797457e-16
6.715750186178658e-16
5.335413709228981e-16
5.622078072539896e-16
4.974279164735874e-16
4.956904976496379e-16
4.209279699097475e-16
3.92984534856221e-16
3.9545814948094e-16
3.626162680352844e-16
3.822060304627924e-16
2.640710375265817e-16
3.020889474458229e-16
3.175067234855195e-16
2.411824289337096e-16
3.838026067360737e-16
2.270648263735978e-16
3.336432530505532e-16
4.343846369911379e-16
3.103476896670358e-16
2.199257668329521e-16
2.730122135090547e-16
2.651393262051268e-16
2.498450989504432e-16
2.393239794428753e-16
2.509633896897553e-16
3.09888761948206e-16
4.775610052630563e-16
2.759921928173332e-16
1.728744845497669e-16
1.630214196377169e-16
1.93777080866868e-16
1.741135858547603e-16
-nan
7.721032743146189e-17
