0.02
22.99337847561701
33.7053016363258
51.39783342068144
60.07633310490729
57.07377404400199
47.36994270527281
37.92375009970201
31.17482645454949
25.810537790602
20.82797925384301
16.40952067438607
12.97695592290185
10.60880881550688
9.028895109518801
7.865437879392738
6.860043074148271
5.903003516183606
4.980706431382091
4.120782850691403
3.357606118946261
2.714978982286146
2.200042420364753
1.804137061700531
1.507743964040024
1.287106724501696
1.120075306722124
0.9893590140562675
0.8830526867777141
0.7936008892104288
0.7164092371165289
0.6487074234371182
0.5887801427576502
0.5354910381996826
0.4880037293966488
0.445629824414298
0.4077570601066866
0.3738245128759268
0.3433209634161281
0.3157905225449263
0.2908369295009726
0.2681235426617953
0.2473693220217239
0.2283423160903254
0.2108521291534768
0.1947423666527106
0.1798836163969242
0.1661672611136522
0.1535002846813747
0.141801145177579
0.1309966980460325
0.1210200639314358
0.1118092693088618
0.1033064593241514
0.09545749084203903
0.08821174706733033
0.08152205758651442
0.0753446474588912
0.06963907052517776
0.06436810483068531
0.05949760372380939
0.05499630670836925
0.05083562070052342
0.0469893855473178
0.04343363793557874
0.04014638579189637
0.0371074018362369
0.03429804107062812
0.03170108347096805
0.02930060050339896
0.02708184246811145
0.02503114298315052
0.02313583691921944
0.02138418851504815
0.01976532701514315
0.0182691878209479
0.01688645774202194
0.01560852343332309
0.014427422494612
0.01333579699021957
0.01232684933154422
0.01139430056495415
0.01053235114166962
0.00973564423277852
0.008999231610672929
0.008318542064519369
0.007689352264790303
0.007107759948776864
0.006570159269520633
0.006073218135348207
0.00561385736449959
0.005189231486259145
0.004796711033250959
0.004433866186152802
0.004098451649564582
0.003788392654395893
0.003501771996823977
0.003236818036075195
0.002991893582915071
0.002765485617993609
0.002556195784481097
0.002362731603225918
0.00218389836144479
0.00201859162815252
0.001865790351473471
0.001724550494896562
0.001593999171557977
0.001473329237819831
0.001361794309739579
0.0012587041684527
0.001163420522948716
0.001075353101146744
0.0009939560425152798
0.0009187245676911615
0.0008491919026101979
0.0007849264365623705
0.0007255290953224234
0.0006706309121002437
0.000619890780514472
0.0005729933751323008
0.0005296472263543629
0.0004895829375647114
0.0004525515335216608
0.0004183229299388927
0.0003866845151032099
0.0003574398351929015
0.0003304073757028461
0.000305419432049302
0.0002823210630191424
0.00026096912125161
0.0002412313553975559
0.0002229855789995824
0.0002061189014849701
0.000190527016966231
0.000176113546814218
0.0001627894322114815
0.0001504723731155503
0.0001390863102696154
0.0001285609470986549
0.0001188313085183164
0.0001098373338735711
0.0001015235014056897
9.38384818245849e-05
8.673481873658299e-05
8.016863384277427e-05
7.409935498107655e-05
6.848946523294084e-05
6.330427145316067e-05
5.851169070843297e-05
5.408205322664029e-05
4.998792056509117e-05
4.620391780202439e-05
4.270657864527644e-05
3.947420243225981e-05
3.648672207091356e-05
3.372558204279495e-05
3.117362565422769e-05
2.8814990786345e-05
2.66350134542939e-05
2.462013854370044e-05
2.27578371476919e-05
2.103652998000162e-05
1.944551638786067e-05
1.797490853423368e-05
1.661557036065261e-05
1.535906097880238e-05
1.419758217243446e-05
1.312392972076656e-05
1.21314482794816e-05
1.12139895764048e-05
1.036587369886125e-05
9.581853263229434e-06
8.857080271945263e-06
8.187075474216791e-06
7.56770005664917e-06
6.995129499783313e-06
6.465829444852752e-06
5.976533423880061e-06
5.524222314431215e-06
5.106105388715768e-06
4.719602835390297e-06
4.362329639604423e-06
4.032080716319828e-06
3.726817198750408e-06
3.444653791598504e-06
3.183847106191942e-06
2.942784900331395e-06
2.719976152743807e-06
2.514041906939772e-06
2.323706824099208e-06
2.147791389818436e-06
1.985204722782425e-06
1.834937937913497e-06
1.696058019207495e-06
1.56770216150539e-06
1.449072542399359e-06
1.339431489643043e-06
1.238097011192226e-06
1.144438657937018e-06
1.057873692245454e-06
9.77863537497502e-07
9.03910485971163e-07
8.355546452400591e-07
7.723711049132736e-07
7.139673072368558e-07
6.599806071782999e-07
6.100760084947204e-07
5.639440641396423e-07
5.212989295674821e-07
4.8187655948425e-07
4.454330377615309e-07
4.117430326853194e-07
3.805983682857144e-07
3.518067046299014e-07
3.251903188038211e-07
3.005849802288129e-07
2.778389127501442e-07
2.568118375537834e-07
2.373740906439943e-07
2.194058089584595e-07
2.027961801747576e-07
1.874427510556714e-07
1.732507894832242e-07
1.601326962419498e-07
1.480074627184709e-07
1.368001707030632e-07
1.264415308908409e-07
1.168674575126817e-07
1.080186758705724e-07
9.984036029107162e-08
9.228180036429669e-08
8.529609300756173e-08
7.883985802908244e-08
7.287297578831089e-08
6.735834490197615e-08
6.22616584135306e-08
5.755119641886546e-08
5.319763469559518e-08
4.917386706173319e-08
4.545484093859699e-08
4.201740479163684e-08
3.884016648187384e-08
3.590336179879511e-08
3.318873250353356e-08
3.067941286014008e-08
2.835982430381322e-08
2.621557792982376e-08
2.423338362832131e-08
2.240096608505013e-08
2.070698707632509e-08
1.914097330657571e-08
1.769324978008585e-08
1.635487815815111e-08
1.511760011597417e-08
1.39737847311015e-08
1.29163800708839e-08
1.193886863881484e-08
1.103522631619928e-08
1.019988440542005e-08
9.427694727694583e-09
8.713897419414974e-09
8.054091200057586e-09
7.4442061537308e-09
6.880478388026666e-09
6.359426846706002e-09
5.877831792162553e-09
5.432715057612057e-09
5.021321900745675e-09
4.641104064750765e-09
4.289704307192875e-09
3.964942226623576e-09
3.66480082839878e-09
3.387414610530481e-09
3.131058241581783e-09
2.894136082900671e-09
2.675172713729625e-09
2.472804106571469e-09
2.285769331200664e-09
2.112902844184166e-09
1.953127647268679e-09
1.805448554614269e-09
1.668946134022426e-09
1.542771098041158e-09
1.426138965722373e-09
1.318325220832838e-09
1.218660757947778e-09
1.126527584507794e-09
1.041355054911245e-09
9.626161286393591e-10
8.898239319329282e-10
8.225288735065272e-10
7.603155796307556e-10
7.028002927883177e-10
6.496284802950666e-10
6.004725105572326e-10
5.550296169185826e-10
5.130198866613971e-10
4.741846708783381e-10
4.382847788703748e-10
4.050991153418032e-10
3.744231990741793e-10
3.46067945987558e-10
3.198584972086517e-10
2.956331106045631e-10
2.732421743609601e-10
2.525473693553655e-10
2.334205965824683e-10
2.157434722328638e-10
1.994064381941928e-10
1.843080785489702e-10
1.703546395426189e-10
1.574594373063904e-10
1.455421117464467e-10
1.345285690605134e-10
1.243501307307272e-10
1.149433138724498e-10
1.062494845724364e-10
9.821442027349163e-11
9.07879618675554e-11
8.392386748852736e-11
7.757931056970619e-11
7.171485828274711e-11
6.62939606538887e-11
6.128293477076116e-11
5.66506373514439e-11
5.236831619227457e-11
4.840950229713009e-11
4.474965145566118e-11
4.136613625473883e-11
3.823807590382694e-11
3.534616752822234e-11
3.267255797558479e-11
3.020081557087348e-11
2.791567035053036e-11
2.580310396329025e-11
2.385008613986256e-11
2.204460664327122e-11
2.037557431888124e-11
1.883269662695418e-11
1.740647131868323e-11
1.608811230667622e-11
1.486952595235473e-11
1.374318636499854e-11
1.270211574821534e-11
1.173990226299433e-11
1.085063730257172e-11
1.002877194386886e-11
9.26919927137311e-12
8.567267822437116e-12
7.918554374420962e-12
7.319075192954804e-12
6.765071650343874e-12
6.253110434304726e-12
5.779962418068076e-12
5.342682927903303e-12
4.938565631519732e-12
4.56509398896659e-12
4.219885964907597e-12
3.900842569264389e-12
3.605979229040014e-12
3.333408001793536e-12
3.081472311990376e-12
2.84853514068828e-12
2.63326983637954e-12
2.434220567458498e-12
2.250203212560669e-12
2.080086783060848e-12
1.922769133120431e-12
1.777372608520279e-12
1.642948288810963e-12
1.518670349294183e-12
1.403763280121765e-12
1.297528030811155e-12
1.199323515265605e-12
1.108532607010272e-12
1.024616084696223e-12
9.47026063479794e-13
8.753007270421404e-13
8.089841330770615e-13
7.47670222021718e-13
6.910129295461387e-13
6.386090581515854e-13
5.902149882962864e-13
5.454895625664407e-13
5.041677951687353e-13
4.659741010902832e-13
4.306695268892159e-13
3.979993815482823e-13
3.67852639280825e-13
3.400037844321231e-13
3.142487930897499e-13
2.904600464027649e-13
2.684539575873686e-13
2.481213909579138e-13
2.293498802157595e-13
2.119950783508235e-13
1.959687418871288e-13
1.811420007088731e-13
1.674094206247211e-13
1.547499023075928e-13
1.430390745834259e-13
1.322342022736878e-13
1.222155830715353e-13
1.129613650733889e-13
1.043870033008673e-13
9.647061154921374e-14
8.917042214939582e-14
8.24499558524251e-14
7.619448883358645e-14
7.042298701925501e-14
6.50933601348583e-14
6.016307432557438e-14
5.562061558003304e-14
5.1367656078031e-14
4.747540617800515e-14
4.386286541016067e-14
4.056850151711039e-14
3.747679475445677e-14
3.461453245669713e-14
3.196464973499387e-14
2.951194346363679e-14
2.725848854819432e-14
2.518159148318472e-14
2.328382025361432e-14
2.152322747623172e-14
1.987814172835892e-14
1.833623870351326e-14
1.692012297202459e-14
1.558828105494282e-14
1.437658396701594e-14
1.326031565795836e-14
1.221896857806835e-14
1.127285857751038e-14
1.039470376460102e-14
9.591897143432918e-15
8.848397084985653e-15
8.163991437473432e-15
7.557498657658286e-15
7.008518569264737e-15
6.471841162601982e-15
5.998219999204243e-15
5.524172776379902e-15
5.113957288655729e-15
4.741683233310978e-15
4.41139459955876e-15
4.087972019202703e-15
3.761651579368451e-15
3.465922124163363e-15
3.182159027725315e-15
2.945445841012461e-15
2.749660353168736e-15
2.567352073359289e-15
2.418470882809061e-15
2.262729073708169e-15
2.143858958411158e-15
2.002640061349276e-15
1.864890748618152e-15
1.727342603620513e-15
1.64285744815708e-15
1.545872158745478e-15
1.429045568848607e-15
1.330793220804176e-15
1.252942321562674e-15
1.168811309693669e-15
1.177061683778317e-15
1.042036358715381e-15
9.422020077078465e-16
8.699874671529918e-16
8.242960171050962e-16
7.83311003639353e-16
7.490067200286282e-16
7.133464905096443e-16
6.981732998720527e-16
6.461871694372099e-16
6.677790133323468e-16
6.074655411320608e-16
6.107515135070012e-16
5.527098531000522e-16
6.133652145136438e-16
6.692499371857285e-16
5.692433650652735e-16
5.718293088382932e-16
5.864656446407665e-16
5.250985392360831e-16
6.315131577506305e-16
5.359804120064826e-16
4.816944750581409e-16
4.348354499686539e-16
3.974493114463065e-16
5.134396679128302e-16
4.389299677490283e-16
4.005382748730836e-16
3.827223957129982e-16
3.673773157251119e-16
4.847162223777246e-16
4.196821622156826e-16
5.331599358989932e-16
4.55635053947771e-16
4.178917700227011e-16
4.437247380715341e-16
3.84397456634878e-16
3.325050555404361e-16
4.587601987443529e-16
4.689747129779798e-16
5.058964319557434e-16
4.424412219213123e-16
3.688632663880208e-16
3.133778025163615e-16
3.401903454386123e-16
4.603231800341889e-16
2.856359791358107e-16
3.302433909780319e-16
3.613164173961994e-16
3.874558426703706e-16
4.022981504609699e-16
4.121388049221976e-16
1.909416396851643e-16
2.900616728728802e-16
4.222641339054065e-16
1.884109452294123e-16
3.071508426271786e-16
3.491709916362296e-16
3.625772373760548e-16
2.953030257212034e-16
3.328195375958301e-16
3.656680451290069e-16
3.049537106579151e-16
3.380224848274838e-16
2.770886598493352e-16
3.318165196153325e-16
3.449015451589869e-16
2.687964439592633e-16
3.102822279702988e-16
2.500626652670219e-16
3.031497780002332e-16
2.497377063724749e-16
3.797060821705729e-16
2.984461437416546e-16
3.462655906649919e-16
2.785459785198583e-16
3.092551736394256e-16
3.257574449123699e-16
3.302486741177707e-16
3.473412581747494e-16
3.652797003954735e-16
2.968625829179709e-16
3.401323631474704e-16
3.561600070269768e-16
2.7764971152708e-16
3.207598534441594e-16
3.532508491608003e-16
2.958182995674165e-16
3.321538532410761e-16
2.505338051655689e-16
2.946175304255442e-16
3.250831099049329e-16
3.30711302550018e-16
3.479457550233801e-16
2.809533203273956e-16
3.153788423901543e-16
3.419225384540664e-16
2.642984975531472e-16
3.921952730941524e-16
3.139018773703127e-16
3.59969734702347e-16
3.784639005576165e-16
3.867773023853417e-16
4.019473678908179e-16
4.368913193089883e-16
3.691303632443371e-16
3.132405403607832e-16
3.559709115253434e-16
3.708203189323793e-16
3.80780078416562e-16
4.021007944998181e-16
3.19920542612155e-16
4.442208568867479e-16
1.977622193625134e-16
3.292190016350643e-16
3.440461667391694e-16
2.888770293463894e-16
3.206090824570669e-16
2.439364541098924e-16
3.648800593427427e-16
3.764137642106382e-16
3.140375852227383e-16
2.881337590327189e-16
3.143112555624279e-16
3.39509620127612e-16
4.498756418972759e-16
3.858150114102301e-16
3.462893707238729e-16
3.056370071809655e-16
3.407888065281347e-16
2.848507769025653e-16
3.093160998119819e-16
3.368706442385181e-16
2.634578387197687e-16
2.083398338711453e-16
3.424801446101705e-16
2.430313975287324e-16
3.119352071092781e-16
2.536900738947953e-16
2.942167427245254e-16
3.142758909801528e-16
3.431148581949958e-16
2.719297376547187e-16
3.207353518139237e-16
3.514280376198077e-16
2.815913657335618e-16
3.329618679523113e-16
3.43566883648559e-16
2.615662371587584e-16
2.972744758404461e-16
3.072089040222141e-16
3.295700955227317e-16
3.511372574711187e-16
3.520149372351287e-16
3.628330885413477e-16
3.796274875533363e-16
3.796654676043366e-16
3.957517719318411e-16
3.305002565474628e-16
3.647710679080119e-16
3.947478526934066e-16
4.137369439923644e-16
3.334640925329733e-16
3.697369226754102e-16
3.843704215502728e-16
1.740341205914318e-16
2.810887003771716e-16
4.021493758006727e-16
3.345498424487569e-16
2.80762535078129e-16
2.357760498815748e-16
3.686006863621571e-16
2.974431040195011e-16
2.450522043236947e-16
3.683618060788806e-16
3.801209417506102e-16
3.178118831032288e-16
2.890384245758381e-16
4.253701684414762e-16
3.551732144795309e-16
3.163047095699604e-16
3.548202216207326e-16
3.874477276605974e-16
3.541884465920061e-16
3.231798792461699e-16
3.548495079974432e-16
3.053799076347151e-16
3.301101680693374e-16
3.444991506103512e-16
2.744143570159697e-16
3.044523029767146e-16
3.201529091132894e-16
3.669128149106666e-16
3.027680746943547e-16
3.406018868473842e-16
4.57192844657913e-16
3.108251477556357e-16
2.675666094783283e-16
2.34815711739499e-16
3.434317818551386e-16
3.215640389332988e-16
2.807514902818145e-16
3.540298243883444e-16
2.952534153883345e-16
3.38836385294181e-16
2.882388279821846e-16
3.484012412742869e-16
2.899921737905582e-16
2.847030001585218e-16
2.574018365896976e-16
3.173241487623511e-16
3.414775220350727e-16
3.394235845047795e-16
3.556551122133014e-16
3.624842124290306e-16
3.741284104012554e-16
3.961596707214989e-16
4.048308222830947e-16
3.990667491284034e-16
4.203210055198519e-16
4.350065671201851e-16
2.625460545400989e-16
3.861207297494284e-16
4.000812103447274e-16
4.167232688335053e-16
2.614424189498946e-16
3.685224997450481e-16
3.822448301084105e-16
4.0186823016068e-16
4.388273292389542e-16
2.150670810204559e-16
3.324950791695633e-16
3.532995829550356e-16
2.803165608287034e-16
2.218211697495691e-16
2.763999626218099e-16
3.723866489085022e-16
3.878196448501705e-16
4.117537138765875e-16
3.461633366444695e-16
3.021281537009512e-16
3.406198794321396e-16
2.721076037182217e-16
3.035629355121034e-16
3.231218067937131e-16
2.7138427495604e-16
3.75098737302769e-16
3.891927813900453e-16
3.923862529265879e-16
4.025633382504226e-16
3.475890644155566e-16
3.758455928345772e-16
3.986683561024308e-16
4.087463419432165e-16
4.375980451616554e-16
4.443944665694799e-16
3.725565975568567e-16
3.397461042647754e-16
3.669041045102937e-16
4.691288777834662e-16
4.019100285449381e-16
4.311635150399248e-16
4.536811496685859e-16
4.11019053983736e-16
3.894114293865827e-16
3.794997439251711e-16
3.325604123619533e-16
2.929975331835233e-16
3.946681771516705e-16
3.367304790676453e-16
2.998595634978141e-16
2.843809977464696e-16
3.738086244237195e-16
3.15642158480396e-16
2.658440548489441e-16
3.833228525069038e-16
3.948445817808313e-16
5.138715950405047e-16
4.354497199661457e-16
3.887576249858594e-16
3.529060580760782e-16
3.74399935987409e-16
3.339414679448594e-16
3.110083668966502e-16
3.578240737447733e-16
4.599330090053021e-16
3.903063568460102e-16
4.152374760528389e-16
3.478543268552386e-16
3.180772396563914e-16
4.308040491598054e-16
3.590250478659393e-16
3.162542336356954e-16
3.009945048855525e-16
2.793999612079015e-16
3.741687723823235e-16
3.563644600280805e-16
4.425186410823438e-16
3.738601532756077e-16
3.169474987357254e-16
4.396602553472394e-16
3.014701521489673e-16
3.907090308938681e-16
3.274191958602034e-16
4.390222352829414e-16
3.832404382360292e-16
3.534689534806615e-16
3.88745185990365e-16
3.587190756270567e-16
3.860113118500501e-16
3.462029603694236e-16
3.660776303746252e-16
4.701833362380935e-16
3.992646879560145e-16
3.636007965165413e-16
3.396926304094631e-16
2.997006681306381e-16
4.23446393693249e-16
3.551321038444963e-16
3.253902854362098e-16
4.391657189716027e-16
3.73263897887762e-16
3.456617962922957e-16
3.093687474252221e-16
2.820261199896485e-16
3.153186935196743e-16
4.352365802823223e-16
3.800036965126561e-16
4.85381300932367e-16
4.002258828096219e-16
3.724772355624231e-16
3.509065030541405e-16
3.240208276748216e-16
3.061216474152147e-16
4.131448652285222e-16
4.063904287382864e-16
3.522620565612918e-16
4.923001672417837e-16
4.26033990813716e-16
3.785181320374092e-16
3.46153071231775e-16
3.196847290131867e-16
2.902987853479138e-16
3.891978507909443e-16
3.280005041709475e-16
2.880047590570838e-16
3.969936226779006e-16
3.284498455749098e-16
3.136538203534102e-16
4.284459756927743e-16
3.542347906276641e-16
3.231312974807627e-16
3.059729063452489e-16
4.188558534355201e-16
3.68231316936743e-16
3.145967220839218e-16
4.383875018875147e-16
3.545457054209979e-16
3.108755596124158e-16
2.755228976528971e-16
4.117486209790045e-16
3.602966660386511e-16
3.195036525528877e-16
2.994383719515595e-16
4.081655549194896e-16
5.054954028506096e-16
4.463220823238872e-16
3.950071537124497e-16
3.335266338697939e-16
3.313007831682698e-16
3.255170620202171e-16
4.393458579931159e-16
3.856683387315267e-16
5.07830783150849e-16
3.516462895404024e-16
4.461881302023726e-16
3.009870550797631e-16
3.885114447729695e-16
4.172700910518271e-16
4.37161377918114e-16
4.750388420713273e-16
3.772589723759921e-16
3.468759252572458e-16
3.198625014782987e-16
4.688991726577561e-16
3.976752617661354e-16
5.118045144927285e-16
5.324003292725949e-16
4.390889564635198e-16
3.819338589134574e-16
3.437037211962497e-16
3.32384941251601e-16
3.060562168994282e-16
2.824151417775676e-16
3.790704913394855e-16
4.952889832200395e-16
4.292196048018134e-16
3.98820204299047e-16
3.651105722980747e-16
3.597182153032537e-16
3.354987668683822e-16
3.178677895382165e-16
4.168037391387234e-16
3.602558973570619e-16
3.315406086254873e-16
4.376139970294e-16
3.892520387240263e-16
3.660232794115556e-16
4.56825149738826e-16
3.887444088011835e-16
4.721546690956336e-16
3.952145525248157e-16
3.404229103573148e-16
3.780636591128416e-16
3.284988116669329e-16
3.584002325277036e-16
3.100769395339461e-16
2.950942192168107e-16
3.908240373669145e-16
3.246257717927329e-16
3.022277933321579e-16
4.065151953598211e-16
3.332062293802421e-16
3.036717707693171e-16
4.340791800172185e-16
3.810473697553475e-16
3.328261080407217e-16
4.40549492207775e-16
3.786875800532082e-16
3.330528153195672e-16
3.134313564191899e-16
4.508489774831475e-16
3.824168205516887e-16
3.217135135262199e-16
3.117864293923545e-16
4.230635659480801e-16
3.666613023959475e-16
3.347214261865759e-16
3.632280350060655e-16
3.22634358522107e-16
3.08227185915316e-16
4.063440334780567e-16
3.482032974630446e-16
3.821577908155273e-16
3.508604044317136e-16
4.554612208352492e-16
3.818084412601654e-16
3.210020925924978e-16
3.068036882308841e-16
3.8897139174175e-16
3.213620170732198e-16
3.721119529129446e-16
3.196561011818277e-16
3.102591482126275e-16
2.936455456977904e-16
2.957970590130391e-16
3.979788927673891e-16
3.436137837498068e-16
3.846970895456705e-16
3.31776271268245e-16
3.70121354112505e-16
3.167125205028181e-16
2.90577217310885e-16
2.850748844892731e-16
3.626941416441856e-16
4.816601691702608e-16
4.224726098702759e-16
3.809349371853741e-16
3.334968569406555e-16
4.634312798268643e-16
3.271020110751509e-16
3.993393931488224e-16
3.404801311690178e-16
3.055993401874712e-16
2.923897422050386e-16
4.147736465652854e-16
3.517896067225569e-16
3.65050850213561e-16
3.208350583851041e-16
4.202861965414858e-16
3.638863423317533e-16
3.607766849846623e-16
3.517005687100135e-16
3.155287933722183e-16
4.250097143617008e-16
3.715766974985038e-16
3.311087410018613e-16
3.319351884727922e-16
4.227915176445743e-16
3.677915069299829e-16
3.243461947816671e-16
4.489240695491158e-16
3.973566898547802e-16
3.254311518791066e-16
3.575038998574063e-16
3.857470971479133e-16
3.500839543919289e-16
3.678750411247955e-16
3.209705000571021e-16
4.215859961584192e-16
3.494924460876412e-16
3.105692219026699e-16
3.016017956001902e-16
4.138648460405919e-16
3.417121048185348e-16
3.287418997129479e-16
4.220435331976596e-16
3.591082694837563e-16
3.151124454274927e-16
4.12794857773842e-16
3.431077646081815e-16
3.078255774051457e-16
4.10000319886986e-16
3.442773383104497e-16
2.986360085096622e-16
4.421334063846867e-16
3.679946004756324e-16
3.271923275854594e-16
4.466969189808577e-16
3.745071236725743e-16
3.332753424032758e-16
3.109606633678446e-16
4.084665283362819e-16
3.354735372679657e-16
3.687450545700414e-16
3.15685835210975e-16
3.035411614186291e-16
2.874737324863252e-16
2.863172858756212e-16
3.788586450963577e-16
3.330599983946929e-16
4.228143351408358e-16
3.690660647955821e-16
3.176735792061729e-16
3.353437903442545e-16
2.949171045417238e-16
4.186100287574807e-16
3.673914943826506e-16
3.240209245741918e-16
2.811495206984612e-16
2.829590968269203e-16
2.875947539827996e-16
3.844343839108856e-16
3.718552883232928e-16
4.799984358638841e-16
4.20029488106407e-16
3.656413142133903e-16
3.361641263009976e-16
3.044132947742675e-16
4.351623719296027e-16
3.92277479592815e-16
3.432132823447222e-16
3.063052056090012e-16
2.915100291133669e-16
2.733450040789823e-16
3.585354153613319e-16
3.712116912880378e-16
3.282158358840322e-16
4.602574952341527e-16
2.614211145274197e-16
3.215083340704174e-16
2.771830856395951e-16
2.734781793660811e-16
3.88611749566815e-16
3.407520965278091e-16
3.138064847243571e-16
3.438921515765242e-16
3.456507709940455e-16
3.820463660453513e-16
3.276200393593758e-16
3.135937159172972e-16
2.950653774466365e-16
3.953228145668837e-16
3.379814011613314e-16
4.619302703862773e-16
3.976885322221291e-16
3.705416630800014e-16
3.248368406104053e-16
2.898210286934584e-16
3.360607644223724e-16
2.993599616224185e-16
4.000422891791055e-16
3.48396141076786e-16
3.035727523841292e-16
4.026918518072096e-16
3.64000605056158e-16
3.284867866964578e-16
4.458987740879401e-16
3.722818986315551e-16
3.311443301998769e-16
2.881330620451667e-16
4.110439853106124e-16
3.567755900015784e-16
3.657359257172771e-16
3.182625246036431e-16
4.632927203587202e-16
3.872873582170338e-16
3.484540898259907e-16
3.128694896427511e-16
4.306458035660382e-16
3.699948226039798e-16
3.202589182701196e-16
3.3805919238814e-16
3.486959437912356e-16
3.604885223429625e-16
3.790307795917924e-16
4.618725903294908e-16
3.838887811634685e-16
3.49246642628865e-16
3.782046601119639e-16
4.664006295960364e-16
3.963545017947692e-16
3.46632254444563e-16
3.328620097404398e-16
3.154578669071442e-16
4.164482313905033e-16
3.701124960280742e-16
2.84790850215614e-16
2.852870722985674e-16
4.11498359601809e-16
3.602929324242605e-16
3.35172083614658e-16
2.933702178738748e-16
3.960696005153415e-16
3.377498842902179e-16
3.161720973581224e-16
3.083997588385194e-16
4.029760223264569e-16
3.529915802549713e-16
4.747469345292357e-16
4.147158563466629e-16
3.546011025663611e-16
3.125503950879691e-16
2.902141176876579e-16
3.981219708903189e-16
3.442211684702307e-16
4.697545665251981e-16
3.847893707456236e-16
3.296434694599143e-16
4.761546810493395e-16
4.091184382709081e-16
3.496142573225301e-16
3.067096314688707e-16
2.950653770426171e-16
4.156722193580695e-16
3.581930355508545e-16
4.738382739814159e-16
3.233030510017559e-16
2.919662038861574e-16
4.176557376391926e-16
3.479262836859901e-16
3.056935312003248e-16
4.436724873880093e-16
3.879164350449605e-16
3.326824325198211e-16
3.537128032942637e-16
3.130123473109343e-16
3.018117738947791e-16
3.470365459047628e-16
3.639785652053156e-16
4.658726395269876e-16
3.884168250438366e-16
3.364507431874551e-16
2.84681933769348e-16
3.22618914689301e-16
3.426304868674077e-16
3.520118445404373e-16
3.63649785090092e-16
2.881392648109968e-16
3.163058768417269e-16
2.588771538819327e-16
2.921718518275624e-16
2.300231928299226e-16
2.717015515371373e-16
2.038081564844771e-16
2.591433403814622e-16
2.195567085422304e-16
2.010094367452761e-16
2.568446608918999e-16
2.656563933824436e-16
3.576843317250117e-16
2.871036413680858e-16
3.376441073149067e-16
2.805804541824347e-16
2.499315802233535e-16
3.818183380203834e-16
2.914123326374169e-16
3.344163739078666e-16
3.733816039398722e-16
3.987825620534927e-16
2.630011597569369e-16
3.672106898394988e-16
3.838507072162124e-16
4.129017587166123e-16
2.658335197181599e-16
4.03284696047059e-16
4.320434118578819e-16
2.17805980188157e-16
3.231572927581904e-16
3.237319405527603e-16
2.773623384131421e-16
3.139340666749206e-16
3.272102265485937e-16
3.480043227443091e-16
3.722270562357092e-16
3.084905565122488e-16
3.444084269511801e-16
3.60614800268433e-16
2.867389597398845e-16
3.101438670084502e-16
2.431213730255002e-16
2.103862518208439e-16
3.40935727402009e-16
3.53079859158322e-16
2.767938637252631e-16
3.197726066847632e-16
2.291818588401476e-16
3.799502548296757e-16
3.113171440977158e-16
3.47304254126172e-16
3.795169754254471e-16
4.01716957637276e-16
4.304978445033751e-16
3.462736854659094e-16
3.942887740220926e-16
3.079315274124412e-16
2.65764604175372e-16
4.342295551527417e-16
2.214676357896088e-16
3.144101680369355e-16
3.470307969323428e-16
3.681514182793805e-16
3.815253765176646e-16
3.129260396174496e-16
4.345269277719766e-16
3.625787678148216e-16
3.342761410263309e-16
2.920236026235168e-16
3.481175430664784e-16
2.436707111167613e-16
2.378010185260313e-16
3.665883096203674e-16
3.173036029079982e-16
3.583348805646094e-16
2.974004976407018e-16
3.556447978465832e-16
3.845686665484655e-16
3.213842001300135e-16
3.726885853553285e-16
3.18906653516704e-16
4.360710596784095e-16
3.48470119293446e-16
3.216970018059197e-16
3.449281015533745e-16
3.896866573898623e-16
4.157058270472191e-16
4.15783094440426e-16
3.748392739200796e-16
5.161049384306494e-16
4.208723590250404e-16
4.576065078175617e-16
3.914718108518209e-16
5.344947155281246e-16
4.527628558997068e-16
4.786003244959025e-16
4.258410583296283e-16
4.474384047221962e-16
4.763256991603466e-16
4.083564552948222e-16
4.566992875557705e-16
4.650503124596319e-16
4.067372169650852e-16
4.433649867788808e-16
4.645501361519582e-16
4.758323120212047e-16
2.470644782202497e-16
3.66714398498433e-16
3.910935367286123e-16
2.681920220575564e-16
3.72119556870791e-16
3.798720123478608e-16
3.900304201125015e-16
4.075403735449585e-16
3.361924118782603e-16
3.526078001542799e-16
3.855085258592164e-16
3.26982026113983e-16
3.793434423940109e-16
4.123100416765849e-16
3.512302144575854e-16
4.909197593611979e-16
4.374001323878076e-16
3.860843067813971e-16
3.556894228644747e-16
3.21951719976128e-16
2.93572709946539e-16
4.227524698105502e-16
3.685615247937444e-16
3.18336892062982e-16
2.976257015510002e-16
4.151484714847553e-16
4.348422406638925e-16
3.667893819174665e-16
3.237177463625465e-16
2.948902230310644e-16
3.867472433381613e-16
3.4793146266276e-16
3.886429676899562e-16
5.028856571737002e-16
4.311572701725889e-16
3.846465916164048e-16
3.45618840816396e-16
3.199699203332343e-16
3.000596277494386e-16
2.936608553235674e-16
3.281379664617496e-16
3.601091860449753e-16
4.713874212538928e-16
4.278058439619667e-16
4.453325858608899e-16
3.762134953720143e-16
3.566227317284149e-16
3.335672185156239e-16
4.534640011701928e-16
4.060773762536292e-16
4.213201048627312e-16
3.704156183009842e-16
3.345501471289624e-16
4.380554683384929e-16
3.872231842310516e-16
3.352839112403075e-16
4.271707973064786e-16
3.60500517197267e-16
3.056571698358926e-16
4.193883854408508e-16
3.671406380099634e-16
3.182911331515796e-16
3.496771315071682e-16
3.126856855610422e-16
2.995729182297267e-16
3.375859172539603e-16
3.135307690872704e-16
4.156954724999787e-16
3.408381971225274e-16
4.57982715580485e-16
3.944600971019315e-16
3.416608956840143e-16
3.695062880166166e-16
3.231977178220166e-16
3.045931759123302e-16
4.100141974591015e-16
3.492283428140071e-16
3.164068598344403e-16
2.912179587644188e-16
3.971744741222487e-16
3.387645208523994e-16
4.489431809553535e-16
3.949989584476772e-16
3.377980642564341e-16
3.105742493939944e-16
3.020540851606895e-16
4.293802756406432e-16
3.799865377928172e-16
4.775761426545881e-16
4.042097305656094e-16
3.420298068700864e-16
4.564112602692473e-16
4.103397729910125e-16
3.482739359351524e-16
3.307536694317263e-16
3.503809068359996e-16
3.204459649523015e-16
3.532762384836009e-16
4.63241410489296e-16
3.907051030514311e-16
3.497003147595177e-16
3.274243960354345e-16
3.547796509145569e-16
3.856511489328707e-16
3.377198363900552e-16
3.185369383748088e-16
4.312955625898687e-16
3.616879910260099e-16
3.807549441619462e-16
4.115766690935514e-16
3.505533697053191e-16
4.421462775092182e-16
3.795548506443682e-16
3.227223425753876e-16
3.388842650630772e-16
4.532734376010778e-16
4.002650574527489e-16
3.618250348091452e-16
3.245372166343233e-16
2.981824261565776e-16
4.162002707930999e-16
3.654143660369456e-16
3.232863798794451e-16
4.54172951909014e-16
3.734527339346222e-16
3.289770275075789e-16
4.56124410698186e-16
3.943109801024641e-16
3.421921269075164e-16
3.191629164981707e-16
4.188158066985825e-16
3.881334314550937e-16
3.624394678521714e-16
3.267383153386886e-16
3.139335106752077e-16
4.116935929311762e-16
3.472057222966548e-16
3.192961787702383e-16
4.172364951100308e-16
3.664691670964264e-16
3.192403706322941e-16
3.138454517448087e-16
3.967661773299699e-16
3.69219866035427e-16
3.410803289703834e-16
4.326587547638671e-16
3.768315609038062e-16
3.249244569944623e-16
3.128802134875229e-16
4.153940451491616e-16
4.138555961085416e-16
3.55624490604503e-16
4.585181226496865e-16
3.965726554532078e-16
3.290911133645486e-16
3.216492564402458e-16
3.51636330308898e-16
3.780643125001902e-16
3.85169913679925e-16
3.329056086607288e-16
3.175241332859081e-16
4.352699627967099e-16
3.636064040497345e-16
3.872616556538451e-16
3.546672268010584e-16
3.804290646800971e-16
3.569545478238625e-16
3.221823408625769e-16
3.374573435079636e-16
3.68469254003146e-16
3.716612212294554e-16
3.923725616508897e-16
3.993614894776605e-16
4.096852254659129e-16
3.418938782671048e-16
3.02475806040913e-16
2.846212878307914e-16
2.6715535475177e-16
3.786043391500156e-16
3.189039893352712e-16
2.92928700136146e-16
3.33950649524859e-16
2.970309730208033e-16
4.07968866415013e-16
3.421309396722241e-16
3.793082615773945e-16
3.274772863216693e-16
2.961463514055043e-16
4.073867806943213e-16
3.443486844761065e-16
4.645750442883653e-16
3.967554499748318e-16
3.427126284322037e-16
3.210518062703824e-16
4.463460735511199e-16
4.025166176517175e-16
3.607839057957994e-16
3.11077753463381e-16
3.573478232117458e-16
4.475659405191423e-16
3.634106765633206e-16
3.113424950296442e-16
4.482506922956332e-16
3.699805262118825e-16
3.265391834396649e-16
3.110338493647014e-16
2.990623394328103e-16
4.117717732944565e-16
3.636916287305487e-16
4.846997992853899e-16
4.286721829019589e-16
3.956529926786067e-16
3.721219050379167e-16
3.390524282486662e-16
3.16608122833599e-16
2.841723683136021e-16
2.803293308725046e-16
3.585048698937846e-16
4.662931976191079e-16
4.205570162362901e-16
3.883018568728865e-16
3.490438842943784e-16
3.163396164228367e-16
3.161732436092247e-16
4.070368041649751e-16
3.594203974805983e-16
3.270562892985909e-16
4.423301245456137e-16
3.848674696213467e-16
3.59599233255276e-16
3.31426478824306e-16
2.97783217710642e-16
4.057605778179561e-16
3.281454856433421e-16
3.037704363557085e-16
4.109710183241783e-16
3.473318502350168e-16
3.327265739106131e-16
4.423313167782942e-16
3.915688334965362e-16
3.577735256332178e-16
3.318114608269185e-16
3.777351789359151e-16
3.388815157269794e-16
3.228412186806819e-16
4.140990619967764e-16
3.774300500705675e-16
3.318976941669289e-16
3.096374282076258e-16
4.241965795806159e-16
3.611224358227755e-16
4.500099923879041e-16
4.03088128264871e-16
3.546570438473607e-16
3.21899289695442e-16
3.126412662143072e-16
2.907351695258812e-16
3.892225634691389e-16
3.336518864248791e-16
2.938657234414559e-16
4.074612849230222e-16
3.576362872046531e-16
3.191321752857499e-16
4.253293877545071e-16
3.603446128684751e-16
3.105831971732941e-16
4.130758782776932e-16
3.689488985507205e-16
3.175233250220736e-16
4.524247449574073e-16
3.902740378070798e-16
3.474145249280372e-16
3.084383032971366e-16
2.888808698211447e-16
2.862343342003235e-16
3.919638749214007e-16
3.349484909168751e-16
4.366136308420602e-16
3.698916562798907e-16
3.918664965471017e-16
3.344122450779308e-16
3.161380568089813e-16
3.043514654403298e-16
2.974923216763326e-16
2.626969867902008e-16
2.665376338166909e-16
3.459381003727585e-16
4.462248913355906e-16
3.906669595230217e-16
3.657808582443793e-16
3.317346819683989e-16
4.562472300928588e-16
3.889860607256603e-16
3.5257295109607e-16
3.300445587641898e-16
4.481672270893411e-16
3.864637103098514e-16
3.381231667359334e-16
3.258792865953244e-16
3.042025929224837e-16
4.051951350096217e-16
3.273061970524077e-16
3.575759063196173e-16
3.087610235414008e-16
4.114220299040824e-16
4.161907337456889e-16
3.408796648894773e-16
3.234211595975851e-16
4.601182097605548e-16
4.071963471742255e-16
3.47193415911288e-16
3.227818253930941e-16
2.92340063125337e-16
3.418103479621777e-16
3.018003242248786e-16
2.824869221572082e-16
3.762451716479174e-16
3.273852110563521e-16
2.961573268848951e-16
4.190212633686613e-16
3.622588933276359e-16
3.238331980360403e-16
4.491427629465115e-16
3.832680642732506e-16
3.989846531935094e-16
3.342674734079334e-16
4.524375990612509e-16
2.775504058511416e-16
3.884322418270914e-16
4.792129499209361e-16
3.893004073181597e-16
3.245234399627326e-16
3.648951898317303e-16
3.954566533581205e-16
4.093243552644216e-16
3.369968257357718e-16
4.880822422347131e-16
2.213767238883378e-16
3.43539106071723e-16
3.586317064282572e-16
2.900208030601387e-16
3.260661327526296e-16
2.613685394044082e-16
2.370744283801158e-16
2.940216535839707e-16
3.139790911187766e-16
3.170670313538617e-16
3.517589059246599e-16
3.692473129166011e-16
3.817217654692675e-16
4.010480409260584e-16
4.116642368693838e-16
4.265029433918975e-16
4.407438856164274e-16
3.760324139733029e-16
4.246240686770022e-16
3.506187353176249e-16
3.884544616817114e-16
3.30554616289171e-16
3.732751191723806e-16
3.321964633343438e-16
3.617555455591049e-16
3.061726061996512e-16
2.593297317438633e-16
2.968104337418113e-16
3.135519292145381e-16
3.333036706648865e-16
2.622706848122144e-16
2.953129898542736e-16
2.254473894912817e-16
1.990079544573953e-16
4.383752383878174e-16
3.62665837158924e-16
3.15755505025585e-16
4.65806643852035e-16
1.980793446669981e-16
3.374921060468233e-16
2.88079337354976e-16
2.669812015649474e-16
3.112236830147393e-16
4.151378825967947e-16
3.451266608687732e-16
3.938514953125452e-16
4.151785538779277e-16
3.72349283030577e-16
5.082631032797273e-16
2.742341489672259e-16
2.28443347210172e-16
3.361496709011485e-16
2.575165565601247e-16
3.762201926622672e-16
3.771841323855952e-16
1.633093385525767e-16
2.550256011862274e-16
2.061339558566111e-16
3.38726560330801e-16
3.46788800494172e-16
3.655989400823139e-16
2.659784033720791e-16
3.314570210079068e-16
2.633151751828241e-16
3.281626951257553e-16
2.746502497326109e-16
3.112695848003479e-16
2.550647173425364e-16
2.78035350691889e-16
2.256882332991949e-16
2.73337085178494e-16
3.138883513108621e-16
2.536802970716743e-16
2.988258414859211e-16
3.191756436683248e-16
2.620695048924511e-16
3.012385302593269e-16
2.439949534987899e-16
3.574200406510686e-16
2.837150127164406e-16
3.10487420154847e-16
2.659738009114311e-16
3.938707274439957e-16
3.564343165823058e-16
4.046384486187634e-16
4.171680895246115e-16
3.489505267832845e-16
4.084612082280762e-16
4.209010811297688e-16
3.415481538371803e-16
4.037512943748707e-16
3.443300619814895e-16
3.849429156777842e-16
3.987664268488349e-16
4.214963014416388e-16
3.688506746572243e-16
4.216904685654015e-16
4.426670094553331e-16
3.887310372071138e-16
4.259056068450423e-16
4.660278984044963e-16
3.983294412024185e-16
4.359606886705514e-16
4.508243295124768e-16
3.928702117282297e-16
3.163808548851842e-16
2.997729990880473e-16
4.452366232654161e-16
3.81811506428179e-16
3.298687590109806e-16
2.82854525793872e-16
4.209510501041789e-16
2.921707350669941e-16
4.019699129346576e-16
3.567259751347279e-16
3.830883188029203e-16
3.363934935112522e-16
3.712087879628418e-16
3.261921162894432e-16
3.638268240555208e-16
3.642670402241466e-16
3.213321597596518e-16
3.34970063355427e-16
3.661378879737775e-16
3.846315814251168e-16
3.341021369947763e-16
2.826297710570649e-16
3.306803119276841e-16
3.582698908188819e-16
3.77111116977483e-16
3.215638496168738e-16
4.285658332605431e-16
3.850794233964479e-16
3.534346171728882e-16
3.369690955273283e-16
3.657572555836001e-16
3.201866198551096e-16
2.911631700035677e-16
2.88234576806059e-16
3.926561772327429e-16
3.456852957791582e-16
4.441567751276435e-16
4.016838710888138e-16
3.442694666662542e-16
2.996877616685109e-16
4.156194322753606e-16
3.44396548476387e-16
3.559279177599426e-16
4.643225042120601e-16
3.887500792093475e-16
3.499408495933312e-16
3.039093390798651e-16
2.887393645492373e-16
2.75323306416159e-16
4.069624893830927e-16
3.576602542025125e-16
4.604721700689987e-16
3.908401127883802e-16
3.181338761150652e-16
3.091492047140863e-16
3.012532210474824e-16
3.999661297525948e-16
3.49373249807125e-16
4.701547216876706e-16
4.273375024781451e-16
3.803761241849994e-16
3.278987992892828e-16
4.541924488756608e-16
2.969096372971525e-16
3.838839961534164e-16
3.345826225269651e-16
2.846230502052293e-16
2.485105378887728e-16
2.448350200937199e-16
3.476938621925872e-16
4.673578199820811e-16
3.983709676659147e-16
3.580008679400765e-16
3.183942373124156e-16
2.872465814515389e-16
2.617068353591924e-16
3.382643302917234e-16
2.700689833209851e-16
3.789234846642081e-16
3.947616704163686e-16
3.555391590320162e-16
3.037734637980643e-16
2.599321412589335e-16
3.791023289766612e-16
4.133416141144431e-16
3.48611518388694e-16
3.568761090258896e-16
3.918345287784616e-16
1.693898533979828e-16
2.792985275783341e-16
3.023764525548755e-16
3.248696419357469e-16
3.417363449477232e-16
3.642169202710195e-16
1.61795700514799e-16
2.643499989078911e-16
3.845349732816229e-16
3.870031119170601e-16
3.095805335113913e-16
2.860461444169158e-16
2.562966504002047e-16
3.167183571441345e-16
2.518399095223463e-16
2.90319938353937e-16
3.354101897768295e-16
2.772359389776055e-16
4.032202467512016e-16
4.016025661654576e-16
3.254265691489648e-16
2.83855018148263e-16
2.717795852943942e-16
3.206196079607362e-16
2.718412271224639e-16
3.052029211575502e-16
3.157751807542175e-16
2.312442933858026e-16
3.881004712348128e-16
4.031090557594851e-16
3.572151388748499e-16
4.091428530067343e-16
4.455155781220662e-16
3.842570694034324e-16
3.694995056187353e-16
3.443283059001969e-16
3.087541423543623e-16
2.847455441772645e-16
2.780721377274587e-16
3.756645755407189e-16
3.055683729830258e-16
2.676157912545991e-16
3.508247855287354e-16
3.025687950145437e-16
2.742490246132592e-16
2.727736293816143e-16
3.545575305425923e-16
3.199737989476475e-16
2.979489009437269e-16
2.745406105999784e-16
3.575939921383519e-16
3.334097004729678e-16
3.584896403377129e-16
3.065916192433625e-16
4.352678647791892e-16
3.581363597029624e-16
3.102009756650295e-16
4.243536383627596e-16
3.735333866288412e-16
3.318747891776155e-16
3.154673864005093e-16
4.341079896251304e-16
3.678788178734213e-16
4.614931226098717e-16
3.820503074980808e-16
3.392094725687413e-16
3.194059967654408e-16
2.920774506898961e-16
4.250516723115979e-16
3.627537948102717e-16
3.376255282533066e-16
2.991812264610634e-16
4.231417616727059e-16
3.589249912532553e-16
3.134133446241841e-16
3.056904445951991e-16
4.095759033050214e-16
3.657620589507033e-16
3.215438904860868e-16
2.968632108822665e-16
2.908570376573018e-16
4.115511690162381e-16
3.601338081915994e-16
3.179355385201536e-16
3.690945319952628e-16
3.229357002707026e-16
4.403634621467567e-16
3.726937564887532e-16
3.355146089778116e-16
3.15357713635426e-16
2.959026579589686e-16
3.472908810501391e-16
3.39195600466165e-16
3.220849587304663e-16
4.132850667469734e-16
3.441600898605429e-16
4.370872842771041e-16
3.629381875517266e-16
3.94808909052874e-16
3.399456945045967e-16
4.495842155046116e-16
3.853808902762196e-16
3.166147000351058e-16
2.920584283682844e-16
2.841910258820877e-16
3.876778000201957e-16
4.836290143466953e-16
3.902049281192482e-16
3.297353166376912e-16
3.667580809346889e-16
3.175547569268604e-16
3.562056821558497e-16
2.915986272778479e-16
4.067979547354955e-16
3.201687501776737e-16
2.812734659110129e-16
2.802234821346119e-16
3.754732372894281e-16
3.225678375191569e-16
4.247196032388378e-16
3.557579671069013e-16
3.785713716720464e-16
3.262589893283832e-16
3.738139009879658e-16
3.92961769262941e-16
3.914989980778552e-16
3.280180737146708e-16
3.06271102383565e-16
3.485227775079996e-16
2.975802659935259e-16
4.259575005753224e-16
3.459445994470302e-16
3.241671890211861e-16
2.810322900821966e-16
4.169736925787283e-16
3.49387300778426e-16
2.915307002903937e-16
3.994186549162151e-16
3.538276325517388e-16
3.93607151595111e-16
3.580431921406899e-16
3.116806781711572e-16
3.436614250781149e-16
3.149126845889054e-16
4.116574377474206e-16
3.48960156741025e-16
3.155451224948301e-16
2.937692843716702e-16
3.828874649419365e-16
3.35299480057328e-16
4.467668547406597e-16
3.655636024434967e-16
3.34309711218244e-16
3.255028261330216e-16
3.223924004725056e-16
3.153887886855304e-16
4.175209011422152e-16
3.530561783623927e-16
3.137621000654921e-16
4.217680628542401e-16
3.487969922901071e-16
4.607362270958247e-16
3.94606435912314e-16
4.264224699589184e-16
3.57855879173993e-16
3.221617530962066e-16
3.72292779342577e-16
3.160983787087121e-16
4.339925892360655e-16
3.68042361693924e-16
3.398918679927295e-16
3.001857038812166e-16
4.300102497005531e-16
2.655764207101376e-16
3.083652191937026e-16
3.277956685215149e-16
4.438331360937439e-16
2.306307954864909e-16
3.080047428958079e-16
3.240194811130402e-16
3.519763529673935e-16
3.04187088629843e-16
2.914890674818391e-16
4.017499317842342e-16
3.294644106271983e-16
3.051036801853773e-16
4.297260795183094e-16
3.667499993740417e-16
3.320220046035833e-16
3.127959983829595e-16
2.919798034718371e-16
3.317914998927997e-16
3.469429920662688e-16
4.527408206408782e-16
3.879463432517788e-16
3.413722072366921e-16
3.139648895095967e-16
2.914143838700307e-16
4.105751355355465e-16
3.486998924770576e-16
3.149012287426176e-16
3.230102759729039e-16
3.404381147302808e-16
3.039474594797841e-16
4.041131090836406e-16
5.401643177565181e-16
3.684760885830325e-16
3.153934509964067e-16
2.974945659654004e-16
4.432665116782993e-16
3.919309290604495e-16
3.332044248161228e-16
2.859698159779867e-16
3.325223102401647e-16
2.85391318331711e-16
4.056754081268794e-16
3.318991275437065e-16
3.002237816352969e-16
2.717146193936366e-16
3.852227052158523e-16
4.086868972927659e-16
3.461347915756211e-16
3.633682303614754e-16
3.158037210380342e-16
3.581384217120567e-16
3.916245399101275e-16
3.426136292563722e-16
3.073833184328233e-16
3.539042707551745e-16
3.693633195708797e-16
3.103584821901226e-16
2.999205214947803e-16
4.117674146764355e-16
5.097364189973159e-16
4.309025215117179e-16
3.663034312812839e-16
3.226767816398214e-16
3.039472357663248e-16
4.303286010388805e-16
3.698946214120889e-16
3.23888813242734e-16
2.953251191073506e-16
2.980755708192813e-16
3.032109871704546e-16
3.723361665026656e-16
3.809705661328744e-16
3.317091052744317e-16
3.1449396106825e-16
4.20313657542326e-16
3.637966819905367e-16
3.17318199222827e-16
3.020433077053839e-16
4.094291991707965e-16
3.665416344626276e-16
3.738808862831972e-16
3.247282585564392e-16
3.600292734461881e-16
3.195685847209418e-16
4.293507427266376e-16
3.738429423775288e-16
3.366397682819444e-16
3.115195228298839e-16
2.892345014104489e-16
3.886108570585874e-16
3.432371622977928e-16
3.313114129181148e-16
4.404940570502896e-16
3.832875041626797e-16
3.441826000317427e-16
3.297493840256521e-16
4.30676669703547e-16
3.730704292607929e-16
3.309881667194097e-16
3.049147715896011e-16
4.066503947462679e-16
5.144210154960151e-16
2.739838174617155e-16
3.754695230079904e-16
3.805725690635184e-16
3.444421359912081e-16
3.132258893560513e-16
2.874746134965043e-16
3.312637213391056e-16
3.478842124290198e-16
2.855920203419281e-16
2.670731779893474e-16
3.883820297494636e-16
3.193633387341592e-16
4.230160482322836e-16
3.582345060832883e-16
3.44193808432113e-16
3.22038596149929e-16
3.157832621165189e-16
4.194672883894143e-16
3.699531451230358e-16
3.16920786553564e-16
3.045987855568168e-16
2.844981621049122e-16
2.768632304901712e-16
2.781115448816715e-16
3.773856378427196e-16
3.376724403211541e-16
3.189269337155484e-16
3.163864526229709e-16
3.929920970746201e-16
3.505514074011517e-16
4.52939778761795e-16
3.944563604952008e-16
4.150611262838839e-16
3.473353765196533e-16
3.194337037711161e-16
4.202215320369995e-16
3.446013714580091e-16
3.151381845360781e-16
4.348293228348177e-16
3.642233500230314e-16
3.293496991865995e-16
3.017618781685646e-16
2.885474763680645e-16
4.007451070625957e-16
3.425455340595238e-16
3.047901245029489e-16
4.398884984853977e-16
3.883658797835042e-16
3.32989183920412e-16
3.154720600064394e-16
4.306427076161007e-16
3.799164647379593e-16
3.513718116392116e-16
3.091578756233706e-16
3.419194457713343e-16
4.363569367475495e-16
3.712394404944671e-16
3.328788286901364e-16
3.038947049758625e-16
4.206091396103569e-16
3.602969007744436e-16
3.378679232738465e-16
3.138300562173286e-16
4.0442321831565e-16
3.448653687363099e-16
3.639278885802867e-16
4.923316877017849e-16
4.293929474274603e-16
3.78177154356821e-16
3.309439522909584e-16
3.703823140405208e-16
3.228263115705381e-16
2.812227102168905e-16
2.685231125338473e-16
2.830691297986566e-16
3.737768046654454e-16
4.048754418626166e-16
3.377704358330109e-16
3.152639297894548e-16
4.157667188737839e-16
3.526427334049995e-16
3.226769657231497e-16
3.029568604410484e-16
3.347370994896828e-16
2.955390135248486e-16
3.955383064616792e-16
3.314842085695325e-16
3.481255664676863e-16
4.499379423763636e-16
3.942840870373225e-16
3.399000875249366e-16
3.675967406376639e-16
3.201506423811035e-16
3.599903383982126e-16
4.549191211734853e-16
3.970776777268762e-16
3.3748233967267e-16
2.908237846404977e-16
2.757122916164774e-16
3.70449737318869e-16
3.257525853029556e-16
2.882032691022037e-16
4.109296560484355e-16
3.347073323668671e-16
3.06643633905047e-16
2.853141790131935e-16
2.473365199977424e-16
3.419279813620103e-16
2.909987780239598e-16
2.728281364840083e-16
2.705306519240116e-16
3.534393104736514e-16
3.050513162721168e-16
2.794665780399246e-16
3.588770696459194e-16
3.186147605547586e-16
4.42981071273763e-16
3.869902915395472e-16
3.44524536420925e-16
3.14906682500498e-16
3.124342535834457e-16
4.297478522828556e-16
3.888350217896399e-16
3.510671310735431e-16
3.045560788299074e-16
4.116304396136069e-16
3.471007708387367e-16
4.511304522605212e-16
3.726162098485607e-16
3.18114017205213e-16
3.459660147079898e-16
3.009057703669135e-16
4.222988372232266e-16
3.4067903858853e-16
3.002488374410914e-16
3.525436294905983e-16
3.120638380597025e-16
4.302521328171957e-16
3.831352835950744e-16
3.466782945394291e-16
3.122995549897404e-16
2.910211975539891e-16
4.027025190860826e-16
3.389748093395957e-16
4.50210076082258e-16
3.72723200119783e-16
3.463265456924238e-16
3.120775996863902e-16
4.103704752247068e-16
3.546874723732662e-16
3.275799711801134e-16
4.402069807945941e-16
3.810289040520642e-16
3.555299887466151e-16
3.372892964098645e-16
4.553291658871023e-16
3.843996988816093e-16
3.60519162050292e-16
4.705298023574613e-16
4.053866126509525e-16
3.582756129139444e-16
4.928785680659453e-16
4.303259375948281e-16
3.553237511419882e-16
3.282669331140929e-16
3.150609772169607e-16
3.534901186753771e-16
4.581774387397236e-16
3.863627128178259e-16
3.38096449046849e-16
3.114529757224301e-16
4.424779392128357e-16
3.721147373583406e-16
3.938553883300601e-16
4.178476426983506e-16
4.078835503448485e-16
3.53669004580063e-16
3.19265715648423e-16
3.572859589465916e-16
3.228372388446736e-16
3.204371996137868e-16
3.042771442705822e-16
4.018921764332973e-16
3.509423307027093e-16
4.452045374625178e-16
3.859132373076656e-16
3.566972592481923e-16
3.214015196526048e-16
4.414908253407247e-16
3.85946054062378e-16
3.464141499459532e-16
2.941409390919627e-16
4.124445398398779e-16
3.494180106094143e-16
4.575117427884597e-16
3.771929846787189e-16
3.185307756007234e-16
4.35730975911881e-16
3.622184620032614e-16
3.10106512361748e-16
2.7324867162594e-16
3.651217245581808e-16
3.142664454460361e-16
2.840676527098139e-16
3.998256047148573e-16
2.790187113942404e-16
3.63150111025748e-16
3.320583119855346e-16
4.529898822263743e-16
3.989470614293737e-16
3.652129232720015e-16
4.001233373486162e-16
3.363146352887933e-16
3.206417019279099e-16
3.528815380901783e-16
3.095414208757418e-16
4.313899255609239e-16
3.819011704739906e-16
4.1231242049992e-16
4.23417364476259e-16
3.572959536973784e-16
3.354798868354477e-16
4.556989491023839e-16
3.883522635882377e-16
4.860244048366899e-16
5.108495761161358e-16
5.308354221354499e-16
3.746826685144486e-16
4.762336557049538e-16
4.235280908947282e-16
3.65020787782741e-16
3.354099422947497e-16
3.060303619735045e-16
2.820103690112606e-16
4.197653746521408e-16
2.517866542596402e-16
3.268534610977477e-16
3.655835684771283e-16
3.938910835329843e-16
3.334602800622858e-16
3.048126534747607e-16
3.474525699934161e-16
3.2863602358532e-16
3.728401881265936e-16
3.068869084221989e-16
3.335047336288485e-16
3.574024726896889e-16
3.602370635333769e-16
2.822911447099982e-16
3.246959039013578e-16
2.655411671313465e-16
3.892230620619515e-16
3.350512297782348e-16
3.008083956604133e-16
4.531266557717522e-16
3.95318298460488e-16
3.352074851004122e-16
3.064409018593661e-16
2.856765903826374e-16
2.512823998885058e-16
3.785488696818388e-16
3.305819154886446e-16
4.459657936757805e-16
3.732285667625559e-16
3.367665741947813e-16
3.191723830074076e-16
2.813186654080454e-16
4.126870170878323e-16
3.411802571073812e-16
4.590089308309495e-16
3.856422762118728e-16
3.423981690601593e-16
3.23916163142159e-16
3.52768957339933e-16
2.866506693723287e-16
2.811192125131298e-16
3.922504142427295e-16
3.289521058683941e-16
4.616268583772935e-16
3.99086642621404e-16
3.623663607181557e-16
3.342941323327337e-16
3.295934661001523e-16
3.058633107510408e-16
2.861402837092629e-16
3.475313148659317e-16
4.54955762139164e-16
3.944570709581839e-16
3.315443717997742e-16
2.978711222106434e-16
3.174278114326572e-16
3.234576034667985e-16
3.388894046902951e-16
3.529815003625669e-16
3.691253487604916e-16
3.722888777111748e-16
4.033826452602649e-16
4.296283180605786e-16
5.486141784793094e-16
4.716430219331212e-16
2.673809150541484e-16
3.728622020651394e-16
3.009873990630086e-16
3.322673404600116e-16
2.73779733928234e-16
3.113584298118733e-16
4.245952825735201e-16
3.585159214201562e-16
3.983659812747473e-16
4.22451394031289e-16
3.752804950662922e-16
3.473716364384943e-16
3.286729236527641e-16
3.168980357943867e-16
2.775469563275285e-16
3.980154141875829e-16
3.535850891772696e-16
4.036557186129248e-16
3.555237539211404e-16
3.288065406564077e-16
2.861860684213427e-16
4.00136315254826e-16
3.392884781112809e-16
3.113360174383123e-16
3.025190776964619e-16
2.824401993475515e-16
4.071255826132839e-16
3.413949837270082e-16
2.980290721586114e-16
4.100493860285874e-16
3.749181868662458e-16
3.480245764513109e-16
3.309814500059742e-16
4.418848148813908e-16
3.829719325290892e-16
3.206124899279652e-16
4.538232356714147e-16
3.786807189247631e-16
3.402436762775739e-16
3.122354841481286e-16
3.417497554784973e-16
3.013508067835724e-16
4.090318043888882e-16
3.412699234145141e-16
3.776781622088296e-16
4.116649873910121e-16
3.879193148502499e-16
3.486244003779065e-16
3.777164531275884e-16
3.535498471673234e-16
3.33464762088156e-16
3.025097371950904e-16
3.896643720522358e-16
3.329169293903797e-16
3.307024972010922e-16
3.418426898805361e-16
3.592653661596895e-16
2.979558834477381e-16
2.639113206423614e-16
3.025125554091868e-16
2.950260933691837e-16
3.794630972305722e-16
4.050427958598044e-16
3.410088135048213e-16
3.748792090421778e-16
3.146614104385482e-16
3.496433569987066e-16
3.162212981068737e-16
3.487139573428568e-16
2.980550355402778e-16
3.494747820384681e-16
2.925680256192064e-16
4.195483818086781e-16
3.431744192694978e-16
3.76040540273232e-16
3.932595486638849e-16
3.400741057124502e-16
3.791876404203347e-16
3.057733120857271e-16
4.239205515676548e-16
3.47637531646151e-16
3.853353133873253e-16
3.503763770868464e-16
3.288042271800134e-16
3.451366041120024e-16
3.628767433939326e-16
3.8803791545902e-16
3.970421556437182e-16
4.202103461044526e-16
2.458048942740897e-16
3.776459452319532e-16
4.116837262919148e-16
3.461827083465611e-16
3.856520129308536e-16
4.041311830915662e-16
4.205953967795567e-16
3.554881205762248e-16
4.061773722577065e-16
4.324731452566597e-16
3.781023496304934e-16
3.378216920256961e-16
3.016960501114014e-16
2.842720144507357e-16
3.179114702055733e-16
2.852580536719698e-16
3.957266679610416e-16
3.384378318719193e-16
3.126132119120162e-16
3.478204414592645e-16
3.191347489038055e-16
3.646709054764359e-16
3.699583004339655e-16
3.833829639859998e-16
4.126228761689029e-16
3.46516903633895e-16
2.92184114540914e-16
2.76998876373359e-16
2.588124845132686e-16
3.617072977813471e-16
3.313259581296876e-16
3.184895013420199e-16
4.353644122855135e-16
3.619973035706425e-16
2.872863570978306e-16
2.807308322580306e-16
4.023537315565182e-16
3.396053857892048e-16
4.553950438144376e-16
3.639782269337538e-16
3.288387310179187e-16
3.074624672390307e-16
2.902668776206182e-16
3.908493758129046e-16
3.272225657895731e-16
3.112409219454167e-16
4.135353865572815e-16
3.470649679874768e-16
4.61250003862008e-16
3.861499171212867e-16
3.455049651152613e-16
3.116748789513426e-16
4.105647208423532e-16
3.499921422569115e-16
3.863008120625355e-16
3.298321447718322e-16
3.134067761479731e-16
2.965936475766702e-16
4.326324370256318e-16
3.606951906016224e-16
3.197571542170328e-16
3.138441391493174e-16
4.095037127501927e-16
3.596969987370923e-16
3.916502012610606e-16
3.809841443897306e-16
4.833632411042042e-16
2.714636251121284e-16
3.508650939537867e-16
3.243038466219424e-16
3.076230514550839e-16
4.110658866797028e-16
3.587175513617147e-16
3.290624099292865e-16
2.957051365458657e-16
3.851987721516207e-16
3.443029469305144e-16
4.566785063710662e-16
3.963081488871725e-16
3.429754922986538e-16
3.046698872784721e-16
3.502678874784387e-16
3.639938346681159e-16
3.545780306368498e-16
3.546674427565555e-16
4.718144779019407e-16
4.021646697585081e-16
3.618793932951774e-16
3.317155258559096e-16
2.931366308614615e-16
4.1433057637886e-16
3.488635604446582e-16
3.959445826491966e-16
3.655775170510303e-16
3.313350937851571e-16
3.718072451472441e-16
3.953527761800742e-16
3.193479933787092e-16
4.381704952516067e-16
3.724271182309306e-16
3.273098095574832e-16
3.649453427418323e-16
3.150637864366586e-16
4.473543736882844e-16
3.73981725746458e-16
3.336413131804441e-16
4.502112048519658e-16
3.916189936025716e-16
3.460630953108103e-16
4.796143442332514e-16
4.024249376032006e-16
3.849437425450305e-16
3.476471297391896e-16
3.393025280828535e-16
4.581601413068689e-16
3.978986897276501e-16
3.724000277422305e-16
4.705973854791252e-16
4.218380038773403e-16
3.711550897159792e-16
3.50484033168415e-16
3.338698483703592e-16
4.647141909437052e-16
3.81612386475415e-16
3.511101539595439e-16
3.115101457635136e-16
3.079102332284395e-16
4.190223932610473e-16
3.749052012481707e-16
3.253376968018726e-16
3.087667568399344e-16
3.977382234971853e-16
3.563180795345316e-16
4.540922243255034e-16
3.991758890023687e-16
3.51986411353009e-16
3.290498957845934e-16
3.151595574985975e-16
3.006549019525845e-16
3.956417702478578e-16
3.512316847146626e-16
4.636016016162382e-16
3.995238488287774e-16
4.178238410524814e-16
3.61526094728151e-16
3.421423676293911e-16
4.74398580839018e-16
3.330233027192012e-16
4.389348432923461e-16
3.875820803829933e-16
3.399518582893649e-16
4.717733820385456e-16
4.083856233848448e-16
3.756632475205069e-16
3.375790622695093e-16
3.23742116276416e-16
3.188546519723415e-16
4.431965909603049e-16
4.005412087318579e-16
3.642469074899959e-16
3.435141613956016e-16
4.49131180165838e-16
3.578041585145608e-16
3.045195694556211e-16
2.957261931554099e-16
4.012078422932377e-16
3.353772545459214e-16
3.029819369947647e-16
4.351903093053794e-16
3.891005189080793e-16
3.655451746534123e-16
3.79902475953183e-16
3.135005829776235e-16
4.204855981678153e-16
3.625614823523662e-16
4.670782814798652e-16
4.048210272236911e-16
3.403905537512012e-16
3.005917105115143e-16
4.244839103076793e-16
3.706177479989127e-16
3.235205447966768e-16
2.901633167951132e-16
2.824812456047291e-16
3.885883358369915e-16
3.260288164930209e-16
4.498818652565171e-16
3.108623010946192e-16
4.159595973190483e-16
2.477033488727612e-16
3.032616065401915e-16
3.378260772009179e-16
2.857317933043301e-16
3.259073856300429e-16
3.337984799547391e-16
2.740533415063531e-16
2.800638017050735e-16
2.734357327173342e-16
3.747704137891055e-16
3.365956919200207e-16
2.871576015245412e-16
4.041519849213844e-16
3.680939787776425e-16
3.201554560681111e-16
4.241292311374041e-16
3.638329256235182e-16
3.333572585152729e-16
3.141201919726128e-16
3.096823397125453e-16
4.065823289311441e-16
3.646605928389232e-16
4.504383135137701e-16
3.842085232208739e-16
4.156722607614289e-16
3.647528167086665e-16
3.436035879500671e-16
3.209281081206382e-16
4.381879412078978e-16
3.808120342913838e-16
3.254249942534368e-16
3.034006374511519e-16
4.14321902504975e-16
3.478177565977473e-16
4.509850957637382e-16
3.792647659461972e-16
3.488479835609489e-16
3.331563273246268e-16
4.60106981385838e-16
3.868160369497034e-16
3.480826421325099e-16
3.362281144584362e-16
4.36338056665555e-16
3.461575823666701e-16
3.199723684157147e-16
2.788764199512629e-16
3.348482880066312e-16
4.236273821171961e-16
3.566855337958346e-16
2.987345703617043e-16
4.172422037701739e-16
3.357979111077671e-16
3.057519897252137e-16
2.891546820900645e-16
4.070612729376533e-16
3.616606016802599e-16
3.275136522085869e-16
3.051400914269464e-16
4.110335428514009e-16
3.495961693970681e-16
3.265598798847451e-16
4.198159377419727e-16
3.471699921042876e-16
3.105042261764728e-16
4.191720131474529e-16
3.441078692091065e-16
2.893394493048584e-16
4.284780673715297e-16
3.535382090710238e-16
3.122932806123926e-16
4.280154660150231e-16
3.702956408056192e-16
3.25741078879977e-16
3.565682647357661e-16
2.911856801845371e-16
4.266927857505916e-16
3.444579535947041e-16
3.095946851203083e-16
2.857416738364367e-16
4.065087467791447e-16
3.254799888998044e-16
3.11460767020084e-16
4.318672034244375e-16
3.54756963721728e-16
3.103992423657822e-16
4.367051877880623e-16
3.765966036105573e-16
3.340903942805757e-16
3.577245837780895e-16
3.035809389597059e-16
2.890039831658213e-16
3.299114738793978e-16
4.295581989074124e-16
3.848449752919205e-16
3.426475679563839e-16
3.17472952047024e-16
2.96907717741944e-16
4.075643426420832e-16
3.63569494312031e-16
3.817810442993408e-16
3.336682117901395e-16
4.244426960480376e-16
3.717232795970573e-16
3.325317102932058e-16
4.501024947990594e-16
3.928479566331068e-16
3.413311248513671e-16
4.410957874273289e-16
3.731514479793853e-16
3.350931661665826e-16
3.061174038503719e-16
3.397148396072197e-16
4.624452556175736e-16
4.003468808084127e-16
3.594380442299013e-16
3.14230579186273e-16
4.251129216150066e-16
3.43300048633136e-16
3.129459593841659e-16
4.378500588882844e-16
3.159754979436688e-16
4.083676606581664e-16
3.578396388117484e-16
3.745897050613188e-16
3.215249584373447e-16
3.114159641024777e-16
4.167021240076003e-16
3.468205260276475e-16
3.222843809176718e-16
4.461060422553296e-16
3.782832428236547e-16
3.209792186702819e-16
2.949419671680545e-16
4.212373376493534e-16
3.594331060420149e-16
3.150989286508241e-16
4.337126369478601e-16
3.811237436739984e-16
3.286397562240533e-16
4.459402241519882e-16
3.962771152443975e-16
3.295888716758224e-16
3.205372496656049e-16
2.571951819485267e-16
2.953495849457685e-16
2.855357637618351e-16
3.877780508241814e-16
3.304233471507062e-16
4.419138000831206e-16
3.639776448863307e-16
3.239668584645781e-16
2.920439766820916e-16
3.929524819108553e-16
3.482033310856053e-16
3.22053867429063e-16
3.1190108921747e-16
4.198454797006284e-16
3.571928685161459e-16
3.165034481629987e-16
4.224558099381541e-16
3.638018066877925e-16
3.219820358020859e-16
4.507243637548292e-16
3.788219714638331e-16
3.48840758016204e-16
3.187260738069938e-16
4.278916749160059e-16
3.562206787553231e-16
3.101467191418805e-16
4.32038978909011e-16
3.553027654788283e-16
3.384469710570352e-16
4.431994777105533e-16
3.751495472231138e-16
4.193753633082877e-16
4.154210090122035e-16
3.47197987481589e-16
4.729734444495282e-16
4.01695543774915e-16
3.407816049923835e-16
3.759862567858436e-16
3.108483345430552e-16
3.05372002968313e-16
4.247243495309144e-16
3.624187124369008e-16
3.256650972794785e-16
3.131748452012176e-16
4.425813404794247e-16
3.833338445215963e-16
3.533927739119964e-16
3.370389288374803e-16
4.348079114082652e-16
3.870352549698105e-16
3.434039919753575e-16
3.586536184393507e-16
4.577273220187464e-16
3.83671126328311e-16
3.530423493589251e-16
3.820662559416133e-16
4.782132684617264e-16
4.096235825048707e-16
3.64914474822048e-16
3.459189229584033e-16
3.800230072224642e-16
4.304642412199743e-16
4.482996092433584e-16
4.505155147664185e-16
4.488783039291132e-16
3.952506475699773e-16
3.703236694888839e-16
4.577466164711015e-16
4.091743661380272e-16
3.649250032915328e-16
3.420905896014395e-16
4.414577567112881e-16
3.820155175388311e-16
3.224950820179269e-16
4.229055736458683e-16
3.688406292591787e-16
3.175171467119375e-16
4.417206154928618e-16
3.809502204310891e-16
3.284225203834505e-16
4.451693398401646e-16
3.734869957736515e-16
3.140071939769888e-16
4.500234565340739e-16
2.940740114775643e-16
2.536381338367055e-16
3.527361814286198e-16
3.915963169427828e-16
5.102525979800852e-16
3.617090778776168e-16
3.283263283563151e-16
3.800000567618068e-16
3.271539387212363e-16
3.889947410593543e-16
3.485938578032289e-16
4.781202907824526e-16
4.069497236578126e-16
4.301501607363848e-16
3.803262207980207e-16
3.526554700965563e-16
3.426494044562913e-16
3.242723076012416e-16
3.082528945067646e-16
2.984359514346778e-16
3.742220681493265e-16
3.293356101705138e-16
4.363097468610619e-16
3.733811973855632e-16
3.380262866292095e-16
3.193676486045077e-16
4.120738618829799e-16
3.641441225090064e-16
4.580267706807657e-16
3.929905040665843e-16
3.770137093137472e-16
3.335831785199963e-16
4.213135260720338e-16
4.178816451178652e-16
3.608214923956905e-16
3.272414152768348e-16
3.137009523274136e-16
4.558658827702866e-16
3.998149212542737e-16
3.606670954242807e-16
3.422109658505727e-16
3.774337001036478e-16
4.768452416682934e-16
3.269173901837613e-16
4.421343311524234e-16
3.655871891317148e-16
4.064152378421511e-16
4.33361706715417e-16
3.559992215161395e-16
3.129068350064127e-16
4.276144905698221e-16
3.672845480277934e-16
3.348742727361389e-16
3.157875488209461e-16
4.444550542466596e-16
3.723007598186826e-16
3.348544590179371e-16
4.402969692984231e-16
3.651339604380968e-16
3.233593109685065e-16
2.987132200570222e-16
3.470995684361559e-16
2.884529241828919e-16
4.280496693663921e-16
3.657325149585265e-16
3.472095898965656e-16
4.750519316791053e-16
3.990812909783104e-16
3.529023551175999e-16
4.54762324727155e-16
3.872072827564622e-16
3.317697592003122e-16
3.093951859206544e-16
2.983601764779808e-16
3.37081294595873e-16
4.247086077438166e-16
3.589436524223685e-16
3.1159617737215e-16
2.88078712399417e-16
3.807349769863239e-16
3.390046915000569e-16
3.804754598704301e-16
3.949559165512822e-16
3.422337474434212e-16
4.438254532552987e-16
3.575213062831913e-16
3.445622543168857e-16
3.304612842008967e-16
3.20318509796709e-16
4.291159078119366e-16
3.679611362376271e-16
4.772162438293034e-16
3.928450935486335e-16
3.393678894055814e-16
3.026019778181564e-16
4.251849591916389e-16
3.702194401207154e-16
3.382363387371442e-16
4.617465168587396e-16
4.090964981034113e-16
3.541192465956992e-16
3.136788354048073e-16
4.251475910421202e-16
3.737138340128149e-16
3.306238262048823e-16
4.459988389321385e-16
3.74428717793981e-16
3.264528191176542e-16
4.576663324690376e-16
3.196183439499501e-16
4.307322923142896e-16
3.506487348451494e-16
4.628440516163074e-16
3.981535617790453e-16
3.465208780658844e-16
4.625790422711796e-16
2.651897100882817e-16
3.514787904368284e-16
3.706832737751638e-16
3.189081640660083e-16
4.481004152551454e-16
3.845582232170531e-16
3.570327137433164e-16
3.285586488982887e-16
4.598155662537961e-16
3.235918608442647e-16
4.092815095142943e-16
3.377298584165385e-16
2.933143400569044e-16
3.05858618542063e-16
3.257530703456472e-16
4.294570043675284e-16
4.340217070725028e-16
3.825355785667464e-16
3.403636142955341e-16
2.822469757818824e-16
3.235136224339982e-16
3.393702766539387e-16
3.694123108398611e-16
3.891155126177612e-16
3.243433046059999e-16
4.595702161405089e-16
1.984046673461248e-16
3.063915189389319e-16
2.344772630240875e-16
3.413757422344796e-16
2.611015001003087e-16
2.920743632768477e-16
3.127969586384772e-16
3.228627331557653e-16
0
