0.02
-nan
-nan
-nan
4153284.628193875
4416259.076643209
3591099.837801624
2708271.248675677
1971997.07345179
1406926.047200148
990272.5569451777
690113.7147081391
477147.6320532204
327687.5534839678
223675.6505216868
151789.6117239166
102402.0773381888
68654.0706345628
45709.76579948359
30187.34619294903
19737.42748544447
12736.89840676995
8069.532614950375
4970.033970711717
2912.835588318545
1527.553473099729
468.6369288992075
-nan
-nan
-nan
-nan
-nan
-nan
-nan
-nan
-nan
-nan
-nan
20.76340790957196
35.1929386930271
38.47485010404915
37.95847212615264
35.74729438363712
32.79364577279107
29.59012625369534
26.40284900445747
23.37445771574824
20.57669251497592
18.03960910851637
15.76870436456065
13.75528717842378
11.9828753929109
10.43116828956128
9.078502336844457
7.903342304695106
6.885153293125434
6.004874631212793
5.245139158432172
4.59033208760606
4.026551641832746
3.541512570437221
3.124419595878864
2.765828396075119
2.457505331509784
2.192292772908632
1.96398390936869
1.76720888372496
1.597332730536962
1.450364703140948
1.322878053328974
1.211939086837645
1.115044288723793
1.030064425905712
0.9551947228022336
0.8889104115304239
0.8299271375579932
0.7771658317195087
0.7297217353588851
0.6868372957268295
0.6478786489363898
0.6123153936809894
0.579703343275372
0.5496699344175175
0.5219019719522293
0.4961354000659401
0.472146809986753
0.4497464197788428
0.428772290528096
0.409085572823265
0.3905666062173989
0.3731117211564787
0.3566306170261524
0.3410442112154877
0.3262828724161319
0.3122849669255914
0.2989956597593774
0.2863659231969257
0.2743517142954762
0.2629132901960032
0.2520146359807555
0.2416229846556811
0.2317084127242367
0.2222434979612992
0.2132030285283442
0.2045637546109742
0.1963041754024429
0.1884043555802202
0.1808457664892724
0.1736111481069014
0.1666843885598704
0.1600504185283468
0.1536951183285865
0.1476052358385687
0.1417683137345021
0.1361726247544671
0.1308071139095949
0.1256613467309773
0.1207254627793736
0.1159901337599371
0.1114465256799024
0.1070862645673224
0.1029014053360941
0.09888440343896414
0.09502808899812561
0.09132564314338089
0.08777057632248375
0.08435670837768561
0.08107815020778543
0.07792928685676072
0.07490476188878682
0.071999462925738
0.06920850823731974
0.06652723428631964
0.06395118414216153
0.06147609668532431
0.05909789653346208
0.05681268462726686
0.05461672942052824
0.05250645862446915
0.05047845146143064
0.04852943138740011
0.04665625924680403
0.04485592682649154
0.04312555077892127
0.04146236688737639
0.03986372464848533
0.03832708214956469
0.03685000122027648
0.03543014283989965
0.0340652627830978
0.03275320748852191
0.03149191013588359
0.03027938691831233
0.02911373349786401
0.02799312163300953
0.02691579596779826
0.02588007097318356
0.02488432803169961
0.02392701265734442
0.02300663184309658
0.0221217515290479
0.02127099418461087
0.02045303649872195
0.01966660717235926
0.01891048480808004
0.0181834958916187
0.0174845128609113
0.0168124522581986
0.01616627296112557
0.01554497448901219
0.01494759538068624
0.01437321164049078
0.01382093524926672
0.01328991273729664
0.01277932381636185
0.0122883800682238
0.01181632368698107
0.01136242627289564
0.01092598767540391
0.01050633488314552
0.01010282095895979
0.00971482401789376
0.009341746246372169
0.008983012960763826
0.00863807170366771
0.008306391376322357
0.00798746140561696
0.007680790944255251
0.007385908102688968
0.007102359211502826
0.006829708112992698
0.006567535480734535
0.006315438165997966
0.006073028569905269
0.005839934040290299
0.005615796292252565
0.005400270851448713
0.005193026519204666
0.004993744858568222
0.004802119700464335
0.004617856669146025
0.004440672726170744
0.004270295732164829
0.004106464025665954
0.003948926018367299
0.003797439806113068
0.003651772795021623
0.003511701342138008
0.003377010410044282
0.003247493234876308
0.003122951007220444
0.003003192565383624
0.002888034100551209
0.002777298873367383
0.002670816941489483
0.002568424897688238
0.002469965618081063
0.002375288020102553
0.002284246829833092
0.002196702358319982
0.002112520286541222
0.002031571458675297
0.001953731683353995
0.001878881542587747
0.001806906208066043
0.001737695264545189
0.001671142540049912
0.001607145942623558
0.001545607303373142
0.001486432225565563
0.001429529939540431
0.001374813163214199
0.001322197967959475
0.001271603649651133
0.001222952604679926
0.001176170210741083
0.00113118471221346
0.001087927109952124
0.001046331055323504
0.001006332748319515
0.0009678708395931241
0.0009308863362639633
0.0008953225113486007
0.0008611248166755439
0.0008282407991503393
0.0007966200202423548
0.0007662139785678989
0.0007369760354513157
0.0007088613433486353
0.0006818267770236711
0.0006558308673707463
0.0006308337377816659
0.0006067970429590868
0.0005836839100822629
0.0005614588822343258
0.0005400878640040104
0.0005195380691784809
0.0004997779704460981
0.0004807772510323696
0.0004625067581944167
0.0004449384585023963
0.0004280453948391114
0.000411801645051947
0.0003961822821930988
0.0003811633362874821
0.0003667217575690872
0.0003528353811297188
0.0003394828929254327
0.0003266437970887363
0.0003142983844960674
0.0003024277025425075
0.0002910135260771406
0.0002800383294545767
0.0002694852596595196
0.0002593381104633014
0.0002495812975726184
0.0002401998347323772
0.0002311793107459268
0.0002225058673774425
0.0002141661781024556
0.0002061474276741752
0.0001984372924739993
0.000191023921616131
0.0001838959187774984
0.000177042324724894
0.0001704526005127523
0.0001641166113255012
0.0001580246109402205
0.0001521672267853495
0.0001465354455726712
0.0001411205994808674
0.0001359143528689547
0.0001309086894998852
0.0001260959002542299
0.0001214685713154464
0.0001170195728086696
0.0001127420478755232
0.0001086294021682918
0.0001046752937475757
0.0001008736233678258
9.721852513605713e-05
9.370435752932816e-05
9.032569475754305e-05
8.707731845830396e-05
8.395420971102143e-05
8.095154135853612e-05
7.806467062403309e-05
7.528913201250273e-05
7.262063048582934e-05
7.005503490090829e-05
6.758837170131132e-05
6.521681885234459e-05
6.293670001094833e-05
6.074447892100817e-05
5.86367540259402e-05
5.661025329054396e-05
5.466182922351797e-05
5.278845409407722e-05
5.098721533474517e-05
4.925531112353438e-05
4.759004613878119e-05
4.598882748023454e-05
4.444916075015439e-05
4.296864628823141e-05
4.154497555481154e-05
4.017592765679453e-05
3.885936601063832e-05
3.759323513747263e-05
3.637555758539728e-05
3.520443097361806e-05
3.407802515468208e-05
3.299457948902198e-05
3.195240022870089e-05
3.094985800526048e-05
2.99853854178026e-05
2.90574747174521e-05
2.816467558423718e-05
2.730559299248711e-05
2.647888516160239e-05
2.568326158790834e-05
2.491748115495113e-05
2.418035031841237e-05
2.347072136255788e-05
2.278749072527809e-05
2.212959738854197e-05
2.149602133121711e-05
2.088578204182623e-05
2.029793708809128e-05
1.973158074115842e-05
1.918584265127435e-05
1.865988657309322e-05
1.815290913821323e-05
1.766413867241995e-05
1.719283405583002e-05
1.673828362362553e-05
1.629980410581277e-05
1.587673960383771e-05
1.546846060262327e-05
1.507436301617067e-05
1.469386726527512e-05
1.432641738608501e-05
1.397148016792085e-05
1.362854431926603e-05
1.329711966064124e-05
1.297673634342555e-05
1.266694409339773e-05
1.236731147828816e-05
1.207742519845197e-05
1.179688939968905e-05
1.152532500760848e-05
1.126236908298359e-05
1.100767419698316e-05
1.076090782636958e-05
1.052175176767894e-05
1.028990156993586e-05
1.006506598554263e-05
9.846966438666469e-06
9.635336511176007e-06
9.42992144522973e-06
9.230477662312634e-06
9.036772298590364e-06
8.84858275578248e-06
8.665696267606947e-06
8.487909481134658e-06
8.315028053301704e-06
8.146866261254084e-06
7.983246627359244e-06
7.823999557642112e-06
7.668962993827953e-06
7.517982078400127e-06
7.370908832690778e-06
7.227601847309072e-06
7.087925984686982e-06
6.951752093766365e-06
6.818956735729038e-06
6.68942192137253e-06
6.563034859160495e-06
6.439687713746003e-06
6.319277375025402e-06
6.20170523658734e-06
6.08687698431773e-06
5.974702393799648e-06
5.865095136919026e-06
5.757972597009826e-06
5.653255692326504e-06
5.550868707566851e-06
5.450739133294441e-06
5.352797512317187e-06
5.256977293638561e-06
5.163214693264966e-06
5.071448561218817e-06
4.981620255279546e-06
4.893673520711612e-06
4.807554375485825e-06
4.723211001396936e-06
4.640593640478288e-06
4.559654496115466e-06
4.480347639607692e-06
4.402628920749439e-06
4.326455883328874e-06
4.251787684584145e-06
4.178585018703848e-06
4.106810044332869e-06
4.036426315443389e-06
3.967398715966628e-06
3.899693397631431e-06
3.833277720794014e-06
3.76812019857623e-06
3.704190443516843e-06
3.641459117340678e-06
3.57989788279555e-06
3.519479358354353e-06
3.460177074954921e-06
3.401965435186032e-06
3.344819674388911e-06
3.288715823787731e-06
3.233630675420181e-06
3.179541749019702e-06
3.126427260588967e-06
3.074266092261589e-06
3.023037764060043e-06
2.972722406939757e-06
2.923300737065553e-06
2.874754031680203e-06
2.827064105908181e-06
2.780213290862387e-06
2.734184412801263e-06
2.688960773330632e-06
2.644526130739727e-06
2.600864681857033e-06
2.557961045273686e-06
2.515800245180575e-06
2.474367695868587e-06
2.433649187188932e-06
2.393630870661429e-06
2.354299246199465e-06
2.315641149434333e-06
2.277643739836749e-06
2.24029448909178e-06
2.203581170424203e-06
2.167491848079783e-06
2.132014867374492e-06
2.097138845267292e-06
2.062852661452364e-06
2.029145449532397e-06
1.996006588999651e-06
1.963425697238889e-06
1.931392622042648e-06
1.899897434459147e-06
1.868930422002859e-06
1.838482081917603e-06
1.808543114933064e-06
1.779104419346834e-06
1.750157085129482e-06
1.721692388501155e-06
1.693701786541189e-06
1.6661769121035e-06
1.639109568932397e-06
1.61249172700159e-06
1.586315518152883e-06
1.560573231442739e-06
1.535257309196577e-06
1.510360343003166e-06
1.485875069782875e-06
1.461794368116985e-06
1.438111254710732e-06
1.414818880809226e-06
1.391910529096673e-06
1.369379610306535e-06
1.347219660215774e-06
1.325424336648578e-06
1.303987416566346e-06
1.282902793302513e-06
1.262164473889741e-06
1.241766576391035e-06
1.221703327376079e-06
1.201969059685563e-06
1.182558209746963e-06
1.163465315551058e-06
1.144685014303198e-06
1.12621204021608e-06
1.108041222565578e-06
1.090167483652827e-06
1.072585836691495e-06
1.055291384016789e-06
1.038279315241164e-06
1.02154490538071e-06
1.005083513154565e-06
9.888905792903201e-07
9.72961624780547e-07
9.572922492912771e-07
9.418781297904742e-07
9.267150186205392e-07
9.117987423882442e-07
8.971252003909633e-07
8.826903630168034e-07
8.684902706290048e-07
8.545210321311744e-07
8.407788234845031e-07
8.272598866989609e-07
8.139605284146743e-07
8.008771187420356e-07
7.880060899400439e-07
7.753439354555151e-07
7.628872086574982e-07
7.50632521722372e-07
7.385765445533997e-07
7.267160038907897e-07
7.150476818763926e-07
7.035684153833357e-07
6.922750949171116e-07
6.811646636435921e-07
6.702341163875224e-07
6.594804988040325e-07
6.489009063633268e-07
6.384924835208287e-07
6.282524227551298e-07
6.181779638610834e-07
6.082663928862589e-07
5.985150415652611e-07
5.889212863345356e-07
5.794825476284941e-07
5.701962890409937e-07
5.610600166061387e-07
5.520712780703757e-07
5.432276620361999e-07
5.345267975666778e-07
5.259663530871569e-07
5.175440358940189e-07
5.092575915821564e-07
5.011048031661602e-07
4.930834904942238e-07
4.851915097495288e-07
4.774267526314427e-07
4.697871459005417e-07
4.622706507147602e-07
4.548752620497202e-07
4.475990079538223e-07
4.404399493267636e-07
4.333961790831232e-07
4.264658216347155e-07
4.196470324874192e-07
4.129379975585621e-07
4.06336932756908e-07
3.998420835280836e-07
3.934517241301988e-07
3.871641574029876e-07
3.809777140726632e-07
3.748907524436938e-07
3.689016578132365e-07
3.630088420805182e-07
3.572107433719091e-07
3.515058253360545e-07
3.458925769831715e-07
3.403695121716431e-07
3.349351691906009e-07
3.295881102426819e-07
3.24326921233416e-07
3.191502113087365e-07
3.140566123464317e-07
3.090447786578392e-07
3.041133866582713e-07
2.992611345008487e-07
2.944867415771192e-07
2.897889483545251e-07
2.851665157821547e-07
2.806182252579846e-07
2.761428780399537e-07
2.717392949768839e-07
2.674063162291708e-07
2.631428009215336e-07
2.589476268003439e-07
2.548196899313464e-07
2.507579044679858e-07
2.467612022935948e-07
2.428285326744914e-07
2.389588621167576e-07
2.351511738721995e-07
2.314044678774838e-07
2.277177603270323e-07
2.240900833945962e-07
2.205204851976519e-07
2.170080292133087e-07
2.135517941841473e-07
2.10150873935331e-07
2.06804377026586e-07
2.035114264753788e-07
2.002711596392487e-07
1.970827278876489e-07
1.93945296301063e-07
1.908580437304537e-07
1.878201621642742e-07
1.848308568326416e-07
1.818893459568098e-07
1.789948603177482e-07
1.761466432671928e-07
1.733439504453572e-07
1.705860495080856e-07
1.67872220094906e-07
1.652017535096811e-07
1.625739524716639e-07
1.599881311458496e-07
1.574436146987823e-07
1.549397393913582e-07
1.524758520408991e-07
1.500513102406833e-07
1.476654818751684e-07
1.453177450719932e-07
1.430074881086197e-07
1.407341091106965e-07
1.384970160398995e-07
1.362956263270471e-07
1.341293668651539e-07
1.319976738805276e-07
1.298999926079946e-07
1.278357774018879e-07
1.258044912487959e-07
1.238056060329584e-07
1.218386020219879e-07
1.199029680080222e-07
1.179982009200757e-07
1.161238058806599e-07
1.142792960407945e-07
1.124641923120995e-07
1.106780234594383e-07
1.089203257613775e-07
1.071906431039896e-07
1.054885265822604e-07
1.038135346403943e-07
1.021652328258176e-07
1.005431936824235e-07
9.89469966357359e-08
9.73762279553888e-08
9.583048050919048e-08
9.430935375956466e-08
9.281245368790496e-08
9.133939244579803e-08
8.988978868175875e-08
8.846326696671888e-08
8.705945808484686e-08
8.567799866644449e-08
8.431853121930946e-08
8.298070403834414e-08
8.166417103837282e-08
8.036859175219293e-08
7.909363109966922e-08
7.783895947852026e-08
7.660425259178573e-08
7.538919131910031e-08
7.419346169595111e-08
7.301675478432691e-08
7.185876666538403e-08
7.071919825126866e-08
6.959775534116024e-08
6.849414831758771e-08
6.740809236122118e-08
6.633930710276065e-08
6.528751678136202e-08
6.425245009320441e-08
6.323383995132723e-08
6.223142373189422e-08
6.124494279803956e-08
6.027414291822817e-08
5.931877376945223e-08
5.837858913849863e-08
5.745334670486988e-08
5.654280807806819e-08
5.564673869181198e-08
5.476490770618265e-08
5.389708797181169e-08
5.304305605334232e-08
5.220259203175201e-08
5.137547960234376e-08
5.056150580072103e-08
4.976046114088214e-08
4.897213951421992e-08
4.819633813456947e-08
4.743285740644586e-08
4.668150098166442e-08
4.594207561393573e-08
4.521439118402731e-08
4.449826056646508e-08
4.379349968565754e-08
4.309992747204755e-08
4.241736558689324e-08
4.174563869822242e-08
4.108457423754014e-08
4.043400235584829e-08
3.979375590786066e-08
3.916367054504419e-08
3.854358443929695e-08
3.793333838411455e-08
3.733277571645114e-08
3.674174226889223e-08
3.61600864094368e-08
3.55876587934918e-08
3.502431258351242e-08
3.446990331018734e-08
3.392428867474176e-08
3.338732875859754e-08
3.28588858964693e-08
3.233882449717897e-08
3.182701126773242e-08
3.13233149869711e-08
3.082760655669359e-08
3.033975891394919e-08
2.985964702120005e-08
2.93871479254876e-08
2.892214048608381e-08
2.846450562028627e-08
2.801412609570119e-08
2.757088651856158e-08
2.713467342826012e-08
2.670537508915328e-08
2.628288164598583e-08
2.586708486642421e-08
2.545787832407783e-08
2.505515733327394e-08
2.465881874707606e-08
2.426876118804959e-08
2.388488486774479e-08
2.350709152720522e-08
2.313528457331108e-08
2.276936883670943e-08
2.240925080787056e-08
2.205483829702098e-08
2.170604078836005e-08
2.136276903528417e-08
2.102493529874422e-08
2.069245316309519e-08
2.036523770929554e-08
2.004320530985159e-08
1.972627362236551e-08
1.941436161871108e-08
1.910738969990863e-08
1.880527937285934e-08
1.850795349870832e-08
1.821533607469073e-08
1.792735241087665e-08
1.764392895830592e-08
1.736499334713154e-08
1.709047429398074e-08
1.682030178141803e-08
1.655440680612882e-08
1.629272149359674e-08
1.603517907883611e-08
1.578171374416831e-08
1.553226087781177e-08
1.528675680698547e-08
1.504513889832769e-08
1.480734546115515e-08
1.457331586816891e-08
1.434299040915582e-08
1.411631031559964e-08
1.389321775352553e-08
1.367365589411058e-08
1.34575687473907e-08
1.324490115275713e-08
1.303559894467775e-08
1.282960870730913e-08
1.262687799555087e-08
1.24273550360915e-08
1.223098905558666e-08
1.203772998130007e-08
1.184752856940732e-08
1.166033628726366e-08
1.147610550105436e-08
1.129478925011405e-08
1.111634135884996e-08
1.094071637323129e-08
1.076786950441056e-08
1.059775677425279e-08
1.043033484386467e-08
1.026556106494887e-08
1.010339342478528e-08
9.943790697439301e-09
9.786712211925007e-09
9.632118051417113e-09
9.479968769684341e-09
9.330225648864041e-09
9.182850590329546e-09
9.037806088365482e-09
8.895055214723703e-09
8.754561615177855e-09
8.616289604307597e-09
8.48020390642087e-09
8.346269971379054e-09
8.214453663514809e-09
8.084721491348921e-09
7.957040449817595e-09
7.831378028207478e-09
7.707702220638927e-09
7.585981622659407e-09
7.466185288228709e-09
7.348282753142863e-09
7.232244006653405e-09
7.118039517971232e-09
7.005640314941649e-09
6.895017774981044e-09
6.786143753744624e-09
6.678990645387605e-09
6.573531164457588e-09
6.469738522561582e-09
6.367586288094562e-09
6.2670485292695e-09
6.168099684951309e-09
6.070714630741347e-09
5.974868575596522e-09
5.88053720992893e-09
5.787696571810377e-09
5.696322991384158e-09
5.606393325002051e-09
5.517884699094684e-09
5.43077464109277e-09
5.345041030759498e-09
5.260662096563811e-09
5.177616394009117e-09
5.095882779259633e-09
5.015440536353596e-09
4.936269256962063e-09
4.858348823388274e-09
4.781659406651735e-09
4.706181560218059e-09
4.631896159305705e-09
4.558784310593257e-09
4.486827468017686e-09
4.416007298598204e-09
4.346305859701285e-09
4.277705508858856e-09
4.210188764151418e-09
4.143738518455428e-09
4.07833790904303e-09
4.01397032192392e-09
3.950619461725135e-09
3.888269172245109e-09
3.826903705980168e-09
3.766507451206192e-09
3.707065066231485e-09
3.64856154389987e-09
3.59098197320292e-09
3.534311729199185e-09
3.478536512159951e-09
3.423642115587835e-09
3.369614638649868e-09
3.31644035795606e-09
3.264105813774419e-09
3.212597707838586e-09
3.161902956881933e-09
3.112008730963633e-09
3.062902368985911e-09
3.014571409944408e-09
2.967003667900183e-09
2.920186987083013e-09
2.874109527858446e-09
2.828759595629989e-09
2.78412573899545e-09
2.740196576368732e-09
2.696961009932705e-09
2.654408026683488e-09
2.612526901180265e-09
2.571307018452013e-09
2.53073789739511e-09
2.490809262467179e-09
2.451510983914053e-09
2.412833129461004e-09
2.374765860042301e-09
2.337299562911055e-09
2.300424702222565e-09
2.26413197946411e-09
2.228412130101889e-09
2.193256157413045e-09
2.158655179091221e-09
2.12460036365024e-09
2.091083070912523e-09
2.058094864623099e-09
2.025627384944008e-09
1.993672377254635e-09
1.962221749996421e-09
1.931267558331646e-09
1.900801926165214e-09
1.870817176812968e-09
1.841305660359488e-09
1.812259912145709e-09
1.783672629409382e-09
1.755536520764654e-09
1.727844497840618e-09
1.70058950206378e-09
1.673764645260842e-09
1.647363105540911e-09
1.621378270580454e-09
1.595803547063268e-09
1.570632372293376e-09
1.545858460132413e-09
1.521475479024204e-09
1.497477280739004e-09
1.473857804048444e-09
1.45061106080891e-09
1.427731174053778e-09
1.405212331017731e-09
1.383048818009266e-09
1.361235047489816e-09
1.339765454620783e-09
1.318634630514889e-09
1.297837253484503e-09
1.277368044354035e-09
1.257221836616523e-09
1.237393528387898e-09
1.217878055073716e-09
1.1986705144383e-09
1.179766087716123e-09
1.16115986783609e-09
1.1428472181426e-09
1.124823522771531e-09
1.107084191607499e-09
1.089624734376617e-09
1.0724407393084e-09
1.055527879646366e-09
1.038881843033136e-09
1.022498429866674e-09
1.00637348640839e-09
9.905029507111546e-10
9.748827981735076e-10
9.595090468362189e-10
9.443778498473295e-10
9.294853226842559e-10
9.148278071316274e-10
9.0040149823761e-10
8.862027390780968e-10
8.722280069635398e-10
8.584737001432301e-10
8.449363706430368e-10
8.316125882878611e-10
8.1849904717216e-10
8.055923151896405e-10
7.9288924217957e-10
7.803864756609443e-10
7.680809414743673e-10
7.559695341274898e-10
7.440491387075472e-10
7.323167949807016e-10
7.207695131993103e-10
7.094043618169733e-10
6.982184902450056e-10
6.872090123545882e-10
6.763732134017621e-10
6.657083381278103e-10
6.552116784571036e-10
6.448806125125665e-10
6.347124928367128e-10
6.247047125789644e-10
6.148548060045998e-10
6.05160255607556e-10
5.956186270868872e-10
5.862274630749046e-10
5.76984408978606e-10
5.678871210457485e-10
5.58933354416761e-10
5.501208157023918e-10
5.414472723194519e-10
5.329105074678955e-10
5.245083941705877e-10
5.162388062797105e-10
5.080995986715058e-10
5.000887417298193e-10
4.922042646184837e-10
4.844441246047737e-10
4.768063396804012e-10
4.692890244694346e-10
4.618902434152504e-10
4.546081429072977e-10
4.474409221269537e-10
4.403867053128378e-10
4.334437251582249e-10
4.266102119434706e-10
4.198844708995966e-10
4.132648147985982e-10
4.06749492534905e-10
4.003369475264223e-10
3.940255479678379e-10
3.878136400710325e-10
3.816996876853693e-10
3.756821729705442e-10
3.697595454074289e-10
3.639302763099065e-10
3.581929303649875e-10
3.525460738306983e-10
3.469882572850913e-10
3.415180816214025e-10
3.361341576548576e-10
3.308350959734071e-10
3.256196615941299e-10
3.204864503711954e-10
3.154341790546638e-10
3.104615961545643e-10
3.055674016520675e-10
3.007503630549638e-10
2.960092393966871e-10
2.913429337061191e-10
2.867501859697019e-10
2.822298683064791e-10
2.777808266336498e-10
2.734019271817172e-10
2.690920719500479e-10
2.648501368407713e-10
2.606751108563311e-10
2.565659105426111e-10
2.525214941095129e-10
2.485407921384875e-10
2.44622904596978e-10
2.407668017907253e-10
2.369714813927318e-10
2.332359942385409e-10
2.29559409568832e-10
2.259407754975329e-10
2.223792133038507e-10
2.18873814146298e-10
2.15423676457251e-10
2.120279341345885e-10
2.086857471815643e-10
2.053962305481139e-10
2.021585766497879e-10
1.989719980819075e-10
1.958356127618665e-10
1.927487107032616e-10
1.897104908606722e-10
1.867201434416181e-10
1.837769415797608e-10
1.808801563055777e-10
1.780290061710312e-10
1.752228332595672e-10
1.724608707022415e-10
1.697424759748195e-10
1.670669533942894e-10
1.644336052927136e-10
1.618417479673701e-10
1.592907552113907e-10
1.567799528390433e-10
1.543087586275908e-10
1.518765381506848e-10
1.494826168164732e-10
1.471264727772649e-10
1.448074340084627e-10
1.425249781104328e-10
1.402785150253108e-10
1.380674269741015e-10
1.358912403007205e-10
1.337493483642781e-10
1.316412005508045e-10
1.29566325915219e-10
1.275241452388808e-10
1.255141266411433e-10
1.23535803810966e-10
1.215886752758277e-10
1.196722538885994e-10
1.177860208722129e-10
1.159295084637262e-10
1.141022680046133e-10
1.123038476328361e-10
1.105337717900093e-10
1.087916483918233e-10
1.070769502879077e-10
1.053892616991829e-10
1.037282218590388e-10
1.020933287724559e-10
1.004842174837104e-10
9.890047244103283e-11
9.734169546316125e-11
9.580747183516796e-11
9.42974083038814e-11
9.281121324823427e-11
9.134837114536104e-11
8.99086139972466e-11
8.849158977742642e-11
8.709684054588256e-11
8.572413608186646e-11
8.43730579471654e-11
8.304328196028969e-11
8.173444323327155e-11
8.044621460025247e-11
7.917831429017663e-11
7.793037947153019e-11
7.670213690334647e-11
7.549324487019397e-11
7.430343280039575e-11
7.313236036391643e-11
7.197976987691804e-11
7.084533694023275e-11
6.97287779379436e-11
6.862980850779181e-11
6.754818662798164e-11
6.648360119945648e-11
6.543580402351137e-11
6.440450945312225e-11
6.338947822590183e-11
6.239041591172385e-11
6.140711572802908e-11
6.043930052972996e-11
5.948676202096611e-11
5.854922504745505e-11
5.762648289756401e-11
5.671828331484472e-11
5.582442784514608e-11
5.494462700383844e-11
5.407869933606378e-11
5.322640263774604e-11
5.238754055994098e-11
5.156192915605764e-11
5.074932894763644e-11
4.994951918889238e-11
4.916230214560193e-11
4.838752934677937e-11
4.762497436126938e-11
4.687440122773801e-11
4.613563390484595e-11
4.540855072894619e-11
4.469289998641524e-11
4.398855242975911e-11
4.329529670063567e-11
4.261298204550395e-11
4.194143013265081e-11
4.128040635468225e-11
4.062980545279028e-11
3.998946452502195e-11
3.935922863258004e-11
3.873891876157017e-11
3.812842856512687e-11
3.752752845914997e-11
3.693609404230088e-11
3.635401372164426e-11
3.578107308471194e-11
3.521718458716492e-11
3.466219805273799e-11
3.411593830624016e-11
3.35782796358116e-11
3.304912628797873e-11
3.252828077116516e-11
3.201564884262905e-11
3.151109376379259e-11
3.101448473796902e-11
3.052569632960273e-11
3.004459697587793e-11
2.957109985802953e-11
2.910508608698382e-11
2.864639296333395e-11
2.819493172336066e-11
2.775054295430821e-11
2.731317121438573e-11
2.688274536270309e-11
2.645906624988409e-11
2.604205864668369e-11
2.563162378687665e-11
2.522767885184335e-11
2.48300876868567e-11
2.443874401848487e-11
2.40536029840799e-11
2.367452399978348e-11
2.330141247883107e-11
2.293419374564296e-11
2.257274501019508e-11
2.221697690138481e-11
2.186683751952979e-11
2.152223593852861e-11
2.118301406853909e-11
2.084914928292131e-11
2.05205774187959e-11
2.019719014269464e-11
1.987887912336172e-11
1.956556248962685e-11
1.925726177217933e-11
1.895373120251769e-11
1.865502497988812e-11
1.836100598477683e-11
1.807164297594759e-11
1.778682585660742e-11
1.750652160910911e-11
1.7230608843353e-11
1.695906309481472e-11
1.669174320027996e-11
1.642871023246969e-11
1.616977788308345e-11
1.591496417662611e-11
1.566414832977117e-11
1.541731108805093e-11
1.517432276314884e-11
1.493520111725347e-11
1.469983997702562e-11
1.446815169399225e-11
1.424010342413126e-11
1.401568805836836e-11
1.379477411045042e-11
1.357737137420079e-11
1.336339235264078e-11
1.315276412254367e-11
1.294552166486824e-11
1.274149250272319e-11
1.254068837494181e-11
1.234306712731767e-11
1.214856399943225e-11
1.195711457790333e-11
1.176870653186183e-11
1.158326546597072e-11
1.140075009710233e-11
1.12211023022473e-11
1.104423874643649e-11
1.087021747477699e-11
1.06989306236528e-11
1.053024715339987e-11
1.036429606289514e-11
1.020093956057173e-11
1.004016654117901e-11
9.881911632952715e-12
9.726158681646949e-12
9.572888837145936e-12
9.421999289853116e-12
9.273543858135902e-12
9.127386470491923e-12
8.983554243618475e-12
8.84200153985927e-12
8.702633658126492e-12
8.565470540625375e-12
8.430466525689265e-12
8.29761585477175e-12
8.166845262601876e-12
8.038127161256961e-12
7.911437715492769e-12
7.786723606071986e-12
7.663996258222822e-12
7.543254460318337e-12
7.424369107601451e-12
7.307340027726528e-12
7.192169203676177e-12
7.078814300932688e-12
6.967245064265565e-12
6.85743679667855e-12
6.749357937631306e-12
6.642962679034565e-12
6.538265274212786e-12
6.435193502568744e-12
6.333785918290427e-12
6.233963072095791e-12
6.135689652436279e-12
6.038983385637861e-12
5.943777618795469e-12
5.850056628132007e-12
5.757827318727391e-12
5.667090511024368e-12
5.577748658596046e-12
5.489834043217891e-12
5.403282226054503e-12
5.318113557054093e-12
5.234305152913728e-12
5.151803312728136e-12
5.070582043462423e-12
4.990661637587642e-12
4.91201726692604e-12
4.834582420905486e-12
4.758407114152279e-12
4.683419947101591e-12
4.609579883852009e-12
4.536910260333612e-12
4.465396557710035e-12
4.395037290565311e-12
4.325758341146142e-12
4.257596339784349e-12
4.190498100914903e-12
4.124435267409896e-12
4.059407336037139e-12
3.99539780001708e-12
3.932427456025878e-12
3.87045255913769e-12
3.809456658852971e-12
3.749425407501355e-12
3.690308971539394e-12
3.632136094710674e-12
3.574890037582532e-12
3.518489283380491e-12
3.463041939993553e-12
3.408449614800461e-12
3.354723070985562e-12
3.301814815723505e-12
3.249774755119841e-12
3.198523714747647e-12
3.148114636991086e-12
3.098468315986999e-12
3.049632408629793e-12
3.001550906851912e-12
2.954251969785231e-12
2.907671028057612e-12
2.861813827563909e-12
2.816696466043926e-12
2.772307821497998e-12
2.728610858151098e-12
2.685589691236349e-12
2.643255942410686e-12
2.601579138367063e-12
2.560555579052051e-12
2.520185440855679e-12
2.480434206167263e-12
2.441317497686851e-12
2.402813666174783e-12
2.364938194416382e-12
2.327647915999579e-12
2.290922631733387e-12
2.254822394931901e-12
2.219239016438232e-12
2.184239311946786e-12
2.149795434562055e-12
2.115931696105412e-12
2.082573136596239e-12
2.049705426589981e-12
2.017344577783155e-12
1.985569079946537e-12
1.954234899937183e-12
1.923431280952908e-12
1.89308084784839e-12
1.863251167430065e-12
1.833855048802578e-12
1.804935407042689e-12
1.776433563610047e-12
1.748444010891335e-12
1.720885429588395e-12
1.693709473608553e-12
1.667001718771524e-12
1.640677688481166e-12
1.614808215726333e-12
1.589348327427722e-12
1.564277074392056e-12
1.539571641377277e-12
1.515289449111709e-12
1.491410993515062e-12
1.467875105075104e-12
1.444709764199907e-12
1.421920977719877e-12
1.399487880922231e-12
1.37742453043257e-12
1.355734066073754e-12
1.334360575264334e-12
1.313323187585103e-12
1.292582794385865e-12
1.272215916941221e-12
1.252183984351357e-12
1.232407769827553e-12
1.212963386765345e-12
1.193789119475826e-12
1.174975501612273e-12
1.156420732945687e-12
1.138176573530474e-12
1.120209949354446e-12
1.102516466613055e-12
1.085108345021727e-12
1.067989735904512e-12
1.051141065610213e-12
1.0345484206375e-12
1.018261496497248e-12
1.00219049975775e-12
9.864023375319546e-13
9.708770588852465e-13
9.555695633183236e-13
9.404749823931787e-13
9.256407745465638e-13
9.110401938318247e-13
8.96672354162977e-13
8.825126411643035e-13
8.686115467295242e-13
8.548953465710853e-13
8.413865946130054e-13
8.281022880950683e-13
8.150126797301429e-13
8.021418596464569e-13
7.894740376844931e-13
7.769973669710909e-13
7.647256650116337e-13
7.526404926493026e-13
7.407578440610502e-13
7.29068830055049e-13
7.175802336110919e-13
7.062736384955011e-13
6.950928485848083e-13
6.841020949624247e-13
6.732832208695531e-13
6.626711463047818e-13
6.522088767411085e-13
6.419137292478524e-13
6.31804891553244e-13
6.218455470573847e-13
6.12039185985451e-13
6.023593389533341e-13
5.928594152683448e-13
5.835185325561289e-13
5.743067445394235e-13
5.652225410896429e-13
5.562987357825327e-13
5.474869082516863e-13
5.388397219654596e-13
5.303302852819191e-13
5.219354350178557e-13
5.137109787701741e-13
5.056005400385653e-13
4.976341402270824e-13
4.897643878059287e-13
4.820207275836119e-13
4.743918202985537e-13
4.66905597944123e-13
4.59500509109324e-13
4.52233823576595e-13
4.450866635144751e-13
4.380343446483281e-13
4.311008981769679e-13
4.242561612558338e-13
4.175650018295902e-13
4.110007936656944e-13
4.045071570569995e-13
3.981268121588291e-13
3.91833688847298e-13
3.856137411907369e-13
3.795375965546919e-13
3.735429357155277e-13
3.676381796861615e-13
3.61787412717555e-13
3.560459950821897e-13
3.504112864744828e-13
3.448684951620861e-13
3.394264056208617e-13
3.340221377112215e-13
3.287362267113501e-13
3.235716197654185e-13
3.184803479320928e-13
3.134373790984154e-13
3.084490872895674e-13
3.035400470673445e-13
2.987036615432267e-13
2.939842303185321e-13
2.893057932009844e-13
2.847150349033304e-13
2.801742634660515e-13
2.757209381722959e-13
2.713408101892174e-13
2.67068686293289e-13
2.6281929141155e-13
2.58662675744014e-13
2.545465972780307e-13
2.504808094528027e-13
2.465095052046826e-13
2.425984200360617e-13
2.387223069626461e-13
2.349337482523963e-13
2.312132340666824e-13
2.275696155780105e-13
2.239556523184329e-13
2.20412248036367e-13
2.168946109389902e-13
2.134435921533811e-13
2.100725806790883e-13
2.067153188584273e-13
2.033948744793645e-13
2.001751742722533e-13
1.970029860591619e-13
1.939122920704165e-13
1.908161405127274e-13
1.877854571873621e-13
1.848136523388632e-13
1.818649754708037e-13
1.789937567601678e-13
1.76176466905032e-13
1.733917397769815e-13
1.70624776730176e-13
1.679151361928411e-13
1.652729194659719e-13
1.626231852128576e-13
1.600609597462276e-13
1.574983674314338e-13
1.550007995768091e-13
1.525432571953092e-13
1.500967738109032e-13
1.477309564690805e-13
1.454080130651965e-13
1.43097267197606e-13
1.408232050065621e-13
1.38541374000681e-13
1.363132611208052e-13
1.341365625260263e-13
1.320043185494093e-13
1.299287618248976e-13
1.278873782697049e-13
1.258680088672508e-13
1.238459506516168e-13
1.218252435113984e-13
1.19880236875053e-13
1.179739228147389e-13
1.160627471886183e-13
1.141891168786582e-13
1.123767771870995e-13
1.105999656110428e-13
1.088764163228558e-13
1.071362545844827e-13
1.054415492433454e-13
1.0377371162249e-13
1.021149732811379e-13
1.005068736736473e-13
9.884973706145002e-14
9.725949877408906e-14
9.573388857125576e-14
9.42201285429742e-14
9.268063775418601e-14
9.121246315710419e-14
8.978061121772438e-14
8.832188270280749e-14
8.691615993590593e-14
8.550194531089903e-14
8.410400222132648e-14
8.271218642971228e-14
8.140375164589101e-14
8.008959274580996e-14
7.877461490558599e-14
7.746998560035761e-14
7.622136980120739e-14
7.500223733303594e-14
7.382382186949132e-14
7.263768487615775e-14
7.145883684504923e-14
7.035490844428405e-14
6.927154344837697e-14
6.813806663710888e-14
6.701373078957125e-14
6.596831163590993e-14
6.493323337233837e-14
6.386611966654636e-14
6.283002166403494e-14
6.181755398191415e-14
6.080252854146509e-14
5.980986630226846e-14
5.884901787063644e-14
5.791580477093911e-14
5.699295457706888e-14
5.610967227429756e-14
5.523490651743019e-14
5.433064693115977e-14
5.344196389545662e-14
5.259387109134295e-14
5.17585728778339e-14
5.093298828272191e-14
5.012369968657913e-14
4.935858940315626e-14
4.856346266931363e-14
4.776100947601109e-14
4.699208045289742e-14
4.623887071827349e-14
4.549971059165505e-14
4.475572863086256e-14
4.400260955313384e-14
4.329858088442856e-14
4.262030321073899e-14
4.192245273302079e-14
4.124673545171998e-14
4.057380731481645e-14
3.98837515799943e-14
3.925779498066237e-14
3.865229017125928e-14
3.801715561419503e-14
3.738237050885595e-14
3.678118910746698e-14
3.61423666744855e-14
3.556296607726915e-14
3.499364270889683e-14
3.438582741066187e-14
3.382379920970185e-14
3.328295140466791e-14
3.272308317796434e-14
3.22088509930646e-14
3.169256877060504e-14
3.115743361025517e-14
3.064121950518328e-14
3.01245147080856e-14
2.962925625570853e-14
2.916361563256068e-14
2.865461503904322e-14
2.817738246929573e-14
2.77626486785032e-14
2.734883406585449e-14
2.692595853918799e-14
2.652373394605468e-14
2.606884381438189e-14
2.565826734754328e-14
2.523633062770076e-14
2.483880873190416e-14
2.441216784324982e-14
2.399800646356421e-14
2.362371402034566e-14
2.324982571365272e-14
2.286634534146053e-14
2.247938350833441e-14
2.209852479717909e-14
2.175830472163662e-14
2.140368332309291e-14
2.104555747925047e-14
2.06974044948669e-14
2.035022526177521e-14
2.001081297166552e-14
1.970235301065168e-14
1.937743636585136e-14
1.905702821047727e-14
1.871020727650212e-14
1.840143821055777e-14
1.809775923252689e-14
1.781366684639574e-14
1.754050263220035e-14
1.726948220630975e-14
1.703226228439399e-14
1.672656738320464e-14
1.645955358797028e-14
1.619599687333301e-14
1.592804349177731e-14
1.565948391814367e-14
1.541200974874843e-14
1.516640498405483e-14
1.493662084437772e-14
1.469994927123719e-14
1.446429968616105e-14
1.424459296328199e-14
1.403020075622867e-14
1.382913606385222e-14
1.359424967979838e-14
1.335982117959403e-14
1.314100459587641e-14
1.293181483180599e-14
1.273641164787682e-14
1.250102838169103e-14
1.228674184368874e-14
1.207346810858876e-14
1.188537349545596e-14
1.169417736895476e-14
1.151803829076391e-14
1.131382602544813e-14
1.115322105327571e-14
1.097209042100805e-14
1.07803786564408e-14
1.057485449183777e-14
1.039502590918378e-14
1.019687665857569e-14
1.003859097555936e-14
9.916695844071368e-15
9.770686102753371e-15
9.642964631324393e-15
9.529797453652418e-15
9.426909259435789e-15
9.314401041334041e-15
9.227259565029921e-15
9.117367663987803e-15
9.025048892616485e-15
8.898246142530968e-15
8.792848089883431e-15
8.672319070676989e-15
8.551175603656625e-15
8.423616144585807e-15
8.335562310064e-15
8.262327231572323e-15
8.191643518669149e-15
8.11148498327718e-15
8.028721978882468e-15
7.935333077498271e-15
7.855301167135412e-15
7.754151700241748e-15
7.675302598532418e-15
7.577715837286858e-15
7.507199939210201e-15
7.383564098311402e-15
7.296611282551989e-15
7.207029395925226e-15
7.139725803679584e-15
7.052398516803743e-15
7.001097550853582e-15
6.892320154138517e-15
6.77287216262243e-15
6.700076651948766e-15
6.572523609385113e-15
6.462094670577004e-15
6.367245436877855e-15
6.273292346434322e-15
6.200405106978754e-15
6.13128558099214e-15
6.067570362169511e-15
6.001287533961377e-15
5.914646803272711e-15
5.827724081088439e-15
5.768038913188298e-15
5.675886128210043e-15
5.580521381428321e-15
5.506053100170708e-15
5.424061154962765e-15
5.352571213431042e-15
5.282209341128827e-15
5.208646384650011e-15
5.142353345623082e-15
5.09204864077171e-15
5.068206536639283e-15
4.987963314928635e-15
4.915393349247993e-15
4.833412948915218e-15
4.773499617032846e-15
4.735251255879959e-15
4.636545370105935e-15
4.545785173058918e-15
4.497550386433459e-15
4.392924322485292e-15
4.301000088597022e-15
4.225023197329323e-15
4.159044833769983e-15
4.155858204710051e-15
4.024662847350022e-15
3.972837607529733e-15
3.891467841979832e-15
3.811233445408922e-15
3.796669798644232e-15
3.761656974323782e-15
3.650106746914879e-15
3.626038242625876e-15
3.575396139890084e-15
3.543524682253104e-15
3.479847256469541e-15
3.468886410931718e-15
3.402315350360811e-15
3.373553316127799e-15
3.351879299866873e-15
3.300338911423556e-15
3.248234399503483e-15
3.22510619241856e-15
3.212153350318769e-15
3.203569915785012e-15
3.198602255370135e-15
3.193654081174215e-15
3.156239758131766e-15
3.164995570522748e-15
3.118467678686812e-15
3.147790731643779e-15
3.103996404928464e-15
3.105809317277736e-15
3.067533913577764e-15
3.039566045118924e-15
3.019388188416259e-15
3.026597005051593e-15
3.024271274677192e-15
2.97240161001138e-15
2.937908731849236e-15
2.900538040013465e-15
2.898888126046641e-15
2.860437121081837e-15
2.857828294334821e-15
2.814080940934581e-15
2.807701743625615e-15
2.790722130338729e-15
2.784049631406323e-15
2.770774955270844e-15
2.731112927322892e-15
2.706767185069867e-15
2.696148578222007e-15
2.658248332295731e-15
2.639350486985241e-15
2.629725939403484e-15
2.587926311972114e-15
2.57483262873723e-15
2.572372186315032e-15
2.570316955493898e-15
2.526439023875635e-15
2.534684289295661e-15
2.506237362720593e-15
2.493904423464187e-15
2.48198094439398e-15
2.459831772459549e-15
2.454097835695584e-15
2.438432941696079e-15
2.433076993108706e-15
2.415632726194843e-15
2.396453662215026e-15
2.356651050026531e-15
2.31249770867287e-15
2.279458219774432e-15
2.264519382120408e-15
2.244407003835462e-15
2.199998863996745e-15
2.160254601037566e-15
2.13510957455122e-15
2.118539837993823e-15
2.107601556740485e-15
2.090185779754065e-15
2.068070780770205e-15
2.049053891975383e-15
2.021669484235388e-15
1.997728869126048e-15
1.98112313967075e-15
1.958214570179482e-15
1.938557630703404e-15
1.92044974080184e-15
1.886083783168503e-15
1.865772763041084e-15
1.849936760863204e-15
1.848624838444614e-15
1.840506911735828e-15
1.825088583055361e-15
1.813433815696246e-15
1.805142144848129e-15
1.800629418529516e-15
1.793397555032636e-15
1.784175578579758e-15
1.754927794064383e-15
1.713033331909711e-15
1.70736437192019e-15
1.657657883973043e-15
1.643864180337669e-15
1.606761972662904e-15
1.572975208144051e-15
1.557866819724567e-15
1.533090917655831e-15
1.515027798776123e-15
1.508531338877378e-15
1.476784441908743e-15
1.47037583697501e-15
1.434124570136698e-15
1.394949035852253e-15
1.372846409797129e-15
1.32032208324233e-15
1.296925570653216e-15
1.27887867692774e-15
1.265286338960789e-15
1.250212094831505e-15
1.232181377336707e-15
1.220242164434302e-15
1.192282260602957e-15
1.183337932355726e-15
1.149395031208835e-15
1.141448107197365e-15
1.12608553928573e-15
1.111941144543639e-15
1.096427498674221e-15
1.073195287424503e-15
1.06106295691502e-15
1.055572010805328e-15
1.049538017061712e-15
1.040213453024062e-15
1.037036057254145e-15
1.036896947652727e-15
1.024267059670648e-15
1.028753044515965e-15
1.035864734058138e-15
1.027938798229564e-15
1.030030592325047e-15
1.017563347573334e-15
1.009940425870564e-15
1.009857722434722e-15
1.054807855541354e-15
1.064444814040994e-15
1.016992429422118e-15
1.026003592683566e-15
1.001499958072844e-15
1.036827947515336e-15
9.882022872433916e-16
9.720727234006517e-16
9.625639922133288e-16
9.55493374923834e-16
9.514289890872873e-16
9.451657201844614e-16
9.445402431442707e-16
9.364127497671017e-16
9.364762974410406e-16
9.284685140728505e-16
9.280597996144201e-16
8.706311495038354e-16
8.303547595157909e-16
8.024627027425459e-16
7.963521470138897e-16
7.863849657711732e-16
7.320155805315261e-16
6.961612472575373e-16
7.072560895095669e-16
6.28717497978555e-16
5.924840055838591e-16
5.776748335361629e-16
5.426845177490642e-16
5.311795905786908e-16
5.034473882650383e-16
4.869851420387583e-16
4.696209294866077e-16
4.475774641909479e-16
4.296679075794349e-16
4.22867207956613e-16
3.318988782947114e-16
3.277458142876136e-16
3.433721964175471e-16
3.401045844479648e-16
2.634610170416897e-16
2.683451199361323e-16
2.819499294148365e-16
2.99671632938595e-16
2.533812985575975e-16
2.132618177280243e-16
2.103279591244592e-16
2.4063836255533e-16
2.618401676291003e-16
2.043152262805899e-16
2.404390666631046e-16
1.854057501676445e-16
2.278260510260986e-16
1.746856867431916e-16
1.524446025386441e-16
1.343271317052394e-16
1.087782041737929e-16
1.047895070269522e-16
9.338924741840966e-17
