0.05
22.99337847799343
44.12618596665866
43.30912608462378
30.37626198285674
19.61472331771928
12.69719825616457
8.329510175054841
5.605456946338857
3.829840321092036
2.610457683304403
1.777610859068796
1.231550243146078
0.8845845556726436
0.6626001055487784
0.5140270443447361
0.408554640802718
0.3298112508051276
0.2688957060466003
0.2206440011237555
0.1818140078633871
0.1502283440382958
0.1243472691684667
0.1030372695882601
0.08543610270231011
0.07087010814036235
0.05880188720044315
0.04879624589597872
0.0404972358172269
0.03361196636574498
0.02789861551486862
0.02315715384627045
0.01922194162435069
0.01595571501654169
0.01324466060213743
0.01099436799305742
0.009126498355455915
0.007576037424775761
0.006289025717725022
0.005220679065392519
0.004333829683673589
0.003597631756464159
0.002986486237422716
0.002479147847334134
0.002057983680433651
0.001708357959719875
0.001418121672090584
0.00117718930748252
0.0009771878673133271
0.0008111657887052334
0.0006733515188387107
0.0005589532234954214
0.0004639925744706898
0.0003851667760902819
0.0003197340002783103
0.0002654182357865269
0.0002203302485443911
0.0001829019205319996
0.0001518317044510835
0.000126039318164607
0.0001046281212327536
8.685387843473035e-05
7.20988323260983e-05
5.985018710795691e-05
4.968225613017458e-05
4.124165057032673e-05
3.423499145658422e-05
2.841871463607845e-05
2.359061129482742e-05
1.958280751897197e-05
1.625593707950369e-05
1.349430376495459e-05
1.120186456586995e-05
9.298894003401019e-06
7.719213884757807e-06
6.407892601537139e-06
5.319334466935769e-06
4.415693119340615e-06
3.665554201591715e-06
3.042841777983143e-06
2.525910621887118e-06
2.096792876737841e-06
1.74057289257561e-06
1.444868454111341e-06
1.199400294622735e-06
9.956348569173679e-07
8.264878148897352e-07
6.860779975856468e-07
5.695231232274923e-07
4.727702210686321e-07
3.924548369002655e-07
3.257841279106046e-07
2.704397902915669e-07
2.244974547352266e-07
1.863597584454162e-07
1.547007770673904e-07
1.284198919708108e-07
1.066034942635328e-07
8.849319765033659e-08
7.345945510793702e-08
6.097966229583119e-08
5.061998490529452e-08
4.202027654360563e-08
3.488156131235827e-08
2.895564415724813e-08
2.403648705114569e-08
1.995304999098979e-08
1.656334810659425e-08
1.374951750883439e-08
1.14137187357492e-08
9.47473566344731e-09
7.865151602563472e-09
6.529004691801672e-09
5.419841767558621e-09
4.499102315347999e-09
3.734777264604057e-09
3.100295717026417e-09
2.573600658337615e-09
2.136382017907805e-09
1.773439996350004e-09
1.472156744339545e-09
1.222057685212686e-09
1.014447515996587e-09
8.421079359142344e-10
6.990468351466388e-10
5.802900660351338e-10
4.817084984415047e-10
3.998744685570283e-10
3.319427232300858e-10
2.755514289967826e-10
2.287399294167271e-10
1.898808968928579e-10
1.576232320350184e-10
1.308455572783694e-10
1.08616904609188e-10
9.01645266175726e-11
7.484689807525308e-11
6.213150051358198e-11
5.157625654255606e-11
4.281416074825011e-11
3.554067766180799e-11
2.950284303279903e-11
2.449080338894405e-11
2.033023241637984e-11
1.687650289256203e-11
1.400948263674258e-11
1.162955623926507e-11
9.653891927203862e-12
8.013890505106758e-12
6.652481429834817e-12
5.522325264025439e-12
4.58418203382977e-12
3.805408199398286e-12
3.158914506716981e-12
2.622299488978503e-12
2.176858762870667e-12
1.807068897491698e-12
1.500093335662345e-12
1.245265356632506e-12
1.033711025244803e-12
8.581157011525064e-13
7.123297988011797e-13
5.913340640756466e-13
4.908874115259013e-13
4.075142023009621e-13
3.383001616775464e-13
2.808165502021886e-13
2.330985866832435e-13
1.935372817374082e-13
1.60625020719445e-13
1.333634926138658e-13
1.107385117481722e-13
9.194277102184833e-14
7.63451905998463e-14
6.339091148678831e-14
5.261951995684491e-14
4.366829560940143e-14
3.62641107614047e-14
3.012525298343317e-14
2.500985252319183e-14
2.079308411971386e-14
1.729847048084504e-14
1.438114429137469e-14
1.19420267661657e-14
9.931505668360192e-15
8.252176246692987e-15
6.86404906314684e-15
5.704530705550998e-15
4.719620709852237e-15
3.934775070887665e-15
3.275024522761949e-15
2.725093627373055e-15
2.264540129187109e-15
1.920608596798153e-15
1.606611855468298e-15
1.379121477266692e-15
1.215637626378755e-15
1.066864614188928e-15
9.079802789637738e-16
7.898716207356121e-16
6.939232666269135e-16
6.164992909464631e-16
5.413717869084592e-16
5.012004419866198e-16
4.37326164179843e-16
3.747992442237723e-16
3.369808901574666e-16
2.823655811619929e-16
2.481015850758389e-16
2.138531942696719e-16
1.857889784335567e-16
1.880696034126556e-16
1.749390551939709e-16
2.039388639773096e-16
2.278474767631665e-16
2.097146259896379e-16
2.059239197483894e-16
2.304226598959378e-16
2.908348890930122e-16
3.01128348217619e-16
3.300622366868976e-16
2.590783077263639e-16
3.204244699561127e-16
2.790539842616961e-16
2.225932039812331e-16
1.903304414495536e-16
1.90333042088271e-16
1.404575353950447e-16
1.195685916416647e-16
2.445906190947745e-16
2.099451253671193e-16
1.802484092824577e-16
1.707329257349462e-16
1.788286505232317e-16
1.723421673532698e-16
1.706753615252798e-16
2.001111395239139e-16
1.294636896942797e-16
2.005543406388462e-16
2.014347291396284e-16
1.393395366935741e-16
1.03203009791906e-16
1.688926802868413e-16
1.377607979528642e-16
1.443228876401307e-16
1.49538880542764e-16
1.711612435877922e-16
1.396504204819243e-16
2.545178282165228e-16
2.148206353616567e-16
1.943907899109279e-16
1.535804104852206e-16
1.527888867962845e-16
1.42849635714595e-16
1.539830600252447e-16
1.519978419676778e-16
2.795404977221402e-16
2.472895580713376e-16
1.846233059537801e-16
2.621143080717295e-16
2.168593929519152e-16
1.998879819272402e-16
1.926325586746188e-16
1.543513077516002e-16
1.468528324462327e-16
1.634367645789417e-16
1.772322978418206e-16
1.319516680868125e-16
1.654799415363544e-16
1.643146252796621e-16
1.556698781816196e-16
1.944145033366833e-16
1.349866898649734e-16
1.436408959067274e-16
1.474259245280657e-16
1.45971704819591e-16
2.502266019183756e-16
2.176905667942758e-16
2.019765636219686e-16
1.819697150621257e-16
1.734872889324752e-16
1.535000604795302e-16
2.013616342116418e-16
2.029434126300922e-16
1.97822823068907e-16
1.423580979978364e-16
1.789631807591117e-16
1.555046704269958e-16
2.008298567404908e-16
1.793520185894488e-16
1.677303592646014e-16
1.506237331493958e-16
1.61735234302927e-16
2.485392052905578e-16
2.081322698332991e-16
2.668214627965425e-16
2.115673273179474e-16
1.74137686062257e-16
1.668835268744343e-16
1.820199857487006e-16
1.896261567296571e-16
1.691213635649542e-16
1.97963981999665e-16
1.356408174028691e-16
2.510451763097065e-16
1.841953965519172e-16
1.630023304006292e-16
2.806020719328722e-16
1.888347207853278e-16
2.17469434053707e-16
1.569993926853399e-16
1.658849827624094e-16
1.486909675214432e-16
1.953339541841497e-16
1.332181520238068e-16
1.303601854801657e-16
1.47161161805271e-16
1.650375703224079e-16
1.462943843369619e-16
2.66357084831582e-16
1.908076713370091e-16
1.411637770469003e-16
1.484112012876375e-16
1.622783620547599e-16
1.550110228589951e-16
1.473561242495795e-16
1.516004966675989e-16
2.632612818516779e-16
2.43882733097934e-16
2.254918232883566e-16
2.08064976464227e-16
1.943825242465457e-16
1.941509908255183e-16
1.624444511348665e-16
1.540908086628198e-16
2.432645416606717e-16
1.832991428449448e-16
1.904057285645832e-16
1.660242966915198e-16
1.633799655888935e-16
1.709180117985734e-16
1.784991557955514e-16
1.231597424137274e-16
1.835650963769788e-16
1.177367726302092e-16
1.454088551930805e-16
2.28751269751263e-16
1.773732254739673e-16
2.392606351894164e-16
2.003203681406781e-16
2.056601141891141e-16
1.742945747176113e-16
1.789337038836768e-16
2.115849231798599e-16
1.865869185157111e-16
1.7756258617364e-16
2.093264452983928e-16
1.675695577816408e-16
3.060226575649082e-16
1.878446647209379e-16
2.8052226927622e-16
1.693722979507307e-16
2.56154048721132e-16
1.987455084710593e-16
1.791755816431408e-16
1.691314537461794e-16
2.853858965099603e-16
2.318911378825594e-16
1.91419820356853e-16
1.445477206105711e-16
1.721186024147558e-16
1.961068157458869e-16
1.574876745842531e-16
1.808758852751822e-16
1.584801977758217e-16
1.641353873620923e-16
1.847330854146738e-16
1.652400194382383e-16
1.445908822192544e-16
1.977185574131358e-16
1.874157943198403e-16
2.115065728678378e-16
2.090638742520777e-16
2.064931283897131e-16
2.257273671931996e-16
1.764860572163161e-16
1.761245640815041e-16
3.193198561934067e-16
1.991050822952165e-16
1.929723969968049e-16
1.881095069604783e-16
1.825151846181168e-16
2.773909249041294e-16
2.10886274444354e-16
2.178076803006474e-16
1.885890244768504e-16
1.891028557622989e-16
1.91302176807498e-16
2.662362597544551e-16
2.114806766452824e-16
1.804290047614058e-16
2.494568349189348e-16
1.960946387812503e-16
1.766482789629811e-16
1.654565930425397e-16
1.855102271158412e-16
1.637272883696723e-16
1.271545494137395e-16
1.633321486589814e-16
1.943142348038561e-16
1.31384863992851e-16
1.396051539853995e-16
2.570547790454183e-16
2.050231622563597e-16
1.891670148638687e-16
1.716175486866697e-16
2.13600572972895e-16
2.113485671559961e-16
1.959609478653479e-16
1.716662706420842e-16
1.445033521160466e-16
1.663225410478372e-16
1.392628642709428e-16
2.646714994836995e-16
2.11132616524008e-16
1.941929434881617e-16
1.096006461066429e-16
1.761260357458433e-16
1.441892798435684e-16
2.516792328254719e-16
1.921997675643901e-16
1.715543747477035e-16
1.641206540554699e-16
2.897151892736932e-16
2.493291086831032e-16
2.116176053571466e-16
1.792245061331321e-16
1.554765541940554e-16
1.580946778994268e-16
1.440892128358861e-16
2.090515805061573e-16
1.438437811946449e-16
1.177915634738334e-16
1.431121563427645e-16
1.108839623279152e-16
1.741432010508782e-16
2.83864578272995e-16
2.316568329791877e-16
2.781416346986801e-16
2.750114655444534e-16
2.291857744747798e-16
2.203730949203554e-16
1.89765643864647e-16
2.151790309058736e-16
2.358285133421406e-16
2.451586811148278e-16
2.135153107990533e-16
1.984248680999785e-16
1.929201099576491e-16
1.544824061277662e-16
2.156086726213276e-16
2.405973622552016e-16
2.023930023803911e-16
2.365838375047597e-16
2.087697354110563e-16
2.413516290957144e-16
1.945505701587698e-16
1.674919499418905e-16
1.845194882449913e-16
1.322360419052281e-16
2.488800785447259e-16
2.10088860865608e-16
1.916039802363285e-16
2.312967970545701e-16
1.871736398068551e-16
1.858612640722934e-16
2.310520521463099e-16
1.899876844929098e-16
3.277791374012635e-16
3.242870415253858e-16
2.969520609146047e-16
2.812253773975919e-16
2.595046621137627e-16
2.357359780903975e-16
2.150655650473881e-16
1.90453772405223e-16
1.741393393094849e-16
1.868361321962143e-16
1.906650186694271e-16
2.088909450034245e-16
1.090397443859865e-16
1.587975605000284e-16
1.81597352430139e-16
1.699904346578725e-16
1.295836160992565e-16
1.532861270241083e-16
2.188505591225575e-16
1.685113707421998e-16
1.501293569647664e-16
1.503268100392851e-16
1.61548162171945e-16
1.695104715947044e-16
1.786642075205852e-16
2.031205855982722e-16
1.331041965741074e-16
1.16470341814638e-16
1.368166879364736e-16
2.160541205434372e-16
1.816250359478322e-16
1.52684578716346e-16
2.348571889658246e-16
2.148628168086302e-16
2.182999156586774e-16
1.685955344737448e-16
1.767396694508831e-16
1.568548045878685e-16
1.632265324552186e-16
1.633684144242975e-16
1.728529808010706e-16
2.428653125593009e-16
1.820829659899338e-16
1.658494812463144e-16
1.958951880342357e-16
2.170842298625436e-16
2.140627319666028e-16
1.697890006562903e-16
2.028903271393729e-16
1.630405889868478e-16
1.750400742782985e-16
2.823248233049522e-16
2.482992049516711e-16
2.1157967761216e-16
2.080440802919585e-16
1.626055618393582e-16
1.488649117002606e-16
1.080870909844678e-16
2.560180979250484e-16
2.413466046243399e-16
2.021134013930794e-16
1.971603690051914e-16
1.770766302023625e-16
1.511965555662281e-16
2.161633661042136e-16
2.023802667847508e-16
1.837121287998154e-16
1.762589316890361e-16
1.705965048460114e-16
1.522145753384042e-16
1.720598735363028e-16
1.377537504678538e-16
1.575574359870004e-16
2.362525801370379e-16
2.18071362776187e-16
2.01127593573617e-16
1.955144588875162e-16
2.006327832980931e-16
2.364416307124889e-16
1.940507494217294e-16
1.876267945763992e-16
3.456484270250199e-16
2.026677897972187e-16
1.85668080818033e-16
1.807778742990302e-16
2.610674637447624e-16
1.673605817102461e-16
1.330030920796712e-16
1.474223627722095e-16
1.399111210807059e-16
1.567671120009137e-16
1.118335811551185e-16
1.543507233539447e-16
1.396396720471911e-16
1.229060583374764e-16
1.476733579911652e-16
2.455656994059186e-16
1.969589432002662e-16
1.750023520746567e-16
1.989240431041944e-16
1.990153248594937e-16
1.998338128063921e-16
1.708131145538248e-16
2.45746717538414e-16
1.848592053094625e-16
2.31605227386909e-16
1.552371499282307e-16
1.901333149393696e-16
1.448390712085421e-16
2.508773444617451e-16
2.192025573819158e-16
2.011307979304411e-16
1.655545396194764e-16
1.570660568570554e-16
1.561942267858954e-16
1.356184377469145e-16
1.389070120376196e-16
1.453899254590849e-16
1.528948000389841e-16
2.031134403547051e-16
1.92969671587461e-16
1.783757091516506e-16
2.026962465643623e-16
1.917377717961847e-16
2.676217144685206e-16
1.920683242548241e-16
1.816549594775159e-16
1.99543178330995e-16
2.085821883001928e-16
2.175387642428791e-16
1.669793616033367e-16
1.909184687006443e-16
2.803276305528371e-16
2.134514826335862e-16
1.518091798962403e-16
1.30284076056755e-16
1.173860547046711e-16
1.706018461628502e-16
1.568751282563463e-16
1.393419133977803e-16
1.236989359985144e-16
1.728453679974869e-16
1.294548817091244e-16
1.531676266971494e-16
2.630323652824724e-16
2.206697352166633e-16
1.968375252113044e-16
2.012278992445163e-16
1.792840120471139e-16
1.359620618926237e-16
1.788597020988906e-16
1.367358030702672e-16
1.311950266525597e-16
1.166744758346996e-16
1.568098649504821e-16
1.563050617223644e-16
1.415564284610756e-16
1.68270297791352e-16
1.696390858907485e-16
1.751188643081634e-16
1.611520269571896e-16
1.830378935598144e-16
2.529686800905858e-16
2.353403401061196e-16
2.039868377304223e-16
1.861835953047074e-16
2.243753190883954e-16
1.981090019167561e-16
2.301856070108263e-16
1.852447461221012e-16
2.259323283384909e-16
2.062895898279863e-16
2.017535973715179e-16
2.0444808933315e-16
1.916755722189478e-16
1.662751571295908e-16
1.82505025259453e-16
1.545114811424126e-16
1.638335794686039e-16
1.8786542773511e-16
2.510413875480381e-16
2.227943498077427e-16
2.18956241344967e-16
1.698036874770076e-16
1.865163054523432e-16
1.978994708465e-16
1.664054006509119e-16
1.733398210674302e-16
1.636541814618124e-16
1.803765822452091e-16
1.854149625380275e-16
1.944301486742812e-16
1.926703484030913e-16
1.717791789093668e-16
1.522995005885892e-16
1.80751936735194e-16
2.494297216572169e-16
1.917254970204834e-16
1.753063843713938e-16
2.382980567472299e-16
1.853898428303194e-16
1.815862061549231e-16
2.064195434633072e-16
1.875242406541925e-16
2.326472107346487e-16
2.024050945843274e-16
1.964277620505561e-16
1.717051363904927e-16
1.626595453347119e-16
1.756902459763911e-16
2.221591173178943e-16
1.871006488441506e-16
1.77118046479775e-16
1.691414292205943e-16
1.399641865414691e-16
1.850225969558674e-16
1.342109788252043e-16
1.78580222018389e-16
1.462116961456254e-16
1.620549199007696e-16
1.802270113518222e-16
1.40158952257924e-16
1.717290610492651e-16
-nan
1.738123079988462e-16
2.328273496304393e-16
1.769002900786275e-16
1.655376413715648e-16
1.282228780100167e-16
1.42042061617103e-16
1.123726033186282e-16
1.656307706633327e-16
2.216476573258944e-16
1.830421018726361e-16
1.916149245751249e-16
1.695834633800475e-16
2.243114516957175e-16
1.912586266378391e-16
1.609960960705626e-16
3.528630885447618e-16
1.635379423200004e-16
1.340419123117451e-16
1.664248446846701e-16
1.72103587198745e-16
1.622196901654017e-16
2.444253576742145e-16
1.988894918794577e-16
2.074118503124236e-16
2.000559253397272e-16
2.176870054015848e-16
1.991701677540972e-16
2.68575072583442e-16
2.029716211417441e-16
2.306973399962239e-16
2.140207095666636e-16
1.998144863831087e-16
2.003846277988976e-16
1.667325120337523e-16
1.84468240387397e-16
1.672725152907507e-16
2.027767457626483e-16
1.516328882666892e-16
1.644490098774344e-16
1.617782704678677e-16
1.523777595358443e-16
2.096928118401811e-16
1.965244455941509e-16
2.548762446283216e-16
2.12101693296105e-16
2.095326718732101e-16
1.909320065174615e-16
1.666599132870599e-16
1.637075558601798e-16
1.45446509912053e-16
1.221663961564586e-16
1.715838498890263e-16
1.504108735919986e-16
1.973968927844745e-16
1.514387097177204e-16
1.249927540552044e-16
1.717921407452006e-16
1.463226514315635e-16
1.724543767168942e-16
1.501569827991908e-16
1.402377432861153e-16
1.33898945252766e-16
2.216954110342932e-16
2.172287874757221e-16
2.067897225104774e-16
1.642475732065723e-16
2.163185787221944e-16
1.95338398575866e-16
2.276599610578874e-16
1.569870204812428e-16
1.69801582984542e-16
1.841600197882264e-16
1.383049327006975e-16
1.570186524601913e-16
1.32958156065081e-16
1.741072347067945e-16
1.288843276754565e-16
1.306707670838764e-16
1.774450122553414e-16
1.266043380104894e-16
1.484432404215235e-16
2.62152993837176e-16
1.96731304152469e-16
1.653906007654008e-16
1.365766347639198e-16
1.469983865029678e-16
2.506215846572568e-16
2.525167384303111e-16
1.977348834682095e-16
1.706649365830688e-16
1.730397251102974e-16
1.682624121287064e-16
1.821539522415872e-16
1.755938425197616e-16
2.071037106797871e-16
1.942932222896352e-16
2.067635466793678e-16
1.885754590017042e-16
2.19441853642955e-16
1.952016981476229e-16
1.908107319258667e-16
1.952088214378636e-16
2.748267045131584e-16
2.018084378016353e-16
1.935601751499695e-16
1.565531162437326e-16
1.950757619868601e-16
2.411249507651735e-16
2.210513981374115e-16
1.761659488557244e-16
1.629946805224275e-16
2.047049838052843e-16
1.65696603001709e-16
1.365025006594511e-16
1.2603933945888e-16
1.698686703024617e-16
1.355001832236219e-16
1.406035137694024e-16
1.145938699416244e-16
2.280549402844152e-16
2.016338804399824e-16
1.35106100704909e-16
1.383372589836876e-16
2.509918349515966e-16
1.984535383726448e-16
2.308701993235685e-16
2.094557845653582e-16
1.766043777095862e-16
1.607371305076222e-16
1.146046022143581e-16
1.878345603361914e-16
1.73814244947212e-16
1.709838742738676e-16
1.867568111435272e-16
1.658662457038083e-16
1.230300488939636e-16
1.285417302512301e-16
1.240577081832052e-16
2.082650654631454e-16
2.037041449086086e-16
1.784242212306843e-16
2.096799426813995e-16
1.901450019962351e-16
1.954785014875165e-16
1.945497407494291e-16
1.427174619385161e-16
2.132968801867729e-16
1.535261300428945e-16
1.337274671249102e-16
1.455843424958582e-16
1.491130734232566e-16
1.601035408372977e-16
1.588232030440211e-16
1.863852765905197e-16
1.866660924710827e-16
2.131865239690503e-16
1.9642451606899e-16
1.773545682190989e-16
1.924199481108356e-16
1.921283119582532e-16
2.075736877665429e-16
2.005690791975021e-16
2.129521792537572e-16
2.248612962073151e-16
2.071947515771553e-16
1.621563266540131e-16
1.465639842237642e-16
1.522867785941187e-16
1.39864762036343e-16
2.487409161809758e-16
2.032399617289588e-16
1.74381362900419e-16
1.809278127403866e-16
1.809999476242657e-16
1.81798124086934e-16
1.813078711656047e-16
1.730329001218502e-16
1.257931837244993e-16
1.337995393370568e-16
1.648793247645963e-16
2.234044258894199e-16
1.547975593819625e-16
1.309873538668954e-16
1.153057009642936e-16
1.492133765618908e-16
1.653244503375463e-16
1.143660908639124e-16
1.266054763909219e-16
2.300671580843297e-16
1.629024160077705e-16
1.120803432626639e-16
1.40182879422358e-16
1.14942094298961e-16
2.137346486974811e-16
1.850417332105634e-16
2.045422506675466e-16
1.957135397635715e-16
1.34371060796793e-16
1.595605163808525e-16
1.551311382881624e-16
1.373996214177532e-16
1.86286342260216e-16
1.459890882947928e-16
1.337648683016928e-16
1.762308035806821e-16
1.454086094413991e-16
2.201156898971279e-16
1.968934572849953e-16
1.662299977201802e-16
2.978466376239199e-16
2.639696857468438e-16
2.419834754690174e-16
2.347394692524074e-16
1.993345903912442e-16
2.708550104880772e-16
2.505413879883639e-16
2.273532040329124e-16
2.193457158418258e-16
2.653837988911088e-16
2.117357533374929e-16
1.685921356973286e-16
1.900615473741593e-16
1.975068460713221e-16
1.903268976385526e-16
1.780579193563833e-16
1.70638035154025e-16
2.078746034417499e-16
1.987478286481174e-16
2.214842832522215e-16
1.770484178917863e-16
1.976184856931648e-16
1.757640767265663e-16
1.477808349299447e-16
2.207621117650056e-16
1.721075582870113e-16
1.535913864691409e-16
1.883423894390779e-16
2.647411388275284e-16
2.259402075462185e-16
1.849268711518215e-16
2.08935156153709e-16
1.604809063390429e-16
2.254216125731477e-16
2.077079943422238e-16
2.00910726436214e-16
2.176989240361531e-16
1.733068300930623e-16
1.76637908683276e-16
1.426611439150185e-16
1.479808913060182e-16
2.345758139204079e-16
1.790887694450368e-16
2.131176334672585e-16
2.328572578145959e-16
1.6540490425223e-16
2.376610248344954e-16
1.972204182475942e-16
1.61437573274172e-16
1.589117476462734e-16
1.392389952648732e-16
2.554194363611744e-16
2.185957084382724e-16
1.906300016370589e-16
1.88630075083049e-16
2.2194784692708e-16
1.845182805387655e-16
1.557156205812576e-16
1.984964376990688e-16
1.754139423797634e-16
1.685451344265925e-16
1.690745519992007e-16
1.736254974550307e-16
1.276620870798942e-16
1.007606022835493e-16
1.973634160467344e-16
2.000508806121372e-16
1.237085596593014e-16
1.473588475360684e-16
1.343171318975133e-16
2.319631997868488e-16
1.855549016656613e-16
1.370657092560688e-16
2.681921022958366e-16
2.353724818092339e-16
2.102915988000518e-16
1.886695362392727e-16
1.563586205642976e-16
1.64659587663804e-16
1.539194953306576e-16
1.276703493977397e-16
1.571093755817953e-16
1.601697240197263e-16
1.546346850532339e-16
1.441448057433055e-16
1.461877679235682e-16
1.752619689034007e-16
1.398017226923411e-16
2.604805112097547e-16
2.11073954300961e-16
1.699363343830486e-16
1.630161218630012e-16
1.975265908585223e-16
1.630751198515363e-16
2.191208167960801e-16
2.524918656369091e-16
2.130212268043691e-16
2.201849929090119e-16
2.004924159990676e-16
1.911508688071861e-16
1.736719476063098e-16
1.536988308752954e-16
2.413884696290361e-16
2.015701499207129e-16
1.969225245876009e-16
1.716361582629055e-16
1.395962415805564e-16
1.354990438868494e-16
2.720180951089331e-16
2.162928244764554e-16
1.777648447120317e-16
1.507149354342521e-16
1.517259419113451e-16
2.881616002313955e-16
2.82268156553495e-16
2.405325358216021e-16
2.036433866825307e-16
1.916664751757787e-16
1.770842757364032e-16
1.795350205854403e-16
1.803254707307078e-16
1.86605406636746e-16
1.86289751217104e-16
1.719733666838801e-16
1.817238498603468e-16
1.6430782349268e-16
1.908229827954887e-16
1.778625356301051e-16
2.600657594486873e-16
1.927861806903626e-16
1.662870663865935e-16
1.994649488474919e-16
2.383122422257883e-16
1.987914487340539e-16
1.841483561183855e-16
1.77517903695359e-16
2.054091389853473e-16
2.331508112785776e-16
1.812818839591243e-16
1.663935874631114e-16
1.397594290160241e-16
1.19862084690628e-16
1.554478778057825e-16
1.59785403285412e-16
1.385394190825502e-16
1.765514530626522e-16
1.402436450029759e-16
1.665123347579315e-16
1.496498684750137e-16
1.462439870223549e-16
1.071600055432846e-16
1.602609445054394e-16
2.013629281002655e-16
1.510594603595219e-16
2.74806917953008e-16
2.497586375323486e-16
2.329261454748662e-16
2.073243324039365e-16
2.476718930226429e-16
2.05829142171021e-16
2.469716305085502e-16
2.089861689037389e-16
2.131923000394483e-16
2.36352847484042e-16
2.224576753369823e-16
1.879742361864133e-16
1.802395531522976e-16
2.333505522935872e-16
2.008977560287899e-16
1.75444189481074e-16
2.073776177780645e-16
1.607393454727959e-16
1.751099012435742e-16
2.421098768074971e-16
1.855489184858916e-16
2.087184837749425e-16
2.081682295416739e-16
1.392198843877923e-16
2.079396200614408e-16
1.456710099051215e-16
2.11157957177494e-16
1.97660808799659e-16
1.897163471139881e-16
1.594839852517214e-16
1.664338602762838e-16
2.141230201512304e-16
2.005142460974014e-16
2.277602945834474e-16
2.341836276244668e-16
2.662194146084377e-16
2.135388836284299e-16
1.623441893639555e-16
1.345560336549218e-16
1.489861746049412e-16
1.614837852877158e-16
1.435488993437824e-16
2.100972895355815e-16
1.426137410165486e-16
1.195572994876679e-16
2.336398565758008e-16
1.753039136303684e-16
1.381902384118108e-16
1.264442373255996e-16
1.384596853819389e-16
2.348728365627826e-16
1.888151005010745e-16
1.490235817976409e-16
1.73196619109936e-16
1.765700672632264e-16
1.337216009047875e-16
1.556900897462728e-16
1.852974418744336e-16
2.087262431705284e-16
1.697507593293879e-16
2.727845405338344e-16
2.329515835369466e-16
1.992325698485691e-16
1.887012232339461e-16
1.782529395457187e-16
2.203775409741858e-16
2.014553042449902e-16
2.607093823369505e-16
2.101143316959986e-16
1.990859819593556e-16
1.670303291097684e-16
2.302431215334794e-16
1.987334429613514e-16
2.028607043567055e-16
2.023494146149731e-16
1.836992236736264e-16
1.811175346550379e-16
1.697884758097218e-16
1.730756992880517e-16
2.015236308901968e-16
1.562643296726444e-16
1.585475515864206e-16
1.655075150647957e-16
2.315835576558092e-16
1.97791754149144e-16
2.381541661736491e-16
2.094914415891088e-16
1.807747710976911e-16
1.778789932223174e-16
1.56267386114183e-16
2.017148754097077e-16
1.616136010086084e-16
2.757337936773856e-16
2.263584149533901e-16
2.153649967320315e-16
2.04353931600081e-16
1.999193919478381e-16
1.907559455855435e-16
2.003316285333049e-16
1.777346670463418e-16
1.696226541771035e-16
1.607248862366461e-16
2.00000445177642e-16
1.954318377720253e-16
1.756476528293828e-16
2.316262956885876e-16
2.077557479347533e-16
2.026825921314501e-16
2.789512911203152e-16
2.3192651713604e-16
1.666984540203558e-16
1.73051424860393e-16
2.898596369481016e-16
2.626429872343199e-16
2.016989016318238e-16
1.88487012052835e-16
1.66381773427277e-16
1.38952040341246e-16
1.300625381475797e-16
1.359606201490798e-16
1.978432257099899e-16
1.685541401176058e-16
1.677966666216654e-16
1.577504416569159e-16
2.447569796426626e-16
2.002213623478419e-16
1.878418731803859e-16
1.607535381139531e-16
1.668590844045643e-16
1.734854098614526e-16
1.6126828954536e-16
1.556460736109966e-16
1.380956049226452e-16
1.430151937220854e-16
1.349211650709431e-16
0
