0.05
36.57412544572503
-nan
2.486578854896753
3.718452395218452
5.801676582705841
6.043107013778457
5.138038979752918
3.958949032571241
2.912368112791562
2.106004930317387
1.524475915946581
1.117897587517796
0.8362922121520785
0.6397651575129004
0.4997005593143499
0.3969698389264387
0.3193578960654064
0.2592023546211882
0.2116473453824876
0.1735164158642098
0.142640943375476
0.1174738588083533
0.09686788485608722
0.07994545568350345
0.06601957004109658
0.0545434054032958
0.04507664993106092
0.03726192916040982
0.03080760648327962
0.02547480505915601
0.02106735922769395
0.01742388557661311
0.0144114418364854
0.01192040798110244
0.009860327401321386
0.008156513282784774
0.006747270986853219
0.005581619613563561
0.00461741983443991
0.003819833357651065
0.003160053717021835
0.002614259489936215
0.002162750209991193
0.001789232611480416
0.001480230777030491
0.001224598541242204
0.001013116365471462
0.0008381580320603141
0.0006934150620363736
0.0005736688568889356
0.000474602293423918
0.0003926439304437483
0.0003248391706838251
0.0002687437032292445
0.0002223353645206136
0.0001839412281652465
0.0001521772887234444
0.0001258985624510058
0.0001041578055283363
8.617136176803291e-05
7.129090890463068e-05
5.898008501735085e-05
4.879515232415728e-05
4.036900097588034e-05
3.339791583521007e-05
2.763062886633372e-05
2.285926224415538e-05
1.891183554427836e-05
1.564606684141937e-05
1.294424424336265e-05
1.070898300737093e-05
8.859715321842899e-06
7.329786242996956e-06
6.064051123340511e-06
5.016887936911426e-06
4.150552854928026e-06
3.43381979808289e-06
2.840854922088196e-06
2.350285465840062e-06
1.944429396122176e-06
1.608658080279315e-06
1.330869014537562e-06
1.101049602839352e-06
9.109162636573391e-07
7.536158567689313e-07
6.234786687794176e-07
5.158140540222283e-07
4.267413650824333e-07
3.530500794765977e-07
2.920840792326422e-07
2.416459147013055e-07
1.999176002452758e-07
1.653950863749014e-07
1.368340485258328e-07
1.13205036901571e-07
9.365637074845486e-08
7.748344087310707e-08
6.410331249855226e-08
5.303371442726843e-08
4.387565569650668e-08
3.629904447323566e-08
3.003079068536963e-08
2.484496217648101e-08
2.055464190427666e-08
1.700518999469246e-08
1.406867059903403e-08
1.163924037187099e-08
9.629333145719206e-09
7.966504082732076e-09
6.590818604614809e-09
5.452691577690859e-09
4.511100517488399e-09
3.732106944076912e-09
3.087632843879029e-09
2.554448920109874e-09
2.113337232151584e-09
1.748398319041274e-09
1.44647836961472e-09
1.196695121598833e-09
9.900453635026621e-10
8.19080651485273e-10
6.776387893779231e-10
5.606216732542468e-10
4.638113831514433e-10
3.837187863827167e-10
3.174567604902418e-10
2.626371529124937e-10
2.172840290928686e-10
1.797626210852049e-10
1.487205563322101e-10
1.230389673517319e-10
1.017921365794953e-10
8.421423156074472e-11
6.967189912527258e-11
5.764068655242174e-11
4.768710240807619e-11
3.945236202206829e-11
3.263956569282129e-11
2.700330247113076e-11
2.234026761558971e-11
1.848247415288661e-11
1.529082462642021e-11
1.26502977450593e-11
1.046584574000731e-11
8.658555216582875e-12
7.163395320269014e-12
5.926410602920224e-12
4.903045624955517e-12
4.056363459328636e-12
3.355939036694787e-12
2.776430589434207e-12
2.297012148839213e-12
1.900342671657113e-12
1.572204814174709e-12
1.300772880877192e-12
1.076134367883607e-12
8.903052414195418e-13
7.365692804555296e-13
6.093675970600719e-13
5.041810075884315e-13
4.170485761292805e-13
3.450159801091639e-13
2.854602841709683e-13
2.360965487034797e-13
1.953159881935854e-13
1.615574535112519e-13
1.336672393631335e-13
1.106128855320683e-13
9.153995252032611e-14
7.575027928195345e-14
6.270688276200208e-14
5.184579012202527e-14
4.291067649434025e-14
3.557094405020392e-14
2.945818717346695e-14
2.440067293532343e-14
2.017184736599805e-14
1.668687975428383e-14
1.384328086750722e-14
1.150951007699895e-14
9.526469213111185e-15
7.940562884811888e-15
6.535877050613645e-15
5.379121061166319e-15
4.447284042329701e-15
3.730051352302555e-15
3.032823177839808e-15
2.58367788205565e-15
2.256850744697524e-15
1.846001367577268e-15
1.597085661624039e-15
1.408101942649239e-15
1.15578061353498e-15
1.04872738808001e-15
7.81498149710247e-16
6.876832070233175e-16
6.394541196637865e-16
5.54378620425471e-16
4.939943553251278e-16
4.354245480185589e-16
3.319568581443293e-16
2.532248782932598e-16
2.779864390782553e-16
-nan
-nan
1.582544893010006e-16
-nan
1.016791830968807e-16
-nan
-nan
-nan
-nan
7.654589334012813e-17
