0.05
37891694.20449061
16729202.67513344
7331524.904091175
3153334.296638797
1339899.673001221
563745.8497479036
234370.7289102196
95585.67018910946
37644.15457220233
13813.04311925962
4231.716402830124
-nan
-nan
363.2502450420148
463.2280561030476
388.2450668042725
289.0188270421841
203.240773977684
138.2962935353243
92.15111044107987
60.53841704565014
39.38144730079673
25.44870697271541
16.38191243385861
10.53673058333172
6.798731308842928
4.426799758231518
2.934256726679134
2.003642676881208
1.427912051280548
1.071634428781308
0.846946272405288
0.698827552631401
0.5947740930832807
0.5166365247571413
0.4545927899204803
0.4033052532432302
0.3597587197494581
0.3221362742171175
0.2892564204981217
0.2602928512150375
0.2346320212330376
0.2117975652115189
0.1914076761539673
0.1731493317789495
0.1567616025778949
0.1420241840089501
0.128749145744715
0.1167747893784158
0.1059609601783956
0.09618540088267175
0.08734087340846074
0.07933285807637386
0.07207769387416595
0.06550105971459153
0.0595367221463106
0.05412549329381061
0.04921435619679968
0.04475572464268243
0.04070681201025027
0.03702908924212079
0.03368781631572632
0.03065163483228798
0.02789221184174377
0.02538392695423358
0.02310359629270137
0.0210302280188731
0.01914480509298967
0.01743009166401542
0.01587046007520519
0.01445173594310805
0.01316105915152317
0.01198675891496351
0.01091824132367137
0.009945887995603423
0.009060964638964608
0.008255538478698482
0.007522403627244669
0.006855013588090859
0.006247420173516973
0.005694218198116415
0.005190495379294974
0.004731786936708463
0.004314034435866346
0.003933548468036335
0.003586974800039385
0.003271263664291708
0.002983641892153534
0.002721587622812847
0.00248280734600751
0.002265215060246373
0.002066913349153588
0.001886176197396295
0.001721433384616858
0.001571256311064786
0.001434345122407954
0.001309517013642544
0.001195695603261593
0.001091901279005882
0.0009972424257118644
0.0009109074540929212
0.0008321575568231197
0.0007603201251161952
0.0006947827651756904
0.0006349878594959142
0.0005804276230736344
0.0005306396091967261
0.0004852026236554157
0.0004437330100096422
0.0004058812719861297
0.0003713290021980154
0.0003397860892108061
0.0003109881775487192
0.0002846943575667531
0.0002606850642322341
0.0002387601657807412
0.000218737224956505
0.0002004499171327792
0.0001837465910453296
0.000168488959180022
0.0001545509060419576
0.0001418174036114263
0.0001301835242720364
0.000119553542385157
0.0001098401164938346
0.0001009635448736172
9.28510878145129e-05
8.543635062525469e-05
7.865872190111659e-05
7.24628620970922e-05
6.679823790146588e-05
6.161869831803551e-05
5.688208873686579e-05
5.254989961315046e-05
4.858694667864024e-05
4.496107988703272e-05
4.164291854309383e-05
3.860561029067898e-05
3.582461183538708e-05
3.327748946047547e-05
3.094373755564458e-05
2.880461352786637e-05
2.684298759324011e-05
2.504320607172863e-05
2.339096691605936e-05
2.187320630862746e-05
2.047799525522792e-05
1.919444519606309e-05
1.801262173867691e-05
1.692346570212558e-05
1.591872073913671e-05
1.499086688005375e-05
1.413305941498837e-05
1.333907259851506e-05
1.260324772485627e-05
1.192044518037264e-05
1.12860001320091e-05
1.069568155634733e-05
1.014565435409586e-05
9.632444327617643e-06
9.15290582668117e-06
8.704191889289013e-06
8.283726721693158e-06
7.889180374362489e-06
7.518445481148022e-06
7.169615934680661e-06
6.840967378113352e-06
6.530939396829876e-06
6.238119296822595e-06
5.961227361110384e-06
5.699103477383882e-06
5.450695034552497e-06
5.215045989482918e-06
4.991287008883324e-06
4.778626596287726e-06
4.576343118527184e-06
4.383777650979211e-06
4.200327566142154e-06
4.025440794848918e-06
3.858610695213531e-06
3.699371468631628e-06
3.54729406791462e-06
3.401982546076518e-06
3.263070800847193e-06
3.130219671613098e-06
3.003114352033936e-06
2.881462083219282e-06
2.764990097302058e-06
2.653443783100102e-06
2.546585049816709e-06
2.444190865911318e-06
2.346051954188761e-06
2.251971624473661e-06
2.161764729437386e-06
2.075256728516397e-06
1.992282848522004e-06
1.912687329337061e-06
1.836322745475097e-06
1.763049394756965e-06
1.692734746451398e-06
1.625252942333893e-06
1.560484344808039e-06
1.498315126533604e-06
1.438636897363027e-06
1.381346364374893e-06
1.326345021155718e-06
1.273538863689352e-06
1.222838129533202e-06
1.174157058008161e-06
1.127413669425606e-06
1.082529560968715e-06
1.039429718080301e-06
9.980423394138914e-07
9.582986739508105e-07
9.201328696751156e-07
8.83481832101539e-07
8.482850920588122e-07
8.144846819413948e-07
7.820250195477759e-07
7.508527987400721e-07
7.209168867135862e-07
6.921682269707938e-07
6.645597478688648e-07
6.380462759993598e-07
6.125844540369175e-07
5.881326633401592e-07
5.646509498573275e-07
5.421009541919336e-07
5.204458451271283e-07
4.996502558085293e-07
4.796802236849313e-07
4.605031325636099e-07
4.420876579409715e-07
4.244037142130315e-07
4.074224047013898e-07
3.911159736671215e-07
3.754577604339176e-07
3.604221556000422e-07
3.459845589990218e-07
3.321213394274055e-07
3.188097962315724e-07
3.060281222747575e-07
2.937553686671763e-07
2.819714107449646e-07
2.706569155554913e-07
2.597933106861249e-07
2.493627542964857e-07
2.393481062414313e-07
2.297329007106453e-07
2.205013196062277e-07
2.116381670947315e-07
2.03128845252055e-07
1.94959330628544e-07
1.871161516916038e-07
1.795863671777476e-07
1.723575453337062e-07
1.654177440158481e-07
1.587554914974329e-07
1.523597679621467e-07
1.462199879160852e-07
1.403259830932264e-07
1.346679861401828e-07
1.292366149419424e-07
1.240228575882691e-07
1.190180577765425e-07
1.1421390082087e-07
1.096024004480792e-07
1.051758857794547e-07
1.009269890964854e-07
9.684863382911465e-08
9.29340231578003e-08
8.917662915074521e-08
8.55701820403751e-08
8.21086602835845e-08
7.878628068883408e-08
7.559748903757367e-08
7.253695116186714e-08
6.959954427498938e-08
6.6780348689392e-08
6.407463978158697e-08
6.147788031457592e-08
5.898571303060364e-08
5.659395385537757e-08
5.42985845934768e-08
5.209574680669883e-08
4.998173532102313e-08
4.795299213213431e-08
4.600610091335266e-08
4.41377810768968e-08
4.234488258219301e-08
4.062438074088658e-08
3.89733713440551e-08
3.738906579869088e-08
3.58687865730817e-08
3.440996293650271e-08
3.301012653607302e-08
3.166690755829924e-08
3.037803064215254e-08
2.914131134800402e-08
2.795465220451234e-08
2.681603971247558e-08
2.572354066740082e-08
2.467529917571391e-08
2.366953350158279e-08
2.270453311268265e-08
2.177865594080611e-08
2.089032556701251e-08
2.003802875613248e-08
1.922031272249594e-08
1.843578288865852e-08
1.768310059517473e-08
1.696098075364522e-08
1.626818987758748e-08
1.560354387770734e-08
1.496590610566947e-08
1.435418554317625e-08
1.376733503772363e-08
1.320434938332889e-08
1.266426375994116e-08
1.214615212903005e-08
1.164912563605417e-08
1.117233115275314e-08
1.071494980243093e-08
1.027619575368128e-08
9.85531471619918e-09
9.451582666265517e-09
9.064304907912258e-09
8.692814573854087e-09
8.33647167415439e-09
7.994662046996901e-09
7.666796289544976e-09
7.352308719394632e-09
7.050656399071513e-09
6.76131842517936e-09
6.483794841828803e-09
6.217605893124558e-09
5.962291136206396e-09
5.717408702107557e-09
5.482534669752884e-09
5.257262139627782e-09
5.041200768056371e-09
4.833975899345193e-09
4.635228061067064e-09
4.444612294017832e-09
4.261797649085785e-09
4.086466501720495e-09
3.918314092543683e-09
3.757048052222695e-09
3.60238784001729e-09
3.454064248027578e-09
3.311818979150994e-09
3.175404252921111e-09
3.044582261802185e-09
2.919124919987937e-09
2.798813285422481e-09
2.683437431453642e-09
2.572795844123574e-09
2.466695226431335e-09
2.364950201415306e-09
2.267382809263549e-09
2.173822376951667e-09
2.084105106992105e-09
1.998073964101416e-09
1.915578229203601e-09
1.836473294258143e-09
1.760620473538395e-09
1.687886756914418e-09
1.618144451402343e-09
1.551271146883877e-09
1.487149400131662e-09
1.425666522034864e-09
1.366714431129253e-09
1.310189435453211e-09
1.255992097224712e-09
1.204027034840837e-09
1.15420267413533e-09
1.10643125474052e-09
1.060628583050828e-09
1.016713953088132e-09
9.746098201170688e-10
9.342418968508412e-10
8.955389423046685e-10
8.584326344914697e-10
8.228573637104992e-10
7.887502230402259e-10
7.560508940859052e-10
7.247016004284303e-10
6.946468013020203e-10
6.658332706581795e-10
6.382100264385407e-10
6.117281034578209e-10
5.863404973960695e-10
5.620022257924115e-10
5.386700932190173e-10
5.163027119186598e-10
4.948603356253691e-10
4.74304904306746e-10
4.54599895426299e-10
4.357102854244034e-10
4.176024259706096e-10
4.002441047282391e-10
3.836044271165339e-10
3.676538197440861e-10
3.523638476761189e-10
3.37707257376016e-10
3.23657957539032e-10
3.101908514744551e-10
2.97281912913621e-10
2.849081012060769e-10
2.730474057356976e-10
2.616784743627665e-10
2.507811337229332e-10
2.403358595014745e-10
2.303239501288066e-10
2.207275706981996e-10
2.115294673197952e-10
2.027132237338749e-10
1.942630404703421e-10
1.861637860556111e-10
1.784009235074979e-10
1.709605274509825e-10
1.638292979189199e-10
1.569944848098229e-10
1.504437088126724e-10
1.441652429689558e-10
1.381478328875778e-10
1.323806933742879e-10
1.268534154764146e-10
1.215560477376686e-10
1.164791256673082e-10
1.116135142942234e-10
1.069503931800734e-10
1.024813538591999e-10
9.819838246533795e-11
9.409379736275695e-11
9.016016127600031e-11
8.639038758729373e-11
8.277768826043243e-11
7.93155015659275e-11
7.599757767539009e-11
7.281798113333809e-11
6.977093374042734e-11
6.685094586601376e-11
6.405272878100191e-11
6.137121165079621e-11
5.880157006265215e-11
5.633916766929401e-11
5.39795376147506e-11
5.17183653820152e-11
4.955161186136971e-11
4.747531737131506e-11
4.548566877060187e-11
4.357913809703489e-11
4.175224532400652e-11
4.000169112480749e-11
3.832430597087296e-11
3.671700674325106e-11
3.517685329256467e-11
3.37011035541186e-11
3.228705604050647e-11
3.093215595236004e-11
2.963392409214993e-11
2.838998844848041e-11
2.719808023544097e-11
2.605602461490721e-11
2.496178261207793e-11
2.391333286910577e-11
2.290881268254565e-11
2.194633374891643e-11
2.102412715845843e-11
2.014057059038055e-11
1.929404682674485e-11
1.848295551456277e-11
1.7705876322296e-11
1.696134863519182e-11
1.624803412779636e-11
1.556458014200238e-11
1.490982582361009e-11
1.42825253988184e-11
1.368152049098883e-11
1.310572361979091e-11
1.255409813488787e-11
1.202559637755945e-11
1.151929360245666e-11
1.103419536481643e-11
1.056949060379529e-11
1.012428068115832e-11
9.697738061731477e-12
9.289098241199576e-12
8.897620064777086e-12
8.522643072046025e-12
8.163396325303364e-12
7.819269905405227e-12
7.4896173157583e-12
7.173744386709747e-12
6.871184281369904e-12
6.581337630742044e-12
6.303705363384479e-12
6.037759187042388e-12
5.782988872994429e-12
5.538888582460239e-12
5.305061414891019e-12
5.08110973011717e-12
4.866582052641056e-12
4.661119206909277e-12
4.464267709312339e-12
4.275714266976397e-12
4.095096227459409e-12
3.922080391157523e-12
3.756364806480908e-12
3.597616712574621e-12
3.445537298642212e-12
3.299866807875822e-12
3.160339869578826e-12
3.026730607911012e-12
2.898765016435272e-12
2.776194243821741e-12
2.658718571012487e-12
2.546194904941067e-12
2.438466070517316e-12
2.335331768924814e-12
2.236499451818686e-12
2.141850094644447e-12
2.05119121625264e-12
1.964336424816399e-12
1.881154854547237e-12
1.801470372609879e-12
1.725175079616134e-12
1.652107599790482e-12
1.582106440038822e-12
1.515077525345629e-12
1.450911209913834e-12
1.389438576928911e-12
1.33057405872484e-12
1.274189310102539e-12
1.220187232878728e-12
1.168450687898593e-12
1.118919925338107e-12
1.071428019879292e-12
1.025972898758836e-12
9.824523458202675e-13
9.407917603965535e-13
9.008712613318127e-13
8.626434466418382e-13
8.260350550074807e-13
7.909475836930567e-13
7.573756947538829e-13
7.252545117768088e-13
6.944535169382816e-13
6.649531437685161e-13
6.36696238134892e-13
6.096525617477747e-13
5.837489895419375e-13
5.589641912331604e-13
5.352079850379066e-13
5.124724301451546e-13
4.906589021040968e-13
4.698127530936881e-13
4.498080923716737e-13
4.306682289495419e-13
4.123221968314909e-13
3.948000613224931e-13
3.779834337504694e-13
3.618812874953884e-13
3.464699877797903e-13
3.317129564195286e-13
3.175956572522226e-13
3.04094828458353e-13
2.911127372391948e-13
2.787162996572515e-13
2.668120002892051e-13
2.554308138406081e-13
2.445338257329194e-13
2.341005320439137e-13
2.240791988304872e-13
2.145384175538698e-13
2.053925395302306e-13
1.966226839663285e-13
1.882053979625977e-13
1.801567115222004e-13
1.724290910904372e-13
1.650855728079271e-13
1.580539560260189e-13
1.513394844371967e-13
1.448548018453812e-13
1.386669274990168e-13
1.327047918842505e-13
1.270493524436602e-13
1.21625310717291e-13
1.164092551724348e-13
1.114473474567688e-13
1.066893607191652e-13
1.021446624629144e-13
9.775910867726691e-14
9.36110557696242e-14
8.962548118718933e-14
8.578746021903269e-14
8.207379815427971e-14
7.859740886188046e-14
7.523167762828056e-14
7.199180907714499e-14
6.892102588604508e-14
6.600596927048728e-14
6.317118599071266e-14
6.04410210263611e-14
5.785456462215335e-14
5.539754939946546e-14
5.305904620973702e-14
5.077524378250351e-14
4.858273303632359e-14
4.649077662805606e-14
4.448845927218918e-14
4.262220250517987e-14
4.07506330352161e-14
3.896258485780149e-14
3.730968114914494e-14
3.570722349362449e-14
3.415476053058909e-14
3.273078643705435e-14
3.136361981037364e-14
3.005237343190946e-14
2.879916416125512e-14
2.755151846587572e-14
2.641441492667988e-14
2.531954352900157e-14
2.421240411490002e-14
2.316487224095532e-14
2.210070197724541e-14
2.116866298288025e-14
2.027411982440389e-14
1.937310166307126e-14
1.858485200440079e-14
1.783846934415515e-14
1.710182659644027e-14
1.643535745210188e-14
1.569545017797549e-14
1.50442189489482e-14
1.436493999065648e-14
1.371695750054437e-14
1.310149054606874e-14
1.252286239232332e-14
1.200539989690062e-14
1.155949219235783e-14
1.106614301681589e-14
1.05687611875415e-14
1.011299736804084e-14
9.673479433587004e-15
9.232698311971285e-15
8.870781219646329e-15
8.455968160853705e-15
8.090514881199836e-15
7.737932067283238e-15
7.430108722369409e-15
7.113931068789589e-15
6.772554803610615e-15
6.469110713044969e-15
6.177488693897798e-15
5.933773231962316e-15
5.64017901469833e-15
5.370905015713991e-15
5.201888788836585e-15
4.998603241231226e-15
4.789327384934208e-15
4.563582877472271e-15
4.364650426355577e-15
4.23272176523879e-15
4.05681802509944e-15
3.860778073626666e-15
3.699009498871474e-15
3.543614259853914e-15
3.408344208616996e-15
3.241747121196539e-15
3.104106467733329e-15
2.965321500887661e-15
2.845700104403958e-15
2.762038828116369e-15
2.681308388027323e-15
2.601925814458935e-15
2.513448766661367e-15
2.420888181242334e-15
2.35947137707054e-15
2.276851084012736e-15
2.222943581103008e-15
2.167117801885085e-15
2.092909691960516e-15
2.034281051363725e-15
1.98997182243214e-15
1.965136110947702e-15
1.937061222164845e-15
1.908953845653851e-15
1.860038304843798e-15
1.780290048092089e-15
1.720153676230029e-15
1.632639899569965e-15
1.586842062689499e-15
1.517783603719822e-15
1.45159204800765e-15
1.413974123172246e-15
1.372771541945074e-15
1.356938355290106e-15
1.230860492021561e-15
1.165493914558173e-15
1.089967641659801e-15
1.043865578076259e-15
1.016318074328031e-15
9.635711983700688e-16
9.428320577505474e-16
9.301889539752886e-16
9.017932759290746e-16
8.878759328846325e-16
7.966558973330304e-16
8.494505445839536e-16
7.223261554578136e-16
7.150561527780397e-16
6.686613092151106e-16
5.988389129160191e-16
5.216370367825185e-16
6.227827773705201e-16
4.806536480600388e-16
4.904004355785683e-16
4.910867266042613e-16
4.314593310727406e-16
5.395175086065873e-16
3.986844038444106e-16
5.505514185537948e-16
3.446472172059316e-16
4.977118171119666e-16
3.719249805172231e-16
3.843251886902697e-16
4.128359966415894e-16
4.306936054738094e-16
3.333432348397607e-16
4.667174790400007e-16
3.033788037287615e-16
4.926372541724679e-16
2.954906433057432e-16
3.801080080632003e-16
4.022832379291481e-16
4.052332853696901e-16
4.075848429315309e-16
4.108621075398117e-16
4.339652307649578e-16
3.161610606320029e-16
4.088251916070324e-16
2.944216207773947e-16
4.763584985209497e-16
3.008158823230253e-16
5.140353172705311e-16
3.361452194688058e-16
3.662676922842648e-16
3.938577404951944e-16
4.06065038333244e-16
4.174424367703781e-16
4.157210696382473e-16
4.190448620700635e-16
4.156490915646588e-16
4.190228684266533e-16
4.156692086776278e-16
4.190682805017813e-16
4.157029431935509e-16
4.190696887288604e-16
4.156824590615558e-16
4.190896198949584e-16
4.157220710591863e-16
4.190867363588104e-16
4.156553682714591e-16
4.190706281160781e-16
4.157356702923822e-16
4.190635891414472e-16
3.099750070332613e-16
3.442280657766852e-16
3.682990463031627e-16
4.808841659074222e-16
3.476163650693467e-16
3.735341174929362e-16
3.922682518822934e-16
3.10684732711752e-16
4.528641412972616e-16
3.099563154633025e-16
4.08879583475786e-16
4.08187488982042e-16
2.898806808620026e-16
4.033816722658256e-16
2.739082418555489e-16
3.138049649952683e-16
3.239820960618299e-16
3.380127875357923e-16
3.517089743064023e-16
3.54176657942918e-16
3.543076733646333e-16
3.597726928801271e-16
3.648804873749434e-16
3.759911049514846e-16
3.758856080901657e-16
3.760340762456245e-16
3.764464161944486e-16
3.745469587233536e-16
3.767675434690304e-16
3.75051234693065e-16
3.763675929923349e-16
3.735582575182313e-16
2.35263216883762e-16
3.462135710490876e-16
2.28123965040773e-16
4.339208884233994e-16
1.983680991459886e-16
3.996342462628883e-16
2.337110257363469e-16
4.543139016392324e-16
2.699287351666607e-16
4.986731605834898e-16
2.810567369256042e-16
5.154973994507119e-16
3.012507814819626e-16
2.570515002671774e-16
4.849262276069675e-16
3.027601831340642e-16
2.099589354330096e-16
4.067005024814079e-16
2.447490893895186e-16
4.667660499214422e-16
1.765907325258987e-16
3.352513140359975e-16
5.315848378952091e-16
1.586634639216276e-16
5.463444163749097e-16
1.52612335210983e-16
3.110754722553793e-16
1.749714882451676e-16
3.70438712087411e-16
2.151230374964972e-16
4.45679423192001e-16
1.557037756535408e-16
4.835062504216337e-16
1.660073964843447e-16
3.427170900352297e-16
2.080273697939505e-16
2.931035721996313e-16
1.958237190999725e-16
3.677163244685279e-16
2.07995022193601e-16
4.013030701427428e-16
2.374080683825291e-16
3.238144266689007e-16
1.984116342549136e-16
4.030686286784524e-16
2.576026044806385e-16
2.241595212532192e-16
4.347200488277475e-16
2.073065923830451e-16
3.357129778658293e-16
2.622620543601896e-16
1.988180983286769e-16
3.73451602467668e-16
2.298840625005996e-16
3.67943489499141e-16
2.480606656624281e-16
3.730986577571671e-16
2.424346197571884e-16
3.671860285018689e-16
2.356042453417097e-16
2.624229979278034e-16
2.787792602732838e-16
2.980039092381763e-16
3.015660396457782e-16
2.990829561202948e-16
3.071096220573943e-16
3.067862167701266e-16
3.071259458373053e-16
3.076311759169757e-16
3.037816922642728e-16
3.103495675962359e-16
3.071342934632759e-16
3.076111202463778e-16
3.03772772659924e-16
3.10423773372119e-16
2.44625900625093e-16
3.383288041184765e-16
3.340077968320953e-16
2.337029389726488e-16
2.79600829139293e-16
3.688016954971073e-16
2.454882174349205e-16
2.949772962871651e-16
2.958702737740785e-16
3.212262741225579e-16
3.295205626513974e-16
3.315955809788238e-16
2.358235292811411e-16
2.803044357592279e-16
2.908255884021642e-16
4.788839106618826e-16
2.213025649855411e-16
4.088822200261787e-16
2.187385498846119e-16
2.873919209645724e-16
3.06168039959265e-16
2.100843179321404e-16
3.877085974941015e-16
2.372362919310474e-16
4.323592426985261e-16
2.599883914261857e-16
3.77053803919268e-16
3.954309510195684e-16
2.522360762709807e-16
2.855837349506101e-16
2.995956849689496e-16
2.023502714792502e-16
3.999844418989708e-16
2.286755267526375e-16
3.475982182175305e-16
2.270409891404764e-16
3.642437889349004e-16
2.088765601685151e-16
3.436177375793455e-16
2.062973701563959e-16
4.248271271693037e-16
2.328355237806175e-16
3.572317055228897e-16
2.085693914811039e-16
4.543843287726591e-16
2.668284101137347e-16
1.868096972242297e-16
3.675475903085786e-16
2.013988841157676e-16
2.873488447284234e-16
1.819934648316134e-16
3.532627191164576e-16
1.964370137427961e-16
4.205363419004011e-16
2.32115478162038e-16
4.629719898341258e-16
2.515196022292199e-16
2.701120204619214e-16
2.892648976383761e-16
3.061793969522686e-16
3.042205743079746e-16
3.12884635175724e-16
3.28863843036978e-16
2.696677811391969e-16
4.923740997552842e-16
2.911010161379648e-16
1.924494811743024e-16
4.045057076338342e-16
2.31796468131706e-16
4.611519809436614e-16
2.742211386133127e-16
5.024629662364529e-16
2.813384227736564e-16
2.282130799554423e-16
4.524752395710287e-16
2.68090156751641e-16
3.83699804207504e-16
2.233935662449587e-16
2.870904972294988e-16
2.934872458257604e-16
3.169871863105142e-16
3.237405517421808e-16
2.021794560144166e-16
4.083864776100624e-16
1.906822646255849e-16
3.699044135775803e-16
3.718741265008358e-16
2.288259647919088e-16
4.344730481893443e-16
2.477204371578108e-16
4.685585229016996e-16
1.719360366803223e-16
3.199227420045153e-16
1.93942069191016e-16
3.897695222626234e-16
2.181736634141703e-16
3.404007570575857e-16
1.98022841439062e-16
4.049490187487317e-16
2.474056855398159e-16
3.531670340119686e-16
2.155687428871024e-16
4.411716351884494e-16
1.87266076537364e-16
4.802307250780064e-16
1.609964827548219e-16
2.375474140394949e-16
2.666068350270874e-16
2.856199346039616e-16
2.924670331584653e-16
3.019856875154468e-16
2.327737482463901e-16
3.423178070752908e-16
2.555900904312171e-16
2.75192379363302e-16
2.845831269125098e-16
2.31159604260288e-16
2.044238393230099e-16
4.113976731432535e-16
2.408242870440073e-16
3.577848790782169e-16
1.988808508623757e-16
4.054497684097508e-16
2.009590882041005e-16
4.420771270885664e-16
1.574238459072481e-16
4.960223030823341e-16
1.91398870197079e-16
5.626016458712114e-16
2.433683075677803e-16
3.643019474163884e-16
2.127012461332995e-16
3.444419112752287e-16
2.165734091559392e-16
3.128487423010034e-16
1.965265558905228e-16
3.004088537957314e-16
3.16984417728708e-16
2.183931855231592e-16
3.014675449271987e-16
3.895112194976696e-16
2.433921434656943e-16
2.74962753621781e-16
3.07581332903719e-16
3.318494966749236e-16
3.622646499196973e-16
3.719294835878318e-16
2.38049770669022e-16
4.378315035225783e-16
2.512217245715088e-16
4.63142776937711e-16
1.887794302309936e-16
3.157239290242446e-16
3.282397701095483e-16
3.458036942128744e-16
3.649733600350298e-16
3.759062725789943e-16
3.860515668177654e-16
2.434076519147298e-16
4.539393729655075e-16
2.407436583176487e-16
4.724691916469275e-16
2.631953227054713e-16
3.114493709132412e-16
5.200940120400937e-16
1.742363713351044e-16
3.596899986961392e-16
2.193285302004325e-16
4.483463635768198e-16
2.753457263311806e-16
2.185486467027081e-16
4.61787469752082e-16
2.653812408246906e-16
3.913263609348642e-16
2.225794878498097e-16
2.796861819712986e-16
2.058535487880955e-16
3.342251125739222e-16
3.366498805812082e-16
3.522412858827863e-16
3.526614085893452e-16
3.636425358699937e-16
3.635484884218546e-16
2.263157566880363e-16
4.411664044789013e-16
2.009045271363004e-16
2.286129072738134e-16
3.187389482718528e-16
1.861571421326749e-16
3.715907840303339e-16
2.122823645551345e-16
1.868555152858795e-16
3.854496289833686e-16
2.184378026376785e-16
3.467720059865706e-16
1.88396685362654e-16
2.935263795466157e-16
2.358196200950857e-16
3.571957564106561e-16
2.02362598361837e-16
3.379881344156188e-16
1.929002748234156e-16
3.218784644094885e-16
2.565755887297966e-16
2.813850241827959e-16
2.075409984958321e-16
4.36088755011545e-16
1.929433638576597e-16
4.142455635112756e-16
1.815235511452133e-16
4.593229204752597e-16
1.813756644813619e-16
3.38530984723496e-16
3.770113451043449e-16
2.158086328045621e-16
4.553637716181731e-16
2.700495681168337e-16
3.126508505108229e-16
1.955388666669063e-16
3.91845842189017e-16
2.362203821561207e-16
4.457806653018666e-16
2.702147138597527e-16
3.170548319184115e-16
4.298201554787616e-16
2.525696186530837e-16
3.869800058435045e-16
2.397425837420122e-16
4.660980401722988e-16
2.806976704389639e-16
3.079098009147288e-16
3.403453615649196e-16
2.712345149782912e-16
5.18408034977659e-16
1.962354895649067e-16
3.904935668069874e-16
2.604991137999218e-16
4.777864021055515e-16
2.897043094450581e-16
3.304398384678823e-16
3.659705275714839e-16
2.657692178071195e-16
4.680754374433233e-16
2.766951875899661e-16
5.083100851838255e-16
3.124363014941941e-16
4.622245797020068e-16
2.968043302227162e-16
4.332201703025594e-16
2.852616004326875e-16
4.312034645220735e-16
2.839502504000301e-16
4.243809794181815e-16
2.798544415916554e-16
5.192692227145853e-16
3.263626358181488e-16
3.614049805297164e-16
3.76198564080186e-16
3.99301005427329e-16
2.674168203972572e-16
4.927725722650466e-16
3.119168875908371e-16
5.433569527696178e-16
3.32050303543722e-16
3.771277834862469e-16
3.940296609743891e-16
3.369233459897231e-16
4.638995055248189e-16
3.027893671162708e-16
5.370458085932423e-16
2.212940415232785e-16
3.989776609353871e-16
2.584856839226867e-16
4.779941562833267e-16
2.847731709151373e-16
5.003287609853628e-16
3.047608801099509e-16
5.326930920437193e-16
2.084275946214187e-16
4.101721170192715e-16
2.717647206853349e-16
5.045646964322013e-16
3.311120899339587e-16
3.726111055319248e-16
2.570529367158665e-16
4.638059138375084e-16
2.761414825720308e-16
5.169386962462255e-16
3.156678926524271e-16
2.788656364157069e-16
5.116105775943785e-16
3.423668156194369e-16
3.860916560365621e-16
3.969188417361224e-16
2.491383821580962e-16
3.726058904958949e-16
2.428062443961013e-16
3.801280096702748e-16
2.410980669232782e-16
4.553842183009771e-16
2.725562391569969e-16
5.134787059715532e-16
2.035157242655234e-16
3.706741046034236e-16
3.888633646717357e-16
4.144998384850726e-16
2.640861925073922e-16
4.884145144742574e-16
3.079350150278127e-16
4.536824500150614e-16
3.021980439740892e-16
5.359019829312682e-16
3.230927050740429e-16
4.725826347863636e-16
2.270718997363629e-16
4.289352892807434e-16
2.599081620762285e-16
4.982508062864688e-16
1.781539144385125e-16
3.445736985437638e-16
5.431075195070445e-16
1.592917361553367e-16
5.423195671050644e-16
0
