0.05
26332498.56938746
8999522.030235726
3179587.005314952
1073385.551606674
335168.7488609939
97216.59438938003
39004.47210498138
27220.31401683945
18963.0479211672
12075.41471925368
7232.802298759457
4170.520804167135
2350.611064303769
1309.783244389767
728.9563831379477
409.7141458743607
235.4688280277116
140.076284318277
86.94911297850153
56.32991101258655
37.8212628532788
26.05615819798741
18.25538505403534
12.92773691568551
9.222410389678542
6.619467641337986
4.781974214132366
3.482336264080797
2.562782893938344
1.91227679511295
1.451979742372766
1.125629865974852
0.893006731055221
0.7254455407796573
0.6027105864161504
0.5107380883598717
0.4399333419430754
0.3838588496210784
0.3382403895040397
0.3002445817151453
0.2679779599563297
0.2401534420556624
0.215874678557572
0.194499057331493
0.1755512996830774
0.1586688767511208
0.1435672200127184
0.1300172178611262
0.117830374354507
0.1068487957384607
0.09693826369549703
0.08798331803931322
0.07988367461643768
0.07255155018722827
0.06590961759547667
0.05988940903378306
0.05443004501622013
0.04947720515196885
0.04498228202175628
0.04090167628086886
0.03719620254937332
0.03383058356981292
0.03077301569418107
0.02799479276204648
0.02546997834367482
0.02317511847307809
0.02108898860674184
0.01919236976550791
0.01746784975489128
0.01589964608716595
0.01447344779998041
0.01317627381941687
0.01199634587843171
0.01092297429526836
0.009946455156224714
0.009057977644754267
0.008249540423143015
0.007513876110685081
0.006844383018618547
0.006235063401098134
0.005680467566358521
0.005175643265433126
0.004716089839329012
0.004297716660971529
0.003916805456827525
0.003569976135878503
0.003254155791429472
0.002966550574761906
0.002704620169469063
0.002466054621913824
0.002248753307034637
0.002050805830033768
0.001870474683606862
0.001706179497561603
0.001556482733147561
0.001420076688362577
0.001295771693079651
0.001182485384194919
0.00107923296125968
0.0009851183323371091
0.0008993260682206293
0.0008211140907472477
0.0007498070278220671
0.00068479017400321
0.0006255040011447135
0.0005714391687175448
0.0005221319880706253
0.0004771602991058167
0.0004361397216602796
0.0003987202473559831
0.0003645831408205962
0.000333438122038405
0.0003050208041810159
0.0002790903636183398
0.0002554274209471168
0.0002338321138112921
0.0002141223440503306
0.0001961321833094041
0.0001797104226982336
0.000164719253404146
0.0001510330663627621
0.0001385373601790421
0.0001271277474799846
0.000116709050779384
0.0001071944797513902
9.850488255264535e-05
9.05680645058918e-05
8.33181680722317e-05
7.669510859464168e-05
7.06440608021943e-05
6.511499152215324e-05
6.006223446418943e-05
5.544410331823598e-05
5.122253974809658e-05
4.736279317309965e-05
4.383312950737628e-05
4.060456627759951e-05
3.76506317668483e-05
3.494714603374422e-05
3.247202183962684e-05
3.020508367957014e-05
2.812790326156748e-05
2.622364991128389e-05
2.447695450283831e-05
2.287378562753121e-05
2.140133681742557e-05
2.004792373921802e-05
1.880289036663697e-05
1.765652323019004e-05
1.659997292790952e-05
1.562518216457171e-05
1.472481966540659e-05
1.389221938563393e-05
1.312132450801825e-05
1.240663578427382e-05
1.174316383700056e-05
1.112638508882818e-05
1.055220103236614e-05
1.00169005920953e-05
9.517125361354232e-06
9.04983752325388e-06
8.612290284210533e-06
8.202000664240148e-06
7.81672450020955e-06
7.454433526153753e-06
7.113294401257625e-06
6.791649562045473e-06
6.48799977805712e-06
6.200988294234635e-06
5.929386447189443e-06
5.672080645880583e-06
5.428060610747173e-06
5.196408770492419e-06
4.976290719143472e-06
4.766946642319258e-06
4.567683625514364e-06
4.377868763438922e-06
4.196922994758196e-06
4.024315591450417e-06
3.859559238065008e-06
3.702205641341532e-06
3.5518416151519e-06
3.408085591110727e-06
3.270584509548979e-06
3.139011050048067e-06
3.013061164216238e-06
2.892451877840269e-06
2.776919332227376e-06
2.666217038063487e-06
2.560114318094143e-06
2.458394916962207e-06
2.360855759559626e-06
2.26730584079757e-06
2.177565231994385e-06
2.091464190299829e-06
2.008842359706914e-06
1.929548052985287e-06
1.853437605691935e-06
1.780374793553029e-06
1.710230306389053e-06
1.642881272380178e-06
1.578210826461828e-06
1.516107718857688e-06
1.456465958246336e-06
1.399184486481406e-06
1.344166881616684e-06
1.291321085309365e-06
1.240559153007393e-06
1.191797023737619e-06
1.14495430818272e-06
1.099954092505145e-06
1.056722756867013e-06
1.015189806844057e-06
9.7528771673738e-07
9.369517834991504e-07
9.001199903041963e-07
8.647328788876962e-07
8.307334299048155e-07
7.980669506959589e-07
7.666809694884461e-07
7.365251359830756e-07
7.075511274549445e-07
6.797125598355972e-07
6.529649040149728e-07
6.272654060708108e-07
6.025730120777039e-07
5.788482963466125e-07
5.560533934184533e-07
5.341519332488369e-07
5.13108979750419e-07
4.928909716160995e-07
4.734656667683253e-07
4.548020884949503e-07
4.368704745039788e-07
4.196422282113815e-07
4.030898718545937e-07
3.871870019779985e-07
3.719082466115568e-07
3.572292244813818e-07
3.431265057087092e-07
3.295775742811404e-07
3.165607920476941e-07
3.040553642567074e-07
2.920413064325808e-07
2.804994126142327e-07
2.694112248399558e-07
2.587590040760974e-07
2.485257019332854e-07
2.386949338517656e-07
2.292509533053435e-07
2.201786267878133e-07
2.11463410064863e-07
2.030913251783141e-07
1.950489385714249e-07
1.873233398152768e-07
1.799021212801823e-07
1.727733587159714e-07
1.659255923769041e-07
1.593478090621312e-07
1.53029424792601e-07
1.469602680101418e-07
1.411305637926635e-07
1.35530918374282e-07
1.301523043221323e-07
1.249860462039584e-07
1.200238073151322e-07
1.152575760695735e-07
1.106796539029158e-07
1.062826424287494e-07
1.020594324306935e-07
9.800319231025852e-08
9.410735742728975e-08
9.036561965242135e-08
8.677191745676736e-08
8.332042629644327e-08
8.000554940981426e-08
7.6821909020853e-08
7.376433776055414e-08
7.082787050127191e-08
6.800773646393901e-08
6.529935174007512e-08
6.269831197339237e-08
6.020038524306362e-08
5.780150565878174e-08
5.549776658386834e-08
5.328541470174196e-08
5.116084372416863e-08
4.912058895527338e-08
4.716132160111074e-08
4.527984353434363e-08
4.347308220728822e-08
4.173808577683823e-08
4.007201827359698e-08
3.847215518270865e-08
3.693587905666454e-08
3.546067539413697e-08
3.404412849167467e-08
3.26839176974687e-08
3.137781375960492e-08
3.012367494410648e-08
2.891944398372565e-08
2.776314453614321e-08
2.665287812611341e-08
2.558682100582441e-08
2.456322138539476e-08
2.358039640733784e-08
2.263672963876759e-08
2.173066836988266e-08
2.086072104179044e-08
2.002545506780591e-08
1.922349428520244e-08
1.84535169183829e-08
1.771425333696757e-08
1.700448407723778e-08
1.63230377468974e-08
1.56687893658291e-08
1.504065834341403e-08
1.443760687786472e-08
1.385863805851691e-08
1.330279447522717e-08
1.27691565828031e-08
1.225684126005747e-08
1.176500021279494e-08
1.129281885737946e-08
1.083951484828541e-08
1.040433663149872e-08
9.986562695852804e-09
9.58549993065305e-09
9.200482757424193e-09
8.830872010286368e-09
8.476053728753203e-09
8.135438469224106e-09
7.80846011346931e-09
7.49457494157991e-09
7.193260810637428e-09
6.904016391291779e-09
6.626360185700405e-09
6.359829837616396e-09
6.10398131998394e-09
5.85838826886621e-09
5.622641293791899e-09
5.396347254328081e-09
5.179128597129658e-09
4.970622792053311e-09
4.770481783055053e-09
4.578371297805002e-09
4.393970336332404e-09
4.216970723183716e-09
4.047076545755979e-09
3.88400374142763e-09
3.72747940360195e-09
3.577241595089812e-09
3.43303878981372e-09
3.294629485935002e-09
3.161781793534429e-09
3.034273056305019e-09
2.911889553559333e-09
2.794425981796619e-09
2.681685305688453e-09
2.573478326422127e-09
2.46962337126703e-09
2.369946086191548e-09
2.274279015546082e-09
2.182461387474881e-09
2.094338824961109e-09
2.009763257639178e-09
1.928592348264786e-09
1.850689549020801e-09
1.775923680475203e-09
1.704168950552646e-09
1.635304489703586e-09
1.569214262042385e-09
1.505786883275558e-09
1.444915472653128e-09
1.386497325168467e-09
1.330433923979265e-09
1.276630672381205e-09
1.224996795415056e-09
1.17544506954608e-09
1.127891787348284e-09
1.082256636528275e-09
1.038462523331832e-09
9.964354247646695e-10
9.5610424390285e-10
9.174008262721809e-10
8.802596163592912e-10
8.446178316290544e-10
8.104150711093123e-10
7.775934457038337e-10
7.46097364076179e-10
7.158734015299004e-10
6.868704323069232e-10
6.590392362237933e-10
6.323325830288103e-10
6.067052101751367e-10
5.821136624907366e-10
5.58516151424272e-10
5.358726649312915e-10
5.141447325341652e-10
4.932954261990445e-10
4.732892875068816e-10
4.540923970786504e-10
4.356720790191666e-10
4.179971140366875e-10
4.0103731351147e-10
3.847638161708617e-10
3.691489827361602e-10
3.541661807948615e-10
3.39789948522514e-10
3.25995759260138e-10
3.127601368201107e-10
3.00060585514631e-10
2.878753439555173e-10
2.761837122485153e-10
2.649656993265624e-10
2.542022680452708e-10
2.43874975654031e-10
2.33966195147185e-10
2.24459027625281e-10
2.153372448201567e-10
2.065852736239996e-10
1.98188157795238e-10
1.901315135949572e-10
1.824016089736694e-10
1.749852103068227e-10
1.67869711719207e-10
1.610428155993044e-10
1.544929298305464e-10
1.482088150086035e-10
1.421797306809814e-10
1.363953313045726e-10
1.308456587816769e-10
1.255213099942781e-10
1.204131712887014e-10
1.155124135552396e-10
1.108106408117664e-10
1.062997429816667e-10
1.019720965154717e-10
9.782028953075905e-11
9.383715825294574e-11
9.001584083012181e-11
8.634982796773927e-11
8.283275409145102e-11
7.94585996729051e-11
7.622160125368903e-11
7.31161980766547e-11
7.01370339338686e-11
6.727899211959375e-11
6.453715608382324e-11
6.190684751048322e-11
5.938352910859707e-11
5.696282558568946e-11
5.464056092094612e-11
5.241282145393686e-11
5.027573573183035e-11
4.822555193757532e-11
4.625882234450688e-11
4.437214820665439e-11
4.256223995382906e-11
4.082602393497297e-11
3.916052279000367e-11
3.756281127084419e-11
3.603015639474325e-11
3.45599080251893e-11
3.314952815230941e-11
3.179660455379278e-11
3.049876734826538e-11
2.925380040408199e-11
2.805954618138093e-11
2.691393516524392e-11
2.581501817371095e-11
2.476088173044661e-11
2.374970330623355e-11
2.277976843063649e-11
2.184937133199481e-11
2.095691693566376e-11
2.010081789691036e-11
1.927963087916141e-11
1.849193471291715e-11
1.773639763184823e-11
1.701163311418213e-11
1.631644751431569e-11
1.564957989253723e-11
1.500995575009832e-11
1.439641633484078e-11
1.380788055775517e-11
1.32433526472614e-11
1.270188731555546e-11
1.218254715301146e-11
1.168442111390083e-11
1.120655313506849e-11
1.074823859706859e-11
1.030861970536123e-11
9.886965161627363e-12
9.482508445098922e-12
9.094541747630471e-12
8.722470656023711e-12
8.3655763720432e-12
8.023243483756498e-12
7.694934195193147e-12
7.380016166370206e-12
7.077951037795732e-12
6.788218403395469e-12
6.510349849175068e-12
6.243833746621473e-12
5.98824854549148e-12
5.74304473188047e-12
5.507875244757021e-12
5.282332555669814e-12
5.066007727850423e-12
4.858483981525631e-12
4.659503181751057e-12
4.46866379429581e-12
4.285651093089345e-12
4.110076527279069e-12
3.941681133420405e-12
3.780135533251185e-12
3.625202970916783e-12
3.476625780005468e-12
3.334132772418819e-12
3.197495347903202e-12
3.066457846845081e-12
2.940781663909255e-12
2.820205403943128e-12
2.704552454644591e-12
2.59369398127906e-12
2.487335932778265e-12
2.385346673669643e-12
2.287547767349031e-12
2.193768795115989e-12
2.103776506403036e-12
2.01749234322931e-12
1.934732335732634e-12
1.855322718069464e-12
1.779207801195556e-12
1.706181850041863e-12
1.636165124240194e-12
1.569033780800807e-12
1.50463569033834e-12
1.442874515768282e-12
1.383666100601734e-12
1.326861144514204e-12
1.27240707599486e-12
1.220155147502241e-12
1.170042062948671e-12
1.122022970616979e-12
1.075931083000596e-12
1.031737981710268e-12
9.893542150200023e-13
9.487304551865268e-13
9.097201188936951e-13
8.723772124868294e-13
8.36559463648741e-13
8.022117352247471e-13
7.692607309121248e-13
7.376410687621428e-13
7.07342462607363e-13
6.782491367271245e-13
6.503954374412253e-13
6.236783386904175e-13
5.9801698820476e-13
5.734265715278544e-13
5.498503963094692e-13
5.272654051982535e-13
5.055410976841539e-13
4.847285175974997e-13
4.647947286582587e-13
4.456772880174601e-13
4.273491976527508e-13
4.09773701128168e-13
3.92924592531078e-13
3.767787828468534e-13
3.612495769510696e-13
3.463768136065249e-13
3.321269641860623e-13
3.184426469044184e-13
3.053356127029531e-13
2.927457056375157e-13
2.806790067216359e-13
2.690643656122635e-13
2.57989691846476e-13
2.47378047935315e-13
2.371925593640872e-13
2.274473400364941e-13
2.181026741415372e-13
2.091150478743418e-13
2.00521833927253e-13
1.922772374225633e-13
1.843495313886285e-13
1.767106006830437e-13
1.694126993345578e-13
1.623953337125394e-13
1.557328513426131e-13
1.493011430810442e-13
1.431366866667355e-13
1.372256134119347e-13
1.315639666281899e-13
1.261584085656332e-13
1.209706690224717e-13
1.15979016042611e-13
1.111855151471769e-13
1.06632843161536e-13
1.022152085104873e-13
9.79794263718539e-14
9.394508365222866e-14
9.009060530208144e-14
8.636696611321543e-14
8.277046184763778e-14
7.929928144307445e-14
7.601553180610397e-14
7.291387083499893e-14
6.993071136833083e-14
6.703477000692169e-14
6.427657076592564e-14
6.161305188556393e-14
5.910330192092637e-14
5.665991164691291e-14
5.431953315639104e-14
5.206327058024204e-14
4.992100483669674e-14
4.785075220150396e-14
4.585889336038855e-14
4.394856450555293e-14
4.208052008231558e-14
4.033472125142811e-14
3.865379987758474e-14
3.702736019615869e-14
3.546675528831201e-14
3.399669223917271e-14
3.254387511431093e-14
3.120473622640846e-14
2.988433725193123e-14
2.864332950471707e-14
2.743529450359e-14
2.628771598940159e-14
2.520151924944397e-14
2.412952894496841e-14
2.312415045423047e-14
2.214036428287648e-14
2.121338046467382e-14
2.02962909669739e-14
1.943660709572168e-14
1.858402851867826e-14
1.776286930020643e-14
1.706051166438175e-14
1.633924111943336e-14
1.565019632953562e-14
1.498070488915088e-14
1.434993851474545e-14
1.374529481098546e-14
1.318440294690656e-14
1.263867125363561e-14
1.215277068350477e-14
1.167485674421272e-14
1.118068724488365e-14
1.073506960885248e-14
1.027705336374237e-14
9.854072362388369e-15
9.414455959112413e-15
9.00053586689536e-15
8.630254069519461e-15
8.252734396858443e-15
7.898258095912553e-15
7.534909508788515e-15
7.210146903368056e-15
6.91823288366656e-15
6.603531076748042e-15
6.319609673939378e-15
6.018177324109918e-15
5.730828597686785e-15
5.465595175994006e-15
5.229986885308349e-15
5.010389753703122e-15
4.783837564348186e-15
4.595920723414902e-15
4.400826935833421e-15
4.22569572347928e-15
4.05471124988394e-15
3.893934445571899e-15
3.768368924284121e-15
3.628105035840869e-15
3.481969100511913e-15
3.318700604072061e-15
3.198637613392884e-15
3.118912906837268e-15
2.960186383683794e-15
2.82630957475787e-15
2.723598576890236e-15
2.626780883119084e-15
2.502891152140083e-15
2.411839557449752e-15
2.314337563016117e-15
2.210643347250807e-15
2.15132392874878e-15
2.015578910417313e-15
1.958484535560056e-15
1.854001053954368e-15
1.792548028586211e-15
1.743921744102141e-15
1.722332445250919e-15
1.597775014216947e-15
1.488452523552058e-15
1.439668319767042e-15
1.364450597501885e-15
1.304960165824932e-15
1.287676813888193e-15
1.257056373887362e-15
1.241045462522795e-15
1.232761282258938e-15
1.222110072526583e-15
1.157874774180902e-15
1.168539547595993e-15
1.104498919322205e-15
1.046150719553102e-15
1.062850393564318e-15
1.024082166257595e-15
9.747883485037558e-16
9.642363120411401e-16
1.003026348300507e-15
9.843947298614651e-16
9.271289635061997e-16
8.879339582582069e-16
8.678204793104848e-16
9.137039957405021e-16
8.630505508685243e-16
7.944438265152053e-16
8.024962142879497e-16
7.740278170647853e-16
7.56564928073927e-16
7.855283829113382e-16
7.306154117985634e-16
7.431419130614135e-16
6.989260285819674e-16
6.623585283637323e-16
6.45697018993571e-16
6.137401606846328e-16
5.597153577511004e-16
5.710479597568427e-16
5.258404889062301e-16
4.935780941261858e-16
4.523924234398641e-16
4.166986896412173e-16
3.673387278663965e-16
4.038180949476288e-16
3.524291011217909e-16
3.419723149550446e-16
3.157861384201948e-16
3.174820783423845e-16
3.021287283155807e-16
3.098522897175457e-16
3.038994776793159e-16
3.057861114069295e-16
3.025942191070042e-16
3.042251728647891e-16
2.994480353121718e-16
2.981230021970998e-16
3.451279532789534e-16
3.018663959556123e-16
2.811329853820125e-16
3.407572586629009e-16
2.949049343328125e-16
2.871682345167314e-16
3.505873584107604e-16
2.989060977184528e-16
2.859227969753215e-16
2.643171309107896e-16
3.473798582155346e-16
3.01802511765471e-16
2.744661230785858e-16
2.51116175583122e-16
2.497382914863762e-16
2.427332552086087e-16
2.458514825329288e-16
2.247605028144601e-16
2.381335375591462e-16
2.340018530783232e-16
2.962963302738089e-16
2.511664500359904e-16
2.462780815322158e-16
3.283575538837454e-16
2.845819413919306e-16
2.567576573761835e-16
2.441144212903239e-16
2.282680561773714e-16
2.140830161146105e-16
2.181465891066733e-16
2.552676369942027e-16
2.246148661055878e-16
2.029212039148608e-16
2.001003454496864e-16
2.040512859774878e-16
2.821380704166725e-16
2.29209795685791e-16
1.985567308827124e-16
1.774691705928915e-16
1.5976642384619e-16
1.389470561986401e-16
1.226070841466834e-16
1.239729256424741e-16
1.243117965061822e-16
1.105722018229138e-16
1.176038505227656e-16
1.134905168942269e-16
1.182611212557611e-16
1.139012956793275e-16
1.211715548633315e-16
1.178872459953924e-16
1.223043665492325e-16
1.250111834279133e-16
1.25523921718029e-16
1.234072770084364e-16
1.284420087825862e-16
1.23884572577469e-16
1.246697326347797e-16
1.276441332794595e-16
1.256159604381058e-16
1.233109782584899e-16
1.285167066727314e-16
1.239223144167628e-16
1.24673194500792e-16
1.276130099591221e-16
1.255247193660089e-16
1.233284544512377e-16
1.28428597536484e-16
1.465560227757279e-16
2.116387033751245e-16
1.506636928554194e-16
1.307788090566504e-16
1.170959034003944e-16
1.228105742980305e-16
1.119061994412013e-16
1.941352214824593e-16
1.340473697320529e-16
1.129997736805807e-16
9.5498499977961e-17
