0.05
66.2168703568464
11.80170295476523
-nan
-nan
-nan
-nan
-nan
-nan
-nan
-nan
-nan
0.4096384573675234
0.4442289347401359
0.41393117071054
0.3652712183239225
0.3141000516651963
0.2663909237721903
0.2241663734224595
0.1877693643809652
0.1568455502772088
0.1307877256423614
0.1089364808013089
0.09066648870525419
0.07541896539716791
0.06270935434401358
0.05212422188773699
0.04331401377020801
0.03598474221179927
0.02988994180601935
0.02482341130131841
0.02061288141340995
0.01711458568007632
0.01420864880849944
0.01179518996197466
0.009791040733292842
0.008126986999276602
0.0067454551016008
0.005598573707650958
0.004646552550710679
0.003856327891277867
0.003200432045628479
0.002656050811502803
0.002204238203147032
0.001829262696911246
0.001518063281151719
0.001259797087911233
0.001045463338228896
0.0008675908298568406
0.0007199783000367935
0.0005974787640391598
0.0004958204125758991
0.0004114578917621732
0.0003414488258013502
0.0002833513074135971
0.0002351388019117481
0.0001951295111620199
0.0001619277432869806
0.0001343752495395284
0.0001115108352806282
9.253683915694772e-05
7.679131315367884e-05
6.372493440860601e-05
5.288184427450371e-05
4.388374681152838e-05
3.64167123879255e-05
3.02202263020762e-05
2.507810055074682e-05
2.08109318166248e-05
1.726984263619222e-05
1.433128745309324e-05
1.189274238456195e-05
9.869128360011169e-06
8.189842850756549e-06
6.796296648592182e-06
5.639869761596506e-06
4.680215116450095e-06
3.883850888873485e-06
3.222992352189634e-06
2.674582492061773e-06
2.219487563923575e-06
1.841829528297095e-06
1.52843207837394e-06
1.268360926569526e-06
1.052542311724288e-06
8.734464227642368e-07
7.248246867366076e-07
6.014917589916791e-07
4.991446100364155e-07
4.142123937081241e-07
3.437318635803273e-07
2.852439849981011e-07
2.367081423451147e-07
1.96430941989345e-07
1.630071299174112e-07
1.352705645266203e-07
1.122535292926298e-07
9.3152969778207e-08
7.730247608834282e-08
6.414903176893597e-08
5.323371881293138e-08
4.417570694085666e-08
3.6658965771263e-08
3.042123979873815e-08
2.524489738769231e-08
2.09493384970763e-08
1.738469247167763e-08
1.442659077926677e-08
1.197182648074309e-08
9.934753997654786e-09
8.244300676032327e-09
6.841487458097947e-09
5.67737042920926e-09
4.711334457083966e-09
3.90967475110556e-09
3.244421741310374e-09
2.692365579462259e-09
2.234244541878351e-09
1.854075430306446e-09
1.538594435744494e-09
1.276794208225298e-09
1.059540751523855e-09
8.792540186398567e-10
7.296439887121586e-10
6.054911087722992e-10
5.024634166657754e-10
4.1696637872955e-10
3.460172408242218e-10
2.871404086786495e-10
2.382820285547886e-10
1.977370344907813e-10
1.640910257723945e-10
1.361702278702214e-10
1.129998031482396e-10
9.377237985020525e-11
7.78168553530773e-11
6.457587577410811e-11
5.358783974969767e-11
4.446943273023664e-11
3.690290449759856e-11
3.062366595224647e-11
2.541288047006982e-11
2.108866622432333e-11
1.750037613862392e-11
1.452269000442591e-11
1.205158785099395e-11
1.000103676663648e-11
8.299525442648488e-12
6.887082679615168e-12
5.715232914294869e-12
4.74274203137792e-12
3.935952652111968e-12
3.266158863640669e-12
2.710617886903101e-12
2.249382160739776e-12
1.866616730306583e-12
1.548984507704001e-12
1.285384083379984e-12
1.066843856096613e-12
8.854332809499188e-13
7.346292152890168e-13
6.097387239677313e-13
5.060402941613679e-13
4.199631420432471e-13
3.485193447299533e-13
2.893334831667152e-13
2.400306873257712e-13
1.992108842631684e-13
1.653470301775949e-13
1.370082683381644e-13
1.13737233688152e-13
9.445676692788016e-14
7.839936535147619e-14
6.50600116356927e-14
5.437836710038358e-14
4.493461034558178e-14
3.755328956166601e-14
3.132251487335315e-14
2.587991485968681e-14
2.139673410939424e-14
1.780518941963233e-14
1.484345859932934e-14
1.222306126431516e-14
1.018612332372714e-14
8.497004877374953e-15
7.077982410976935e-15
5.984391945012437e-15
4.936318087176133e-15
4.051572450303013e-15
3.349340508861532e-15
2.783661933405704e-15
2.313100803132206e-15
1.956965151063179e-15
1.720398392710532e-15
1.405557599833644e-15
1.312119990224831e-15
1.051536556198415e-15
9.996580205881882e-16
8.261765666304896e-16
6.249327258862033e-16
5.28817920586801e-16
6.836813481268302e-16
4.642981108413408e-16
6.760311932292303e-16
3.050111618806006e-16
2.830635702566355e-16
3.327717550870356e-16
3.084356367148764e-16
2.816958004542406e-16
6.812719782646403e-16
5.388649688366753e-16
2.056606919222902e-16
4.362919730459282e-16
2.999749156080036e-16
4.065595100413317e-16
7.806122872468816e-16
1.61667500768222e-16
4.554237666533896e-16
4.569074352869433e-16
4.589747820157685e-16
4.87721112072572e-16
1.887061179559528e-16
4.907332235694258e-16
2.535420652028386e-16
4.603216166280319e-16
2.226701982130521e-16
4.44005047256403e-16
7.318011414905801e-16
1.735378024455e-16
5.366953172946937e-16
2.505213355314631e-16
3.399257876276729e-16
4.117005472034522e-16
3.398323788913263e-16
1.293406235418985e-16
2.253431529215112e-16
5.127728119406493e-16
8.785912120785724e-16
1.150148051460814e-16
8.00134210307889e-16
1.379041065788255e-16
2.076383123562034e-16
4.892697673525561e-16
6.744375524493855e-16
1.636858125765251e-16
5.285380497118171e-16
2.582637155919541e-16
1.538755328070239e-15
8.689322570693211e-16
3.696725919916181e-16
1.285763207094299e-16
4.164478053398564e-16
2.479777095289693e-16
1.000866488153071e-16
8.563776693158536e-16
2.076619865198535e-16
5.645380822644893e-16
6.354238018669683e-16
8.089533501922054e-16
6.764850475270697e-16
6.882520927104868e-16
1.675790867551799e-16
4.530224768616062e-16
1.059637014565861e-15
9.008564959902857e-16
3.868921145496333e-16
7.748889710356343e-16
1.625976258296425e-16
1.386910330764095e-16
7.346987638816049e-16
3.263826863092203e-16
2.010792730961149e-16
2.395218589539356e-16
3.366765612630881e-16
5.395941239236293e-16
4.181148237320525e-16
5.375512667517827e-16
3.64471233842341e-16
7.590476181853916e-16
1.839192065302777e-16
1.612817679145798e-16
2.266426985092105e-16
2.07276064874872e-16
1.585352304892102e-16
6.544389851654436e-16
5.226249970239759e-16
3.737638723907801e-16
7.203345062828922e-16
3.453939253305306e-16
2.431417831423612e-16
2.74542866611405e-16
6.150147421732074e-16
4.315384767178219e-16
2.968766602544473e-16
1.534058123564489e-16
4.647335173555406e-16
4.042255131330647e-16
1.344363896772944e-16
9.431540135485926e-16
2.223225448539996e-16
5.959341379589772e-16
3.245992417957035e-16
1.018645298929243e-15
1.652639688210558e-16
6.4793963873979e-16
6.918930668031748e-16
3.050980109902792e-16
2.640446625654716e-16
2.605844580619594e-16
2.631687289274677e-16
5.876330202499848e-16
1.439149804424086e-16
4.533025547367623e-16
2.267743036917924e-16
1.84935084736067e-16
1.938002951452236e-16
2.469873939843752e-16
1.631871998562857e-16
3.756879918904908e-16
2.887627588502718e-16
3.527495444130054e-16
5.05924451141617e-16
2.228388311395504e-16
9.373729477233789e-16
6.95555493016287e-16
5.932073913367176e-16
2.706695434456509e-16
3.496604562165302e-16
2.527672487432333e-16
7.621901987035707e-16
2.887491193928683e-16
2.607586647510377e-16
2.363606997118049e-16
5.187838284395994e-16
3.618493857052593e-16
1.684858311470761e-16
2.054132077087793e-16
1.228409743547703e-16
5.241186537594099e-16
3.852471105701374e-16
6.128337016399563e-16
4.640482011664351e-16
3.683351648724696e-16
2.72652801211209e-16
1.767498836583166e-16
3.703995932460128e-16
3.772989726342979e-16
4.886669101611346e-16
1.84579127424455e-16
2.921219172046911e-16
2.444808285107999e-16
3.443615526832071e-16
3.749337023977825e-16
2.998356532165227e-16
1.943437172790048e-16
1.614115460556678e-16
8.938689219590808e-17
