0.05
-nan
-nan
3024888.331172293
2303389.562481631
1251216.483530496
626675.692813876
302163.3663732203
142222.86827591
65683.62024683777
29796.82215036883
13250.27109380385
5740.472246920611
2388.079244292978
918.2932269220527
279.3449983670744
-nan
-nan
-nan
-nan
13.18212050745196
15.74877770486831
13.58724397420338
10.73885500896459
8.174893640116377
6.115832901129258
4.546207968876152
3.383131122178387
2.535663248102863
1.924304740205111
1.485428372854862
1.170335020178328
0.942776592833792
0.7763770341026917
0.6523702322838693
0.5577041214288553
0.483483165210661
0.4237312299208869
0.3744568583621715
0.3329840876900174
0.2974954239568757
0.2667305793931203
0.2397923983777197
0.2160232852176512
0.1949266828801895
0.1761168814763568
0.1592865341634252
0.144185260741445
0.1306052497264257
0.1183713355241205
0.1073339858863684
0.09736421981262783
0.0883498340066657
0.08019253660813719
0.07280572437468016
0.06611272633487811
0.06004539270252131
0.05454294430848586
0.0495510221095188
0.04502089284824397
0.0409087783789859
0.03717528424637712
0.03378490889895141
0.03070561914736004
0.02790848060580519
0.02536733420206182
0.02305851162288509
0.02096058392883827
0.01905413863273087
0.0173215813657622
0.01574695891109633
0.0143158009070929
0.01301497794237181
0.01183257410524988
0.01075777232820173
0.009780751097059998
0.008892591284828139
0.00808519202904261
0.00735119470564726
0.006683914166080675
0.006077276501438959
0.005525762681103261
0.005024357485458188
0.004568503215121178
0.004154057713987956
0.00377725629156527
0.00343467717252333
0.003123210138961228
0.002840028064218594
0.002582561066746988
0.002348473039043
0.00213564033034224
0.001942132383015733
0.001766194141682187
0.001606230071205708
0.001460789635195883
0.001328554100556389
0.001208324546200716
0.001099010965409435
0.0009996223615721834
0.0009092577463463756
0.0008270979576733094
0.0007523982227085341
0.0006844813976247722
0.0006227318225003797
0.0005665897351799874
0.0005155461931383843
0.0004691384570480345
0.0004269457939867893
0.000388585662068271
0.0003537102417692569
0.0003220032823984065
0.0002931772350299552
0.000266970645842061
0.0002431457861732924
0.0002214864977717239
0.0002017962336695078
0.0001838962768999735
0.0001676241208931369
0.0001528319968570125
0.0001393855347916432
0.0001271625459985805
0.0001160519160550201
0.0001059525982280073
9.677269821943405e-05
8.842864196484196e-05
8.084441896646264e-05
7.395089433000635e-05
6.768518330170125e-05
6.19900826722696e-05
5.681355393290966e-05
5.21082535389599e-05
4.783110606491116e-05
4.394291642074855e-05
4.040801764970267e-05
3.719395114334698e-05
3.42711763917391e-05
3.161280764127957e-05
2.919437505824354e-05
2.699360819627726e-05
2.499023974540361e-05
2.316582769794442e-05
2.150359420865411e-05
1.998827955416792e-05
1.860600971485637e-05
1.734417621182075e-05
1.619132693780375e-05
1.513706682411481e-05
1.41719672881144e-05
1.328748350798752e-05
1.24758786736504e-05
1.173015446288859e-05
1.104398708901135e-05
1.041166835864266e-05
9.828051263053425e-06
9.288499702312611e-06
8.788842007932495e-06
8.325327984270505e-06
7.894589232311966e-06
7.493602554894089e-06
7.119656265018629e-06
6.770319236388603e-06
6.443412546354757e-06
6.136983566518411e-06
5.84928235929127e-06
5.578740240813438e-06
5.323950370241034e-06
5.083650225823039e-06
4.856705831193549e-06
4.642097595334405e-06
4.43890763509701e-06
4.246308452067026e-06
4.063552842223337e-06
3.889964921860391e-06
3.724932161472837e-06
3.567898325589238e-06
3.41835722406776e-06
3.275847188372722e-06
3.139946193777037e-06
3.010267554626092e-06
2.886456128076852e-06
2.768184967187923e-06
2.655152370838649e-06
2.547079283078142e-06
2.443707000481009e-06
2.34479514974308e-06
2.250119902848482e-06
2.159472400468151e-06
2.072657358614976e-06
1.989491834861572e-06
1.909804135149099e-06
1.833432843510029e-06
1.760225959701421e-06
1.69004013082482e-06
1.622739966180873e-06
1.558197424177727e-06
1.496291263461258e-06
1.436906549538574e-06
1.379934210864464e-06
1.325270638117606e-06
1.272817321573402e-06
1.22248052226979e-06
1.174170972674466e-06
1.127803603940765e-06
1.083297296420629e-06
1.04057465084409e-06
9.995617781290003e-07
9.601881055534091e-07
9.223861977390408e-07
8.860915906725855e-07
8.512426382058777e-07
8.177803682956998e-07
7.85648349809664e-07
7.547925676299453e-07
7.251613058312245e-07
6.967050380284606e-07
6.693763244862258e-07
6.431297152627547e-07
6.179216587888576e-07
5.937104156962178e-07
5.70455977158585e-07
5.481199880631504e-07
5.266656736666815e-07
5.060577705428024e-07
4.862624607095205e-07
4.672473089368571e-07
4.489812035428123e-07
4.314342996698349e-07
4.14577965549321e-07
3.983847308939428e-07
3.828282383265423e-07
3.678831962597434e-07
3.535253345780209e-07
3.397313619726255e-07
3.264789253476111e-07
3.137465708164883e-07
3.015137066160636e-07
2.897605676016195e-07
2.784681812337916e-07
2.676183350754452e-07
2.571935456290786e-07
2.471770285474885e-07
2.375526701958095e-07
2.283050002059039e-07
2.194191653641884e-07
2.108809045958856e-07
2.026765248855994e-07
1.94792878423361e-07
1.87217340238713e-07
1.799377874194469e-07
1.729425786286413e-07
1.662205347934888e-07
1.597609205144442e-07
1.535534260880952e-07
1.475881505036546e-07
1.418555850008057e-07
1.363465972502349e-07
1.310524165030282e-07
1.259646187605969e-07
1.210751131944117e-07
1.163761286561576e-07
1.11860200932425e-07
1.075201606297964e-07
1.033491210859011e-07
9.934046736603625e-08
9.548784536220994e-08
9.178515141817932e-08
8.822652221757175e-08
8.480632541953081e-08
8.151915039146197e-08
7.835979938517642e-08
7.532327907731417e-08
7.240479248601962e-08
6.959973110589825e-08
6.690366756774457e-08
6.431234835957065e-08
6.18216870092154e-08
5.942775728060173e-08
5.712678714157644e-08
5.491515237754558e-08
5.278937095936688e-08
5.074609727344489e-08
4.878211682241003e-08
4.689434100453473e-08
4.507980212564833e-08
4.333564878975898e-08
4.165914106896147e-08
4.004764622654105e-08
3.849863457907011e-08
3.700967526361076e-08
3.557843251262506e-08
3.420266180112676e-08
3.28802062948393e-08
3.160899343379385e-08
3.038703150390296e-08
2.921240659823166e-08
2.80832795329175e-08
2.699788286955703e-08
2.595451805461494e-08
2.49515528755811e-08
2.398741868861167e-08
2.306060798989771e-08
2.216967212105859e-08
2.131321875453149e-08
2.048990986564186e-08
1.969845949874886e-08
1.893763184960149e-08
1.820623912908387e-08
1.750313982344986e-08
1.682723692980642e-08
1.617747586945557e-08
1.555284335200832e-08
1.495236536620537e-08
1.43751058359543e-08
1.382016505318757e-08
1.328667822637724e-08
1.277381423272007e-08
1.228077422289619e-08
1.180679047482908e-08
1.135112494407162e-08
1.091306827703491e-08
1.049193868626829e-08
1.008708095461834e-08
9.697865142563487e-09
9.323685801011098e-09
8.963961036720888e-09
8.6181315118407e-09
8.285659572033228e-09
7.966028389685783e-09
7.658741216476675e-09
7.363320552416266e-09
7.079307494521558e-09
6.806260765101569e-09
6.54375627272692e-09
6.291386444906089e-09
6.048759357989921e-09
5.815498424341221e-09
5.591241544851517e-09
5.375640639861749e-09
5.168361143681413e-09
4.969081474070795e-09
4.77749243099421e-09
4.593296861005978e-09
4.416209035295373e-09
4.245954416925225e-09
4.082268973251504e-09
3.924898879850097e-09
3.773600292747083e-09
3.628138593543584e-09
3.48828841532691e-09
3.353832994014461e-09
3.224564010315583e-09
3.100281183039111e-09
2.980791978902522e-09
2.86591135611726e-09
2.755461279696527e-09
2.649270818542501e-09
2.547175483989555e-09
2.449017196558771e-09
2.35464400411119e-09
2.263909776300432e-09
2.176674123538497e-09
2.092801989431691e-09
2.012163545856686e-09
1.934634093071652e-09
1.860093562552743e-09
1.788426660338306e-09
1.719522548140251e-09
1.65327461828451e-09
1.589580385761951e-09
1.528341372774799e-09
1.46946282130286e-09
1.412853664937447e-09
1.358426404035428e-09
1.306096860523805e-09
1.255784147198994e-09
1.207410481477916e-09
1.160901018074965e-09
1.116183977772636e-09
1.073190171927459e-09
1.031853129629963e-09
9.921090007276649e-10
9.538963807612276e-10
9.171561848471751e-10
8.818316269822893e-10
8.478681130265103e-10
8.152132297123632e-10
7.838165265178754e-10
7.536294526023223e-10
7.246054336304391e-10
6.966996297996177e-10
6.698688863691593e-10
6.440717911308101e-10
6.192685177681197e-10
5.95420731480809e-10
5.724916307568486e-10
5.504457955978336e-10
5.292491819644444e-10
5.08869030755332e-10
4.892739674797574e-10
4.704337141326329e-10
4.523191218315334e-10
4.349022478845074e-10
4.181562229670216e-10
4.020551922876245e-10
3.865743116341799e-10
3.716896647524336e-10
3.573782766256465e-10
3.436180585687991e-10
3.303878323659033e-10
3.176671473766581e-10
3.054363169137635e-10
2.936765551696327e-10
2.823696152924039e-10
2.714981595585366e-10
2.61045340600586e-10
2.509950676972439e-10
2.413318048853883e-10
2.320406328709162e-10
2.231072719214246e-10
2.145179056500881e-10
2.062592791836689e-10
1.983186501071666e-10
1.906838122400198e-10
1.833429473419694e-10
1.76284761402357e-10
1.694983555040381e-10
1.629732126350518e-10
1.566993203600451e-10
1.506669863595024e-10
1.448668767974847e-10
1.392901852519891e-10
1.33928152948145e-10
1.287725492134266e-10
1.238154846057135e-10
1.190492482253886e-10
1.144665440716822e-10
1.100602115254267e-10
1.058235439107825e-10
1.0175003771494e-10
9.783334755576528e-11
9.406737086235976e-11
9.044641830518004e-11
8.696490815792027e-11
8.361741253487266e-11
8.039881107710112e-11
7.73041418856789e-11
7.432853169164932e-11
7.146750729094934e-11
6.871659539000253e-11
6.607159597657675e-11
6.3528423033737e-11
6.108318579375952e-11
5.873203886651168e-11
5.647142916219031e-11
5.429782735956343e-11
5.220785526865785e-11
5.019836675659149e-11
4.826625374429272e-11
4.640851489358022e-11
4.462230080033755e-11
4.290481292494321e-11
4.125339924973853e-11
3.966563086294496e-11
3.813895658174789e-11
3.667101103919878e-11
3.525957839891366e-11
3.390248060531159e-11
3.25975987823612e-11
3.134292409022558e-11
3.013660524079955e-11
2.897668909220642e-11
2.78614545296147e-11
2.678912551159036e-11
2.575807672368136e-11
2.476674317607373e-11
2.381356438405858e-11
2.289700557978563e-11
2.201576384868468e-11
2.116844986550556e-11
2.03537751330188e-11
1.957042320824988e-11
1.88172273234379e-11
1.809299409965599e-11
1.739668736658695e-11
1.672713839653729e-11
1.608337831279447e-11
1.546437709597882e-11
1.486922059345338e-11
1.429698734358512e-11
1.374671989257538e-11
1.321767948220548e-11
1.270898842144428e-11
1.221986172133146e-11
1.174957246930015e-11
1.129737258790792e-11
1.086262012371455e-11
1.04445649898116e-11
1.004261841541827e-11
9.656152408212415e-12
9.284523109205681e-12
8.927186733466605e-12
8.58364002365361e-12
8.253298791521898e-12
7.93570289004698e-12
7.63031309842827e-12
7.336699411814272e-12
7.054327630551867e-12
6.782861162514429e-12
6.52184378001866e-12
6.270848268309025e-12
6.02951335149876e-12
5.797464534229662e-12
5.57436627565259e-12
5.359839380945229e-12
5.153539693263141e-12
4.955236816243149e-12
4.764545442605354e-12
4.581213033363728e-12
4.404907106766164e-12
4.235409326672201e-12
4.07237330987724e-12
3.91565198988363e-12
3.764968317972068e-12
3.62014055877839e-12
3.480903268352191e-12
3.346955211341647e-12
3.218148350828664e-12
3.094357832555664e-12
2.975296621895635e-12
2.860781795974101e-12
2.75070597053348e-12
2.64481575784235e-12
2.543028451640299e-12
2.445174283060286e-12
2.351089394675259e-12
2.260641755579458e-12
2.173643576427906e-12
2.090027864557025e-12
2.009572051298951e-12
1.932281486708982e-12
1.857949576849461e-12
1.786495341036926e-12
1.717759631463249e-12
1.651684821642566e-12
1.588132018483222e-12
1.527040194141484e-12
1.468266889339159e-12
1.411791592286678e-12
1.357416637720567e-12
1.30520988649489e-12
1.255013624673406e-12
1.206753799631553e-12
1.160291656964867e-12
1.115676492172114e-12
1.072758676253629e-12
1.03144417962132e-12
9.917426387773283e-13
9.535832690779884e-13
9.168540541984523e-13
8.8154445606512e-13
8.476146776437949e-13
8.150245524114097e-13
7.836640704395896e-13
7.535077677980401e-13
7.245154409783184e-13
6.966723448396941e-13
6.698289288529604e-13
6.441068821024453e-13
6.193051493091955e-13
5.954538258940251e-13
5.725321682627266e-13
5.505291164218097e-13
5.293694518748189e-13
5.089929341677317e-13
4.894083464146345e-13
4.705801339845559e-13
4.525120287488084e-13
4.350759702147127e-13
4.183416295415002e-13
4.022596698989893e-13
3.86764977118154e-13
3.719314214658084e-13
3.576061367060421e-13
3.438582605314215e-13
3.305994812541256e-13
3.178906891820549e-13
3.05660959267383e-13
2.939498236830504e-13
2.826393597628784e-13
2.717890813667108e-13
2.613089902329148e-13
2.512891747685281e-13
2.416286986608544e-13
2.323476787950803e-13
2.234248097557775e-13
2.148440866424553e-13
2.066212029414275e-13
1.987190309425937e-13
1.910259306260104e-13
1.836557731449893e-13
1.766179575952256e-13
1.698222637148397e-13
1.633174344270111e-13
1.57022777463639e-13
1.509723424999247e-13
1.451291140908689e-13
1.395480258436194e-13
1.341964570389426e-13
1.29088395652864e-13
1.241300684907579e-13
1.194178807160011e-13
1.148300952403772e-13
1.10383690807938e-13
1.061116049970876e-13
1.020428591184575e-13
9.811144293776627e-14
9.435360789467297e-14
9.075046751073982e-14
8.729629650152182e-14
8.393112218866471e-14
8.069983189289874e-14
7.761561043097071e-14
7.466966483658108e-14
7.181653596939603e-14
6.906084097735912e-14
6.639828555654584e-14
6.38730112085912e-14
6.139265990577949e-14
5.904549360231187e-14
5.677533020085761e-14
5.463202736385172e-14
5.252316794957295e-14
5.054101214152262e-14
4.861407317156154e-14
4.676006823947076e-14
4.496819930229522e-14
4.324038332332644e-14
4.155344492494204e-14
3.993279498196647e-14
3.841588775543498e-14
3.691741191416856e-14
3.551337670854203e-14
3.415130945424347e-14
3.287115636088519e-14
3.165655918038237e-14
3.045791109293567e-14
2.928529705199552e-14
2.819704096921951e-14
2.71352884028026e-14
2.614024524482078e-14
2.512483686919247e-14
2.413876997495751e-14
2.317140538232935e-14
2.232309638322511e-14
2.144823129786671e-14
2.06625528884002e-14
1.989092821363207e-14
1.91055672169015e-14
1.836321646097225e-14
1.766824037327831e-14
1.703126603861772e-14
1.639680807054021e-14
1.577536886202744e-14
1.521475935375768e-14
1.463978994221906e-14
1.407308430767184e-14
1.357720004051094e-14
1.307954295540797e-14
1.263355297322052e-14
1.21773452874106e-14
1.172119245235933e-14
1.129851510856506e-14
1.086176528589041e-14
1.042616054896722e-14
9.998056079412164e-15
9.654247219210774e-15
9.328486151689129e-15
8.997035902276389e-15
8.665317634538048e-15
8.368280762478626e-15
8.077970570960018e-15
7.846450408389644e-15
7.565692737762688e-15
7.305783276317822e-15
7.049394604193137e-15
6.798913257099663e-15
6.598079344601054e-15
6.373460433250196e-15
6.184706530084468e-15
6.012133566265963e-15
5.832975463307137e-15
5.628894594115123e-15
5.458359180255378e-15
5.299112461028166e-15
5.112215830766436e-15
4.996660460743631e-15
4.838748562363744e-15
4.676861170862024e-15
4.519336250446876e-15
4.368961774052037e-15
4.242510703160135e-15
4.145889321522872e-15
4.01850038717949e-15
3.893714285942217e-15
3.786062207403182e-15
3.678669772346458e-15
3.557532416965089e-15
3.470443177375301e-15
3.389179719900274e-15
3.275065124355744e-15
3.206736921178304e-15
3.116514725325698e-15
3.034105906938822e-15
2.950861101547178e-15
2.856125951767628e-15
2.800885970567008e-15
2.755197013134912e-15
2.708588179419484e-15
2.648096779889197e-15
2.583093062600726e-15
2.517081378912681e-15
2.484263876493835e-15
2.410256032327907e-15
2.359037581698884e-15
2.309699163843003e-15
2.279225933148536e-15
2.231404827990322e-15
2.2065168164883e-15
2.136381068643606e-15
2.089987118254057e-15
2.043680387037741e-15
2.041105690527735e-15
1.999643683774118e-15
1.962420827914756e-15
1.943564991116973e-15
1.920014504385163e-15
1.872969555913195e-15
1.809850466930305e-15
1.781702769422997e-15
1.752074252261314e-15
1.714783775435093e-15
1.657142844165872e-15
1.603026869548301e-15
1.530737961037875e-15
1.50312166068884e-15
1.453645997805933e-15
1.431553058481334e-15
1.383149811073251e-15
1.314502938972071e-15
1.264543595637456e-15
1.221229168985262e-15
1.184614943783215e-15
1.158776154562541e-15
1.118701111145588e-15
1.080420645491862e-15
1.06420303416511e-15
1.031681513964335e-15
1.025986940484536e-15
1.00931664816127e-15
9.862584850282959e-16
9.893299814412337e-16
9.671765595697498e-16
9.871689158251495e-16
9.679817501908737e-16
9.852489445559898e-16
9.674487648344463e-16
9.139357509781853e-16
9.414359582040585e-16
9.305715441959793e-16
8.78799829712883e-16
8.63228612563542e-16
8.52040522972922e-16
8.422485977451204e-16
8.458281906935506e-16
8.505526447665963e-16
8.603613571797353e-16
8.668562856954661e-16
8.619075910724808e-16
8.148203794341973e-16
8.248786525321379e-16
8.10180176436925e-16
7.829770524763917e-16
7.684291862116322e-16
7.625762143515385e-16
7.556735490610468e-16
7.413935227298185e-16
7.308727624348174e-16
7.010693329490539e-16
6.928674818170466e-16
6.974083140460879e-16
6.622561240219784e-16
6.397177895257155e-16
6.272858614543927e-16
6.267883041873929e-16
5.809225835046525e-16
6.030890963929813e-16
5.653494904675959e-16
5.685649670122683e-16
5.825118819205143e-16
5.600261765108695e-16
5.733928259708482e-16
5.646235711238961e-16
5.50448183219559e-16
5.649685000969054e-16
5.703044040047734e-16
5.681564129217095e-16
5.669450712507279e-16
5.464818151557714e-16
5.449934306589593e-16
4.987763423357066e-16
5.090004030249753e-16
5.091901001702145e-16
4.922301384560873e-16
4.668588802019454e-16
4.546073993588832e-16
4.660087425649038e-16
4.418090161557437e-16
4.584132798223145e-16
4.544030936401348e-16
4.101960325476095e-16
4.442647578218041e-16
4.286737733327142e-16
4.376597268545263e-16
4.595870981598098e-16
3.939503825702748e-16
3.905984553271829e-16
3.987253669858379e-16
3.935966570079222e-16
3.858895647239602e-16
3.940039104573604e-16
3.840674079077181e-16
3.892256807746258e-16
3.690488443804471e-16
3.993727532044785e-16
3.528053122132068e-16
3.753682673355994e-16
3.808551176937538e-16
3.725990974322663e-16
3.748466980383399e-16
3.747549354413369e-16
3.6705217418194e-16
3.67990875062606e-16
3.788823987204909e-16
3.906161823601159e-16
3.774775856401866e-16
3.874951091136931e-16
3.85008056162206e-16
3.701578521125177e-16
3.707704579143163e-16
3.530061768284708e-16
3.617654473126179e-16
3.459275547789718e-16
3.402862109921413e-16
3.553852397612348e-16
3.623777447468333e-16
3.834958568429818e-16
3.489086673435021e-16
3.474268783515961e-16
3.617110023177975e-16
3.492291741158606e-16
3.942891864614455e-16
3.444573468967534e-16
3.206898593137072e-16
3.190463124491139e-16
3.109458379610531e-16
2.748340625761626e-16
3.85199627452548e-16
2.467819579456297e-16
2.809877724952108e-16
2.446524037171369e-16
2.494886597612073e-16
2.806636435564724e-16
2.05348431178145e-16
2.11005228144584e-16
3.342551005999183e-16
2.191074472224191e-16
2.51177129488913e-16
2.224161611915865e-16
2.388120728572819e-16
2.319496524018361e-16
2.293947686460789e-16
2.237746469897808e-16
2.120751421573507e-16
2.547182902840042e-16
2.156422717458086e-16
2.287553110122933e-16
2.008846421330349e-16
2.370201933180922e-16
2.089460702845196e-16
2.384505457508111e-16
2.23735630278132e-16
2.174684460015733e-16
2.582714289065965e-16
2.379263585443626e-16
2.784878590235893e-16
1.728641784893622e-16
1.892133582499303e-16
2.624321744634752e-16
1.826275675342138e-16
3.328745755071466e-16
1.840884066202821e-16
2.280166488680425e-16
1.637852871770015e-16
2.193619643576457e-16
1.740441207379996e-16
2.152796874640543e-16
1.753970510492179e-16
1.917842205503657e-16
1.753327439544092e-16
2.016803154182741e-16
1.688583007697967e-16
1.950865139324129e-16
1.82081370636049e-16
1.94235149905965e-16
1.990878220585845e-16
2.366022353705634e-16
2.771127060302252e-16
1.905626265662444e-16
3.453096845050505e-16
1.859006135606076e-16
3.830538015924307e-16
1.940354679956578e-16
3.561016185936721e-16
1.809566350082994e-16
3.139664636663467e-16
1.884543797199144e-16
2.904076863813848e-16
1.909737284866735e-16
2.845995382901842e-16
1.719130193293999e-16
3.40301176626134e-16
1.769608646267293e-16
2.227807435575489e-16
1.351610233142626e-16
2.051828923339819e-16
1.496435549229648e-16
2.073983372123049e-16
1.997162474293906e-16
2.684192860143918e-16
1.674318539533993e-16
2.118009538303906e-16
2.614729806741678e-16
1.453725466930791e-16
1.523202730051687e-16
1.746575385518394e-16
2.303411875704226e-16
2.54123963283016e-16
1.491011647266018e-16
2.148139846952598e-16
1.507708886021496e-16
2.075866522624665e-16
1.937153483232696e-16
2.879825243973705e-16
1.649546964620038e-16
3.340035473622243e-16
1.930666354527655e-16
2.894988613401306e-16
1.709425053427028e-16
3.374449751447867e-16
1.799847470993353e-16
2.1736120736219e-16
1.574533193252042e-16
1.978291739911217e-16
1.517056961909271e-16
1.818665281960576e-16
1.598634296269548e-16
3.248222499794181e-16
1.748632293202801e-16
2.105315609359076e-16
1.637174688043052e-16
1.779277796214189e-16
2.326098815342165e-16
2.805184668178734e-16
1.744952946364579e-16
4.029038158609692e-16
1.768968494032114e-16
3.678781504749003e-16
1.842722176592037e-16
1.924969666937105e-16
2.10504685201385e-16
1.662960771011283e-16
3.355484126467103e-16
1.568605501430116e-16
1.937900036603585e-16
1.362442149933742e-16
2.060780713116781e-16
2.654619136093558e-16
1.700673271872096e-16
3.223308754371137e-16
1.692188532919466e-16
2.150640466846208e-16
1.618963566500377e-16
2.290467140237884e-16
1.906303533606896e-16
3.019545299430618e-16
1.6744712655753e-16
2.029302192615803e-16
2.749932420205725e-16
1.620429198647988e-16
2.326543125738677e-16
1.479651587815858e-16
2.12630196245459e-16
1.466522691735952e-16
1.981266744743344e-16
2.797350742786405e-16
1.531893506758023e-16
2.075487228493368e-16
1.467585556432188e-16
2.054170896250094e-16
1.257484432889301e-16
1.843937182324484e-16
2.281872183741521e-16
1.363273365732265e-16
1.83211592507996e-16
2.368816928886857e-16
1.416271771701319e-16
2.06598538498563e-16
1.205050631312249e-16
2.141637705441647e-16
2.706766462085277e-16
1.755718227440794e-16
3.151983634398607e-16
1.999092842955265e-16
1.752322575606117e-16
2.17608518971062e-16
1.615980987427755e-16
2.085520202506248e-16
1.734108714485265e-16
2.067309758621752e-16
1.834336683110046e-16
3.521937836997509e-16
1.806926994277034e-16
3.061109602438673e-16
1.731617132765444e-16
3.400831999715157e-16
1.83226629668251e-16
3.681260551381356e-16
1.887498741803954e-16
2.280392776582043e-16
1.940452182147653e-16
2.446133678192407e-16
1.862656499801585e-16
2.336329592404817e-16
2.005336251359716e-16
3.624790311837758e-16
1.768219768990012e-16
2.273147275434545e-16
1.548928240122833e-16
2.123911464612598e-16
2.967622494894714e-16
1.719727879185018e-16
1.90780769677148e-16
2.324982986695509e-16
1.288172480991355e-16
1.831228795176755e-16
1.425289369537982e-16
1.963170238769781e-16
2.660326701223534e-16
1.496393800047171e-16
2.158617163596718e-16
2.836627074132864e-16
1.670955691298144e-16
3.536132347671568e-16
1.622890822030022e-16
3.169833322545411e-16
1.737453727084559e-16
2.256066226338704e-16
1.836484937273114e-16
3.427727347563518e-16
1.618846577139202e-16
2.078060181061446e-16
1.338309893347196e-16
1.948761971104763e-16
2.687595988317856e-16
1.692568887647016e-16
3.28272922031411e-16
1.634481372961843e-16
2.116106940097333e-16
1.437606472942132e-16
2.014135553838217e-16
1.42757558499444e-16
1.902873251258493e-16
2.276728074718257e-16
1.409839076468599e-16
2.018289706777128e-16
2.572370167499459e-16
1.852461136272271e-16
3.038357840517175e-16
1.560926256765401e-16
1.953727431886781e-16
1.469129647304058e-16
1.722736088239587e-16
2.380493477463097e-16
1.38176060877735e-16
2.09837239104459e-16
1.340871192011211e-16
1.991236484992772e-16
1.433707183049708e-16
1.934182063807344e-16
1.427314438399928e-16
1.930140914573412e-16
1.526491261682733e-16
1.928220875390637e-16
2.352542628324624e-16
1.522187408219172e-16
1.867316979994932e-16
2.364495151533425e-16
1.653350730785015e-16
3.016983291599736e-16
2.009852504170678e-16
1.682332598577833e-16
2.233482797456767e-16
1.596025678465428e-16
2.146858366273725e-16
1.360047631447549e-16
1.947913571427343e-16
1.360891575599208e-16
1.931704509603161e-16
2.636550035190824e-16
1.531329895201136e-16
2.310120711704262e-16
3.07182156267216e-16
1.784232158036271e-16
2.517522502466792e-16
1.505744806492934e-16
2.047063213845671e-16
1.422207880665798e-16
2.036131901057733e-16
2.511415805412268e-16
1.45058389022916e-16
2.007213403467534e-16
2.524570768065071e-16
1.349399705787395e-16
2.22879973430261e-16
1.433671742685462e-16
2.239636207047917e-16
1.872737294444256e-16
2.957430484534449e-16
1.818733170089507e-16
2.55759864133207e-16
1.732748414641607e-16
1.625919395967441e-16
2.193355185126066e-16
1.519156786612368e-16
3.69249606805703e-16
1.530989478802771e-16
3.23314872556088e-16
1.604503191854362e-16
2.183606771168731e-16
2.682676748622921e-16
1.373218807693157e-16
2.043033242656745e-16
2.747990819278833e-16
1.530499747383258e-16
1.736936056428691e-16
2.395502581221394e-16
1.270755837943432e-16
1.989092502610009e-16
1.352613535157741e-16
1.841348399983783e-16
2.607277749794305e-16
1.445264726389203e-16
2.124372074924842e-16
1.47616552954208e-16
2.131116886292e-16
3.01963057237627e-16
1.668444618024262e-16
2.273787007212804e-16
1.315527723277166e-16
2.148230985075815e-16
1.411710723444227e-16
2.003874261050034e-16
1.337428149540782e-16
1.882283681284046e-16
2.51661533955535e-16
1.435722981438225e-16
1.64018680156426e-16
2.167693931345828e-16
1.430205382674861e-16
2.21152794200005e-16
1.356451646216113e-16
1.905550931038399e-16
1.473614602785112e-16
1.829206981676211e-16
1.414762557449307e-16
1.79621759163486e-16
1.485411332088587e-16
1.778838832732574e-16
1.491735719183891e-16
1.808789253499776e-16
2.343988081692226e-16
2.790821312559404e-16
1.882450128537957e-16
1.950624222528023e-16
1.72057773657416e-16
3.156611197424743e-16
1.785908092167855e-16
1.509194926650334e-16
1.925155069830732e-16
0
