0.05
-nan
19.72493803496335
4.932699392112302
2.579334306762116
2.011848159746441
1.678238428023669
1.432047756032381
1.237711127760771
1.079551547624299
0.9482973103799445
0.837756532816171
0.7435518811134255
0.6624784331458301
0.5921286710557494
0.5306565924078619
0.476622053341865
0.4288844072017382
0.386527845942529
0.3488078645146843
0.3151122009390271
0.2849319235705891
0.257839762732965
0.2334736923188319
0.211524363648565
0.1917253960214977
0.173845805304161
0.157684046009008
0.1430632804095845
0.1298275876879168
0.1178388984630952
0.1069744931400841
0.09712494175626635
0.08819239218521592
0.08008913537978095
0.07273639273636283
0.06606328304362021
0.06000593586730558
0.0545067253727767
0.04951360405538494
0.04497952005061628
0.04086190493939038
0.03712222148042054
0.03372556266460395
0.03064029502660869
0.02783774036494226
0.02529189098834515
0.02297915438013236
0.02087812379616572
0.0189693718193919
0.01723526430951749
0.01565979252970869
0.01422842151812445
0.01292795301209788
0.01174640143583453
0.01067288163556039
0.009697507194597497
0.008811298289189685
0.008006098157448106
0.007274497351291447
0.006609765026888897
0.006005786604667824
0.005457007196871388
0.004958380260126904
0.004505320983516556
0.004093663970036819
0.00371962481180337
0.003379765197475025
0.00307096122465543
0.002790374620899001
0.002535426604786954
0.002303774143664569
0.002093288387335
0.001902035077532601
0.001728256751572373
0.001570356575390597
0.001426883656422553
0.001296519700567756
0.001178066890006048
0.001070436869974791
0.000972640742910035
0.0008837799776916198
0.000803038150205682
0.0007296734391285385
0.0006630118078157346
0.0006024408095180918
0.0005474039588995454
0.0004973956180565277
0.0004519563499827086
0.0004106686967317955
0.0003731533434437012
0.0003390656329543991
0.0003080923989368862
0.0002799490884542202
0.0002543771474686421
0.0002311416452704821
0.0002100291159889381
0.0001908455973441505
0.0001734148486129281
0.0001575767314299352
0.0001431857385429239
0.0001301096570007618
0.0001182283534895185
0.0001074326706540922
9.762342426401746e-05
8.871049200779004e-05
8.061198554363e-05
7.325349819858506e-05
6.656742140369513e-05
6.049232358490452e-05
5.497238580256157e-05
4.99568889544434e-05
4.539974783091878e-05
4.125908774143882e-05
3.749685982225342e-05
3.40784914915319e-05
3.097256884009577e-05
2.815054804008824e-05
2.558649312016219e-05
2.325683769786547e-05
2.114016848070384e-05
1.921702854651972e-05
1.746973859613883e-05
1.588223453578268e-05
1.443991989776523e-05
1.312953174300488e-05
1.193901881388858e-05
1.085743081764913e-05
9.874817823710495e-06
8.982138850149567e-06
8.171178799917201e-06
7.434472983601937e-06
6.765238535272049e-06
6.157312091667686e-06
5.60509316182635e-06
5.10349266763519e-06
4.647886181966025e-06
4.234071435683017e-06
3.858229702854963e-06
3.516890710175385e-06
3.206900748520385e-06
2.925393694086731e-06
2.669764673829988e-06
2.437646133884862e-06
2.226886092284479e-06
2.035528377263481e-06
1.861794671028318e-06
1.70406819572857e-06
1.560878893143675e-06
1.430889964370441e-06
1.312885647404134e-06
1.205760122493004e-06
1.108507445400517e-06
1.020212417728242e-06
9.400423115271011e-07
8.672393731001734e-07
8.01114037231865e-07
7.410387882091478e-07
6.864426090162992e-07
6.368059649820391e-07
5.916562704479982e-07
5.505637915874858e-07
5.131379407054001e-07
4.790239206083726e-07
4.478996805021925e-07
4.194731478074337e-07
3.934797037011522e-07
3.696798727464705e-07
3.478572017729067e-07
3.278163053076577e-07
3.09381058852808e-07
2.923929251643336e-07
2.767094002079447e-07
2.622025691812027e-07
2.487577650219805e-07
2.362723226561166e-07
2.246544246102741e-07
2.138220333682708e-07
2.037019070424215e-07
1.942286950200312e-07
1.853441096961752e-07
1.769961709286044e-07
1.691385197965371e-07
1.617297971037953e-07
1.547330831789119e-07
1.481153941539387e-07
1.418472313100811e-07
1.359021782973561e-07
1.302565431519662e-07
1.248890398639298e-07
1.19780507152933e-07
1.149136593956326e-07
1.102728673054709e-07
1.058439646268619e-07
1.016140785889422e-07
9.757148046560198e-08
9.37054550004225e-08
9.000618583785466e-08
8.646465472051634e-08
8.307255401228594e-08
7.982220951453529e-08
7.670651283303049e-08
7.371886253236793e-08
7.085311230097025e-08
6.810352545453814e-08
6.546473521910096e-08
6.293170949001448e-08
6.049972024799228e-08
5.816431616278483e-08
5.592129866381059e-08
5.376670083281926e-08
5.169676855240526e-08
4.970794360472114e-08
4.779684917068516e-08
4.596027630532533e-08
4.419517205182622e-08
4.249862890293118e-08
4.086787520792551e-08
3.930026642165818e-08
3.779327728136152e-08
3.634449463818595e-08
3.4951611171553e-08
3.361241915076635e-08
3.232480528672651e-08
3.108674556475431e-08
2.989630064641441e-08
2.87516115991043e-08
2.765089598380487e-08
2.659244414671837e-08
2.55746157720948e-08
2.459583669490792e-08
2.365459578856879e-08
2.274944232852134e-08
2.187898314496701e-08
2.104188027551689e-08
2.023684839328462e-08
1.94626527899669e-08
1.871810707675867e-08
1.800207135611062e-08
1.731345005254758e-08
1.665119030498518e-08
1.60142801086258e-08
1.540174675172274e-08
1.481265511814772e-08
1.42461063337736e-08
1.37012362105411e-08
1.317721392302341e-08
1.267324061568854e-08
1.218854826125707e-08
1.172239837046007e-08
1.127408082793674e-08
1.084291298818636e-08
1.042823810330641e-08
1.002942487791341e-08
9.645866221624163e-09
9.276978306460741e-09
8.92219973279353e-09
8.580990572287123e-09
8.252831529508512e-09
7.937223388631931e-09
7.633685908567502e-09
7.341757379738362e-09
7.060993606447022e-09
6.790967492994815e-09
6.531268326188335e-09
6.281501056347764e-09
6.041285818865983e-09
5.810257211965232e-09
5.588063882881295e-09
5.374367946274501e-09
5.168844325650608e-09
4.97118047027305e-09
4.781075798342215e-09
4.598241157918587e-09
4.422398502997848e-09
4.253280478172093e-09
4.090629871500913e-09
3.934199333242537e-09
3.783751000285127e-09
3.639056109010978e-09
3.499894606493191e-09
3.366054883187389e-09
3.237333414185895e-09
3.113534449321744e-09
2.994469747615066e-09
2.879958291914316e-09
2.769825871978225e-09
2.663905090843823e-09
2.562034839479034e-09
2.464060274037887e-09
2.369832358948338e-09
2.279207881406889e-09
2.192048934463936e-09
2.108223105062903e-09
2.027602869562275e-09
1.950065605688204e-09
1.875493485252185e-09
1.803773078910189e-09
1.734795360357608e-09
1.668455429305928e-09
1.604652384938263e-09
1.54328921489543e-09
1.484272624832364e-09
1.427512922470761e-09
1.372923780350938e-09
1.320422166473397e-09
1.269928254876436e-09
1.221365309318521e-09
1.174659439539691e-09
1.129739666164228e-09
1.086537621685816e-09
1.044987650834632e-09
1.005026601943579e-09
9.665937314273601e-10
9.296305202367233e-10
8.940808642594098e-10
8.598906431383401e-10
8.270078670946387e-10
7.953825669853982e-10
7.649666204961379e-10
7.357138132064594e-10
7.07579683616178e-10
6.80521412643356e-10
6.544978540046542e-10
6.294694736112693e-10
6.053982122389499e-10
5.822474258153641e-10
5.599819309214105e-10
5.385678948886944e-10
5.179727572075599e-10
4.981651985226507e-10
4.791150903731462e-10
4.607934221215266e-10
4.431724409716081e-10
4.262252953474147e-10
4.099262315875032e-10
3.942504506618121e-10
3.791740971867046e-10
3.646742753392911e-10
3.507289545105273e-10
3.3731691989482e-10
3.244177592859054e-10
3.120118754393798e-10
3.000803991910583e-10
2.886051958861541e-10
2.775688121686064e-10
2.669544435681289e-10
2.567459680007985e-10
2.469278870869607e-10
2.374852171888847e-10
2.284036852890293e-10
2.196694239811247e-10
2.11269122393679e-10
2.031900943497302e-10
1.954199978705001e-10
1.879470423257016e-10
1.807598924176864e-10
1.738475182740172e-10
1.671995284453996e-10
1.608057535188553e-10
1.546564905900293e-10
1.487423440936608e-10
1.430543653898243e-10
1.375838878229132e-10
1.323226571664648e-10
1.272625861107777e-10
1.223960595292848e-10
1.177155473808715e-10
1.132140742891215e-10
1.088847258924857e-10
1.047209241750993e-10
1.007163780137329e-10
9.686496118196182e-11
9.316081793715809e-11
8.95983067045763e-11
8.617206555922899e-11
8.28768252664672e-11
7.970759314753647e-11
7.665955245462395e-11
7.372809312265272e-11
7.09087216987411e-11
6.819717313354382e-11
6.558930341143317e-11
6.308118639569829e-11
6.066894582805236e-11
5.834893982071374e-11
5.61176862543935e-11
5.397172125078968e-11
5.190783824147798e-11
4.992294248770206e-11
4.801387224235047e-11
4.617777040063396e-11
4.441192160985703e-11
4.271363759404914e-11
4.108029952689766e-11
3.950938170601536e-11
3.799852562464639e-11
3.654548145937693e-11
3.514799328364998e-11
3.380396046328396e-11
3.251129395020286e-11
3.126802157030257e-11
3.007231529429173e-11
2.892234192261446e-11
2.781638220775694e-11
2.675274337374605e-11
2.572968453585243e-11
2.474579121008249e-11
2.379952746014173e-11
2.288945742062663e-11
2.201413430496705e-11
2.117232268224149e-11
2.036266570012648e-11
1.958400088062464e-11
1.883512389686208e-11
1.811485995748059e-11
1.742211787878906e-11
1.6755912331794e-11
1.611516876694378e-11
1.549893308072026e-11
1.49062442866151e-11
1.433622454548268e-11
1.378806407348179e-11
1.326081611597869e-11
1.27537168103138e-11
1.226601716122703e-11
1.179697525124373e-11
1.134583423968303e-11
1.091195037488242e-11
1.049471429749277e-11
1.009343893949354e-11
9.707468194961018e-12
9.336291968035018e-12
8.979272773609313e-12
8.635923050442471e-12
8.305678749356528e-12
7.98807219740602e-12
7.682603383933729e-12
7.388834597823945e-12
7.106309134741568e-12
6.834583440333513e-12
6.573225960704044e-12
6.32189404656536e-12
6.080189683605324e-12
5.847693650148012e-12
5.624063117334731e-12
5.409013170831384e-12
5.202205241173741e-12
5.003257354164932e-12
4.81192296243043e-12
4.627928565726412e-12
4.450991423360893e-12
4.280792565256346e-12
4.117089577525846e-12
3.959640960327718e-12
3.808208855505432e-12
3.66256682159619e-12
3.522494156479468e-12
3.387796983951762e-12
3.258237641057294e-12
3.133667984098834e-12
3.013862926748525e-12
2.898608050901814e-12
2.787762747553744e-12
2.681185631693882e-12
2.578671777116324e-12
2.480075369005488e-12
2.385258234762128e-12
2.294040746277015e-12
2.206339136777653e-12
2.121998491336301e-12
2.040841274407265e-12
1.962757742121968e-12
1.887737652276609e-12
1.81556203370546e-12
1.746143411234821e-12
1.679386354531824e-12
1.615182842373167e-12
1.553442421894051e-12
1.494018957585459e-12
1.436929975676804e-12
1.381988640607621e-12
1.32911929256847e-12
1.278281612989453e-12
1.229401667363374e-12
1.182439484313995e-12
1.137260534293526e-12
1.09380263088533e-12
1.05198459031228e-12
1.011716939571555e-12
9.730672685123849e-13
9.358788586580894e-13
9.000869351695431e-13
8.65680959831519e-13
8.326185930346966e-13
8.007604027498028e-13
7.701377621006704e-13
7.406639271378714e-13
7.12376419435886e-13
6.851804247093788e-13
6.589757577729798e-13
6.337886625590756e-13
6.095635410770438e-13
5.862708028018198e-13
5.638516911067849e-13
5.422968718325763e-13
5.215564201618798e-13
5.016140923785834e-13
4.824608639807662e-13
4.640189828235638e-13
4.46278823472564e-13
4.292330218922726e-13
4.12853257869615e-13
3.970937852750647e-13
3.819072655798513e-13
3.672961369831697e-13
3.532698335671027e-13
3.397376177458065e-13
3.267770210941444e-13
3.142824996442323e-13
3.022911476000747e-13
2.906970938880924e-13
2.795834424144623e-13
2.689171916340432e-13
2.586445200113834e-13
2.487261170494499e-13
2.39205906560527e-13
2.300469389236773e-13
2.212777188421358e-13
2.128038944128099e-13
2.046017937167915e-13
1.967854611705952e-13
1.892578767235124e-13
1.820183897658233e-13
1.750393445734684e-13
1.68326889193795e-13
1.619118911996505e-13
1.556680276099086e-13
1.497735042067696e-13
1.440390051632994e-13
1.384926254368085e-13
1.331798960397765e-13
1.281000702628512e-13
1.232069537598976e-13
1.1852919103207e-13
1.139939639670181e-13
1.096455577256354e-13
1.054960571301327e-13
1.014953548238896e-13
9.760448209661471e-14
9.385485601145797e-14
9.026298324054319e-14
8.685302310473082e-14
8.356767064000482e-14
8.038233721332919e-14
7.728954673661097e-14
7.436586642453729e-14
7.15078232923362e-14
6.877881143469633e-14
6.61436246286194e-14
6.360147473484326e-14
6.119392661450495e-14
5.883917620793084e-14
5.657973884919601e-14
5.442188743098917e-14
5.239308460857573e-14
5.040848299139177e-14
4.848887344575727e-14
4.665861745488128e-14
4.484482116655717e-14
4.318364956804635e-14
4.156261757642274e-14
3.999607368398439e-14
3.845502419136336e-14
3.696426201842052e-14
3.55638522319179e-14
3.42303093852127e-14
3.297085484038629e-14
3.174015932053103e-14
3.056411664469131e-14
2.9395560786317e-14
2.829271615308884e-14
2.717944917303185e-14
2.616125659080864e-14
2.516766050774173e-14
2.420835031286511e-14
2.33051654139094e-14
2.240653486924177e-14
2.153155235693108e-14
2.071004623024876e-14
1.988398969666011e-14
1.91253940393466e-14
1.843961915635778e-14
1.777329899830124e-14
1.710333808046388e-14
1.644883361962478e-14
1.584668788915149e-14
1.520138536914569e-14
1.459003521195458e-14
1.400491292355597e-14
1.346887777254625e-14
1.296356744531364e-14
1.249846122604144e-14
1.206515155136828e-14
1.164852778313486e-14
1.119582542452813e-14
1.077708163844316e-14
1.03853432037289e-14
9.998779763025908e-15
9.672644654083873e-15
9.315213412254563e-15
9.002510338241666e-15
8.688499907171486e-15
8.319791659072543e-15
8.032887504368223e-15
7.787864844670535e-15
7.502786680368584e-15
7.252860894296529e-15
7.009672695333786e-15
6.805389138816871e-15
6.597152920618382e-15
6.367364352403606e-15
6.134332562723647e-15
5.918433012390694e-15
5.746860438396608e-15
5.532486214168718e-15
5.386157936506154e-15
5.169110794555898e-15
5.00943951335168e-15
4.886373777582134e-15
4.729163445029077e-15
4.600709989362517e-15
4.460408420699051e-15
4.359540945385427e-15
4.244747986776646e-15
4.120573939913149e-15
4.013501960628537e-15
3.880988850745028e-15
3.754075172494912e-15
3.661649802205157e-15
3.570307492185321e-15
3.420246150292994e-15
3.282324559266004e-15
3.206691948068292e-15
3.089640002177462e-15
3.015740468308009e-15
2.919135056216744e-15
2.846514659407295e-15
2.806858307419597e-15
2.748116523703683e-15
2.716018665214087e-15
2.636105695318053e-15
2.61889858294412e-15
2.581303260767322e-15
2.489859286737766e-15
2.441960648425442e-15
2.424785940461248e-15
2.407758492040215e-15
2.32239543664712e-15
2.277174499453096e-15
2.212506858191192e-15
2.149901354828815e-15
2.083791771809417e-15
2.015005021611019e-15
1.956491168739399e-15
1.900797102767194e-15
1.859965220805241e-15
1.835125757557507e-15
1.820787537245629e-15
1.804001375415116e-15
1.788952861681211e-15
1.746829730714824e-15
1.73322148568359e-15
1.718809368814347e-15
1.677697391039826e-15
1.673116348820644e-15
1.656122979180087e-15
1.620212609192954e-15
1.599712199574559e-15
1.568284497711609e-15
1.519827200233941e-15
1.499155285595434e-15
1.461823015785732e-15
1.456331561864548e-15
1.43268849242706e-15
1.416898729820158e-15
1.412173844877058e-15
1.395646198677094e-15
1.390240586940656e-15
1.385410919213833e-15
1.393199922808897e-15
1.378099768719465e-15
1.379721875721655e-15
1.369755533545834e-15
1.324081838479289e-15
1.288820237150422e-15
1.221020861284218e-15
1.18077586057872e-15
1.145536969032739e-15
1.12670670926395e-15
1.097281497819249e-15
1.079514777783508e-15
1.063170172471575e-15
1.060182933498444e-15
1.039994877306045e-15
1.006701652624704e-15
1.001840668243209e-15
9.873702336162655e-16
9.751373317501092e-16
9.47443987306063e-16
9.559992561367942e-16
9.24010325294052e-16
9.266639398583924e-16
8.561369065202484e-16
8.342808687554901e-16
8.303403686096409e-16
7.685759370849132e-16
7.243453179732198e-16
7.033634377206746e-16
6.561275156075658e-16
6.55757547352413e-16
6.097769183942517e-16
5.758785832475398e-16
5.694082612952067e-16
5.69847108516129e-16
5.877984586724597e-16
5.492728652242657e-16
5.546948466553029e-16
4.922759865349757e-16
5.055749484493157e-16
4.798401495190795e-16
5.300862061067515e-16
4.525598438697229e-16
4.203969306173773e-16
4.061932535550988e-16
4.351353136729704e-16
3.755876030182065e-16
3.71912363739942e-16
3.750966337553148e-16
3.724183606736458e-16
4.173522274237014e-16
3.496022530063297e-16
4.037784318129963e-16
3.26281872421077e-16
3.397999168140862e-16
3.265222945618506e-16
3.093677256101989e-16
3.136405762144888e-16
3.044916143760268e-16
3.457084373223394e-16
2.81788254213532e-16
2.911111241211601e-16
3.008341098135573e-16
3.04034060067825e-16
2.747214028696847e-16
2.631217544912989e-16
2.627844877283658e-16
2.837702338418078e-16
3.152436137752271e-16
3.029959012092613e-16
3.104238325454288e-16
2.92572227705685e-16
2.962613093243033e-16
3.170416586037528e-16
3.091413109417811e-16
3.266534939357043e-16
3.077486978269533e-16
2.603289014438645e-16
2.650811623065783e-16
2.68641504273835e-16
2.515402156903117e-16
2.964797391543349e-16
2.562640553182785e-16
2.529561889262916e-16
2.732375500854934e-16
2.845782028155774e-16
3.06317499357886e-16
2.831082474344853e-16
2.934943868697392e-16
3.024719213279999e-16
3.259992405010626e-16
2.824339452006147e-16
2.912066470123975e-16
3.012530305960144e-16
2.976413432454207e-16
2.944245146199027e-16
2.939695452738299e-16
3.337291211494462e-16
2.79665697937026e-16
2.938723470417759e-16
2.941438308143016e-16
2.941718043417072e-16
3.048497966801694e-16
2.935379507479672e-16
2.906185982967816e-16
3.104474775329225e-16
3.070748399403556e-16
3.659447390100436e-16
2.901504147453985e-16
2.743388599250164e-16
2.772690091076353e-16
2.755115346478578e-16
3.146783339151445e-16
3.057857436450903e-16
2.71929451620381e-16
2.585733402578123e-16
2.693212711936862e-16
2.942095298835641e-16
3.377094987740376e-16
2.633304823058223e-16
2.490463740793719e-16
2.537720558297015e-16
2.723454990108675e-16
2.586534819709394e-16
2.977562646272001e-16
2.552504785425397e-16
2.682579513611651e-16
3.004005394049883e-16
2.786541775647436e-16
2.766881854937596e-16
2.71555933941679e-16
2.923994888467196e-16
2.74709317483644e-16
2.872157896453742e-16
3.381495311184771e-16
2.83906174289493e-16
2.752229905780219e-16
2.806304453662136e-16
2.865659813583416e-16
3.409472418100058e-16
2.764012770004083e-16
2.798231276590036e-16
2.971297076422128e-16
3.098708433350153e-16
3.273540936395301e-16
2.744625916992535e-16
2.807151240351442e-16
2.831637531748646e-16
2.894634513144924e-16
2.930245920775653e-16
2.769783377960843e-16
2.73672162748177e-16
3.01111137612295e-16
2.843174864906093e-16
2.674875953718729e-16
2.666474906057522e-16
2.917070914702562e-16
2.804462257635768e-16
2.780769972192007e-16
2.452511496872585e-16
2.386623535751762e-16
2.922098301346198e-16
2.410769427270194e-16
2.344596813591323e-16
2.294731389073463e-16
2.474405454932443e-16
2.181280104316234e-16
2.49356293228663e-16
2.311334332337722e-16
2.068432035206587e-16
1.9358677469464e-16
2.510702641547565e-16
2.935565952776112e-16
2.323535949793366e-16
2.355955826079531e-16
2.240179184270981e-16
2.34414372749202e-16
2.017302221538023e-16
2.434903697371149e-16
2.112506932682097e-16
2.017818053407684e-16
2.383778183484508e-16
1.886923175695291e-16
1.698182609984907e-16
2.043876470952746e-16
1.86329012007194e-16
1.759712711748826e-16
1.907214626578308e-16
2.028328710439199e-16
1.84318062975184e-16
1.623670752526408e-16
1.952854476153501e-16
2.144256045136292e-16
1.845380393605446e-16
2.040170698335431e-16
1.838118023010283e-16
1.620829327095669e-16
1.905766870474529e-16
1.568039530078823e-16
2.196568275581359e-16
1.827109368928525e-16
1.681029247104342e-16
1.851358765451896e-16
1.858237074317742e-16
1.699030738957392e-16
1.96217380609411e-16
2.190931916571892e-16
1.753496005864866e-16
1.794698595072019e-16
1.681524083024341e-16
1.649284120211024e-16
1.652104895465696e-16
1.520627771610455e-16
1.674325960499339e-16
1.136687538282067e-16
1.567061240556488e-16
1.488926507543651e-16
2.327404860717473e-16
1.721119614847227e-16
1.506378631569849e-16
1.673384006568581e-16
1.418696680273727e-16
1.536569189199434e-16
2.122807812450284e-16
1.911933224323968e-16
1.972811534993771e-16
1.713923945805858e-16
2.271797805127897e-16
1.825691278173197e-16
1.681022554141555e-16
1.528120477317371e-16
1.742186541317551e-16
1.886886984557897e-16
1.355801154342555e-16
1.739094746873229e-16
2.00704347842428e-16
1.494304766765992e-16
1.600963762555497e-16
1.238860589164532e-16
1.632819453386593e-16
1.975247715568962e-16
1.253269260204496e-16
1.701183608787605e-16
1.251486314739896e-16
1.662269367235625e-16
1.601974499102194e-16
1.481969564705461e-16
1.512127730653233e-16
1.870521876854605e-16
1.519529711719715e-16
1.549733653723283e-16
1.222815926342551e-16
1.27684940404272e-16
1.30404692487902e-16
1.726173917296481e-16
1.691776225736676e-16
1.443281986213196e-16
1.465216937059873e-16
1.03016978129961e-16
1.71119410681001e-16
1.504408259353723e-16
1.598602439061191e-16
1.510675006066267e-16
1.393621005506144e-16
8.680186629186383e-17
