0.05
-nan
-nan
2.919796056117099
2.51718409822044
2.008011615651694
1.67879070944649
1.432651505292563
1.237972195596382
1.079510067342357
0.9480103769909523
0.8372695285585999
0.7429021898156462
0.6616982032189784
0.5912460068883505
0.5296961050262022
0.4756052008505053
0.4278297757358928
0.385451414800968
0.3477232630151273
0.3140309544195791
0.2838636846750651
0.2567925253474053
0.2324539870666493
0.2105374350471769
0.1907753621567555
0.1729358012714301
0.1568163525146814
0.1422394389218382
0.1290485034411175
0.1171049325023089
0.106285544467478
0.09648052052385848
0.08759168477475207
0.07953106212158839
0.07221965894414578
0.06558642397904481
0.05956735619477842
0.05410473361875454
0.04914644254620947
0.04464539076674645
0.04055899169099968
0.03684870877887295
0.03347965163579958
0.0304202166853173
0.02764176654374506
0.02511834319064809
0.02282641080380146
0.02074462475263679
0.0188536237526661
0.01713584260020275
0.0155753432512666
0.0141576622956731
0.01286967311851815
0.01169946124549059
0.01063621154264072
0.009670106090874474
0.008792231684831644
0.007994496018349785
0.007269551717159446
0.006610727465967973
0.006011965553474566
0.005467765226538367
0.004973131304917163
0.004523527561666373
0.004114834422292614
0.0037433105787665
0.003405558153120697
0.003098491080094623
0.00281930640956646
0.002565458257721947
0.002334634161367768
0.002124733612799946
0.001933848573431081
0.001760245783193448
0.001602350699761993
0.001458732917061195
0.001328092926488416
0.00120925009694459
0.001101131761237444
0.001002763306826065
0.0009132591783098529
0.0008318147076220917
0.0007576986956507461
0.0006902466760512219
0.0006288547984069372
0.0005729742736904935
0.0005221063302413127
0.0004757976332508098
0.0004336361250805102
0.0003952472476724809
0.0003602905118825694
0.0003284563818075181
0.000299463445119875
0.0002730558430953247
0.0002490009364409209
0.0002270871852341777
0.0002071222232809991
0.0001889311090138982
0.0001723547366982383
0.0001572483932101542
0.0001434804470054079
0.0001309311571318502
0.0001194915912552802
0.0001090626426848452
9.955413730592096e-05
9.088402216406497e-05
8.297762820546168e-05
7.576700036706428e-05
6.919028883725444e-05
6.319119587549678e-05
5.771847309638899e-05
5.272546459133328e-05
4.816969168704817e-05
4.401247552635248e-05
4.021859400711259e-05
3.675596993355744e-05
3.359538752386314e-05
3.071023467959953e-05
2.80762686610582e-05
2.567140302957634e-05
2.347551391322877e-05
2.147026383138235e-05
1.963894147563901e-05
1.796631599082677e-05
1.643850443455855e-05
1.504285121350433e-05
1.376781840622356e-05
1.260288598096521e-05
1.15384610085109e-05
1.056579505206581e-05
9.676908991338936e-06
8.86452460557049e-06
8.122002302418668e-06
7.443284435291411e-06
6.822843702859199e-06
6.255636170533852e-06
5.73705849597187e-06
5.262908978400756e-06
4.829352086645483e-06
4.432886152090203e-06
4.070313941001878e-06
3.738715847368898e-06
3.435425470546845e-06
3.15800736346351e-06
2.904236756787243e-06
2.672081082077805e-06
2.459683133338518e-06
2.26534572042359e-06
2.087517681784175e-06
1.9247811355722e-06
1.775839859246065e-06
1.639508697887253e-06
1.514703910499746e-06
1.400434371266826e-06
1.295793550992688e-06
1.199952209777232e-06
1.112151738563111e-06
1.031698092378283e-06
9.579562633218944e-07
8.903452452287896e-07
8.283334466080924e-07
7.714345110646841e-07
7.192035093359425e-07
6.712334676400245e-07
6.271522022550214e-07
5.866194311533953e-07
5.493241361076061e-07
5.149821516161185e-07
4.833339584099105e-07
4.541426611885731e-07
4.271921332652913e-07
4.022853111328103e-07
3.792426251153524e-07
3.579005525549473e-07
3.38110283051905e-07
3.197364853062217e-07
3.026561670260203e-07
2.867576207845321e-07
2.719394485377946e-07
2.581096600687084e-07
2.451848394422794e-07
2.330893755277632e-07
2.217547522973091e-07
2.111188953199093e-07
2.011255711388424e-07
1.917238357185693e-07
1.828675296442256e-07
1.745148166052204e-07
1.666277623338595e-07
1.591719512960946e-07
1.521161388507139e-07
1.454319354178919e-07
1.390935208516156e-07
1.330773864214594e-07
1.273621022224107e-07
1.219281077049081e-07
1.16757523151624e-07
1.118339806600197e-07
1.071424725195309e-07
1.026692152604979e-07
9.840152785100641e-08
9.432772310934655e-08
9.043701033657916e-08
8.671940821690339e-08
8.316566748854192e-08
7.976720122118478e-08
7.651602309025333e-08
7.340469193804228e-08
7.042626228527295e-08
6.757424017842712e-08
6.484254380131985e-08
6.222546776441203e-08
5.971765165767426e-08
5.731405146325766e-08
5.500991434609177e-08
5.280075546372027e-08
5.068233745316514e-08
4.865065172595893e-08
4.670190205867986e-08
4.483248909379754e-08
4.303899688477553e-08
4.131818014538837e-08
3.966695331249797e-08
3.808238007699869e-08
3.65616640646301e-08
3.510214011046207e-08
3.370126672306579e-08
3.235661856167323e-08
3.106587992699118e-08
2.982683865702638e-08
2.863738046376141e-08
2.74954838145179e-08
2.639921493537925e-08
2.534672337043726e-08
2.43362378125191e-08
2.336606217371675e-08
2.243457189240283e-08
2.154021054206046e-08
2.068148660830444e-08
1.985697056787881e-08
1.906529186249234e-08
1.830513638666529e-08
1.757524388528863e-08
1.687440553686142e-08
1.62014617658762e-08
1.555530010314337e-08
1.493485304228852e-08
1.433909633017259e-08
1.37670469167331e-08
1.32177613161696e-08
1.269033389492643e-08
1.218389538459868e-08
1.16976113198312e-08
1.123068058097654e-08
1.078233410190976e-08
1.035183336816069e-08
9.93846944590578e-09
9.541561590737251e-09
9.160456117022838e-09
8.794525392591572e-09
8.443166705598215e-09
8.105801305786578e-09
7.781873433627394e-09
7.470849363380557e-09
7.172216567977893e-09
6.885482850997537e-09
6.610175561909698e-09
6.345840739797886e-09
6.092042483429471e-09
5.8483621287528e-09
5.614397649952203e-09
5.389762890121418e-09
5.174087124152371e-09
4.967014198716438e-09
4.768202110301187e-09
4.577322419996885e-09
4.394059734703006e-09
4.218111095780383e-09
4.049185597766099e-09
3.887003839405124e-09
3.73129757437881e-09
3.581809128682541e-09
3.438291011092992e-09
3.300505667432607e-09
3.168224847484653e-09
3.041229325802838e-09
2.919308761833865e-09
2.802261010887784e-09
2.689891899927343e-09
2.582015139023295e-09
2.478451689268969e-09
2.379029690987242e-09
2.283584073056793e-09
2.191956348402806e-09
2.103994232722471e-09
2.019551624206903e-09
1.938488179653308e-09
1.860669080824946e-09
1.785964933402813e-09
1.714251449339736e-09
1.645409279421999e-09
1.579323836825418e-09
1.515885106882531e-09
1.454987409095186e-09
1.39652928064763e-09
1.340413305888005e-09
1.286545931014098e-09
1.234837363244183e-09
1.185201340764204e-09
1.137555067698045e-09
1.091818945236077e-09
1.047916742098e-09
1.005775090429065e-09
9.653235963225192e-10
9.264946489010817e-10
8.892234235941494e-10
8.534476337871275e-10
8.191074151132571e-10
7.861453302148079e-10
7.545062181740638e-10
7.241371959569716e-10
6.949873424184002e-10
6.670079066653735e-10
6.401520814313196e-10
6.143747669820859e-10
5.896328451186671e-10
5.658848394300838e-10
5.430909058312787e-10
5.212128610456872e-10
5.002139590160997e-10
4.8005898033138e-10
4.607141661606278e-10
4.421469614012678e-10
4.24326213056003e-10
4.072220081274471e-10
3.908056104719595e-10
3.75049438633484e-10
3.599269966847084e-10
3.454129088994507e-10
3.314827348047632e-10
3.181130080274484e-10
3.052812746894327e-10
2.929659528666826e-10
2.811462658374641e-10
2.698023897484844e-10
2.589151764948293e-10
2.484662813349484e-10
2.384381298098248e-10
2.288137893145838e-10
2.195771188833481e-10
2.107124511400965e-10
2.022048828428514e-10
1.940400709229196e-10
1.86204177688352e-10
1.786840570525048e-10
1.714669884147038e-10
1.6454078843043e-10
1.578937678446022e-10
1.51514726154921e-10
1.453928365203321e-10
1.395177706237663e-10
1.338796159007306e-10
1.284688071651211e-10
1.232762536540553e-10
1.182931367554578e-10
1.135110596592182e-10
1.089218423029084e-10
1.045178500546731e-10
1.002915612566436e-10
9.623578351716328e-11
9.234374320970235e-11
8.860876270601587e-11
8.502455359433875e-11
8.158505842079121e-11
7.828441244817802e-11
7.511701005595263e-11
7.207751687766471e-11
6.916076885728758e-11
6.636185108428776e-11
6.367598167550432e-11
6.109864228414422e-11
5.862538206686475e-11
5.625203994526522e-11
5.397461794354167e-11
5.178923742798883e-11
4.969217001324982e-11
4.767984593339591e-11
4.574882886363621e-11
4.389588889139386e-11
4.211784050180903e-11
4.041172508793437e-11
3.87745099954732e-11
3.720359332134586e-11
3.569616351863672e-11
3.424969648872712e-11
3.286174202795026e-11
3.152991424081659e-11
3.025203892738278e-11
2.902581546714051e-11
2.784923086653389e-11
2.672021146704209e-11
2.563690482368724e-11
2.459739982804946e-11
2.360003058568791e-11
2.264300627522008e-11
2.172469881896289e-11
2.084356867861617e-11
1.999813113086735e-11
1.918695654789816e-11
1.840865490916326e-11
1.766183394016965e-11
1.694523498564438e-11
1.625768435744522e-11
1.559795257984e-11
1.496496336974331e-11
1.435761839517871e-11
1.377485860490952e-11
1.321574177483305e-11
1.267929123237087e-11
1.216456058594864e-11
1.167071932690594e-11
1.11968905743254e-11
1.074224785686814e-11
1.030604112852929e-11
9.887509143428999e-12
9.485960693432923e-12
9.100669751727315e-12
8.731005447012458e-12
8.376316903591776e-12
8.036026687864541e-12
7.709528843004431e-12
7.396296907841052e-12
7.095738870157022e-12
6.807372461642719e-12
6.530765288238209e-12
6.265349691551709e-12
6.010678172644794e-12
5.766358065102383e-12
5.531973398493556e-12
5.307087374526492e-12
5.091341750677981e-12
4.884324876828656e-12
4.685734890079923e-12
4.495183800741453e-12
4.31236519129718e-12
4.13699129286021e-12
3.968731731993777e-12
3.807336493844334e-12
3.65245307368711e-12
3.503840545679751e-12
3.36128943956771e-12
3.2245054734986e-12
3.093285296085011e-12
2.967396168243499e-12
2.846673306020697e-12
2.730822172054127e-12
2.619657614286345e-12
2.513052192909228e-12
2.410746236774108e-12
2.312621012452839e-12
2.218455644707156e-12
2.128074553406512e-12
2.041408969448815e-12
1.958270000593647e-12
1.878512177264815e-12
1.801950304568962e-12
1.728541313039879e-12
1.658168271766396e-12
1.590582023677418e-12
1.52576048899889e-12
1.463568202890969e-12
1.403920100434139e-12
1.346647281004761e-12
1.291712891474141e-12
1.239032836828261e-12
1.188512650964122e-12
1.14007212469349e-12
1.093565495312929e-12
1.048963624805939e-12
1.006186515091777e-12
9.651230731367225e-13
9.257499557917033e-13
8.879616776171224e-13
8.517186099203218e-13
8.169519704569018e-13
7.835928859657802e-13
7.51650633697945e-13
7.209155697168723e-13
6.914481412014435e-13
6.632071506456001e-13
6.36085388143193e-13
6.101264476067858e-13
5.851206464356561e-13
5.612085323642096e-13
5.38271018756587e-13
5.162866420740492e-13
4.952067339008021e-13
4.749042008880003e-13
4.554629113248089e-13
4.368114458123424e-13
4.188903060882552e-13
4.017953186137391e-13
3.853332253435511e-13
3.695473379878444e-13
3.544069402218966e-13
3.399200555042549e-13
3.26042826600761e-13
3.126664034611809e-13
2.998028571613029e-13
2.875330407563909e-13
2.757515535125004e-13
2.644258890889026e-13
2.536458527435006e-13
2.431882334174395e-13
2.331765921005218e-13
2.236207603707954e-13
2.144084885152565e-13
2.056266814518931e-13
1.971169904363441e-13
1.889836436468963e-13
1.811647763991426e-13
1.737250943971034e-13
1.665679815005357e-13
1.596848688238273e-13
1.531228659013236e-13
1.467643271934544e-13
1.406995789081666e-13
1.349051512930539e-13
1.293401113707722e-13
1.239469395564671e-13
1.188052677058476e-13
1.139160819314267e-13
1.091667511520896e-13
1.046565576361088e-13
1.002935291913697e-13
9.611271868864145e-14
9.213647945202742e-14
8.83042147438481e-14
8.464015568533896e-14
8.108844501125988e-14
7.771440216659439e-14
7.449423904976577e-14
7.141904907851751e-14
6.842790337370475e-14
6.555252716574671e-14
6.27974339424466e-14
6.017919139261562e-14
5.766717682187533e-14
5.52722058091743e-14
5.294036510509345e-14
5.071888300790838e-14
4.861647200021245e-14
4.653833450222027e-14
4.459517927903066e-14
4.268746287646809e-14
4.087793299621475e-14
3.91570153879445e-14
3.747701472907445e-14
3.586939167856542e-14
3.432863048471316e-14
3.287589108014869e-14
3.146478665731862e-14
3.014177513126986e-14
2.883790159955943e-14
2.757600288707637e-14
2.643445000701766e-14
2.528611591929251e-14
2.414853726460129e-14
2.308199006952422e-14
2.20036847717567e-14
2.101132409145692e-14
2.010945412259099e-14
1.922873326248863e-14
1.838855298340463e-14
1.757591762301915e-14
1.678752556271381e-14
1.60490760758511e-14
1.532538069490057e-14
1.458970176913302e-14
1.396364176834009e-14
1.331094414384311e-14
1.271034380911559e-14
1.210444687257614e-14
1.154908969256784e-14
1.108096004856887e-14
1.056975032380614e-14
1.010921420241276e-14
9.665958858452387e-15
9.190318429556855e-15
8.745450644338165e-15
8.311245873970819e-15
7.900977895247246e-15
7.513067042978172e-15
7.15074719019148e-15
6.799871459890298e-15
6.449218252934158e-15
6.148144660525075e-15
5.85160241918549e-15
5.570786275051968e-15
5.344005272928662e-15
5.061405025476039e-15
4.789456161408999e-15
4.530140672285429e-15
4.273606457547308e-15
4.068169168393572e-15
3.834994570002539e-15
3.64839991942771e-15
3.42247651073777e-15
3.189420294403427e-15
2.989564706451009e-15
2.828505447135863e-15
2.690895927416032e-15
2.536176894661638e-15
2.400727698300825e-15
2.274344442400323e-15
2.130766423664643e-15
2.021902184060075e-15
1.88395709456941e-15
1.746726392828145e-15
1.631319616464028e-15
1.506414481354788e-15
1.399906902186179e-15
1.30275392460469e-15
1.214721688560725e-15
1.15843737817973e-15
1.07209393911907e-15
9.99267238990807e-16
9.304805081925065e-16
8.72016812257692e-16
7.828970244650403e-16
6.938987911846283e-16
5.857721936533717e-16
4.87971441349982e-16
4.231438995109369e-16
3.528850421596776e-16
3.10302645112204e-16
2.388847803673147e-16
2.083343846220353e-16
1.902970992558169e-16
1.684336780598392e-16
1.623939200629022e-16
1.37370151738808e-16
1.302740201168722e-16
1.22152495068999e-16
1.141492022109676e-16
1.230599478700961e-16
1.09381422534121e-16
1.134303440821331e-16
9.538204455354666e-17
