0.05
16.72488756401519
10.03015473427242
5.162230206904549
3.063043939964202
1.999627616095689
1.362627617213398
0.9590404125309707
0.7005257417834275
0.5321917003396434
0.4175797589501031
0.3347185162781671
0.2716749133029705
0.2221183069882751
0.1824421648167051
0.150333554597445
0.1241569374970794
0.102695243522652
0.08502378697369499
0.07043087981148839
0.05835990071988821
0.04836699181083955
0.04009177785131859
0.03323795531655407
0.02756039695204231
0.02285605741913908
0.0189569466159168
0.01572429104120065
0.01304353848938904
0.01082010206331629
0.008975798284135521
0.007445917977028182
0.006176842860622609
0.005124110586531628
0.004250837578158652
0.003526424761126308
0.002925488590564157
0.00242697433931249
0.002013419176774314
0.001670339678616741
0.00138572317147057
0.001149605721261156
0.0009537222540771587
0.0007912165706420589
0.0006564009970750277
0.0005445571349493283
0.0004517706407484456
0.0003747941934748932
0.0003109338252131715
0.0002579546247110871
0.0002140025102924131
0.0001775393336083115
0.0001472890427315696
0.0001221930199728321
0.0001013730307709795
8.410048644221817e-05
6.977094469970848e-05
5.788295532402979e-05
4.80205105442913e-05
3.983848589742815e-05
3.305056200546672e-05
2.741920453092852e-05
2.274735159244948e-05
1.887151767314801e-05
1.565607263163582e-05
1.298849555672684e-05
1.077543733492969e-05
8.93945411370715e-06
7.416297333294636e-06
6.152665486183873e-06
5.104338928942667e-06
4.234632479535099e-06
3.513111656662247e-06
2.91452764396257e-06
2.417933715323466e-06
2.005952206075742e-06
1.664166382165401e-06
1.380615927908486e-06
1.145378398037535e-06
9.502219874369487e-07
7.88317466755745e-07
6.539992021009416e-07
5.42566895456467e-07
4.501211062962604e-07
3.734267989068081e-07
3.098001388588384e-07
2.570145779114831e-07
2.132229400667904e-07
1.768927828055586e-07
1.46752771221206e-07
1.217481894580774e-07
1.010040313245363e-07
8.379438044762165e-08
6.951700704816732e-08
5.767229315278654e-08
4.784574880193936e-08
3.969350737687383e-08
3.293029206023649e-08
2.73194330335813e-08
2.266458541492199e-08
1.880285861086361e-08
1.559911604944962e-08
1.29412465350013e-08
1.07362408334453e-08
8.906937282094329e-09
7.389321416903801e-09
6.130285937542825e-09
5.085772249995827e-09
4.219228888542308e-09
3.500332175985893e-09
2.903925219142673e-09
2.409137534857713e-09
1.998654572028917e-09
1.658112063574591e-09
1.375593168191006e-09
1.141211446017028e-09
9.467650874264991e-10
7.854496533445135e-10
6.516200741858598e-10
5.405931951658555e-10
4.484837626277219e-10
3.72068475051167e-10
3.08673280173659e-10
2.560797116149858e-10
2.124473516859939e-10
1.762493710426676e-10
1.462189896671237e-10
1.213053196561913e-10
1.006366022691356e-10
8.348957625303924e-11
6.926413541619939e-11
5.746248425599563e-11
4.767165127187774e-11
3.954907899480499e-11
3.281045870465881e-11
2.722001806736296e-11
2.258210483836433e-11
1.873443670701261e-11
1.554236833777331e-11
1.289417740475352e-11
1.069720590941925e-11
8.874558156053974e-12
7.362462797865872e-12
6.107967955791543e-12
5.067224513122226e-12
4.203815221040236e-12
3.487560842915692e-12
2.893324239480538e-12
2.400340326138363e-12
1.991342013143521e-12
1.652054469865837e-12
1.370531659124949e-12
1.137015013072039e-12
9.433171633924621e-13
7.825823429972833e-13
6.49225232427724e-13
5.38581697441607e-13
4.468374340308312e-13
3.706690321641742e-13
3.074975602682444e-13
2.551158488065906e-13
2.116758505559465e-13
1.755930448806908e-13
1.456716764367676e-13
1.208346711406034e-13
1.00240722232618e-13
8.315859523814338e-14
6.897960234316061e-14
5.725270346351557e-14
4.751546339977371e-14
3.939364334876801e-14
3.267818886993553e-14
2.712558013579349e-14
2.248916197713351e-14
1.866657781411427e-14
1.549913864269372e-14
1.285555196085676e-14
1.069454191692187e-14
8.893012539589675e-15
7.397880512390588e-15
6.138740061135892e-15
5.082954165891462e-15
4.191373656414726e-15
3.475778804848202e-15
2.885856012235882e-15
2.413032680283532e-15
2.008091806771818e-15
1.680474809693042e-15
1.407821461998455e-15
1.172419790532885e-15
1.005380214582751e-15
8.562238762974833e-16
7.079119867718392e-16
5.845291282255513e-16
5.206560516950088e-16
4.908861272330592e-16
4.594721896120378e-16
4.302362007118195e-16
3.920027715413171e-16
3.686380158594829e-16
3.388714659221726e-16
3.013777211263173e-16
2.586259925312351e-16
3.422535537412093e-16
2.159794330896921e-16
1.872607046722516e-16
3.203090712928023e-16
2.07022259269117e-16
1.950033780169392e-16
1.989434945807942e-16
2.380754542543673e-16
2.333535861995593e-16
2.197162145282451e-16
2.116914615966432e-16
2.286808969026895e-16
2.124245744504777e-16
2.1107784393046e-16
2.103004952399385e-16
2.258851339670431e-16
2.307598039702175e-16
1.71085312004675e-16
1.512669680762499e-16
1.549878224560742e-16
1.57103396657938e-16
1.601549856672956e-16
1.64415011882881e-16
1.853812583277791e-16
1.641774919226323e-16
1.731583341328117e-16
1.777327256427969e-16
1.97156328514294e-16
2.026709488820296e-16
2.052599933579077e-16
2.168642626769214e-16
2.347954105776331e-16
2.540277060315996e-16
2.313017195908118e-16
2.666376572065646e-16
2.038489222476532e-16
1.804777612984279e-16
1.688336291216566e-16
1.581205281873381e-16
1.568524004481031e-16
1.51735525623104e-16
1.629364076875449e-16
1.480806276506167e-16
1.576253438246232e-16
1.512100738929772e-16
1.505428443556962e-16
1.494561163229346e-16
1.498193292502901e-16
1.599606515602701e-16
1.522478704081701e-16
2.041578215830065e-16
1.767475041000679e-16
2.542035890962485e-16
2.024337647889164e-16
2.601687811803727e-16
2.544687296404745e-16
2.599019502423725e-16
2.451385163245815e-16
2.292724309280552e-16
2.4333172055148e-16
1.995787648285888e-16
1.561430756466441e-16
1.569009831888979e-16
1.557059604957093e-16
1.315583922561938e-16
1.169338498530505e-16
1.325374410600564e-16
1.403287085426784e-16
2.365972190341343e-16
1.533686056634915e-16
1.572931468048192e-16
2.040977085706414e-16
1.96074910928222e-16
1.914627546669638e-16
2.231079508809986e-16
1.876751149128637e-16
1.488620555293775e-16
1.451650688649495e-16
1.63162332497787e-16
1.508841716147394e-16
1.559289439726075e-16
1.688895307797653e-16
1.60301193198815e-16
1.5043509102313e-16
1.42228171408227e-16
1.985265848703326e-16
1.981014367043866e-16
2.00356931695141e-16
2.099138220727389e-16
1.89637073238922e-16
1.642924433132049e-16
1.563245684587516e-16
1.460431830385427e-16
1.611761145200802e-16
1.52548146115724e-16
1.478039293532089e-16
1.540455985046005e-16
1.3618433320543e-16
1.351743030316784e-16
1.275895682078381e-16
1.320754224735282e-16
1.431910102848517e-16
1.412595988812668e-16
1.384741277464609e-16
1.425392523229793e-16
2.241892321553274e-16
2.244011994958764e-16
1.937104580443878e-16
2.258594534384502e-16
1.887601169530722e-16
1.581518631191302e-16
1.804654148623838e-16
1.457305593154678e-16
2.827620456962442e-16
1.718599495231043e-16
2.470484729391588e-16
1.687996100208205e-16
1.627280754157668e-16
1.825743070273995e-16
2.302518063221671e-16
1.861178790387183e-16
1.851192808048502e-16
1.838665909464101e-16
1.705795001695389e-16
1.374345879930832e-16
1.371170374090739e-16
1.292844261643851e-16
1.229278936772831e-16
1.286658627307381e-16
1.37674513708554e-16
1.377125400218236e-16
1.404608444689346e-16
1.35124584669766e-16
2.563621967262586e-16
1.660860866103719e-16
1.728780611607901e-16
1.724740443819677e-16
1.772082371393236e-16
1.948728691921424e-16
2.021871378431299e-16
2.089937791405498e-16
1.945799808894794e-16
1.689578494264767e-16
1.497810298029434e-16
1.559341750324602e-16
1.482245476548735e-16
1.478965855448086e-16
1.480063493456211e-16
1.525911376553125e-16
1.386595913660769e-16
1.365004917806973e-16
1.311314802961286e-16
1.308757957384066e-16
1.592553206276771e-16
1.368446495962218e-16
1.483286966318889e-16
2.303564603068433e-16
1.933129512960515e-16
1.78848358790942e-16
1.687317592352545e-16
1.432885897091936e-16
1.594209813426464e-16
1.629549375434875e-16
1.659981505547548e-16
2.219915324912681e-16
2.669354270616779e-16
2.22941811685449e-16
2.232321823364377e-16
2.413599272610357e-16
1.888333021305628e-16
1.881508962830528e-16
1.945718224240174e-16
1.746812748004461e-16
1.531760125315511e-16
1.590519283042585e-16
2.749576240451036e-16
1.887208856519914e-16
1.445530055133773e-16
1.506268712580524e-16
2.339684469245029e-16
1.942776184201318e-16
1.916887596907759e-16
1.692662749642217e-16
1.657527815172301e-16
1.596080175347808e-16
1.409789206138019e-16
1.381842850353658e-16
1.585833983735029e-16
1.460418518817501e-16
1.480828518716913e-16
1.375060210016081e-16
1.419481976551165e-16
1.264902136127074e-16
2.222447619370533e-16
1.694836563356299e-16
1.72092186441974e-16
1.942740209585097e-16
1.964537179152282e-16
1.83893024157583e-16
1.72653960430558e-16
1.269416945393395e-16
1.376003222701665e-16
1.252161746421318e-16
1.434023492937677e-16
1.119854814537059e-16
1.176595849943593e-16
1.391733849822563e-16
1.248974773769016e-16
1.382553902124105e-16
1.464479948826732e-16
1.458453194852479e-16
1.495717301568618e-16
1.549252751197811e-16
1.490810948033483e-16
1.489227703225269e-16
1.51269883425994e-16
1.554680795300719e-16
1.52580986288928e-16
1.486996542251008e-16
1.441283125011092e-16
1.543610947531864e-16
1.421723454331892e-16
2.364872224123671e-16
1.718112048318362e-16
1.832312199714332e-16
1.658303459517045e-16
1.689134401553995e-16
1.85982817880748e-16
1.818585297459293e-16
2.245737966310218e-16
1.885819928109096e-16
1.753693394743634e-16
2.300453060787978e-16
1.772311437044385e-16
1.429999754981441e-16
1.246191917989919e-16
1.435794982657105e-16
1.488997401247616e-16
1.635358225517201e-16
1.799190530290824e-16
1.885917742022505e-16
1.963371423482859e-16
2.057414492661247e-16
2.106881459299014e-16
2.387085142178828e-16
2.354438371800603e-16
2.112723766973559e-16
2.236758349899553e-16
2.766131187745104e-16
1.909129090935747e-16
2.08276704022044e-16
2.043955542708165e-16
2.120846658716348e-16
1.83687173550919e-16
2.090393941711947e-16
2.690331882010502e-16
2.537470973818368e-16
2.466959501724997e-16
2.508374264300854e-16
2.055739196432467e-16
2.574267271758583e-16
1.782655496398921e-16
1.549517689281163e-16
1.429182722124623e-16
1.359975154823237e-16
1.518198587071886e-16
1.556851199433545e-16
1.714623053190802e-16
1.664900427693834e-16
1.770577799847255e-16
2.656298250542551e-16
2.243507010310467e-16
2.227052595050269e-16
2.038712328380568e-16
1.661814376806866e-16
1.678706033507544e-16
1.630131334578426e-16
1.688303724628219e-16
1.556124543757345e-16
1.677723412503024e-16
1.590549938999393e-16
1.593821299944502e-16
1.618745735477017e-16
1.397343021545329e-16
1.62769450913282e-16
1.418949700507268e-16
1.457001457617096e-16
1.389563775025583e-16
1.254700779398446e-16
1.312891425677649e-16
1.318785280399486e-16
1.446842144578182e-16
2.038587520560676e-16
1.951338563715625e-16
1.825036565338947e-16
2.137648462962481e-16
2.141368922390655e-16
2.098739465160286e-16
2.581084135352071e-16
1.955804260040157e-16
1.677582671402469e-16
1.489782865548861e-16
1.38774227416988e-16
1.456247649977858e-16
1.35332499610203e-16
1.505640417833783e-16
1.335849781323087e-16
1.35198828011589e-16
1.41694974457716e-16
1.367467555426403e-16
1.512301044230694e-16
1.661855077842723e-16
1.831738800662392e-16
2.136116204391411e-16
2.129880716884609e-16
2.26573649550053e-16
1.985608694463534e-16
1.856941334425016e-16
2.399077810655274e-16
1.837519422461023e-16
1.563644581245249e-16
1.446026812778156e-16
1.636613578594924e-16
1.507578095179361e-16
1.40769856083362e-16
1.440096777308027e-16
1.300801542198625e-16
1.439125823156062e-16
1.378079770941783e-16
1.369766886566505e-16
1.436644426411662e-16
1.411278257151778e-16
1.296546399897379e-16
2.314401791534181e-16
1.479687671058906e-16
1.479754147210679e-16
1.543813300196603e-16
2.236994402408351e-16
1.846372951697796e-16
1.774832213185337e-16
2.036684601163645e-16
2.099891086191682e-16
2.156264268326391e-16
2.134196053341534e-16
1.889007002131651e-16
1.954733322033931e-16
1.781817560394109e-16
2.683270702102259e-16
1.987716132426159e-16
1.772829971663082e-16
2.322600378311795e-16
2.009616293583834e-16
2.420306421662331e-16
1.879231102812429e-16
1.590064080173155e-16
1.691362017202678e-16
1.81367693599945e-16
1.651514410423751e-16
1.568212256666088e-16
1.495476135364319e-16
1.631033741300943e-16
1.729613491777032e-16
1.842299264939095e-16
1.668477318588647e-16
2.396491163225385e-16
1.652327067560597e-16
1.643569633392481e-16
1.442805113396961e-16
1.379440713955318e-16
1.30615379984689e-16
1.398106282486102e-16
1.291901196311123e-16
1.326497601480316e-16
1.410126742021012e-16
2.162710054354754e-16
1.796451165510889e-16
2.050928325916961e-16
1.719135891500157e-16
2.036596619381729e-16
1.862586586345336e-16
1.658307653722361e-16
1.614334655927133e-16
1.415832197493528e-16
1.603568318985566e-16
1.315286422978476e-16
1.389914365743696e-16
1.38569486678489e-16
1.381279695358588e-16
1.372420114971933e-16
2.590289518111817e-16
1.662028195970464e-16
1.712517810819249e-16
1.736520740890662e-16
2.266030628555366e-16
1.904492000692416e-16
1.898240750949295e-16
1.849995462145605e-16
1.794530488711482e-16
1.417948496248693e-16
1.627147651862279e-16
2.586254246649762e-16
1.737878231435506e-16
1.727905200825044e-16
1.645871879141168e-16
2.230177961624167e-16
1.658044470244798e-16
1.489450745538275e-16
1.570954124999974e-16
2.238077752358459e-16
1.889429065073849e-16
1.722402749562534e-16
1.925490826836743e-16
1.776309739007713e-16
1.487898823867079e-16
2.157674331142244e-16
1.881135208458816e-16
2.078405289016598e-16
2.055817338248872e-16
1.905878514229532e-16
1.773900207025199e-16
1.551720252037998e-16
1.573513502616848e-16
1.464751711101944e-16
1.590249800390412e-16
1.696477344189743e-16
1.765276517340825e-16
2.650295117954135e-16
2.070542913062975e-16
2.227090029070792e-16
2.071146893964986e-16
1.908730136479405e-16
2.42994074667613e-16
2.175101554686906e-16
1.98132663424399e-16
1.841592745391249e-16
1.485254706553794e-16
1.55004742351475e-16
1.540651997665357e-16
1.598008645924305e-16
1.365089094345863e-16
2.374277987108999e-16
1.652358751643671e-16
1.793418381999932e-16
1.946077398558615e-16
1.735921467375006e-16
1.596454436044736e-16
1.538032971113711e-16
1.5922910472527e-16
1.693194706982372e-16
1.618107273500532e-16
1.355297861579351e-16
1.314359494895522e-16
1.254327247126392e-16
1.342784309675908e-16
1.394056084251836e-16
1.421481352989823e-16
2.199625669929418e-16
1.818232903793851e-16
1.752791643548967e-16
2.090849748193486e-16
1.633697991436386e-16
1.44149680235552e-16
1.588511364307408e-16
1.434077245627972e-16
1.490366433232588e-16
1.666983036648013e-16
1.520898891049392e-16
1.72217117485459e-16
2.008733807119915e-16
2.523882345655465e-16
2.209012201125596e-16
2.255650018693865e-16
2.166436980239932e-16
2.303513995469184e-16
2.220216022674017e-16
2.34595211164977e-16
2.12005718756284e-16
2.596538024202284e-16
2.170342479765356e-16
1.968363105336893e-16
1.736835638905551e-16
1.662455733548801e-16
1.626567839227484e-16
1.524385926220397e-16
1.460340403953568e-16
1.395383397348579e-16
1.382806412628137e-16
1.152683482520408e-16
1.601020516014098e-16
1.514444577095114e-16
1.431949258166718e-16
2.175421510336024e-16
1.753557172449965e-16
1.952018759583789e-16
1.772505675913402e-16
1.510838641519825e-16
1.394865573683561e-16
1.297632857063751e-16
1.478637679637157e-16
1.417130707112925e-16
2.441720079038134e-16
1.768718701025562e-16
1.651214543864427e-16
1.940967156641833e-16
1.805559861122007e-16
2.129470806381581e-16
2.544590741167687e-16
2.202064983014863e-16
2.204732975046947e-16
2.275382950094704e-16
1.917730968647982e-16
3.115708976153502e-16
1.94547299980058e-16
2.481965141731755e-16
1.967597578022749e-16
2.187889772234263e-16
1.823606461925981e-16
1.635812522506572e-16
1.488174068677279e-16
1.406635740347972e-16
1.563546928256166e-16
2.628198264877048e-16
1.762948802615847e-16
1.466943118325051e-16
1.416827948297722e-16
1.528539016584553e-16
1.698632994467822e-16
1.976525342018728e-16
2.056390345248124e-16
1.974561949230077e-16
2.249230186465932e-16
1.883134381346367e-16
1.652617357205509e-16
1.437729541559844e-16
1.408166519827293e-16
1.421005095939653e-16
1.381424612373277e-16
1.385606955783652e-16
1.420656959905789e-16
1.435149008796468e-16
2.317567067963969e-16
1.788203961144738e-16
1.689264420172992e-16
1.853867592047736e-16
2.16921597407169e-16
2.266859638437933e-16
1.924040197329632e-16
2.406768700629941e-16
1.825023754017207e-16
1.503448183274843e-16
1.293712396029168e-16
1.36625423226331e-16
1.262059780619701e-16
1.318226972095104e-16
1.327968652667152e-16
1.284562996715387e-16
1.306133761751233e-16
1.705384566925204e-16
1.521932464091772e-16
1.674284777447262e-16
2.018517928200826e-16
1.704296028495073e-16
1.864616269043395e-16
1.377271814392351e-16
1.321767795629855e-16
1.39431513756129e-16
1.31545400674031e-16
1.384252669287852e-16
1.325329189853785e-16
1.459424161017038e-16
1.444567330131012e-16
1.731072950142848e-16
1.760734304902403e-16
1.649037874667015e-16
1.98660043112856e-16
1.817515954416508e-16
1.662500125862228e-16
1.481010810332011e-16
1.478458307189977e-16
1.445377092239477e-16
1.405064488213853e-16
1.485495173021333e-16
1.630505579313858e-16
1.310176902639052e-16
1.490451386564949e-16
1.463519821990648e-16
1.587136881587566e-16
1.737628668394502e-16
1.838187511562727e-16
2.44356702393169e-16
1.946079958763184e-16
2.289726779211807e-16
1.765083471909779e-16
1.656889684605072e-16
2.17560962872788e-16
2.287610379544548e-16
2.195939806609686e-16
1.926932024809875e-16
2.205192017204888e-16
2.198868670914514e-16
2.237248324601872e-16
1.973191185215126e-16
2.362480170704367e-16
1.785867738007846e-16
1.57684608574652e-16
1.613308923508163e-16
1.649058283743199e-16
1.702471217231584e-16
2.074702192342503e-16
1.981168344193673e-16
1.923588031119088e-16
2.105831953177889e-16
2.334573859069206e-16
2.597824894860347e-16
2.223152268497352e-16
2.338163110040291e-16
2.059740587834948e-16
2.039842968795127e-16
2.081067176051634e-16
2.699777672574824e-16
1.897848141021611e-16
2.354085414743294e-16
2.04251859028825e-16
2.040828401891741e-16
1.760198029302589e-16
1.530046452367303e-16
1.427942293598839e-16
1.484209987944335e-16
1.379608343271158e-16
1.294484371710223e-16
1.327113180306663e-16
1.451722745066311e-16
1.375243016833014e-16
2.452931815886822e-16
1.668563915304538e-16
1.623111367204766e-16
1.911941872132e-16
1.625965831763986e-16
1.42590765124994e-16
1.546255723670559e-16
1.250843260018476e-16
1.426876960111005e-16
1.333307856693031e-16
1.539624928922782e-16
1.334085359323499e-16
1.337565548788692e-16
1.358354460150788e-16
1.419225069581647e-16
1.337708864292435e-16
1.471137599066686e-16
1.508329882732674e-16
1.421057938880096e-16
1.395705156903572e-16
1.64084647746463e-16
1.638493929091619e-16
1.560072073380131e-16
2.1795120088886e-16
1.895373056418382e-16
2.160888120264589e-16
2.06814589839658e-16
2.143178287051146e-16
2.093042228597172e-16
2.138075820564451e-16
2.054656158437682e-16
2.12873505471531e-16
2.183449671543851e-16
2.459242755543316e-16
2.043595908968169e-16
2.022853301313834e-16
1.995320310298547e-16
2.009269463832494e-16
1.702975022419457e-16
1.542001717742116e-16
1.436296591137889e-16
1.394765539137183e-16
1.442133612232499e-16
1.436208820239282e-16
1.70223023537196e-16
1.825112915619397e-16
1.729610584853315e-16
1.58338800417535e-16
1.595638321452634e-16
1.86302195106216e-16
1.480608539080641e-16
1.418259509364369e-16
1.399647166788627e-16
1.439900667744413e-16
1.433930680008656e-16
1.503503369688931e-16
1.757169956594716e-16
1.544138606489805e-16
1.4580198919318e-16
1.494992238365981e-16
1.360883164243859e-16
1.625510104077793e-16
1.384283983046307e-16
1.424235826602973e-16
1.458495340245846e-16
1.445137506230339e-16
1.478071134400106e-16
2.220204840817783e-16
1.929241796714852e-16
2.059357217768909e-16
1.912253908444794e-16
1.899487761382726e-16
1.644221110084655e-16
2.345255846808023e-16
1.910888083546856e-16
2.234554110451357e-16
1.802935559180736e-16
2.264453267147048e-16
1.870911413833609e-16
1.53656803005587e-16
1.566032199098966e-16
1.734313389365662e-16
2.707055115861896e-16
2.140882687190822e-16
2.569470382047904e-16
2.127152651761904e-16
2.447577330076776e-16
1.912425827451812e-16
1.862589174499726e-16
2.031354420587838e-16
2.181237575672072e-16
1.820172617035293e-16
1.642405387028363e-16
2.520682994278855e-16
1.894883182200353e-16
1.634599134691652e-16
1.511569466892475e-16
1.333408290064415e-16
1.513295139288149e-16
1.510155958293711e-16
2.689644799681368e-16
1.782905012372702e-16
1.615982309561402e-16
1.601081369893032e-16
1.493339338035493e-16
2.241313469248003e-16
2.054126489941691e-16
2.063287644580346e-16
1.874158849911331e-16
1.903351705056501e-16
1.885017534891983e-16
1.819235286190708e-16
1.594761756723411e-16
1.434061023687303e-16
1.507410277260343e-16
1.649460294057049e-16
1.461338125109387e-16
1.381692602514441e-16
1.442899053267791e-16
1.418940803418831e-16
1.655653881514976e-16
1.31560283150059e-16
1.706488779658704e-16
1.483459237638624e-16
1.555284422185325e-16
1.657090188635171e-16
1.408262023035298e-16
1.372703830315229e-16
1.507531122999638e-16
2.176504401687623e-16
1.801871048446967e-16
2.030716152477452e-16
1.843127340745102e-16
1.498646724475725e-16
1.587786851254756e-16
1.645390043295321e-16
1.61871718518193e-16
1.475173464632298e-16
1.491992011690306e-16
1.445845584426961e-16
1.217778723151689e-16
1.249851390314227e-16
1.326502482540446e-16
1.437075782760201e-16
1.520290014336104e-16
1.358522604432749e-16
1.399507053248008e-16
1.660738413010083e-16
1.678786777743289e-16
1.745540740139354e-16
1.7522429076887e-16
1.674634507987751e-16
1.730868828579366e-16
1.532773922539663e-16
1.547871233134621e-16
1.75226726770852e-16
1.671184144225764e-16
1.740032661383033e-16
1.932595734459934e-16
1.823388324804551e-16
1.880263923711384e-16
1.80424506042606e-16
1.943149361517632e-16
2.183740466519206e-16
1.965421757851867e-16
2.066767432331324e-16
1.949188991868901e-16
2.304897478070209e-16
1.875348072215609e-16
1.534407769574794e-16
1.48350952093267e-16
1.70292594380275e-16
1.419896954556177e-16
1.703972116053841e-16
1.430596844338972e-16
1.60516630009056e-16
1.518066494374785e-16
1.700183848223052e-16
1.783748776236116e-16
1.955266742639333e-16
2.774984359008008e-16
1.856769362782158e-16
1.704690218886953e-16
2.314195216375491e-16
1.817645067192154e-16
1.977726504039941e-16
2.094001704672171e-16
1.87562935861791e-16
2.311840472798666e-16
1.964931880583085e-16
2.235664985882798e-16
1.988744929591806e-16
2.218234419195384e-16
1.920915832075722e-16
2.06948027498028e-16
2.022086202360905e-16
2.329339897126075e-16
1.929052749434559e-16
2.329456036785902e-16
1.933437522815475e-16
1.567972201080862e-16
1.568402377365502e-16
1.680880233781993e-16
1.766388673132428e-16
1.650946109507666e-16
1.883092827457273e-16
2.10442212062824e-16
1.898032213583518e-16
1.667186889859558e-16
1.609988165627555e-16
1.504596128623355e-16
1.389873363760127e-16
1.478217714302013e-16
1.624342022362059e-16
1.496519404132287e-16
1.396444035970324e-16
1.488400661863186e-16
1.526347934188085e-16
1.648860287595124e-16
1.776588270147352e-16
2.0528868232076e-16
2.080889189214224e-16
1.74496072895628e-16
1.563560895293941e-16
1.478072571151106e-16
1.48767576767978e-16
1.419757621667262e-16
1.415314918554753e-16
1.384652888837512e-16
1.44553517129705e-16
1.410010483156833e-16
1.560710946766232e-16
1.51075647622414e-16
1.816792441044434e-16
1.185523949305338e-16
1.423708088671393e-16
1.512189266572756e-16
1.729608428642737e-16
1.968921135232025e-16
2.17204404438771e-16
1.830246635553306e-16
1.434750918085861e-16
1.390570152049435e-16
1.429715517199075e-16
1.377619398210066e-16
1.283003843643673e-16
1.435512733498791e-16
1.526160385915686e-16
1.558268995778836e-16
2.319770224360844e-16
2.014076071902547e-16
1.97256174452868e-16
2.242456760773555e-16
2.066497946617732e-16
2.239409330322702e-16
1.786132766385879e-16
1.596744263568719e-16
1.348648991888916e-16
1.386791845822011e-16
1.337746955493905e-16
1.662268590482999e-16
1.62215651709671e-16
1.518153675548759e-16
1.576753093943535e-16
1.559658934652038e-16
1.690853737904968e-16
1.935173393808003e-16
1.664921018243792e-16
1.656647704407327e-16
1.636150682680291e-16
1.407707314318508e-16
1.358250621051782e-16
1.392355175635793e-16
1.506084867598048e-16
1.347533708380214e-16
1.545536506336847e-16
1.636710661678681e-16
1.720761070753968e-16
1.481367480738167e-16
1.39005433115902e-16
1.475817105744995e-16
1.390605444687013e-16
1.461545048350522e-16
1.706720469242184e-16
1.618483414581151e-16
1.732761641268472e-16
2.217076613023834e-16
2.289760573575434e-16
1.746596736959104e-16
2.26248117117819e-16
1.855996634531522e-16
1.518929106561045e-16
1.601509328428813e-16
1.591674815486807e-16
2.62650718129074e-16
1.598957097157918e-16
1.341302399375371e-16
1.536879402279778e-16
1.505107911776981e-16
1.39560143871175e-16
1.559294337376139e-16
1.481037777163918e-16
1.420870626748108e-16
1.424704793044686e-16
1.535090824312555e-16
1.617655370827445e-16
1.624751834910005e-16
1.698367466108446e-16
1.832586047197264e-16
1.97967091349155e-16
2.29591146526856e-16
1.775952134182861e-16
2.475455057401152e-16
1.972558691598346e-16
2.480712262614312e-16
1.650839128643028e-16
1.376364667615157e-16
1.395036450625475e-16
1.3331266338359e-16
1.381342901683488e-16
1.336066075812645e-16
1.533202026363727e-16
2.517840488250002e-16
1.710753613519823e-16
1.477832748369404e-16
2.504909709913244e-16
1.797328195878727e-16
1.56072496942821e-16
1.664857406259029e-16
2.146209009061188e-16
2.1718016442228e-16
1.904287489190575e-16
1.713469156248007e-16
1.784339745817095e-16
1.74285983479317e-16
1.62617405759179e-16
2.662230593424019e-16
2.115397808938522e-16
1.739993514329366e-16
2.34921818545946e-16
1.972463016145273e-16
2.196435691198287e-16
2.549337533980444e-16
1.96020495625007e-16
1.788994250167491e-16
1.532419764013675e-16
1.480892751437543e-16
1.37720547844205e-16
1.354459465686986e-16
1.344848567645371e-16
1.427612088723663e-16
1.476234576804876e-16
2.357664128050418e-16
1.762325506357227e-16
1.60868931143546e-16
1.481794549069492e-16
1.502131769979503e-16
1.376341508477288e-16
1.37682251755416e-16
1.65649012235122e-16
1.457018444372614e-16
1.233923184576789e-16
1.202064370458666e-16
1.301969933930827e-16
0
