0.05
-nan
5.751024336439551
3.351715152101635
1.874722088283093
1.20982498508813
0.889630451684036
0.6931066642733503
0.5520671345069434
0.4448771937366606
0.3613642016910651
0.2952041287594067
0.2421061482348815
0.1990758080027964
0.163968835105667
0.1351997451244276
0.1115577899933586
0.09209386440371534
0.07605032613473507
0.06281533882829528
0.05189119202874269
0.04287104260175252
0.03542118708688208
0.02926724541012558
0.02418323326328456
0.01998281720249978
0.01651224722032282
0.01364460106650282
0.01127507186563437
0.009317097055797342
0.007699172177916996
0.006362225257476736
0.005257451484377281
0.004344526518366398
0.003590131611920649
0.002966735762148233
0.002451589878250756
0.002025895926526037
0.001674120540097767
0.001383427932889041
0.001143211357101944
0.00094470596607443
0.0007806689305356931
0.0006451151197201314
0.0005330986920948908
0.000440532619318737
0.0003640395535943303
0.0003008285938717417
0.0002485934524694897
0.0002054283052854662
0.0001697582544931398
0.0001402818661054012
0.0001159236855516466
9.579499858990944e-05
7.916140577873636e-05
6.541602736928586e-05
5.405736092818173e-05
4.467098377453599e-05
3.691443260510309e-05
3.05047086129515e-05
2.520795220242706e-05
2.083091057144285e-05
1.721388684497247e-05
1.422491350629905e-05
1.17549375397816e-05
9.713841613692164e-06
8.027156135585287e-06
6.633342217863745e-06
5.481546423484345e-06
4.529745371300532e-06
3.743212508456988e-06
3.093251108162684e-06
2.556147266643577e-06
2.112304699004129e-06
1.745529766985253e-06
1.442440652409215e-06
1.191979120240917e-06
9.850070579586397e-07
8.139730702844468e-07
6.72636966230614e-07
5.558420847827775e-07
4.59327153792629e-07
3.795708169106446e-07
3.136631567678411e-07
2.591995262408261e-07
2.141928146917037e-07
1.770009479640502e-07
1.462669773934128e-07
1.208695711492715e-07
9.988210250542344e-08
8.253884171248808e-08
6.82070182664071e-08
5.636373433149351e-08
4.657688645642066e-08
3.848940062048527e-08
3.180620418893718e-08
2.628346006214061e-08
2.171967043547381e-08
1.794832505414365e-08
1.483182596214382e-08
1.225646743817289e-08
1.012828725299215e-08
8.369638580736615e-09
6.916356957205877e-09
5.715419245627533e-09
4.723009131621278e-09
3.9029184430789e-09
3.22522616667612e-09
2.665206543463205e-09
2.202427203420099e-09
1.820003620321908e-09
1.503983030008049e-09
1.242835464253795e-09
1.027032874772667e-09
8.487016518680245e-10
7.01335382202491e-10
5.795574030661702e-10
4.789245750742979e-10
3.957653883546435e-10
3.270457846101835e-10
2.70258442097325e-10
2.233315034005669e-10
1.845528269685412e-10
1.525075770675072e-10
1.260265713917876e-10
1.041436653199863e-10
8.606047685535683e-11
7.111718142776683e-11
5.87685374143015e-11
4.856415311309607e-11
4.013156903123747e-11
3.31632193541327e-11
2.740486522242918e-11
2.264637737368655e-11
1.871413004001255e-11
1.546466093981929e-11
1.277938340337818e-11
1.056041677438076e-11
8.726736090081393e-12
7.211444088420925e-12
5.959279893991232e-12
4.924498451570008e-12
4.069399687669469e-12
3.362791961989426e-12
2.778903228525424e-12
2.296415266248727e-12
1.897678660903684e-12
1.568165499203828e-12
1.29589219141031e-12
1.070899457602983e-12
8.849445573180188e-13
7.31296097231083e-13
6.043376892420999e-13
4.993899326862917e-13
4.126611848110597e-13
3.410274285151757e-13
2.818014981565631e-13
2.328862761436884e-13
1.92420332889522e-13
1.590230748999729e-13
1.314218293251242e-13
1.085936633914822e-13
8.973182817213173e-14
7.414929966511275e-14
6.122405216025975e-14
5.059680967871404e-14
4.182982086632323e-14
3.456079651420755e-14
2.855072277552924e-14
2.356958242848685e-14
1.950258456911535e-14
1.609703058048205e-14
1.332042181472729e-14
1.09915813337663e-14
9.068984858423819e-15
7.470415776166633e-15
6.189639089041324e-15
5.123666613543557e-15
4.2738549992846e-15
3.556680697514115e-15
2.898961087153833e-15
2.452479248196428e-15
1.986969080221538e-15
1.648031091248523e-15
1.363463887531548e-15
1.149461789002226e-15
9.817069306600739e-16
7.880211049070525e-16
6.860178337390505e-16
6.045223663607617e-16
5.298296306935478e-16
4.614319933568897e-16
3.955854377733923e-16
3.994586060058733e-16
3.952717258416839e-16
3.433479988212608e-16
-nan
2.061226139408623e-16
2.885906054173007e-16
2.457250214922073e-16
1.651890435407834e-16
1.230701301516333e-16
2.68212800582964e-16
-nan
-nan
-nan
2.227487418548465e-16
8.357595410317189e-17
