0.05
-nan
4.291826822934913
2.591364353235556
1.673776949604251
1.17877911059137
0.8770128506200062
0.6760070645952513
0.533291341894517
0.4271108730644391
0.3454363068279081
0.2811569600729471
0.2297860048507846
0.1883119716509411
0.1546024698010436
0.1270814717424691
0.1045458904608629
0.08605559184489855
0.0708637244323807
0.05837018484988943
0.048089002801231
0.0396245269500457
0.03265345825380219
0.02691095265984979
0.02217967253087072
0.01828104683373907
0.01506822923679702
0.01242038706607339
0.01023804835535811
0.008439298751362742
0.006956665979848422
0.005734563432507877
0.004727190086633874
0.003896803835643101
0.003212300948838891
0.002648046842980268
0.002182913369955018
0.001799485934996653
0.001483410353955782
0.001222854737957161
0.00100806609398261
0.0008310049355894152
0.0006850441566744962
0.0005647208515351932
0.0004655317623973961
0.0003837646790044492
0.000316359467322543
0.0002607935178256939
0.0002149873206968781
0.0001772266304719899
0.0001460983047840588
0.0001204374144481822
9.928364449986537e-05
8.184535386792323e-05
6.746994821548477e-05
5.561945690344241e-05
4.585039989039055e-05
3.779719099452774e-05
3.115845633240348e-05
2.56857558714541e-05
2.117428598792822e-05
1.745521506730853e-05
1.438936530781481e-05
1.186200427161511e-05
9.778551261512618e-06
8.061037839700518e-06
6.645190028299735e-06
5.478022996991721e-06
4.515858223989224e-06
3.722688925552153e-06
3.068832583687063e-06
2.529820145826672e-06
2.085480326151778e-06
1.719184742081657e-06
1.417225635028975e-06
1.168302889518593e-06
9.631011523926009e-07
7.939412274115243e-07
6.544926991249551e-07
5.39537031863079e-07
4.447722781860271e-07
3.666520883247499e-07
3.022529966270125e-07
2.491650174123575e-07
2.054014570782863e-07
1.693245665399567e-07
1.395842524523501e-07
1.150675530022756e-07
9.485698796240969e-08
7.819622407731513e-08
6.446177126898361e-08
5.313964969901892e-08
4.380615541131808e-08
3.611200418993737e-08
2.976926040535948e-08
2.454056165675812e-08
2.023023607494311e-08
1.667697980964961e-08
1.374782054494141e-08
1.133314137445099e-08
9.342578589132464e-09
7.701639906659538e-09
6.348917184230348e-09
5.233787876753389e-09
4.314520797993386e-09
3.556714582433681e-09
2.932010109919152e-09
2.417029280892812e-09
1.992500135795638e-09
1.642535645803565e-09
1.354039254677923e-09
1.116214608440019e-09
9.201616563163816e-10
7.585436302700793e-10
6.253123743436381e-10
5.154819557082337e-10
4.249422243217313e-10
3.503050453193605e-10
2.887771774998794e-10
2.380560876890398e-10
1.962436732079644e-10
1.617752179955686e-10
1.333608335249869e-10
1.099371442061997e-10
9.062764235965925e-11
7.47096653721047e-11
6.158762336629345e-11
5.077030008919638e-11
4.185294436532672e-11
3.450181981241079e-11
2.844185000901044e-11
2.344629366159336e-11
1.932817016985643e-11
1.593339235615105e-11
1.313484401576947e-11
1.082780051836058e-11
8.925974073995943e-12
7.358171117852999e-12
6.065750520699425e-12
5.000349265563855e-12
4.12204736030726e-12
3.398030827541512e-12
2.801140303089535e-12
2.309120355782652e-12
1.903513604696695e-12
1.569180515354478e-12
1.293589044862058e-12
1.066391497316326e-12
8.790576223865865e-13
7.246226590164305e-13
5.973675766978159e-13
4.924074282146665e-13
4.059298967689461e-13
3.346018099183887e-13
2.7582053524979e-13
2.2737917996548e-13
1.874295776040795e-13
1.54504807794444e-13
1.27329315856566e-13
1.049264759633363e-13
8.649709320896471e-14
7.129879969415312e-14
5.876159778493979e-14
4.844025879697565e-14
3.99546217053628e-14
3.290297159551611e-14
2.716397464866511e-14
2.238807473233311e-14
1.841374324164296e-14
1.518587591423287e-14
1.250784055922252e-14
1.028666028457892e-14
8.467064713369063e-15
6.96435447692208e-15
5.783058342342041e-15
4.72595515422278e-15
3.869097005766394e-15
3.221829856603007e-15
2.664051018341949e-15
2.214609652710643e-15
1.789281159346104e-15
1.452094296485015e-15
1.154017599145263e-15
9.090568883111916e-16
7.827960511108465e-16
5.843228853695776e-16
4.971261137655255e-16
4.386901525710726e-16
3.415035534895245e-16
2.171076514063573e-16
2.863021118118411e-16
2.619022056178411e-16
2.553817087406642e-16
1.065229817225338e-16
1.880175631399369e-16
1.671763954683163e-16
2.413034351796744e-16
1.780478055063478e-16
2.260248981353971e-16
1.341819412909215e-16
2.204518343357279e-16
2.060159188441814e-16
2.12535807757175e-16
1.771486848582813e-16
1.69781348489663e-16
1.380219496294586e-16
1.446628376113793e-16
1.671231555639305e-16
1.572217104955455e-16
9.301319050141571e-17
