0.05
87.10729552889418
14.66371288435193
3.803711039578634
2.479900229879376
2.001355130162055
1.677849044398225
1.43248821256224
1.237897877915245
1.079402312358566
0.9478465486140615
0.8370500532449002
0.7426337436923538
0.6613890617207084
0.5909044944440666
0.5293300118078885
0.4752215615179403
0.4274348046799237
0.3850505152425436
0.3473210717359627
0.3136314026619744
0.2834700647903104
0.2564075575591057
0.2320798833904454
0.2101759589349156
0.1904278833005403
0.172603345482422
0.156499646843202
0.1419389523046297
0.1287644832071295
0.1168374370742829
0.1060344725832386
0.09624563727979785
0.08737264477047657
0.07932742996201168
0.07203092733449837
0.06541202962973278
0.05940669373645385
0.05395716771313021
0.04901131836466098
0.04452204299634937
0.04044675221605234
0.03674691317506199
0.03338764460381387
0.03033735654084555
0.02756742887140761
0.02505192376045288
0.02276732784019358
0.02069232063815891
0.01880756624061721
0.01709552560354138
0.01554028726830049
0.0141274145268454
0.01284380732281139
0.01167757737963243
0.01061793522137717
0.009655087902084422
0.008780146389145241
0.007985041659211239
0.007262448663891735
0.006605717409358587
0.006008810470660172
0.005466246329520299
0.004973047984851226
0.004524696339130013
0.004117087912011467
0.003746496475765233
0.003409538245930327
0.003103140295482542
0.002824511892239972
0.002571118487575703
0.002340658110087765
0.002131039940986103
0.001940364868846723
0.001766907840282568
0.001609101840183596
0.001465523350664323
0.001334879151886061
0.001215994340629477
0.001107801454013199
0.001009330596196136
0.0009197004753696709
0.000838110266931439
0.0007638322265198082
0.000696204983651961
0.0006346274531154974
0.0005785533070778108
0.0005274859561502677
0.0004809739924319042
0.0004386070518972721
0.0004000120574359377
0.0003648498074250959
0.0003328118779623186
0.0003036178098302642
0.0002770125539374831
0.0002527641514048544
0.0002306616266678608
0.0002105130739631133
0.0001921439193800926
0.0001753953423044115
0.0001601228415724451
0.0001461949330124102
0.0001334919662767663
0.0001219050499874811
0.0001113350752287464
0.000101691828341743
9.289318480958262e-05
8.486437677948407e-05
7.753732745580692e-05
7.085004622145695e-05
6.474607891257424e-05
5.91740081839698e-05
5.408699937066239e-05
4.944238767327177e-05
4.520130288022135e-05
4.132832818769001e-05
3.779118999570494e-05
3.456047584534539e-05
3.160937792356957e-05
2.891345979862877e-05
2.645044426362768e-05
2.420002036178309e-05
2.214366784269317e-05
2.026449746120553e-05
1.854710567454742e-05
1.697744242806562e-05
1.554269083779998e-05
1.423115768919894e-05
1.303217376914625e-05
1.193600313909248e-05
1.093376053848273e-05
1.001733618184024e-05
9.179327280439784e-06
8.412975680269218e-06
7.712111063778288e-06
7.071099213314487e-06
6.484794879585148e-06
5.948498840815093e-06
5.457918775227074e-06
5.009133604033472e-06
4.598560993948666e-06
4.222927735396346e-06
3.879242739196537e-06
3.564772417723973e-06
3.277018237279221e-06
3.013696248804309e-06
2.772718420014167e-06
2.552175609842424e-06
2.35032203907254e-06
2.165561124850941e-06
1.996432559007261e-06
1.841600520251002e-06
1.699842920958405e-06
1.570041597797649e-06
1.451173363466704e-06
1.342301844462276e-06
1.242570036631163e-06
1.151193515466417e-06
1.067454244440337e-06
9.906949291247707e-07
9.203138692138704e-07
8.557602645985522e-07
7.965299354455288e-07
7.421614190756085e-07
6.922324098662971e-07
6.463565102948278e-07
6.041802650345623e-07
5.653804508194804e-07
5.296615984049891e-07
4.9675372368042e-07
4.664102480697888e-07
4.384060899653677e-07
4.125359101508177e-07
3.886124967307174e-07
3.664652762981964e-07
3.459389396789336e-07
3.268921722211937e-07
3.091964793079857e-07
2.927350997618697e-07
2.774020000987225e-07
2.631009440399292e-07
2.497446314742876e-07
2.372539031355818e-07
2.255570061069897e-07
2.145889170376082e-07
2.042907188614069e-07
1.946090284112538e-07
1.854954716024387e-07
1.769062030521288e-07
1.688014674945409e-07
1.611451999836689e-07
1.539046623846632e-07
1.470501133869482e-07
1.405545098015296e-07
1.34393236135724e-07
1.285438608843492e-07
1.229859165925477e-07
1.177007022894317e-07
1.126711057450643e-07
1.078814440194152e-07
1.033173206829921e-07
9.896549771604411e-08
9.481378104318611e-08
9.085091817480108e-08
8.706650658266814e-08
8.345091188580218e-08
7.999519501122557e-08
7.669104674510352e-08
7.35307294793829e-08
7.050702524363785e-08
6.761318904708681e-08
6.484290735635908e-08
6.219026068380886e-08
5.964969038846672e-08
5.72159688775101e-08
5.488417252769491e-08
5.264965782353127e-08
5.050803962135046e-08
4.845517167503268e-08
4.648712892068797e-08
4.46001917451467e-08
4.27908315320334e-08
4.105569764135328e-08
3.939160551108653e-08
3.779552602918765e-08
3.626457553329722e-08
3.479600698121331e-08
3.338720170899234e-08
3.203566170967999e-08
3.073900302923629e-08
2.94949491060191e-08
2.830132502718687e-08
2.715605204134416e-08
2.605714245593395e-08
2.500269498585856e-08
2.399089037799151e-08
2.301998725360926e-08
2.208831839347032e-08
2.119428726320829e-08
2.03363642593106e-08
1.951308412569079e-08
1.872304258867266e-08
1.796489361041367e-08
1.723734708963295e-08
1.653916590758457e-08
1.586916390850864e-08
1.522620358362165e-08
1.460919392919385e-08
1.401708838851742e-08
1.344888309879511e-08
1.290361498177147e-08
1.238036002595274e-08
1.187823166778429e-08
1.139637922622731e-08
1.093398640025915e-08
1.049026976597775e-08
1.00644776385719e-08
9.65588854792883e-09
9.26381009259952e-09
8.887577673406174e-09
8.526553537175628e-09
8.180125544547693e-09
7.847706085828193e-09
7.528731208629899e-09
7.222659668292952e-09
6.928971840780929e-09
6.647168999112831e-09
6.376772480728493e-09
6.117322843995592e-09
5.868379020123022e-09
5.629517640312822e-09
5.40033237699942e-09
5.18043318739984e-09
4.969445719300981e-09
4.767010539160886e-09
4.57278278225102e-09
4.386431316291598e-09
4.207638334923329e-09
4.036098801289752e-09
3.871519944826591e-09
3.713620704854016e-09
3.562131379772606e-09
3.416793017247983e-09
3.277357168371234e-09
3.143585305385485e-09
3.015248510555018e-09
2.892127040493913e-09
2.774009955271945e-09
2.660694947309264e-09
2.551987711490156e-09
2.447701820569513e-09
2.34765835686448e-09
2.251685541674418e-09
2.159618593224507e-09
2.071299281966633e-09
1.986575857443751e-09
1.905302529170743e-09
1.827339587035855e-09
1.752552813772916e-09
1.680813412869715e-09
1.611997839497393e-09
1.545987443028555e-09
1.482668462308478e-09
1.421931676439745e-09
1.363672267887892e-09
1.307789667092111e-09
1.254187368647094e-09
1.202772739974413e-09
1.153456907595884e-09
1.106154586871134e-09
1.060784001562966e-09
1.017266557118663e-09
9.755269457207611e-10
9.354928833993184e-10
8.970949751472424e-10
8.602666470437747e-10
8.249440326179132e-10
7.910658162474462e-10
7.585732592664632e-10
7.274098878868919e-10
6.975216031278987e-10
6.688564139321481e-10
6.413645652896149e-10
6.149981920225908e-10
5.897114551374884e-10
5.654603119771969e-10
5.422025226145629e-10
5.198975763157179e-10
4.985066152709918e-10
4.779923346204118e-10
4.583189373606682e-10
4.394521180403014e-10
4.213590096457403e-10
4.040079808687371e-10
3.873686679817814e-10
3.714120645262176e-10
3.561102141366528e-10
3.414364302003273e-10
3.273650219462383e-10
3.138713457518051e-10
3.009318007120954e-10
2.885236629223323e-10
2.766252456017695e-10
2.652156585312203e-10
2.542749631050736e-10
2.437839322528752e-10
2.337241580083554e-10
2.240780060470087e-10
2.148284960960707e-10
2.05959380725897e-10
1.974551365686318e-10
1.893007803205446e-10
1.814819202252583e-10
1.739848714122339e-10
1.667964381628583e-10
1.599039496369932e-10
1.532952881139324e-10
1.469588015408994e-10
1.4088329494196e-10
1.350580992951571e-10
1.294728665863103e-10
1.241178381573269e-10
1.189835282144079e-10
1.140608742995901e-10
1.093411670903068e-10
1.04816101056807e-10
1.004776442795546e-10
9.631814708045136e-11
9.233021910809655e-11
8.850689861561585e-11
8.484132595795516e-11
8.132710845021054e-11
7.795797721691505e-11
7.472791994944254e-11
7.163124782050018e-11
6.866248787995548e-11
6.581632800168804e-11
6.308774570949196e-11
6.04719226018407e-11
5.796416154383326e-11
5.556012927082818e-11
5.325547451301503e-11
5.104608936261255e-11
4.892810077166634e-11
4.689765774516009e-11
4.495124888316548e-11
4.308535248943135e-11
4.129664510419593e-11
3.95819659336094e-11
3.793825865890999e-11
3.636259983074085e-11
3.485212799125481e-11
3.340422492464762e-11
3.20163009235347e-11
3.068586814889204e-11
2.941050285610281e-11
2.818800873404656e-11
2.701613237594801e-11
2.589285724988943e-11
2.481614697639468e-11
2.378405601258461e-11
2.279476434776393e-11
2.184649240429642e-11
2.093756217235226e-11
2.006633456405799e-11
1.923118004743936e-11
1.843076749768119e-11
1.766358113845284e-11
1.692816937304631e-11
1.622328254359079e-11
1.554768433326073e-11
1.490011588557447e-11
1.427942462820445e-11
1.36845388666203e-11
1.311437807827242e-11
1.256789240315345e-11
1.204409307226994e-11
1.154204804284906e-11
1.106090078102608e-11
1.059976375402136e-11
1.015778636941875e-11
9.734219734825071e-12
9.328211623833988e-12
8.939129124866188e-12
8.566194855956565e-12
8.208829748308457e-12
7.866318430826818e-12
7.538000444332186e-12
7.223330622666235e-12
6.92179546111698e-12
6.632824294166223e-12
6.355840799972271e-12
6.090425570883561e-12
5.836052744947889e-12
5.592280515068579e-12
5.358658903354819e-12
5.134755836016625e-12
4.920171719873293e-12
4.714556684561868e-12
4.517518065897883e-12
4.328695467469337e-12
4.14768225537133e-12
3.974230254384194e-12
3.808030915271092e-12
3.648731305737383e-12
3.496151736505831e-12
3.349912566786103e-12
3.209751633249153e-12
3.0754657060589e-12
2.946761044614851e-12
2.823434479836365e-12
2.705246645353664e-12
2.592016298064093e-12
2.483479289577964e-12
2.379445093615205e-12
2.279769100700228e-12
2.184281546374908e-12
2.092798244015249e-12
2.00511893015279e-12
1.921098685603842e-12
1.840573579184547e-12
1.763429572791235e-12
1.689537380920701e-12
1.618688604313591e-12
1.550811081354463e-12
1.485789323085652e-12
1.423446573475163e-12
1.363734611429187e-12
1.3065410920205e-12
1.251719127764573e-12
1.199203052913088e-12
1.148861731169635e-12
1.100636663428949e-12
1.054465343907363e-12
1.010209509538213e-12
9.67805289227351e-13
9.271743317021938e-13
8.882354719933896e-13
8.509445155418575e-13
8.152120190609898e-13
7.809773531491751e-13
7.481677451465268e-13
7.167506301967934e-13
6.866175919844977e-13
6.577494846186277e-13
6.301135815103867e-13
6.036550603729452e-13
5.783027236480166e-13
5.53974047321833e-13
5.306900315444793e-13
5.083594535162326e-13
4.869859464433436e-13
4.66482668693396e-13
4.46876523925922e-13
4.280699627174616e-13
4.100513059371694e-13
3.927811383589476e-13
3.762355211201054e-13
3.603676165146211e-13
3.452024269477861e-13
3.306587523020454e-13
3.166720722069735e-13
3.033165424511564e-13
2.905680056273118e-13
2.783044404344092e-13
2.665961985634459e-13
2.553852434631092e-13
2.446406039298773e-13
2.343004434783519e-13
2.244062993948655e-13
2.149222843124383e-13
2.058605227700806e-13
1.972246130600308e-13
1.889231915972828e-13
1.809454493565336e-13
1.732855229360513e-13
1.659549327468623e-13
1.589167807375037e-13
1.522303420603893e-13
1.458089573450577e-13
1.3965396006601e-13
1.337018797706556e-13
1.280464849289234e-13
1.226408016268746e-13
1.174490981631804e-13
1.124716279571587e-13
1.077138137820678e-13
1.031465984584672e-13
9.874716751228367e-14
9.456742932729596e-14
9.058523636771093e-14
8.674232552908401e-14
8.306943879440389e-14
7.95583710035319e-14
7.619151263220272e-14
7.293121404156327e-14
6.98111304405089e-14
6.685205502579395e-14
6.402773800599641e-14
6.130759504099304e-14
5.874307136465827e-14
5.625711045104414e-14
5.385435907024549e-14
5.156396384558181e-14
4.935630994223541e-14
4.728573746112803e-14
4.528808885428548e-14
4.337103441377184e-14
4.15082863198669e-14
3.973399011021549e-14
3.803443400307346e-14
3.640548861394117e-14
3.486281141523545e-14
3.336503049365885e-14
3.196641690378143e-14
3.059843243719395e-14
2.928998339763175e-14
2.802842192823459e-14
2.684578658701469e-14
2.572223642327775e-14
2.460179859203402e-14
2.356900993164876e-14
2.255171812056431e-14
2.158679218601069e-14
2.068890742569335e-14
1.979139241471664e-14
1.895096817183001e-14
1.808844707076003e-14
1.728568002949249e-14
1.653878904024425e-14
1.581567583362081e-14
1.517453596897148e-14
1.453971432319643e-14
1.393678964637001e-14
1.331083304841979e-14
1.27616921553495e-14
1.219172372060116e-14
1.164888249859364e-14
1.11352297937867e-14
1.069088693277372e-14
1.02439857554314e-14
9.854714357963569e-15
9.403297269804467e-15
8.991216247698123e-15
8.569586286358344e-15
8.195469250709834e-15
7.853467173024887e-15
7.464933136002467e-15
7.133335252162734e-15
6.815286709447618e-15
6.552002150405376e-15
6.270518493596985e-15
5.93824073479564e-15
5.654516609478824e-15
5.387173547348587e-15
5.153575496946223e-15
4.940671304937463e-15
4.70943512934503e-15
4.475921088035385e-15
4.270277272739307e-15
4.113152083041776e-15
3.914643243744753e-15
3.735439343150796e-15
3.545812954794977e-15
3.417780095759266e-15
3.248950251739609e-15
3.105776695431573e-15
2.99436145559687e-15
2.883754868340081e-15
2.782932936047292e-15
2.647658393174997e-15
2.532252773768105e-15
2.430554362035648e-15
2.339373299283152e-15
2.254334003686566e-15
2.161599566540935e-15
2.082920056491242e-15
2.026132576009138e-15
1.972140331035589e-15
1.910289979761277e-15
1.811517075103747e-15
1.734382709347305e-15
1.641277910031882e-15
1.583594399807597e-15
1.511683746057323e-15
1.445286450560873e-15
1.377967945747224e-15
1.324661846636036e-15
1.243652636171185e-15
1.209664100586226e-15
1.145760176837694e-15
1.116054535395185e-15
1.031553604875771e-15
9.619590199795556e-16
9.123399191263627e-16
9.355739008190074e-16
8.525009884056397e-16
7.952817643162803e-16
7.234825883063489e-16
6.615660094182208e-16
6.26651914436537e-16
5.958140485313142e-16
5.71475148078048e-16
5.183346265984091e-16
4.787499018193867e-16
4.067503206396478e-16
4.0951476301223e-16
3.249355154436788e-16
2.70708227215993e-16
2.257362789745969e-16
1.944329858451926e-16
1.724060996252721e-16
1.429225466331815e-16
1.326280584352893e-16
1.136539613189669e-16
1.070735940405422e-16
9.328003863404359e-17
