# r=2.5
50 0.0199447327322387
100 0.0200041821088963
200 0.02001972409910628
400 0.0200236525603514
600 0.02002438194206024
# r=3
50 0.006199729901981669
100 0.006204046461104422
200 0.006209188624896092
250 0.006209916800443627
300 0.006210322368854982
350 0.006210570323638657
400 0.006210732629485956
# r=3.5
50 0.001704840601520107
100 0.001518404906699813
200 0.001499230289020463
400 0.001496379928836631
500 0.001496091113411886
# r=4
50 0.001027334356648014
100 0.0003891297494038373
200 0.0002883059112859547
400 0.0002761030327442561
500 0.0002751045508243029
# r=4.5
50 0.001211483815401153
100 0.0003145973297488922
200 9.131963527460728e-05
400 4.544212696480541e-05
500 4.191696339871949e-05
600 4.037088550621443e-05
800 3.913163528587268e-05
1000 3.866691335510226e-05
1200 3.844472804500194e-05
# r=5
50 0.001482019562555053
100 0.0003782393915709214
200 9.566357552882567e-05
250 6.160402555052809e-05
300 4.311564467216658e-05
400 2.480193223166787e-05
500 1.642491463003645e-05
600 1.197258818040284e-05
700 9.377026777621833e-06
800 7.768416178246092e-06
1000 6.030059627944629e-06

