0.01
7.421056926653194
6.998728999646567
6.614504636681048
6.261464028892505
5.935008294660078
5.631860840658546
5.349542443617876
5.086078935847687
4.839831798397424
4.609396860971377
4.39354197305909
4.191167503535943
4.001280467333973
3.822976925545741
3.655429494918998
3.497878073133621
3.349622634400198
3.210017395658598
3.078465921682434
2.954416899768378
2.837360413647321
2.726824606868376
2.622372663199732
2.523600054640269
2.430132021961704
2.341621261679209
2.257745799046056
2.178207030358577
2.102727920322358
2.031051341949326
1.962938547719518
1.898167761730755
1.836532883377819
1.777842293815066
1.721917757098008
1.668593408490288
1.617714822975373
1.569138157530734
1.522729361210867
1.478363447544874
1.435923824184836
1.395301675144429
1.356395391342574
1.319110045516112
1.283356907888755
1.24905299928267
1.216120678634262
1.184487262129722
1.154084671408406
1.124849108496037
1.096720755325502
1.069643495882019
1.043564659173786
1.0184347813788
0.9942073856558123
0.9708387782326466
0.9482878594994977
0.9265159489394931
0.9054866228245309
0.8851655636916271
0.8655204206952165
0.8465206800038357
0.8281375444765039
0.810343821915524
0.7931138212484701
0.7764232560433726
0.7602491548085365
0.7445697775712182
0.7293645382693762
0.7146139325267337
0.7002994704150034
0.6864036138376522
0.672909718197687
0.6598019780379908
0.6470653763663304
0.6346856373992059
0.6226491824787026
0.6109430889352502
0.5995550516859411
0.5884733473742038
0.5776868008706789
0.5671847539688867
0.556957036121315
0.5469939370731112
0.5372861812608993
0.5278249038540743
0.5186016283247133
0.5096082454406582
0.5008369935838097
0.4922804403028601
0.4839314650161049
0.4757832427860921
0.4678292290934088
0.460063145542098
0.4524789664339379
0.4450709061533327
0.4378334073085972
0.4307611295792255
0.4238489392223478
0.4170918991947138
0.410485259849747
0.4040244501718211
0.3977050695127656
0.3915228797977828
0.3854737981704567
0.3795538900484068
0.373759362563256
0.3680865583602733
0.3625319497348009
0.3570921330840951
0.3517638236546972
0.3465438505667677
0.3414291520980843
0.3364167712115942
0.3315038513114529
0.3266876322135619
0.3219654463174693
0.3173347149674539
0.3127929449914051
0.3083377254068258
0.3039667242840865
0.2996776857576116
0.2954684271763818
0.2913368363856383
0.2872808691322772
0.2832985465868528
0.2793879529755854
0.2755472333162734
0.2717745912522552
0.2680682869791445
0.2644266352591934
0.2608480035186431
0.2573308100236263
0.2538735221304717
0.2504746546065786
0.2471327680181977
0.2438464671817534
0.2406143996755024
0.237435254408549
0.2343077602444197
0.2312306846765428
0.2282028325531955
0.2252230448495648
0.2222901974847516
0.2194032001816722
0.2165609953678988
0.2137625571156506
0.2110068901191887
0.2082930287080138
0.2056200358943366
0.2029870024533776
0.2003930460351334
0.197837310306317
0.1953189641212732
0.1928372007206813
0.190391236956982
0.1879803125454698
0.1856036893400917
0.1832606506329752
0.1809505004768502
0.1786725630294709
0.1764261819192648
0.1742107196314227
0.1720255569137158
0.1698700922013211
0.1677437410600114
0.165645935647052
0.1635761241892104
0.1615337704772943
0.1595183533766435
0.1575293663530681
0.1555663170136932
0.1536287266622381
0.1517161298682426
0.1498280740497937
0.1479641190693173
0.1461238368420069
0.1443068109564917
0.1425126363073498
0.1407409187390998
0.1389912747012962
0.1372633309143861
0.1355567240459956
0.1338711003973115
0.1322061155992504
0.1305614343181056
0.1289367299703939
0.127331684446596
0.1257459878435371
0.124179338205133
0.1226314412712422
0.1211020102343923
0.119590765504114
0.1180974344786775
0.1166217513239857
0.1151634567594209
0.1137222978504215
0.1122980278075901
0.110890405792137
0.1094991967274618
0.1081241711166871
0.1067651048659671
0.105421779113393
0.1040939800633268
0.1027814988259957
0.1014841312621943
0.100201677832928
0.09893394345386287
0.0976807373544203
0.09644187294138473
0.09521716766688772
0.0940064429006284
0.0928095238062062
0.09162623922144275
0.09045642154256288
0.08929990661212636
0.08815653361059041
0.08702614495139324
0.08590858617945166
0.08480370587296633
0.08371135554843691
0.08263138956878426
0.08156366505448641
0.08050804179763826
0.07946438217884044
0.07843255108683046
0.07741241584077826
0.07640384611515443
0.07540671386710067
0.07442089326621362
0.07344626062668441
0.0724826943417005
0.0715300748200571
0.0705882844248983
0.06965720741452676
0.06873672988521745
0.06782673971596662
0.06692712651512643
0.06603778156885656
0.0651585977913391
0.06428946967670192
0.06343029325259741
0.06258096603538242
0.06174138698684689
0.06091145647244857
0.06009107622100111
0.05928014928576892
0.05847858000692593
0.05768627397533654
0.05690313799761046
0.056129080062396
0.0553640093078722
0.05460783599039551
0.05386047145427008
0.05312182810260058
0.05239181936919706
0.05167035969149273
0.05095736448444529
0.05025275011538488
0.04955643387978606
0.04886833397792531
0.04818836949239515
0.04751646036645355
0.04685252738317298
0.04619649214536724
0.04554827705626745
0.04490780530092329
0.04427500082830506
0.04364978833408161
0.04303209324405285
0.04242184169821225
0.04181896053542231
0.04122337727867291
0.04063502012091458
0.04005381791143522
0.03947970014276958
0.03891259693811695
0.03835243903925301
0.03779915779491898
0.03725268514966371
0.03671295363313328
0.03617989634978409
0.03565344696900649
0.0351335397156446
0.03462010936089647
0.03411309121358309
0.03361242111176847
0.03311803541472107
0.03262987099520311
0.03214786523207395
0.03167195600319624
0.03120208167863523
0.0307381811141346
0.03028019364486629
0.02982805907943277
0.02938171769412355
0.02894111022740578
0.02850617787464435
0.02807686228304387
0.02765310554679703
0.0272348502024375
0.02682203922438454
0.02641461602067345
0.02601252442886262
0.02561570871210956
0.02522411355540992
0.02483768406198997
0.0244563657498494
0.0240801045484421
0.02370884679549411
0.0233425392339491
0.02298112900903661
0.02262456366545673
0.02227279114467533
0.02192575978232575
0.0215834183057096
0.02124571583139401
0.02091260186289725
0.02058402628846246
0.02025993937891003
0.01994029178556731
0.01962503453827115
0.0193141190434385
0.01900749708220039
0.01870512080859797
0.01840694274783351
0.01811291579457666
0.01782299321131961
0.01753712862677837
0.01725527603433934
0.01697738979054462
0.01670342461361607
0.01643333558201427
0.01616707813302822
0.01590460806139747
0.01564588151795861
0.01539085500831833
0.0151394853915484
0.01489172987890138
0.01464754603254467
0.01440689176431061
0.01416972533446193
0.01393600535046867
0.01370569076579763
0.01347874087870938
0.01325511533106493
0.01303477410713741
0.01281767753242868
0.01260378627249068
0.0123930613317473
0.01218546405231881
0.01198095611284537
0.0117794995273095
0.01158105664385637
0.01138559014361124
0.01119306303949202
0.01100343867501793
0.01081668072311122
0.0106327531848934
0.0104516203884737
0.01027324698772965
0.0100975979610795
0.009924638610244998
0.009754334559005248
0.009586651751939889
0.009421556453162051
0.009259015245040204
0.00909899502690893
0.008941463013767529
0.008786386734967367
0.008633734032886475
0.008483473061591633
0.008335572285487971
0.008190000477955985
0.008046726719974757
0.007905720398732668
0.007766951206224789
0.007630389137836696
0.00749600449091494
0.00736376786332462
0.007233650151992779
0.007105622551438734
0.006979656552291623
0.006855723939793539
0.006733796792290417
0.006613847479709088
0.006495848662021913
0.00637977328769786
0.006265594592141274
0.00615328609611786
0.006042821604168251
0.005934175203009114
0.005827321259922505
0.005722234421132791
0.00561888961017264
0.005517262026236728
0.005417327142524793
0.005319060704573662
0.005222438728578112
0.005127437499701664
0.005034033570377186
0.00494220375859707
0.004851925146194432
0.004763175077114275
0.004675931155675949
0.004590171244826848
0.004505873464387198
0.004423016189287134
0.004341578047795598
0.004261537919741791
0.004182874934729174
0.004105568470342794
0.004029598150349724
0.003954943842893304
0.003881585658681433
0.003809503949169121
0.003738679304735758
0.003669092552857271
0.00360072475627365
0.003533557211152189
0.003467571445246475
0.003402749216051873
0.003339072508957662
0.003276523535395613
0.003215084730986511
0.003154738753683789
0.003095468481915344
0.003037257012723194
0.002980087659902121
0.002923943952136762
0.002868809631138221
0.002814668649779845
0.002761505170233017
0.002709303562102903
0.002658048400564528
0.002607724464499836
0.002558316734635468
0.002509810391681909
0.002462190814474223
0.0024154435781147
0.002369554452117625
0.002324509398556571
0.002280294570214125
0.002236896308735075
0.002194301142782475
0.002152495786197453
0.002111467136162769
0.00207120227137055
0.002031688450194228
0.001992913108865031
0.001954863859653563
0.001917528489056176
0.001880894955987024
0.001844951389975368
0.001809686089368934
0.001775087519543239
0.001741144311117201
0.001707845258175377
0.00167517931649674
0.001643135601790715
0.001611703387940114
0.001580872105251672
0.001550631338714257
0.001520970826264581
0.001491880457061258
0.001463350269766971
0.001435370450839141
0.001407931332829122
0.001381023392690228
0.001354637250094923
0.001328763665760945
0.001303393539787123
0.001278517909998522
0.001254127950301366
0.001230214969047902
0.001206770407411392
0.001183785837771338
0.001161252962108999
0.001139163610413636
0.001117509739099494
0.001096283429433485
0.0010754768859742
0.001055082435021886
0.001035092523079946
0.001015499715327782
0.0009962966941052477
0.0009774762574090328
0.0009590313174008928
0.0009409548989278235
0.0009232401380544409
0.0009058802806076615
0.0008888686807338811
0.0008721987994684013
0.0008558642033178864
0.0008398585628551551
0.0008241756513271832
0.0008088093432758552
0.0007937536131718148
0.0007790025340614908
0.0007645502762273394
0.0007503911058614146
0.0007365193837523397
0.0007229295639857451
0.0007096161926582592
0.000696573906605092
0.0006837974321413377
0.0006712815838168891
0.0006590212631853032
0.0006470114575861843
0.0006352472389417415
0.000623723762566883
0.0006124362659935615
0.0006013800678086391
0.0005905505665059157
0.0005799432393519246
0.000569553641265774
0.000559377403712639
0.0005494102336113961
0.0005396479122557924
0.0005300862942495703
0.0005207213064552325
0.0005115489469565496
0.0005025652840346903
0.0004937664551577415
0.0004851486659837521
0.0004767081893772653
0.0004684413644388335
0.0004603445955479302
0.0004524143514187315
0.0004446471641688927
0.0004370396284009388
0.0004295884002964909
0.0004222901967227855
0.0004151417943516744
0.0004081400287905856
0.0004012817937255789
0.0003945640400761597
0.0003879837751617952
0.0003815380618796352
0.0003752240178938068
0.0003690388148352954
0.0003629796775130006
0.0003570438831352441
0.0003512287605416511
0.0003455316894452635
0.0003399500996845662
0.0003344814704853323
0.0003291233297317585
0.0003238732532471485
0.0003187288640834942
0.0003136878318199253
0.0003087478718697691
0.0003039067447961342
0.0002991622556353339
0.00029451225322872
0.0002899546295619106
0.0002854873191116658
0.0002811082982001626
0.0002768155843563946
0.0002726072356844663
0.0002684813502386196
0.0002644360654049867
0.0002604695572896108
0.0002565800401128139
0.0002527657656096136
0.0002490250224360276
0.0002453561355812555
0.0002417574657854551
0.0002382274089632163
0.0002347643956322052
0.0002313668903473647
0.0002280333911402031
0.0002247624289632411
0.0002215525671395834
0.0002184024008173683
0.0002153105564292174
0.0002122756911565217
0.0002092964923984673
0.0002063716772460645
0.0002034999919606713
0.000200680211457464
0.0001979111387933405
0.0001951916046599065
0.0001925204668809203
0.0001898966099144327
0.0001873189443597719
0.0001847864064691519
0.0001822979576641377
0.0001798525840567481
0.0001774492959754823
0.0001750871274961486
0.0001727651359776219
0.0001704824016023533
0.0001682380269218887
0.0001660311364075318
0.0001638608760058761
0.0001617264126994394
0.0001596269340724239
0.0001575616478816696
0.0001555297816328774
0.0001535305821618074
0.0001515633152212034
0.0001496272650726942
0.0001477217340841625
0.0001458460423327327
0.0001439995272128747
0.000142181543050279
0.0001403914607210186
0.0001386286672764804
0.0001368925655736592
0.0001351825739112812
0.0001334981256712516
0.000131838668965891
0.0001302036662908545
0.0001285925941837002
0.0001270049428878919
0.0001254402160227746
0.0001238979302590456
0.0001223776149998847
0.0001208788120676148
0.0001194010753963446
0.0001179439707298113
0.0001165070753251334
0.0001150899776619568
0.0001136922771572491
0.0001123135838854894
0.000110953518304633
0.0001096117109870855
0.0001082878023565997
0.000106981442429977
0.0001056922905647513
0.0001044200152115632
0.0001031642936721598
0.0001019248118623719
0.0001007012640803595
9.949335277974693e-05
9.830078834806672e-05
9.712328888986691e-05
9.596058001487705e-05
9.48123946309773e-05
9.367847274187033e-05
9.255856124970299e-05
9.145241376189652e-05
9.035979040293262e-05
8.928045763051108e-05
8.821418805608614e-05
8.716076026984609e-05
8.611995866989052e-05
8.50915732956462e-05
8.407539966563572e-05
8.307123861895384e-05
8.207889616099225e-05
8.109818331310897e-05
8.012891596608002e-05
7.917091473715453e-05
7.822400483120911e-05
7.728801590523741e-05
7.63627819365838e-05
7.544814109440579e-05
7.454393561493682e-05
7.365001167980183e-05
7.276621929775152e-05
7.189241218955541e-05
7.102844767610036e-05
7.017418656938346e-05
6.932949306686246e-05
6.849423464835284e-05
6.766828197600754e-05
6.685150879710985e-05
6.604379184957001e-05
6.524501077006515e-05
6.445504800482758e-05
6.367378872301002e-05
6.290112073247607e-05
6.213693439817696e-05
6.138112256258356e-05
6.063358046889843e-05
5.989420568609236e-05
5.91628980364495e-05
5.843955952502994e-05
5.772409427133176e-05
5.701640844304408e-05
5.631641019175236e-05
5.562400959051767e-05
5.493911857337246e-05
5.426165087675158e-05
5.359152198253056e-05
5.292864906299258e-05
5.22729509273483e-05
5.162434797001395e-05
5.098276212044735e-05
5.034811679453323e-05
4.972033684752411e-05
4.909934852840613e-05
4.848507943577802e-05
4.787745847517367e-05
4.727641581748675e-05
4.668188285917233e-05
4.609379218324207e-05
4.551207752177093e-05
4.493667371977966e-05
4.43675166998805e-05
4.380454342843252e-05
4.324769188267911e-05
4.269690101894029e-05
4.215211074193361e-05
4.161326187501518e-05
4.108029613161734e-05
4.055315608734028e-05
4.003178515338323e-05
3.951612755040024e-05
3.90061282837312e-05
3.850173311907488e-05
3.800288855939296e-05
3.750954182221803e-05
3.702164081799451e-05
3.653913412922219e-05
3.606197099007775e-05
3.559010126707365e-05
3.512347544004761e-05
3.46620445842755e-05
3.420576035278319e-05
3.375457495964224e-05
3.330844116361306e-05
3.286731225257774e-05
3.243114202850829e-05
3.199988479281852e-05
3.15734953325536e-05
3.115192890682887e-05
3.073514123398083e-05
3.032308847903293e-05
2.991572724185722e-05
2.951301454545771e-05
2.911490782512626e-05
2.872136491766823e-05
2.833234405116357e-05
2.794780383533689e-05
2.756770325192015e-05
2.719200164574534e-05
2.682065871597339e-05
2.64536345078081e-05
2.609088940455323e-05
2.573238411985843e-05
2.537807969041768e-05
2.502793746903658e-05
2.468191911768356e-05
2.433998660122157e-05
2.400210218117686e-05
2.366822840984173e-05
2.333832812455607e-05
2.301236444245295e-05
2.269030075516649e-05
2.237210072392264e-05
2.205772827487938e-05
2.174714759462419e-05
2.144032312586115e-05
2.113721956336363e-05
2.083780184998162e-05
2.054203517308808e-05
2.024988496083668e-05
1.996131687897335e-05
1.967629682761899e-05
1.939479093816171e-05
1.911676557032378e-05
1.884218730951486e-05
1.857102296418645e-05
1.830323956331523e-05
1.803880435419902e-05
1.777768480000898e-05
1.751984857782703e-05
1.726526357666921e-05
1.701389789551232e-05
1.676571984159342e-05
1.652069792859367e-05
1.627880087524749e-05
1.603999760364884e-05
1.580425723793775e-05
1.557154910292498e-05
1.53418427228917e-05
1.51151078203121e-05
1.489131431485822e-05
1.467043232221594e-05
1.445243215321138e-05
1.423728431283371e-05
1.402495949936623e-05
1.381542860363742e-05
1.360866270815653e-05
1.340463308649593e-05
1.320331120255258e-05
1.300466870992672e-05
1.280867745143037e-05
1.2615309458329e-05
1.242453695011928e-05
1.223633233371408e-05
1.20506682033235e-05
1.186751733976712e-05
1.1686852710226e-05
1.150864746777453e-05
1.133287495113864e-05
1.115950868425692e-05
1.09885223760727e-05
1.081988992007902e-05
1.065358539424742e-05
1.048958306057365e-05
1.032785736494267e-05
1.016838293686476e-05
1.001113458917035e-05
9.856087317931591e-06
9.703216302043913e-06
9.552496903129294e-06
9.403904665376602e-06
9.257415315241101e-06
9.113004761270321e-06
8.970649093887145e-06
8.8303245852029e-06
8.692007688860236e-06
8.555675039716706e-06
8.42130345371691e-06
8.288869927668041e-06
8.158351639047347e-06
8.029725945699442e-06
7.902970385669671e-06
7.778062677009428e-06
7.654980717432767e-06
7.533702584231944e-06
7.414206533779416e-06
7.296471001540555e-06
7.180474601598115e-06
7.066196126400569e-06
6.95361454660839e-06
6.842709010631667e-06
6.733458844474854e-06
6.625843551233603e-06
6.5198428108396e-06
6.415436479807197e-06
6.312604590703977e-06
6.211327352007306e-06
6.111585147480936e-06
6.013358535945849e-06
5.91662825079968e-06
5.821375199661311e-06
5.727580463876579e-06
5.635225298063372e-06
5.54429112979953e-06
5.454759558897261e-06
5.366612357164456e-06
5.279831467787223e-06
5.194399004849136e-06
5.110297252800974e-06
5.027508665894597e-06
4.946015867689945e-06
4.865801650414106e-06
4.78684897457514e-06
4.709140968023774e-06
4.632660925677838e-06
4.557392308810622e-06
4.483318744318333e-06
4.41042402416584e-06
4.338692104792345e-06
4.268107106255635e-06
4.198653311752481e-06
4.130315166802483e-06
4.063077278568187e-06
3.996924415128065e-06
3.931841504792779e-06
3.86781363529031e-06
3.804826053088399e-06
3.742864162549803e-06
3.68191352517675e-06
3.621959858854078e-06
3.562989037003296e-06
3.504987087836744e-06
3.44794019337482e-06
3.391834688803398e-06
3.336657061539887e-06
3.282393950321097e-06
3.229032144461587e-06
3.176558582804248e-06
3.124960353060888e-06
3.074224690649982e-06
3.024338978019821e-06
2.975290743542395e-06
2.927067660796881e-06
2.879657547405419e-06
2.83304836427927e-06
2.787228214518392e-06
2.742185342508264e-06
2.697908133028423e-06
2.654385110129825e-06
2.611604936244085e-06
2.569556411162695e-06
2.528228471058264e-06
2.487610187405986e-06
2.447690766020325e-06
2.408459546090598e-06
2.369905999037921e-06
2.332019727517702e-06
2.294790464452253e-06
2.258208071860472e-06
2.222262539875307e-06
2.186943985674262e-06
2.152242652419831e-06
2.118148908225871e-06
2.0846532450047e-06
2.051746277446577e-06
2.019418741929214e-06
1.987661495360797e-06
1.956465514200904e-06
1.925821893340192e-06
1.895721844937124e-06
1.866156697351679e-06
1.837117894127762e-06
1.808596992717646e-06
1.780585663521171e-06
1.753075688737896e-06
1.726058961243637e-06
1.699527483435522e-06
1.673473366212801e-06
1.647888827797916e-06
1.622766192596532e-06
1.598097890203816e-06
1.573876454156842e-06
1.55009452092829e-06
1.526744828707749e-06
1.503820216384483e-06
1.48131362235447e-06
1.459218083530687e-06
1.437526734088067e-06
1.416232804513735e-06
1.395329620383065e-06
1.374810601306231e-06
1.354669259861513e-06
1.334899200470038e-06
1.315494118304325e-06
1.29644779822969e-06
1.277754113735928e-06
1.25940702590097e-06
1.241400582203145e-06
1.223728915566188e-06
1.206386243265938e-06
1.189366865906901e-06
1.172665166379972e-06
1.156275608826329e-06
1.140192737550155e-06
1.124411176124197e-06
1.10892562630206e-06
1.09373086701207e-06
1.078821753458444e-06
1.064193215992273e-06
1.049840259298248e-06
1.035757961260764e-06
1.021941472168222e-06
1.008386013685895e-06
9.950868779787891e-07
9.820394267348652e-07
9.692390902792332e-07
9.56681366720723e-07
9.443618210086517e-07
9.322760840661373e-07
9.204198519514325e-07
9.087888850514317e-07
8.973790070892326e-07
8.861861044467905e-07
8.752061253342525e-07
8.644350789483967e-07
8.538690346749532e-07
8.435041213430025e-07
8.333365264453353e-07
8.233624954483349e-07
8.135783309789577e-07
8.039803920916326e-07
7.945650936112192e-07
7.853289054603412e-07
7.762683518182646e-07
7.673800106089358e-07
7.586605127793676e-07
7.501065416042166e-07
7.417148321702816e-07
7.33482170549157e-07
7.25405393336775e-07
7.174813870660701e-07
7.097070874056434e-07
7.02079478824545e-07
6.945955938948882e-07
6.872525126868264e-07
6.800473622641567e-07
6.729773161363215e-07
6.660395937938526e-07
6.592314599545547e-07
6.525502242778892e-07
6.459932407583696e-07
6.395579072367874e-07
6.332416648581284e-07
6.270419976009912e-07
6.209564318047573e-07
6.149825357446193e-07
6.091179190238376e-07
6.033602322008103e-07
5.977071663549609e-07
5.921564524999802e-07
5.867058612966453e-07
5.813532024955015e-07
5.760963245400113e-07
5.709331139891064e-07
5.658614953777421e-07
5.608794304753386e-07
5.559849180273529e-07
5.511759933009729e-07
5.464507276061301e-07
5.418072278901186e-07
5.372436363907785e-07
5.327581301370268e-07
5.283489205143221e-07
5.24014252919384e-07
5.197524063777237e-07
5.155616929539453e-07
5.114404575177308e-07
5.073870772635121e-07
5.033999613052235e-07
4.994775502382892e-07
4.956183158449281e-07
4.918207605348964e-07
4.88083417034383e-07
4.844048479199681e-07
4.807836452560601e-07
4.772184302396611e-07
4.73707852658234e-07
4.702505906798994e-07
4.668453502945126e-07
4.634908649008992e-07
4.6018589511633e-07
4.569292281202568e-07
4.537196773825255e-07
4.505560823067655e-07
4.474373077406269e-07
4.443622436489224e-07
4.413298047361953e-07
4.383389300267297e-07
4.353885824132989e-07
4.324777484260178e-07
4.29605437702023e-07
4.267706826365073e-07
4.239725380444088e-07
4.212100808085797e-07
4.184824094269944e-07
4.157886436376269e-07
4.131279241801657e-07
4.104994121967661e-07
4.079022891178372e-07
4.05335756169242e-07
4.027990339745545e-07
4.002913623159965e-07
3.978119996537701e-07
3.953602229249425e-07
3.929353270325151e-07
3.905366245988174e-07
3.881634456409874e-07
3.85815137228689e-07
3.83491063099031e-07
3.811906032553515e-07
3.789131539423055e-07
3.766581269630943e-07
3.744249495940513e-07
3.722130641972664e-07
3.700219278898777e-07
3.678510122887729e-07
3.656998031434038e-07
3.635678001416302e-07
3.614545164893644e-07
3.593594787199314e-07
3.572822263863763e-07
3.552223116768235e-07
3.531792993201199e-07
3.511527662225176e-07
3.4914230110136e-07
3.471475044169532e-07
3.451679879316316e-07
3.432033746082166e-07
3.41253298216824e-07
3.393174031496669e-07
3.37395344256236e-07
3.354867863784615e-07
3.335914044011127e-07
3.317088828244074e-07
3.298389155722213e-07
3.279812058179755e-07
3.261354657429069e-07
3.243014163016381e-07
3.22478787006325e-07
3.206673157283468e-07
3.188667484731283e-07
3.170768393211202e-07
3.152973500228447e-07
3.135280498986021e-07
3.117687157074984e-07
3.100191313300894e-07
3.082790877784164e-07
3.065483827525188e-07
3.048268206964528e-07
3.031142125510364e-07
3.014103756006995e-07
2.997151332487202e-07
2.980283148936654e-07
2.963497558389744e-07
2.946792969864829e-07
2.930167848635822e-07
2.913620713465983e-07
2.897150135796397e-07
2.880754738241519e-07
2.864433192111027e-07
2.848184217984161e-07
2.83200658340675e-07
2.815899100875649e-07
2.799860628469353e-07
2.783890066750206e-07
2.76798635825372e-07
2.752148486158658e-07
2.736375473714566e-07
2.720666382548678e-07
2.705020311771358e-07
2.689436396225707e-07
2.673913806846107e-07
2.658451748897093e-07
2.643049459577991e-07
2.627706209931096e-07
2.612421300816563e-07
2.597194064608749e-07
2.58202386247317e-07
2.566910084179482e-07
2.551852147499099e-07
2.536849496581081e-07
2.521901602104246e-07
2.507007959168634e-07
2.492168087646418e-07
2.477381531038058e-07
2.46264785531557e-07
2.447966648982218e-07
2.4333375219468e-07
2.418760104064936e-07
2.404234046387999e-07
2.389759018301851e-07
2.375334708162218e-07
2.360960822638118e-07
2.346637085318729e-07
2.332363237032427e-07
2.318139034640634e-07
2.303964250836699e-07
2.289838673342264e-07
2.275762104237109e-07
2.261734359662842e-07
2.247755269728041e-07
2.233824676935644e-07
2.219942436211574e-07
2.206108415481527e-07
2.192322493420308e-07
2.178584559854021e-07
2.164894515684378e-07
2.151252271824668e-07
2.137657749336426e-07
2.12411087835475e-07
2.110611598070302e-07
2.097159856194403e-07
2.083755609393856e-07
2.07039882147016e-07
2.057089463861148e-07
2.043827515756609e-07
2.03061296293539e-07
2.017445797668936e-07
2.004326018316808e-07
1.99125362974093e-07
1.978228641888538e-07
1.965251070169245e-07
1.952320935214448e-07
1.93943826204421e-07
1.926603080666125e-07
1.913815424992963e-07
1.901075333830351e-07
1.888382848227884e-07
1.875738013865143e-07
1.86314087938681e-07
1.850591496792674e-07
1.838089920787399e-07
1.825636208209355e-07
1.813230419040183e-07
1.800872615121025e-07
1.788562860963983e-07
1.776301221872227e-07
1.764087765865734e-07
1.751922562132257e-07
1.739805681150469e-07
1.72773719472692e-07
1.715717175057798e-07
1.703745696408728e-07
1.691822832837446e-07
1.679948659576968e-07
1.668123251994281e-07
1.656346685687795e-07
1.644619036837992e-07
1.632940381198741e-07
1.621310794986865e-07
1.609730354016747e-07
1.598199133927292e-07
1.586717210067874e-07
1.575284656688237e-07
1.563901548131931e-07
1.552567957880929e-07
1.54128395854567e-07
1.530049621795309e-07
1.518865018905366e-07
1.507730219052469e-07
1.496645291429987e-07
1.48561030360849e-07
1.474625321897082e-07
1.463690411432982e-07
1.452805634812054e-07
1.441971055257004e-07
1.431186732708477e-07
1.420452726408327e-07
1.409769093618909e-07
1.399135890315181e-07
1.388553170409131e-07
1.378020985900026e-07
1.367539387258526e-07
1.357108422991823e-07
1.346728139317701e-07
1.336398581270052e-07
1.326119790760714e-07
1.315891809086387e-07
1.305714674447818e-07
1.295588423333212e-07
1.285513090134599e-07
1.275488706410481e-07
1.265515302844145e-07
1.255592906825696e-07
1.245721543654126e-07
1.235901236796821e-07
1.226132007466222e-07
1.216413874215263e-07
1.20674685353997e-07
1.19713095963825e-07
1.187566204096092e-07
1.178052596371281e-07
1.168590143507841e-07
1.159178850412701e-07
1.149818719190383e-07
1.140509749789441e-07
1.13125194012995e-07
1.122045285308059e-07
1.112889777997296e-07
1.103785408832264e-07
1.094732165826403e-07
1.085730034444329e-07
1.076778998296188e-07
1.067879038024402e-07
1.059030131763606e-07
1.05023225591188e-07
1.041485384329598e-07
1.032789488321046e-07
1.0241445363894e-07
1.015550495462294e-07
1.007007329550543e-07
9.985150008561397e-08
9.900734685763712e-08
9.816826898821117e-08
9.733426197005731e-08
9.650532107432096e-08
9.568144128978194e-08
9.486261746167238e-08
9.404884411175239e-08
9.324011563125632e-08
9.243642612404262e-08
9.163776946727307e-08
9.084413930152258e-08
9.005552912344799e-08
8.927193209355798e-08
8.849334131144937e-08
8.771974953251381e-08
8.69511492870623e-08
8.618753302138334e-08
8.542889284087746e-08
8.467522075571512e-08
8.392650841450657e-08
8.318274739271008e-08
8.244392900323583e-08
8.171004439658871e-08
8.098108445748199e-08
8.025703991736998e-08
7.953790136180642e-08
7.882365905075931e-08
7.811430313578193e-08
7.740982360368807e-08
7.671021017664569e-08
7.601545244744181e-08
7.532553977222308e-08
7.464046136640572e-08
7.396020625558096e-08
7.328476327536346e-08
7.261412112899239e-08
7.194826826949286e-08
7.128719303673637e-08
7.063088354773481e-08
6.997932781312503e-08
6.933251358170339e-08
6.869042855346696e-08
6.805306017872424e-08
6.742039581000838e-08
6.679242257508454e-08
6.616912750214722e-08
6.555049747925749e-08
6.493651915555696e-08
6.43271790686602e-08
6.372246364221721e-08
6.312235913197649e-08
6.252685160182902e-08
6.193592707185038e-08
6.134957134657785e-08
6.076777012385805e-08
6.019050894932292e-08
5.961777318181803e-08
5.904954817104121e-08
5.848581906723903e-08
5.792657086794466e-08
5.737178848733135e-08
5.682145668494099e-08
5.627556009302727e-08
5.573408323983391e-08
5.519701055045597e-08
5.46643263447008e-08
5.413601472516377e-08
5.361205980288125e-08
5.30924454757162e-08
5.257715562304714e-08
5.206617395917919e-08
5.155948410273459e-08
5.105706956408211e-08
5.055891376021204e-08
5.006499996532415e-08
4.957531141962694e-08
4.908983125667735e-08
4.860854241712946e-08
4.813142785316825e-08
4.765847036062256e-08
4.718965268110441e-08
4.672495745634603e-08
4.626436720428144e-08
4.580786439070533e-08
4.535543137233492e-08
4.490705045382326e-08
4.446270379497729e-08
4.402237353676046e-08
4.358604164806243e-08
4.315369011649144e-08
4.272530078157143e-08
4.230085547965557e-08
4.188033587351222e-08
4.146372360521477e-08
4.105100020461545e-08
4.064214713993184e-08
4.023714585396538e-08
3.983597764305875e-08
3.943862379153152e-08
3.90450654549122e-08
3.86552837244302e-08
3.826925969580702e-08
3.788697430563939e-08
3.750840846122062e-08
3.713354297081279e-08
3.676235864154969e-08
3.639483616280348e-08
3.603095615337882e-08
3.567069919338775e-08
3.531404576766829e-08
3.496097635404266e-08
3.461147128354051e-08
3.426551085439296e-08
3.392307536668416e-08
3.358414492579606e-08
3.324869968300039e-08
3.291671970730909e-08
3.258818500565683e-08
3.226307546331983e-08
3.194137094535908e-08
3.162305131671584e-08
3.130809626083752e-08
3.099648547176974e-08
3.068819859047513e-08
3.038321517035676e-08
3.008151468730554e-08
2.978307660552307e-08
2.948788027514342e-08
2.919590501969003e-08
2.89071301156045e-08
2.862153474189468e-08
2.833909803660663e-08
2.805979908203228e-08
2.77836168771317e-08
2.751053031656673e-08
2.724051834459527e-08
2.697355981359815e-08
2.670963345011086e-08
2.64487179696074e-08
2.619079207472386e-08
2.593583428259346e-08
2.568382317757908e-08
2.543473718706881e-08
2.518855471241323e-08
2.494525414998414e-08
2.470481371772265e-08
2.44672117148656e-08
2.423242626898339e-08
2.400043552365752e-08
2.377121750958602e-08
2.354475025024985e-08
2.332101166264357e-08
2.309997965894065e-08
2.288163206853528e-08
2.266594660478284e-08
2.245290103403974e-08
2.224247301856896e-08
2.203464016703433e-08
2.182938003223296e-08
2.162667011324002e-08
2.142648789710668e-08
2.122881077047515e-08
2.103361611100534e-08
2.084088120402962e-08
2.06505833084586e-08
2.046269970349786e-08
2.027720753687438e-08
2.009408395615395e-08
1.991330610248462e-08
1.973485102090497e-08
1.955869573923137e-08
1.938481723451543e-08
1.921319250882022e-08
1.904379851271944e-08
1.887661212037012e-08
1.871161027101157e-08
1.85487698561768e-08
1.838806766258066e-08
1.822948061372012e-08
1.807298544201922e-08
1.791855903619629e-08
1.776617814974178e-08
1.761581963447651e-08
1.746746023066843e-08
1.732107686281108e-08
1.71766462516687e-08
1.703414527669668e-08
1.689355071607891e-08
1.675483949446611e-08
1.661798846740587e-08
1.648297457288972e-08
1.634977470803635e-08
1.621836583367387e-08
1.608872497637618e-08
1.596082919989335e-08
1.583465555078423e-08
1.571018119441462e-08
1.558738336970158e-08
1.546623928390985e-08
1.534672630445358e-08
1.522882182275154e-08
1.511250326766591e-08
1.499774820004173e-08
1.488453422586996e-08
1.477283906619659e-08
1.466264054941352e-08
1.455391655955333e-08
1.444664509703502e-08
1.434080423775605e-08
1.423637222651398e-08
1.413332733875316e-08
1.403164809497783e-08
1.393131303181818e-08
1.383230082085842e-08
1.373459031149929e-08
1.363816046343644e-08
1.354299035973295e-08
1.344905928785013e-08
1.335634661679288e-08
1.326483193554587e-08
1.317449494091696e-08
1.30853154965849e-08
1.299727364635083e-08
1.291034958542469e-08
1.282452370346055e-08
1.273977653681939e-08
1.265608886987701e-08
1.257344157646048e-08
1.249181577521988e-08
1.241119276498979e-08
1.233155401901481e-08
1.225288119560886e-08
1.217515618761218e-08
1.209836111614119e-08
1.202247823870263e-08
1.194749002557439e-08
1.187337919455183e-08
1.180012867833979e-08
1.172772152362554e-08
1.165614112349775e-08
1.15853710062027e-08
1.151539494839652e-08
1.144619693236748e-08
1.137776114105416e-08
1.131007203998241e-08
1.124311425807561e-08
1.11768726333481e-08
1.111133230346258e-08
1.104647853918288e-08
1.098229691198191e-08
1.09187731782991e-08
1.085589338205091e-08
1.079364366336893e-08
1.073201052112767e-08
1.067098059392872e-08
1.061054076132619e-08
1.055067819547836e-08
1.049138022627529e-08
1.04326343587086e-08
1.037442844680921e-08
1.031675047233056e-08
1.025958867581857e-08
1.020293153946608e-08
1.014676767258295e-08
1.009108599721231e-08
1.003587562639487e-08
9.981125878473413e-09
9.926826279274971e-09
9.872966528798665e-09
9.819536661116161e-09
9.766526805331669e-09
9.713927313905022e-09
9.66172880709024e-09
9.609922054681512e-09
9.558497989036272e-09
9.507447869231054e-09
9.456763030765612e-09
9.40643505392241e-09
9.356455714451127e-09
9.306816959276656e-09
9.257510946103923e-09
9.208529976772976e-09
9.159866575333363e-09
9.111513468995302e-09
9.063463495512054e-09
9.015709714691612e-09
8.968245398850528e-09
8.921063924946993e-09
8.874158836374316e-09
8.827523867939811e-09
8.781152965033463e-09
8.735040169207292e-09
8.689179668085418e-09
8.643565840516575e-09
8.598193257659798e-09
8.553056592996833e-09
8.508150649148674e-09
8.463470452399492e-09
8.419011087515387e-09
8.374767843448394e-09
8.330736097732326e-09
8.286911446048561e-09
8.243289511354382e-09
8.199866105206071e-09
8.15663718287213e-09
8.113598775025826e-09
8.070747126280748e-09
8.028078486048331e-09
7.985589316416978e-09
7.943276156021974e-09
7.901135628021935e-09
7.859164509206286e-09
7.817359726933941e-09
7.775718209387963e-09
7.734237096908655e-09
7.692913558319767e-09
7.651744901059532e-09
7.610728472350938e-09
7.569861802342565e-09
7.529142448947592e-09
7.488568118228938e-09
7.448136589768287e-09
7.40784563161415e-09
7.36769326851218e-09
7.327677459275162e-09
7.287796335832907e-09
7.248048073564994e-09
7.208430921738945e-09
7.168943242264542e-09
7.129583402116473e-09
7.090349918264259e-09
7.051241299914502e-09
7.012256159891515e-09
6.97339325076128e-09
6.934651231429609e-09
6.896028927635473e-09
6.857525244728855e-09
6.819139110630399e-09
6.780869474097349e-09
6.742715425725745e-09
6.704676026030075e-09
6.666750438235881e-09
6.628937836529993e-09
6.5912375014908e-09
6.553648712033043e-09
6.516170847882975e-09
6.478803249370171e-09
6.441545424277726e-09
6.404396760796559e-09
6.367356826546941e-09
6.330425163319572e-09
6.293601401830098e-09
6.256885142547003e-09
6.220276093482555e-09
6.183773920054148e-09
6.147378400814192e-09
6.111089251336033e-09
6.074906301755504e-09
6.03882936043649e-09
6.002858346718082e-09
5.966993131769592e-09
5.93123365125752e-09
5.895579787098832e-09
5.86003154439578e-09
5.82458890888122e-09
5.789251908175612e-09
5.754020586878735e-09
5.718895014132972e-09
5.683875223266958e-09
5.648961334666754e-09
5.614153475885667e-09
5.579451800567716e-09
5.54485643576831e-09
5.510367555357015e-09
5.475985346515475e-09
5.441710007246121e-09
5.407541759051807e-09
5.373480808632106e-09
5.339527394840149e-09
5.305681799405107e-09
5.271944268843244e-09
5.238315077541809e-09
5.204794515259309e-09
5.171382872668296e-09
5.138080432307053e-09
5.104887528075749e-09
5.071804455935097e-09
5.038831551883038e-09
5.005969122939682e-09
4.973217524731341e-09
4.940577127589792e-09
4.908048213366541e-09
4.875631170946725e-09
4.843326327938458e-09
4.81113407864645e-09
4.779054791087458e-09
4.747088780760134e-09
4.715236464414422e-09
4.683498211786593e-09
4.651874339320446e-09
4.620365225822957e-09
4.588971278606881e-09
4.557692847279245e-09
4.526530323494273e-09
4.495484077096577e-09
4.464554446429899e-09
4.433741832822652e-09
4.40304660236833e-09
4.372469140483687e-09
4.34200981502037e-09
4.311668921485486e-09
4.281446880508585e-09
4.251344017526839e-09
4.221360718157252e-09
4.191497325009815e-09
4.161754170388431e-09
4.132131621073628e-09
4.102630020718031e-09
4.073249677014035e-09
4.043990927528157e-09
4.0148541515927e-09
3.985839608717691e-09
3.956947645240981e-09
3.928178587764078e-09
3.899532740886434e-09
3.871010396958779e-09
3.842611844871881e-09
3.814337411757793e-09
3.786187382899873e-09
3.758161997565675e-09
3.730261559401501e-09
3.702486355649915e-09
3.674836657438151e-09
3.647312706379314e-09
3.619914772083161e-09
3.59264309134729e-09
3.565497848198701e-09
3.538479345426054e-09
3.511587766768583e-09
3.484823334562498e-09
3.458186304362719e-09
3.431676836210165e-09
3.405295134898095e-09
3.379041425355706e-09
3.352915856377978e-09
3.326918629000935e-09
3.30104984234015e-09
3.275309738816815e-09
3.249698485073549e-09
3.224216169054893e-09
3.198862974884495e-09
3.173639010011668e-09
3.148544424551338e-09
3.123579303975262e-09
3.098743783074543e-09
3.074037969435892e-09
3.049461962700947e-09
3.025015821219077e-09
3.000699663058787e-09
2.976513561419815e-09
2.952457561418909e-09
2.928531758355388e-09
2.904736170326618e-09
2.881070838486431e-09
2.857535806061598e-09
2.83413113573509e-09
2.810856833670221e-09
2.787712911779059e-09
2.764699365177042e-09
2.741816226942093e-09
2.719063460711475e-09
2.696441077207916e-09
2.673949018851009e-09
2.651587287198694e-09
2.629355851513381e-09
2.607254668755042e-09
2.585283700211691e-09
2.56344286879256e-09
2.541732082326925e-09
2.520151322748454e-09
2.498700483848618e-09
2.477379525434293e-09
2.456188299445117e-09
2.435126750236183e-09
2.414194737444712e-09
2.393392179568208e-09
2.372718926362745e-09
2.352174906024195e-09
2.331759948946115e-09
2.311473921690623e-09
2.291316712834027e-09
2.271288122437685e-09
2.251388045996681e-09
2.231616308508494e-09
2.211972721772005e-09
2.192457140038294e-09
2.173069329809651e-09
2.153809137074532e-09
2.13467638064112e-09
2.115670850370512e-09
2.096792309786833e-09
2.078040562256128e-09
2.059415396675576e-09
2.040916613965371e-09
2.022544012840648e-09
2.004297321692063e-09
1.986176286544398e-09
1.96818067610211e-09
1.950310247788915e-09
1.932564728366556e-09
1.91494387934785e-09
1.897447425094573e-09
1.880075094097218e-09
1.862826618539762e-09
1.845701714200611e-09
1.828700103132761e-09
1.811821453472694e-09
1.79506550859816e-09
1.778431966419739e-09
1.761920507278349e-09
1.745530810026422e-09
1.729262593331174e-09
1.713115523111729e-09
1.69708927057868e-09
1.681183516310576e-09
1.665397890043141e-09
1.649732104752645e-09
1.634185822522224e-09
1.618758667475435e-09
1.603450303036645e-09
1.588260371380355e-09
1.573188499840123e-09
1.558234375854665e-09
1.543397608343206e-09
1.528677810387603e-09
1.514074633932946e-09
1.499587678375167e-09
1.48521659800686e-09
1.470960978221631e-09
1.456820425995425e-09
1.442794555054511e-09
1.428882991074497e-09
1.415085316163978e-09
1.401401139797253e-09
1.387830031502774e-09
1.374371646156459e-09
1.361025524855462e-09
1.347791283730099e-09
1.334668491840143e-09
1.321656699837053e-09
1.308755526146427e-09
1.295964528158324e-09
1.283283257095733e-09
1.270711291616271e-09
1.258248203078593e-09
1.245893563939472e-09
1.233646941216225e-09
1.22150783774785e-09
1.209475859376265e-09
1.197550553370745e-09
1.185731401209165e-09
1.174018041002929e-09
1.162409971352084e-09
1.150906716448874e-09
1.139507880550999e-09
1.128212931931823e-09
1.117021432745508e-09
1.105932947718484e-09
1.094946939542773e-09
1.084062982627551e-09
1.073280606626047e-09
1.062599318872846e-09
1.052018599524334e-09
1.041538019576704e-09
1.031157090307602e-09
1.020875293837776e-09
1.010692188908229e-09
1.00060727481126e-09
9.906200388973166e-10
9.807299725739826e-10
9.709366483827907e-10
9.61239495780679e-10
9.516380408381403e-10
9.421317676756617e-10
9.32720223680811e-10
9.234028342326367e-10
9.141791425030728e-10
9.050486251560297e-10
8.960107110137987e-10
8.870649993292397e-10
8.782109223429456e-10
8.69447923889751e-10
8.607755201718701e-10
8.521932018056492e-10
8.437004336196196e-10
8.352966824419923e-10
8.269814403243169e-10
8.187541613338357e-10
8.106143432786382e-10
8.025614237867619e-10
7.945949086213615e-10
7.867142410102013e-10
7.789188871140583e-10
7.712083050555085e-10
7.635819816874176e-10
7.560392992543252e-10
7.485797626734157e-10
7.412028434615654e-10
7.339079999751464e-10
7.266946477582477e-10
7.195622627963394e-10
7.125102759842559e-10
7.055381290594292e-10
6.986453024395443e-10
6.918312212173796e-10
6.850953317241429e-10
6.784370297383138e-10
6.718558017834911e-10
6.65351052892599e-10
6.589222337373292e-10
6.525687866897114e-10
6.462901436842037e-10
6.400857036797094e-10
6.339549262482426e-10
6.278972322750045e-10
6.219120460838109e-10
6.159987918785643e-10
6.101568859761441e-10
6.043857070599682e-10
5.986847842610452e-10
5.930534703683656e-10
5.874911356270244e-10
5.819972590625764e-10
5.765712541534588e-10
5.712125039267371e-10
5.659203906139164e-10
5.606943331147626e-10
5.555337772175357e-10
5.504381192224811e-10
5.454067534304203e-10
5.404390708100848e-10
5.355344998212508e-10
5.306924419087792e-10
5.259122862359849e-10
5.211934234574117e-10
5.165352713173285e-10
5.119372187561744e-10
5.073986760068643e-10
5.02918981973807e-10
4.98497607210822e-10
4.941339180385946e-10
4.898272389350961e-10
4.855770807816194e-10
4.813827518204487e-10
4.772436559243242e-10
4.731592096686983e-10
4.691287752349759e-10
4.65151791769505e-10
4.612275972438172e-10
4.573556095477096e-10
4.535352310945612e-10
4.497658163140452e-10
4.460467893120241e-10
4.423775435688134e-10
4.387574749363873e-10
4.351859179849923e-10
4.31662326109769e-10
4.28186077947361e-10
4.247565907674966e-10
4.213732368885062e-10
4.180353845158355e-10
4.14742516665153e-10
4.114939317540785e-10
4.082890737007414e-10
4.051273721266716e-10
4.02008217050938e-10
3.989310208776255e-10
3.958951796071289e-10
3.929001122806066e-10
3.899452078462986e-10
3.870298886965199e-10
3.841536141848489e-10
3.813157706475085e-10
3.785157825443524e-10
3.757530813758014e-10
3.730270719662765e-10
3.703372591135204e-10
3.6768295564049e-10
3.650637373117753e-10
3.624789911044327e-10
3.599281603864379e-10
3.57410682042458e-10
3.549260265421401e-10
3.524736198031418e-10
3.50052919955267e-10
3.476634387651931e-10
3.453046243397273e-10
3.429759456172903e-10
3.406768570745547e-10
3.38406875033575e-10
3.361654812119913e-10
3.339521469732056e-10
3.317663850443599e-10
3.296077269190567e-10
3.274756192458959e-10
3.25369610483005e-10
3.232891935719254e-10
3.212339120545055e-10
3.192032883120044e-10
3.17196835899939e-10
3.152141129497346e-10
3.132546663682625e-10
3.113180067529768e-10
3.094037510896992e-10
3.075114095562797e-10
3.056405530843347e-10
3.037907507339183e-10
3.019615926973323e-10
3.00152655605061e-10
2.983635391714961e-10
2.965938230293854e-10
2.948431030137216e-10
2.931109994341078e-10
2.913971190153701e-10
2.897010612868903e-10
2.880224475299638e-10
2.863609333153915e-10
2.847161627425516e-10
2.830877518309733e-10
2.814753577285987e-10
2.798786300599211e-10
2.782972281902057e-10
2.767307978042557e-10
2.751790302717339e-10
2.73641600167076e-10
2.721181902348179e-10
2.706084546635833e-10
2.691121528032279e-10
2.676289185130299e-10
2.661584693535061e-10
2.647005832857068e-10
2.63254907068276e-10
2.618211908871237e-10
2.603991384065069e-10
2.589885284807056e-10
2.575890769512406e-10
2.562005170877585e-10
2.548226218474776e-10
2.534551282729665e-10
2.520977935488848e-10
2.507503891682239e-10
2.494126785581449e-10
2.480844266483284e-10
2.46765468162068e-10
2.454555520935555e-10
2.441544745151855e-10
2.428620278772594e-10
2.415780220468072e-10
2.40302245167726e-10
2.39034517135281e-10
2.377747028055669e-10
2.365225241444111e-10
2.352778639423354e-10
2.340405848757748e-10
2.328104514609354e-10
2.315873037657442e-10
2.30371013532877e-10
2.291614166684325e-10
2.279583863249406e-10
2.267617723928024e-10
2.255714513653353e-10
2.243872418333782e-10
2.232089886336536e-10
2.220365934313572e-10
2.208699737334227e-10
2.197089471656586e-10
2.185534220662528e-10
2.174032595083283e-10
2.162583865234281e-10
2.151186765121887e-10
2.139840014460285e-10
2.128542891987695e-10
2.11729437268011e-10
2.106093437495148e-10
2.094939206723338e-10
2.083830636941493e-10
2.072767199648539e-10
2.061747742234064e-10
2.050771296656499e-10
2.039837554782299e-10
2.028945489416583e-10
2.018094874505801e-10
2.007284336724756e-10
1.996513292813938e-10
1.985781482429511e-10
1.975087743559595e-10
1.96443220872403e-10
1.953813791187866e-10
1.943232092349152e-10
1.93268666168929e-10
1.922176769170471e-10
1.911701610105678e-10
1.901261547336517e-10
1.890855881824094e-10
1.880483907259108e-10
1.870145240582412e-10
1.859839346831609e-10
1.849566223064239e-10
1.839325713261216e-10
1.829116937062028e-10
1.818939936545309e-10
1.808794118571969e-10
1.798679400129996e-10
1.788595418953565e-10
1.778541973394497e-10
1.768518576443573e-10
1.758525839047089e-10
1.748562662373941e-10
1.738628999519878e-10
1.728724733127639e-10
1.718849773559018e-10
1.709003618475779e-10
1.699186483138059e-10
1.689398119089313e-10
1.67963865994879e-10
1.669907626013575e-10
1.660204996685318e-10
1.650530767624508e-10
1.64088477282199e-10
1.631266823764452e-10
1.621676881937527e-10
1.612115068515578e-10
1.602581231436699e-10
1.593075514629107e-10
1.583597370570366e-10
1.574147344043127e-10
1.56472519012126e-10
1.555330731885633e-10
1.54596398167797e-10
1.53662508304439e-10
1.527314042324543e-10
1.518030582427937e-10
1.508775406553651e-10
1.499547849758622e-10
1.49034825831382e-10
1.481176352989252e-10
1.472032458746117e-10
1.462916348222193e-10
1.453828421628713e-10
1.444768455657875e-10
1.435736372574725e-10
1.426732549053687e-10
1.417756929035636e-10
1.408809580475904e-10
1.399890931547702e-10
1.391000490583884e-10
1.382138621480155e-10
1.37330553193547e-10
1.364500893710177e-10
1.355724799784051e-10
1.346977365860776e-10
1.338258912763305e-10
1.329569460361746e-10
1.320909384043721e-10
1.312278060863604e-10
1.303676028283853e-10
1.295103263918623e-10
1.286560365696584e-10
1.278046636129854e-10
1.269562640256375e-10
1.261108301726544e-10
1.252683576742465e-10
1.244288717573985e-10
1.235923879298929e-10
1.227589266469899e-10
1.219284618555021e-10
1.211010544225106e-10
1.202766615933166e-10
1.194553053340659e-10
1.186370182311646e-10
1.178217814179592e-10
1.170096050773019e-10
1.162005372554123e-10
1.153945630684007e-10
1.145917040327894e-10
1.137919354603411e-10
1.129953032966956e-10
1.122018029771921e-10
1.114114389688402e-10
1.10624231282435e-10
1.098401679424172e-10
1.090592677196695e-10
1.082815826721894e-10
1.075070723848389e-10
1.067357533838752e-10
1.059676440273408e-10
1.052027610327302e-10
1.044410911785346e-10
1.0368265335089e-10
1.029274578803005e-10
1.0217551496605e-10
1.014268425406553e-10
1.006814044349221e-10
9.993924421584226e-11
9.920035452698627e-11
9.846475241224724e-11
9.773243372180563e-11
9.700341946363439e-11
9.627771643851148e-11
9.555535461031928e-11
9.483629072157215e-11
9.412051960046336e-11
9.34080930710552e-11
9.269900957308923e-11
9.199326619459978e-11
9.129090464255672e-11
9.059187349024391e-11
8.989620769436552e-11
8.920392285613018e-11
8.851497410875162e-11
8.782941670543684e-11
8.714725013738652e-11
8.646846197776182e-11
8.579308381297961e-11
8.512107582915954e-11
8.445249870150928e-11
8.378730567144346e-11
8.312548308473813e-11
8.246709446174829e-11
8.181211316621516e-11
8.116049076913672e-11
8.051230580085579e-11
7.986757815700332e-11
7.922628383947848e-11
7.858836018168713e-11
7.795389252169568e-11
7.732287226255978e-11
7.669525537272639e-11
7.607106307048082e-11
7.545027421459388e-11
7.483292751219029e-11
7.421899809369179e-11
7.360853590999731e-11
7.300152020441863e-11
7.239788033291426e-11
7.17977282673262e-11
7.120098265483737e-11
7.060766848286132e-11
7.001778691297968e-11
6.943131670132123e-11
6.88482975843328e-11
6.826870330006823e-11
6.76925037547923e-11
6.71197406502545e-11
6.655040956538456e-11
6.598450190865111e-11
6.542199617763752e-11
6.486293005500168e-11
6.430725931357926e-11
6.375498269344866e-11
6.320614276501025e-11
6.266072003688557e-11
6.211867821950048e-11
6.158003321311286e-11
6.104477253131152e-11
6.051295320073358e-11
5.998448661745066e-11
5.945938588747469e-11
5.893766547326228e-11
5.841932958458429e-11
5.790436680637301e-11
5.739277162573098e-11
5.688454067907118e-11
5.637964206147298e-11
5.587809894735075e-11
5.537990020528139e-11
5.48850518784535e-11
5.439352110515171e-11
5.390533418994177e-11
5.342048606451919e-11
5.293897995787775e-11
5.246075050784829e-11
5.198581630519507e-11
5.151419232637474e-11
5.10458418222606e-11
5.058078533628711e-11
5.011902071760432e-11
4.966050608220634e-11
4.920522008867304e-11
4.875318799403349e-11
4.830444272976088e-11
4.785894470403337e-11
4.741663215322321e-11
4.697754125121978e-11
4.654169601403723e-11
4.610906571721343e-11
4.567961548812671e-11
4.525338356762256e-11
4.483030300493147e-11
4.441042909392675e-11
4.39936666044944e-11
4.358011630266168e-11
4.316969917586415e-11
4.276239570441725e-11
4.23582524094642e-11
4.195720957481157e-11
4.155927424634795e-11
4.116446181618861e-11
4.0772750326209e-11
4.038412178807915e-11
3.999856515676407e-11
3.961607034412163e-11
3.923663098825229e-11
3.886023149616735e-11
3.848687489574016e-11
3.811653774032754e-11
3.774921326025134e-11
3.738487766789197e-11
3.702351238241848e-11
3.66651486009809e-11
3.630977271157285e-11
3.595733922618315e-11
3.560785459490318e-11
3.526129361511894e-11
3.491766052227827e-11
3.45769521773369e-11
3.423912575685006e-11
3.390421797876898e-11
3.357219305390423e-11
3.32430352451893e-11
3.291672409928612e-11
3.259326521589606e-11
3.227263681826105e-11
3.195484267061311e-11
3.163984772448805e-11
3.132768599438307e-11
3.101830122467594e-11
3.071168456036748e-11
3.040782335467354e-11
3.010669008622395e-11
2.980833650886964e-11
2.951269849771815e-11
2.921977111208064e-11
2.892954828140137e-11
2.864200236995017e-11
2.835714498057812e-11
2.807496140438287e-11
2.779542696767769e-11
2.751854122554743e-11
2.724427030220809e-11
2.697264521633596e-11
2.670358278612053e-11
2.643712305629027e-11
2.617322644213607e-11
2.591190661994352e-11
2.565311999937972e-11
2.539687234506933e-11
2.51431735074303e-11
2.489195553744434e-11
2.464328975300217e-11
2.439705716678759e-11
2.415331702121837e-11
2.391203368358319e-11
2.367319553853076e-11
2.343676637851413e-11
2.320275766468248e-11
2.297115010431216e-11
2.274192995310299e-11
2.251508881829182e-11
2.2290621339109e-11
2.206852042990418e-11
2.184871987539845e-11
2.163125796996544e-11
2.141610947113302e-11
2.120325139895818e-11
2.099266038062056e-11
2.078436230593602e-11
2.057827900343441e-11
2.037446135885739e-11
2.017282968458395e-11
1.997342043785731e-11
1.977621534140373e-11
1.958117462772535e-11
1.938831171300468e-11
1.919758837693327e-11
1.900902151919478e-11
1.882256433923326e-11
1.863821014187741e-11
1.845595373490471e-11
1.827575988549308e-11
1.8097662125378e-11
1.792158709639445e-11
1.774755545353466e-11
1.757552554177283e-11
1.740552343784921e-11
1.723751058603769e-11
1.707146222815427e-11
1.690736776119745e-11
1.67452177255238e-11
1.658500005886084e-11
1.642671644539228e-11
1.627031729629501e-11
1.611580340077908e-11
1.596314623872055e-11
1.581235378990597e-11
1.566339235419261e-11
1.551622307263363e-11
1.537087773176634e-11
1.52273437495769e-11
1.508560138310435e-11
1.494560252389434e-11
1.480735067587139e-11
1.467082879868792e-11
1.453602680195092e-11
1.440294787087567e-11
1.427151243912135e-11
1.414175709621057e-11
1.401365970022026e-11
1.388717286566748e-11
1.376230752712496e-11
1.36390525941592e-11
1.351737926264439e-11
1.339727635533424e-11
1.327870125847796e-11
1.316173042050912e-11
1.304626923452247e-11
1.293229639741298e-11
1.281981594640877e-11
1.270882253815971e-11
1.259930635342385e-11
1.249122263955506e-11
1.238459277931671e-11
1.227935732986633e-11
1.217552299346579e-11
1.207304619090361e-11
1.197191607925977e-11
1.187218994584147e-11
1.177376507202859e-11
1.167664447818683e-11
1.158082817901808e-11
1.148632611234717e-11
1.139307551702047e-11
1.130108693226899e-11
1.121031846059238e-11
1.112078322478982e-11
1.103244795906822e-11
1.094532971914482e-11
1.085935926418353e-11
1.077453953621678e-11
1.069089014549577e-11
1.060834141287853e-11
1.052689350796506e-11
1.044657089647175e-11
1.036730125382042e-11
1.028910151448455e-11
1.021192897788324e-11
1.013581304610134e-11
1.006071448232502e-11
9.986630519544259e-12
9.913517494589939e-12
9.841403378519645e-12
9.770207440942187e-12
9.699984352101814e-12
9.630676124994867e-12
9.562282572387173e-12
9.494794117865199e-12
9.428172451202078e-12
9.362414810067787e-12
9.297545038547945e-12
9.233513263255024e-12
9.170322354004872e-12
9.107916861606229e-12
9.046350889347204e-12
8.985555424008419e-12
8.925508858370884e-12
8.866236408654585e-12
8.807713681462598e-12
8.749914140105162e-12
8.692827241557512e-12
8.636422654220082e-12
8.5807235903888e-12
8.52570188811294e-12
8.471352858737958e-12
8.41765744467033e-12
8.364586889727955e-12
8.312155316971407e-12
8.260331697413954e-12
8.209138838285026e-12
8.15852222293449e-12
8.108463674006636e-12
8.059008108336838e-12
8.010071974470522e-12
7.961738384319657e-12
7.91389202876441e-12
7.866622900787544e-12
7.819852309819803e-12
7.773592468411713e-12
7.727801651212053e-12
7.682526212959594e-12
7.637716918914471e-12
7.593374913697422e-12
7.549471063510634e-12
7.505991364557412e-12
7.462967792686328e-12
7.420365268400526e-12
7.378142173295907e-12
7.336339962759709e-12
7.294933460603133e-12
7.25395256748088e-12
7.213364659565495e-12
7.173147728595849e-12
7.13327661723151e-12
7.093753697223056e-12
7.054572068178383e-12
7.015754202672782e-12
6.977262077762299e-12
6.939069774212479e-12
6.90120092126637e-12
6.863658765226908e-12
6.82641076327698e-12
6.78948425521518e-12
6.752859817845152e-12
6.716501646649476e-12
6.68040682439383e-12
6.644576105728864e-12
6.609034594217751e-12
6.573738823225049e-12
6.538694698641443e-12
6.503894620785808e-12
6.469334593014792e-12
6.435017088734366e-12
6.400932497227106e-12
6.367056516256991e-12
6.333410132698743e-12
6.29995233771132e-12
6.266710483881685e-12
6.23366454560985e-12
6.200866352380331e-12
6.1682351649333e-12
6.135777231130838e-12
6.103534767452286e-12
6.071469597002565e-12
6.03956693734433e-12
6.007862416610719e-12
5.976319354309843e-12
5.944928925769233e-12
5.913688422665277e-12
5.882594432673506e-12
5.851695234967125e-12
5.820953946629695e-12
5.790335168588875e-12
5.759887689759183e-12
5.729583840518457e-12
5.699411175647906e-12
5.669371006211682e-12
5.639470827015698e-12
5.60970805760092e-12
5.580073540533574e-12
5.550572666814434e-12
5.52118258191833e-12
5.491911430585939e-12
5.462751074725561e-12
5.433719664316263e-12
5.404817750649932e-12
5.376011728033439e-12
5.347303362706781e-12
5.318708574363865e-12
5.290247376412639e-12
5.261879098801598e-12
5.233617101799611e-12
5.205430009543044e-12
5.17737127492377e-12
5.149393785101767e-12
5.121504255686821e-12
5.093728301497914e-12
5.066058252201151e-12
5.038462369056948e-12
5.010980644935526e-12
4.983557168908929e-12
4.956278941449898e-12
4.929026245412922e-12
4.901890850735338e-12
4.874818652200677e-12
4.847843212393705e-12
4.820975256664235e-12
4.794185731288812e-12
4.767480110374979e-12
4.74084825662291e-12
4.714289829157751e-12
4.687820375630315e-12
4.661446901590714e-12
4.635101905654239e-12
4.608870361669823e-12
4.582698331340876e-12
4.55660251260834e-12
4.530584440278474e-12
4.504642605798987e-12
4.478767894613136e-12
4.452953012148903e-12
4.427247911468617e-12
4.40163659876558e-12
4.376080028671137e-12
4.3505764194084e-12
4.325154492668545e-12
4.299839900964131e-12
4.274607759367437e-12
4.249421111294348e-12
4.224303867774419e-12
4.199281670977946e-12
4.174329790994012e-12
4.149454766913726e-12
4.124640473058289e-12
4.099912786094047e-12
4.075252731763458e-12
4.050643877936522e-12
4.026124705214868e-12
4.0016837309689e-12
3.977292397989927e-12
3.952994647569173e-12
3.928788345791269e-12
3.904649943414238e-12
3.880560915733394e-12
3.856565043556091e-12
3.832647706413465e-12
3.808779081577885e-12
3.785017089145982e-12
3.761280283124954e-12
3.737639351319765e-12
3.714083811734776e-12
3.690594118340103e-12
3.667166177928149e-12
3.643836709614169e-12
3.620572122023589e-12
3.597378932242761e-12
3.574246610075371e-12
3.551206644622181e-12
3.528256546718101e-12
3.505358990741015e-12
3.482543153785457e-12
3.459812955076336e-12
3.437165317695901e-12
3.414571518465514e-12
3.392071861677997e-12
3.369664845087582e-12
3.347338283561708e-12
3.325104120090032e-12
3.30293051292072e-12
3.280834088015408e-12
3.258783286537611e-12
3.236828434118663e-12
3.21497353953315e-12
3.193176807716113e-12
3.171474924966785e-12
3.149852830360617e-12
3.128303338912485e-12
3.106800956679247e-12
3.085427082887099e-12
3.064128284375949e-12
3.042883162441187e-12
3.021739002457847e-12
3.00068111628821e-12
2.979699814708357e-12
2.958789299151371e-12
2.93797272624464e-12
2.917243936154638e-12
2.896605411195469e-12
2.876035975369955e-12
2.855562769770964e-12
2.835166644890051e-12
2.814867787058845e-12
2.794646820944703e-12
2.774472721083873e-12
2.754427047250307e-12
2.734460894897606e-12
2.714575864489355e-12
2.694783687338009e-12
2.675053350500942e-12
2.655413810988827e-12
2.635839973476287e-12
2.616394803921482e-12
2.597001133837545e-12
2.577704329058985e-12
2.558489818966419e-12
2.539408271940057e-12
2.520385546872575e-12
2.501431681021857e-12
2.482580882593491e-12
2.463829606209724e-12
2.44517813274729e-12
2.42655768201805e-12
2.40802257072441e-12
2.389618855253864e-12
2.371319370631038e-12
2.353079741634383e-12
2.33495047713169e-12
2.316867790008138e-12
2.298901059954056e-12
2.281023705999203e-12
2.263238832250889e-12
2.245542475165897e-12
2.227947484707789e-12
2.210394676408115e-12
2.192989841907654e-12
2.175633563187517e-12
2.158399309415752e-12
2.141234017746674e-12
2.124156383816803e-12
2.107140750707434e-12
2.090251874827635e-12
2.073440004924086e-12
2.056712257627005e-12
2.040099976526808e-12
2.023598006928689e-12
2.007162899032648e-12
1.990821759291267e-12
1.97458008177426e-12
1.958420516201428e-12
1.94234546616122e-12
1.926333003358311e-12
1.910438733820313e-12
1.894655464014058e-12
1.878954485261547e-12
1.86332233201798e-12
1.847768173964365e-12
1.832319184190557e-12
1.816957938079798e-12
1.801669733334063e-12
1.786500440169368e-12
1.771405883398979e-12
1.756426459517169e-12
1.741528123053301e-12
1.726744721377233e-12
1.711996439491135e-12
1.697359559539271e-12
1.682815983265118e-12
1.668381453774473e-12
1.65403482993864e-12
1.639753719243876e-12
1.625547111102579e-12
1.611440842911647e-12
1.597430663913092e-12
1.58350488946616e-12
1.569688934904342e-12
1.555929412488479e-12
1.542261196953562e-12
1.528677493476471e-12
1.515209063439213e-12
1.501815314290168e-12
1.48852152337306e-12
1.475279372164191e-12
1.462138941357561e-12
1.44909068070413e-12
1.436129531518848e-12
1.423277454345998e-12
1.41050116070934e-12
1.3978325281954e-12
1.385216566604743e-12
1.372690408590529e-12
1.360251892574297e-12
1.347934135325238e-12
1.335698222704128e-12
1.323546657924539e-12
1.311466509340173e-12
1.299487925544023e-12
1.287611182842232e-12
1.275772601095599e-12
1.264018600408414e-12
1.252369354809171e-12
1.240800799610929e-12
1.229303078558133e-12
1.217909269180016e-12
1.2066022012303e-12
1.195365612814227e-12
1.184236062816672e-12
1.173200883944931e-12
1.162229173885854e-12
1.151305278341775e-12
1.140504597123674e-12
1.129811742412145e-12
1.119146455404769e-12
1.108574238249708e-12
1.098073734997932e-12
1.087666461413713e-12
1.077330713683426e-12
1.067078721884693e-12
1.056918570968413e-12
1.046847366151118e-12
1.036855060340729e-12
1.026930259805255e-12
1.017098676843089e-12
1.007345090989698e-12
9.97659152927276e-13
9.880442046976287e-13
9.785298057595192e-13
9.691020748571457e-13
9.597246699019457e-13
9.50424539123549e-13
9.412161720529979e-13
9.321013923819655e-13
9.230633006986938e-13
9.140962285295261e-13
9.052213268463661e-13
8.964195742808812e-13
8.876748979669132e-13
8.790061636458065e-13
8.704292189984152e-13
8.619076136826582e-13
8.534688486429347e-13
8.451008175783389e-13
8.368139748959852e-13
8.286012690533814e-13
8.204465425858364e-13
8.123727679236805e-13
8.043733370990591e-13
7.964194168817184e-13
7.885901110604966e-13
7.808275174037615e-13
7.731009812603043e-13
7.654702510516361e-13
7.579195025128534e-13
7.50409747407898e-13
7.429870148971678e-13
7.356322547810962e-13
7.283531376830947e-13
7.211321949209009e-13
7.139846155703596e-13
7.069462987845896e-13
6.999430219033698e-13
6.929870130548097e-13
6.861136532161787e-13
6.793131071579859e-13
6.725672139511884e-13
6.658858401959708e-13
6.593113758604534e-13
6.527550292340547e-13
6.46277632473394e-13
6.398569930512356e-13
6.335085344563094e-13
6.272419173549359e-13
6.209983860862638e-13
6.148333903941024e-13
6.087276784648733e-13
6.027014905161096e-13
5.967564409967711e-13
5.908680388481546e-13
5.850382089532047e-13
5.792356898828666e-13
5.735239841066395e-13
5.678703159871849e-13
5.622667487356023e-13
5.567274129718271e-13
5.512598268907639e-13
5.458382533746948e-13
5.404917195776393e-13
5.351970329248744e-13
5.299537998349344e-13
5.247733139194262e-13
5.196582738595299e-13
5.145729914497985e-13
5.09560913842084e-13
5.046288908406139e-13
4.997271680503676e-13
4.94869193264247e-13
4.900698610661701e-13
4.853374173759615e-13
4.806685324353523e-13
4.760558507662817e-13
4.714820571438022e-13
4.669683635826296e-13
4.625012374817846e-13
4.580751752340193e-13
4.536854423719115e-13
4.493864365172125e-13
4.451560180738288e-13
4.409564699592813e-13
4.367944322126477e-13
4.327053040613369e-13
4.286416151384482e-13
4.246448204291688e-13
4.206585032720007e-13
4.167353703567342e-13
4.128661355679805e-13
4.090621720339555e-13
4.052920527451911e-13
4.015765050454223e-13
3.978968326397328e-13
3.942743815680418e-13
3.907153737474651e-13
3.871825863908734e-13
3.836688001567392e-13
3.801920897284489e-13
3.767753026255976e-13
3.734100243575516e-13
3.70107314201907e-13
3.668494957778118e-13
3.636113789381046e-13
3.604152035280624e-13
3.572737095178495e-13
3.541592558545318e-13
3.51095176970165e-13
3.480526163660935e-13
3.450628552752521e-13
3.420900469470142e-13
3.391597789821334e-13
3.362873561722329e-13
3.334437212384387e-13
3.306534822039036e-13
3.278604860889847e-13
3.251397141467029e-13
3.224371473322661e-13
3.197668187923737e-13
3.171709231452538e-13
3.145657041982417e-13
3.120025900519726e-13
3.094638726889707e-13
3.069786593740341e-13
3.045327400504117e-13
3.021300411399478e-13
2.997454198298333e-13
2.973824815624891e-13
2.950778132327208e-13
2.928081298236808e-13
2.90588636378757e-13
2.883972495889115e-13
2.862320044316696e-13
2.840637245780704e-13
2.819125690176284e-13
2.797981364235577e-13
2.777221303033808e-13
2.75679299272047e-13
2.736447345947392e-13
2.716450422568854e-13
2.696604912450147e-13
2.677310551610944e-13
2.658187263896997e-13
2.639170724434567e-13
2.62004492270407e-13
2.601551600500666e-13
2.583348831755408e-13
2.565216537591189e-13
2.547409097712648e-13
2.530044763665391e-13
2.512653483336239e-13
2.495933646682693e-13
2.479263291040833e-13
2.462756590809369e-13
2.446322300990361e-13
2.430107817961214e-13
2.414011746165565e-13
2.398123784071654e-13
2.382506403591971e-13
2.367048236615226e-13
2.351774461370685e-13
2.336734794690932e-13
2.321750256630935e-13
2.307064857822085e-13
2.292570062094212e-13
2.278163321942275e-13
2.263870478686558e-13
2.249979708782527e-13
2.236309335291349e-13
2.222567538595408e-13
2.209009086041387e-13
2.195825487791595e-13
2.18266902112227e-13
2.169666710972584e-13
2.156925802628124e-13
2.144073344780629e-13
2.131502309211881e-13
2.118978909333823e-13
2.106507531578816e-13
2.094442050736939e-13
2.082235565583801e-13
2.070135130817306e-13
2.058116290519901e-13
2.046321692000183e-13
2.034676039568816e-13
2.02317207291691e-13
2.011837298067067e-13
2.00067655079707e-13
1.989643236960064e-13
1.978401331320482e-13
1.967337367960093e-13
1.956428045423113e-13
1.94565383973796e-13
1.93507489236799e-13
1.924616194282775e-13
1.914250685280804e-13
1.903721741343621e-13
1.893344596825761e-13
1.883132638999302e-13
1.873097880767956e-13
1.863159946005519e-13
1.853049820171594e-13
1.843045029866872e-13
1.833254262765304e-13
1.823656586149049e-13
1.814036385707659e-13
1.804376604872507e-13
1.794756888303255e-13
1.785035000405986e-13
1.77551154857339e-13
1.76635015832095e-13
1.757007540595713e-13
1.747929530156263e-13
1.739057973564884e-13
1.730186432406691e-13
1.721159424403743e-13
1.712374764669843e-13
1.703578188622434e-13
1.694923630642282e-13
1.686101197451338e-13
1.67719212139258e-13
1.668401034916547e-13
1.659808222421509e-13
1.651000813730241e-13
1.642682375559399e-13
1.634418482699874e-13
1.626126956620663e-13
1.61779542650896e-13
1.609498289382416e-13
1.601339692179906e-13
1.593029408942546e-13
1.584812214625877e-13
1.576750280207408e-13
1.568444584761954e-13
1.560307502172924e-13
1.552450014174072e-13
1.544372842561364e-13
1.53632259480169e-13
1.528329833342519e-13
1.52036090343991e-13
1.512416475874937e-13
1.504427848869865e-13
1.496262480522439e-13
1.488575798179533e-13
1.48105686741312e-13
1.473458208307773e-13
1.465815774144981e-13
1.458087117957335e-13
1.45033758562132e-13
1.442669380935367e-13
1.435224369659672e-13
1.427799528513622e-13
1.420249747304996e-13
1.412850748599141e-13
1.405228877837861e-13
1.397534298967851e-13
1.38994973359962e-13
1.382348983268025e-13
1.374740351413048e-13
1.36728676853005e-13
1.359815671671021e-13
1.352284237927561e-13
1.345044343311766e-13
1.337766043514733e-13
1.330707961042216e-13
1.323545997914567e-13
1.316477077141954e-13
1.30937325203625e-13
1.302281665482273e-13
1.294926933289503e-13
1.287673026061125e-13
1.280775296975724e-13
1.273707240903625e-13
1.266741170456344e-13
1.259666882132561e-13
1.252801144821522e-13
1.245477718023742e-13
1.238355942660679e-13
1.231145210103887e-13
1.224226428619193e-13
1.217314227555958e-13
1.210344227956697e-13
1.203409259650597e-13
1.196372903990627e-13
1.189420353038994e-13
1.182592254280936e-13
1.1758338247744e-13
1.169337064152049e-13
1.162804298327839e-13
1.156115488415948e-13
1.14925925493531e-13
1.142769285334921e-13
1.135960582387297e-13
1.129436611652816e-13
1.122823418880317e-13
1.116328684541641e-13
1.109809479093675e-13
1.103186955582586e-13
1.096607652396525e-13
1.089961335013812e-13
1.083442029371028e-13
1.07704273321949e-13
1.070684615278381e-13
1.064011430388736e-13
1.057392820242968e-13
1.051075587064079e-13
1.044824370086441e-13
1.038458400346572e-13
1.031784033249748e-13
1.025467155545454e-13
1.018919000635954e-13
1.012428182095721e-13
1.006384811270022e-13
1.000011960484074e-13
9.939366782765995e-14
9.877000730693193e-14
9.814678978598306e-14
9.750732927305398e-14
9.690530228297569e-14
9.630342107423985e-14
9.570179075219621e-14
9.507424441305912e-14
9.446676728839174e-14
9.383535218104703e-14
9.321031715406697e-14
9.261849003527962e-14
9.202853627784436e-14
9.142037079191024e-14
9.083461022030496e-14
9.023697038736317e-14
8.965669076934173e-14
8.909601170285476e-14
8.85066121194278e-14
8.792225264175292e-14
8.734059310530677e-14
8.67383122385171e-14
8.617629580652685e-14
8.562894443865389e-14
8.508918149523906e-14
8.451045787390011e-14
8.393268446926085e-14
8.335430849786146e-14
8.278162663266378e-14
8.223345987899526e-14
8.166118877323058e-14
8.110794570353899e-14
8.054285261977794e-14
7.997178040147742e-14
7.943806229134035e-14
7.887342262971857e-14
7.832918034048065e-14
7.778201328615713e-14
7.721841185306112e-14
7.666403002667173e-14
7.610394507048201e-14
7.55760035718838e-14
7.503524136160227e-14
7.4477343435128e-14
7.395641118972852e-14
7.34331667434818e-14
7.291273639514122e-14
7.238942958272071e-14
7.185735708844264e-14
7.133149895270371e-14
7.081094221082922e-14
7.028634842610224e-14
6.978646845542604e-14
6.928231939752475e-14
6.878314756494096e-14
6.830496698985053e-14
6.780165029232994e-14
6.732365964446551e-14
6.682265070261818e-14
6.634855152633448e-14
6.584447350539551e-14
6.534272408197016e-14
6.485187290158599e-14
6.435766307164184e-14
6.387060162141774e-14
6.33643893650557e-14
6.28820860994189e-14
6.239190943354244e-14
6.191558269904006e-14
6.145765639310364e-14
6.097252079573874e-14
6.048422359235688e-14
6.000711654077661e-14
5.95510733061591e-14
5.910175496392571e-14
5.863219648804593e-14
5.82064117052522e-14
5.774557572826644e-14
5.731810934143966e-14
5.68587295748021e-14
5.643123116722523e-14
5.600159242724749e-14
5.555282424598418e-14
5.508719797674393e-14
5.461963204757651e-14
5.419451957048116e-14
5.375575860254645e-14
5.330001471706341e-14
5.286200679220077e-14
5.24635773167532e-14
5.20610072854428e-14
5.163648948766391e-14
5.121561333916825e-14
5.078434377730531e-14
5.035489123103934e-14
4.995736199266937e-14
4.951300133910506e-14
4.91318211636193e-14
4.876823911842385e-14
4.840663749418375e-14
4.803089217707979e-14
4.764673970858595e-14
4.728455611282186e-14
4.69250092169904e-14
4.654671103120203e-14
4.618294633968073e-14
4.581418121784234e-14
4.545491781306948e-14
4.510491601813122e-14
4.473002257387744e-14
4.436314061425449e-14
4.39437637888435e-14
4.355525004285603e-14
4.321567889487573e-14
4.286868421621633e-14
4.252961977952589e-14
4.217476480430348e-14
4.180861094036279e-14
4.143288231860404e-14
4.110843329645661e-14
4.078296614401752e-14
4.040126683303399e-14
4.001944891345854e-14
3.964565743352054e-14
3.934536366119214e-14
3.898188505924151e-14
3.868360184092867e-14
3.832723322478456e-14
3.800887988542695e-14
3.768287723490847e-14
3.732746583998596e-14
3.697342116581349e-14
3.66522143879227e-14
3.631952291149395e-14
3.598843900744681e-14
3.564220708135723e-14
3.527394101049852e-14
3.491950413278671e-14
3.461474788914895e-14
3.427962977488265e-14
3.393294086134245e-14
3.364641364982193e-14
3.334970061272168e-14
3.303617860458005e-14
3.274074156775148e-14
3.243078367103848e-14
3.213796041238678e-14
3.187035659666005e-14
3.158007191792764e-14
3.129301628479018e-14
3.097829199407742e-14
3.071092534640145e-14
3.041384810454747e-14
3.014154933245171e-14
2.984734640478397e-14
2.957948747783825e-14
2.930315248062118e-14
2.905018947115876e-14
2.878147575064547e-14
2.854350456360444e-14
2.829014515313242e-14
2.807807663192919e-14
2.779915031964082e-14
2.759875295218185e-14
2.73258022650571e-14
2.709599671299915e-14
2.682628653092793e-14
2.660005010698165e-14
2.634487972813114e-14
2.6101004005736e-14
2.586497863565002e-14
2.564841498500794e-14
2.543653657827432e-14
2.521177577911509e-14
2.497877236482851e-14
2.475682442468759e-14
2.45179994424666e-14
2.428366162756363e-14
2.406246526604955e-14
2.382973075472193e-14
2.360204026680142e-14
2.332850865992093e-14
2.308854942591626e-14
2.285424567132078e-14
2.263637574443892e-14
2.239902331687772e-14
2.221585557903557e-14
2.194794984517753e-14
2.167322408461587e-14
2.144154790152525e-14
2.118246016318629e-14
2.091584014988605e-14
2.067392733370547e-14
2.045990064578644e-14
2.022792510081557e-14
2.004400834818034e-14
1.98267010843503e-14
1.962401015137684e-14
1.946681286163603e-14
1.925083217266604e-14
1.906406513816649e-14
1.885636753544101e-14
1.868428796366396e-14
1.847685342936558e-14
1.829916364639133e-14
1.814873982482514e-14
1.799900542921747e-14
1.784447027969217e-14
1.763915344053072e-14
1.742871008714736e-14
1.727465837507354e-14
1.706834112424441e-14
1.69462922424278e-14
1.676405043024104e-14
1.661519177937668e-14
1.648107798133777e-14
1.627527832897508e-14
1.615365783532226e-14
1.594054932733135e-14
1.579284434053391e-14
1.553820422075527e-14
1.537960697425594e-14
1.514937257660102e-14
1.498990076152344e-14
1.480220425368229e-14
1.468555849753122e-14
1.451217708458309e-14
1.43803905031084e-14
1.429564171741145e-14
1.414946864497605e-14
1.397675808950946e-14
1.380354516003663e-14
1.370916404716315e-14
1.3537299699009e-14
1.340868845052714e-14
1.325900391233108e-14
1.309144127888863e-14
1.293853237312332e-14
1.280608877331775e-14
1.264859119129169e-14
1.250936517049912e-14
1.240563631574247e-14
1.230522743794335e-14
1.216403881744806e-14
1.206927337802386e-14
1.195441278801807e-14
1.184686164967156e-14
1.178723712027992e-14
1.162042368860771e-14
1.155124696016597e-14
1.14385654319073e-14
1.130018373809129e-14
1.116801725791336e-14
1.101659150059079e-14
1.091325467348116e-14
1.078806305355123e-14
1.065552510096933e-14
1.05204901885113e-14
1.043696217109915e-14
1.029653863192906e-14
1.016714667350347e-14
1.007247861591901e-14
9.949787460407417e-15
9.817303046273537e-15
9.725165019873979e-15
9.638755151176555e-15
9.559412001557274e-15
9.452688448609532e-15
9.379621572103982e-15
9.329906681692981e-15
9.240990697533967e-15
9.131634863344979e-15
9.076545783810579e-15
8.948989509151198e-15
8.833211618821751e-15
8.774087374378291e-15
8.683545187710411e-15
8.613681211071775e-15
8.476059947613022e-15
8.390066632889735e-15
8.315209442834102e-15
8.249400554006401e-15
8.173937510637686e-15
8.102914041196114e-15
8.047066623327086e-15
7.995220172485429e-15
7.940088046248834e-15
7.892251058477497e-15
7.836835805506686e-15
7.788104175851103e-15
7.741981452267316e-15
7.706288367228893e-15
7.610314670047255e-15
7.557868449509911e-15
7.524587236235546e-15
7.473820284887435e-15
7.403798038459381e-15
7.290471883842153e-15
7.234477834054199e-15
7.158886317516803e-15
7.062155960840933e-15
6.965381149817444e-15
6.896580023842559e-15
6.884277189790951e-15
6.801677578128197e-15
6.699983289023576e-15
6.645939159685688e-15
6.597460092364656e-15
6.544665158807228e-15
6.492876927384239e-15
6.430248440762235e-15
6.337601651040306e-15
6.260161876224593e-15
6.199149682388943e-15
6.142394299823294e-15
6.085759779921044e-15
6.024538760532461e-15
5.966487147111168e-15
5.922649283516106e-15
5.839648895758057e-15
5.757010746929276e-15
5.695894355525029e-15
5.637936976081488e-15
5.5925999669857e-15
5.500347600864267e-15
5.434732925955049e-15
5.397454336724805e-15
5.333330334504856e-15
5.27931402852616e-15
5.209790641009207e-15
5.150991404298566e-15
5.075607354990522e-15
4.999785329820981e-15
4.933133616062966e-15
4.867917094368436e-15
4.849175403937055e-15
4.760937305354352e-15
4.660223623604483e-15
4.615208974605946e-15
4.540844621281123e-15
4.482196716184516e-15
4.435463674574689e-15
4.390975316776401e-15
4.34856066348165e-15
4.313087607352952e-15
4.279853263801175e-15
4.262769806263984e-15
4.22048979550895e-15
4.089786798117519e-15
4.04457197677516e-15
3.961105454040954e-15
3.92110145059171e-15
3.887440297225396e-15
3.835723252053429e-15
3.797931469000592e-15
3.76330188729944e-15
3.735998022526562e-15
3.702374470106221e-15
3.672316787736925e-15
3.648409920636867e-15
3.630778984663365e-15
3.615705137946906e-15
3.596103520550206e-15
3.582228195624152e-15
3.576866561440264e-15
3.561371155318539e-15
3.545568957416493e-15
3.537410742714781e-15
3.525127640137393e-15
3.518929000683605e-15
3.527142845139519e-15
3.520943845246264e-15
3.48611944460277e-15
3.452299562161266e-15
3.417829396737678e-15
3.410976068641492e-15
3.325904273061638e-15
3.264998324588476e-15
3.250444863486984e-15
3.181110381111742e-15
3.144004208169867e-15
3.112665512924956e-15
3.083695500972213e-15
3.016619388335647e-15
2.97663879131299e-15
2.95496276325021e-15
2.930857367652547e-15
2.904284132267295e-15
2.884774802801586e-15
2.863032688474734e-15
2.843101544462552e-15
2.777967273359677e-15
2.744771579968295e-15
2.712745829432974e-15
2.722858580357822e-15
2.619959667918781e-15
2.603792847642431e-15
2.582838428075197e-15
2.566398988242936e-15
2.553331391170512e-15
2.460695669923063e-15
2.471741016555263e-15
2.392259405796723e-15
2.410480894794434e-15
2.386753653692186e-15
2.296791155059825e-15
2.321867377114256e-15
2.214833295101821e-15
2.228740179685207e-15
2.122514542212202e-15
2.149929542400846e-15
2.089253817122753e-15
2.051261304345067e-15
2.00238569971181e-15
1.970319113963608e-15
1.905124102926613e-15
1.883232508639216e-15
1.867450263610579e-15
1.85059205569709e-15
1.829978620305308e-15
1.806692248316488e-15
1.79446900085088e-15
1.779045524621013e-15
1.694708564456774e-15
1.707067406648467e-15
1.616770038610819e-15
1.618930173748336e-15
1.594455835045926e-15
1.556530703033478e-15
1.50909840603074e-15
1.479303046257635e-15
1.450209661782871e-15
1.422086367725941e-15
1.408901849878914e-15
1.396296604408322e-15
1.388546997093028e-15
1.380462858194541e-15
1.369945115839778e-15
1.316692933300329e-15
1.299116706653662e-15
1.311735356798131e-15
1.319981012678631e-15
1.215466801455591e-15
1.206376834542662e-15
1.230201709017959e-15
1.127667140035495e-15
1.152487108397592e-15
1.067713094397992e-15
1.084090212836857e-15
1.010001145999625e-15
1.104635512760835e-15
9.566315652289458e-16
9.66843331423208e-16
8.550868792738243e-16
8.088612618208872e-16
7.813793533118505e-16
7.651243344908707e-16
6.745552986144407e-16
6.128045605151111e-16
6.10086743068467e-16
5.394007754394164e-16
5.378388965984858e-16
4.806767111339316e-16
4.343552147816254e-16
4.046560786688114e-16
3.691029570002682e-16
3.418742381441853e-16
3.302948086646091e-16
2.991873331111735e-16
2.778714499572387e-16
2.675265149664474e-16
2.45243554429221e-16
2.182069457477256e-16
1.872962322739743e-16
1.57605431168679e-16
1.47236106440977e-16
1.208335986311775e-16
1.105862577233359e-16
