0.01
11.19239642792333
10.17078281775598
9.294136633392442
8.534316150660128
7.87024516770297
7.285694087257649
6.767903736107517
6.306679278939595
5.893766579026384
5.522408263875796
5.18701929538251
4.882944811166352
4.606276196090697
4.353709314884555
4.122433857348353
3.910046018321478
3.714478926075418
3.533946736532233
3.366899363943037
3.211985569777251
3.068022675886961
2.933971568160306
2.808915954870312
2.69204506843985
2.582639170280101
2.48005734974557
2.383727210100186
2.29313611395872
2.207823723268051
2.127375618457572
2.051417820861605
1.979612074123966
1.911651765727874
1.847258390356098
1.786178473480633
1.728180887192755
1.673054501424127
1.620606122862013
1.570658681407375
1.523049630266995
1.477629530952666
1.434260798776006
1.392816588032224
1.353179799087092
1.315242192120421
1.27890359441954
1.24407118992564
1.21065888126967
1.178586715838241
1.147780368521739
1.11817067474633
1.08969320820552
1.062287898406127
1.035898683745272
1.01047319635481
0.9859624753990847
0.9623207059018268
0.9395049805168756
0.9174750819524861
0.896193284016735
0.87562416947689
0.8557344631230254
0.8364928785998383
0.8178699777231196
0.7998380411319157
0.7823709492463304
0.7654440726060764
0.7490341707577971
0.7331192989424311
0.7176787219068421
0.7026928342299503
0.6881430866116918
0.6740119176255746
0.660282690482086
0.6469396343923114
0.6339677901583327
0.6213529596510419
0.6090816588660943
0.5971410742761328
0.585519022222184
0.5742039111091031
0.563184706190359
0.5524508967454801
0.541992465470041
0.5317998599130344
0.5218639658100375
0.5121760821730363
0.5027278980088336
0.4935114705484266
0.4845192048789073
0.4757438348780376
0.4671784053594341
0.4588162553434341
0.4506510023751216
0.4426765278171608
0.4348869630502962
0.427276676519663
0.4198402615694566
0.4125725250128032
0.4054684763876481
0.3985233178529157
0.3917324346826276
0.3850913863186016
0.378595897945243
0.3722418525524497
0.3660252834550926
0.3599423672397243
0.3539894171112067
0.3481628766138287
0.3424593137032256
0.3368754151470912
0.3314079812340492
0.326053920771571
0.3208102463550367
0.3156740698912193
0.3106425983606874
0.3057131298044986
0.3008830495216363
0.2961498264645049
0.2915110098205685
0.2869642257690678
0.2825071744024229
0.2781376268026062
0.273853422263402
0.2696524656500191
0.2655327248881231
0.2614922285747809
0.2575290637043594
0.2536413735027887
0.2498273553640626
0.2460852588832157
0.2424133839803494
0.2388100791106572
0.2352737395556708
0.2318028057912801
0.2283957619283012
0.2250511342216805
0.221767489644618
0.2185434345241391
0.2153776132348464
0.2122687069477588
0.2092154324313932
0.2062165409023176
0.2032708169226694
0.2003770773421838
0.1975341702825222
0.1947409741617097
0.1919963967567437
0.1892993743024042
0.1866488706245549
0.1840438763062103
0.1814834078848095
0.1789665070791917
0.1764922400448722
0.1740596966562954
0.1716679898147893
0.1693162547810725
0.1670036485311621
0.1647293491346562
0.1624925551543625
0.1602924850663669
0.1581283766996102
0.1559994866941665
0.1539050899774007
0.1518444792572528
0.14981696453195
0.1478218726154419
0.1458585466779466
0.1439263458009705
0.1420246445462402
0.1401528325380022
0.1383103140581494
0.1364965076537049
0.1347108457561776
0.1329527743123399
0.131221752426029
0.1295172520105259
0.1278387574511647
0.1261857652777911
0.124557783846716
0.1229543330318341
0.1213749439246021
0.1198191585425533
0.1182865295460751
0.1167766199631593
0.1152890029218778
0.1138232613903103
0.1123789879236998
0.1109557844185908
0.1095532618737347
0.1081710401575508
0.1068087477819312
0.1054660216822005
0.1041425070030376
0.1028378568901823
0.1015517322877462
0.1002838017409707
0.09903374120426157
0.09780123385434754
0.09658596990841853
0.09538764644709394
0.09420596724207977
0.09304064258839494
0.09189138914101305
0.09075792975582349
0.08963999333476563
0.08853731467503717
0.08744963432225281
0.08637669842745414
0.08531825860785314
0.08427407181122026
0.08324390018380493
0.08222751094170724
0.08122467624559118
0.08023517307866662
0.07925878312783403
0.07829529266793075
0.07734449244896739
0.07640617758630368
0.07548014745366508
0.07456620557893318
0.07366415954263909
0.07277382087908243
0.07189500498001003
0.07102753100079211
0.0701712217690173
0.06932590369545966
0.06849140668733959
0.06766756406383434
0.06685421247376565
0.06605119181541784
0.06525834515842363
0.06447551866766857
0.06370256152916112
0.06293932587781406
0.06218566672708983
0.06144144190046405
0.06070651196465006
0.05998074016455705
0.05926399235991074
0.05855613696352028
0.05785704488113175
0.05716658945282802
0.05648464639594233
0.05581109374944238
0.05514581181974292
0.05448868312791547
0.05383959235825544
0.05319842630817086
0.05256507383936263
0.05193942583025667
0.05132137512965829
0.05071081651159674
0.05010764663133051
0.04951176398247874
0.04892306885525236
0.04834146329575584
0.04776685106633183
0.04719913760691844
0.04663822999739761
0.04608403692090437
0.0455364686280724
0.0449954369021933
0.04446085502526489
0.04393263774490135
0.04341070124208977
0.04289496309976504
0.04238534227218065
0.0418817590550624
0.04138413505651445
0.04089239316866408
0.04040645754002242
0.03992625354854833
0.03945170777538473
0.03898274797926538
0.03851930307155916
0.03806130309194594
0.03760867918470275
0.03716136357558288
0.03671928954927627
0.03628239142743195
0.03585060454723051
0.03542386524048725
0.03500211081328202
0.03458527952608775
0.03417331057439656
0.03376614406982296
0.03336372102167717
0.03296598331898871
0.03257287371297635
0.03218433579994646
0.03180031400461123
0.03142075356381577
0.03104560051066163
0.03067480165901803
0.03030830458840869
0.02994605762926652
0.02958800984854296
0.02923411103566779
0.02888431168884377
0.0285385630016742
0.02819681685010686
0.02785902577969294
0.02752514299314942
0.02719512233821564
0.02686891829579919
0.02654648596840095
0.02622778106881456
0.0259127599090903
0.02560137938975679
0.02529359698929785
0.02498937075387025
0.02468865928726404
0.02439142174109211
0.02409761780520863
0.02380720769834681
0.02352015215897009
0.02323641243633506
0.02295595028175562
0.02267872794006515
0.02240470814127402
0.0221338540924123
0.02186612946955719
0.02160149841003781
0.02133992550481427
0.02108137579102558
0.02082581474470133
0.0205732082736358
0.02032352271041631
0.02007672480560474
0.01983278172106723
0.01959166102344834
0.01935333067778531
0.01911775904126067
0.018884914857087
0.01865476724852263
0.01842728571301399
0.01820244011646157
0.01798020068760559
0.01776053801253054
0.01754342302928184
0.01732882702259615
0.01711672161873855
0.01690707878044657
0.01669987080197689
0.0164950703042527
0.0162926502301094
0.01609258383963525
0.0158948447056057
0.01569940670900808
0.01550624403465574
0.01531533116688732
0.01512664288535086
0.01494015426087017
0.01475584065139124
0.01457367769800618
0.01439364132105424
0.01421570771629583
0.01403985335116093
0.01386605496106636
0.01369428954580272
0.01352453436598932
0.01335676693959362
0.0131909650385153
0.01302710668523306
0.01286517014951241
0.0127051339451725
0.01254697682691153
0.01239067778718889
0.01223621605316273
0.01208357108368167
0.01193272256632865
0.01178365041451765
0.01163633476463942
0.01149075597325748
0.01134689461435121
0.01120473147660682
0.01106424756075315
0.01092542407694329
0.01078824244217892
0.01065268427777836
0.0105187314068855
0.01038636585202032
0.01025556983266874
0.010126325762912
0.009998616249093305
0.009872424087522744
0.009747732262218157
0.009624523942681387
0.009502782481710128
0.009382491413242874
0.009263634450237802
0.009146195482584567
0.009030158575047105
0.008915507965238297
0.008802228061625077
0.008690303441563078
0.008579718849361144
0.008470459194373713
0.008362509549121792
0.008255855147441364
0.008150481382658035
0.008046373805788829
0.007943518123768926
0.007841900197704461
0.00774150604114919
0.007642321818406024
0.007544333842851761
0.007447528575285689
0.007351892622300318
0.007257412734674569
0.007164075805789321
0.007071868870063716
0.00698077910141312
0.006890793811727143
0.006801900449368274
0.006714086597690147
0.006627339973575282
0.006541648425992065
0.006456999934570101
0.006373382608194444
0.006290784683617128
0.006209194524087264
0.00612860061799772
0.006048991577549178
0.005970356137431259
0.005892683153519252
0.005815961601587804
0.005740180576039962
0.00566532928865205
0.005591397067333622
0.005518373354902508
0.005446247707874878
0.005375009795269389
0.005304649397425806
0.005235156404837816
0.00516652081699921
0.005098732741264121
0.005031782391720021
0.004965660088074302
0.004900356254553577
0.004835861418815478
0.004772166210873219
0.004709261362032354
0.004647137703839423
0.004585786167042609
0.004525197780564255
0.004465363670484606
0.004406275059037118
0.004347923263614682
0.004290299695787211
0.004233395860329697
0.004177203354261031
0.004121713865893542
0.004066919173892383
0.004012811146345828
0.003959381739844837
0.003906622998573252
0.003854527053407046
0.003803086121023807
0.003752292503021363
0.003702138585045746
0.003652616835928572
0.003603719806833292
0.0035554401304106
0.00350777051996251
0.003460703768615413
0.00341423274850129
0.003368350409947849
0.003323049780676939
0.003278323965010986
0.003234166143087973
0.003190569570084091
0.003147527575444678
0.003105033562122724
0.003063081005825277
0.003021663454267468
0.002980774526434146
0.002940407911848815
0.002900557369850132
0.002861216728875557
0.002822379885752151
0.002784040804994735
0.002746193518110734
0.002708832122912069
0.002671950782834111
0.002635543726261006
0.002599605245858151
0.002564129697910885
0.002529111501669915
0.002494545138703173
0.002460425152254093
0.002426746146606137
0.002393502786453534
0.002360689796278468
0.002328301959733926
0.002296334119032991
0.002264781174343872
0.002233638083190908
0.002202899859861474
0.002172561574818548
0.002142618354119185
0.002113065378838378
0.002083897884498797
0.002055111160505845
0.002026700549588361
0.001998661447244722
0.001970989301194082
0.001943679610833352
0.001916727926698939
0.001890129849934198
0.001863881031761588
0.001837977172960227
0.001812414023348385
0.001787187381270914
0.001762293093091729
0.001737727052691154
0.001713485200968148
0.001689563525347199
0.001665958059290133
0.001642664881812498
0.001619680117004816
0.001596999933558136
0.001574620544294469
0.001552538205701618
0.001530749217472359
0.001509249922048386
0.001488036704168315
0.001467105990420238
0.001446454248798569
0.001426077988265175
0.001405973758314687
0.001386138148544037
0.001366567788226133
0.001347259345887722
0.00132820952889122
0.001309415083020686
0.001290872792071794
0.001272579477445638
0.001254531997746589
0.001236727248384108
0.001219162161178273
0.00120183370396913
0.001184738880230048
0.001167874728684489
0.001151238322926836
0.001134826771046661
0.00111863721525682
0.00110266683152498
0.00108691282920895
0.001071372450695381
0.001056042971042029
0.001040921697623667
0.001026005969781244
0.001011293158474615
0.0009967806659385277
0.0009824659253421771
0.0009683464004519321
0.0009544195852974439
0.0009406830038409208
0.0009271342096499479
0.0009137707855731077
0.0009005903434191343
0.0008875905236390765
0.0008747689950115706
0.0008621234543313887
0.0008496516261008486
0.0008373512622244367
0.0008252201417063247
0.0008132560703510541
0.0008014568804670665
0.0007898204305731347
0.0007783446051078894
0.0007670273141421003
0.0007558664930938316
0.0007448601024465357
0.0007340061274698312
0.000723302577943105
0.0007127474878820936
0.0007023389152678322
0.000692074941778656
0.000681953672524651
0.000671973235784965
0.0006621317827476622
0.0006524274872522381
0.0006428585455346428
0.0006334231759750709
0.0006241196188481133
0.0006149461360755241
0.0006059010109815803
0.000596982548050647
0.0005881890726876197
0.000579518930980417
0.0005709704894651443
0.0005625421348935527
0.0005542322740029615
0.0005460393332882711
0.0005379617587767661
0.0005299980158048134
0.000522146588797089
0.0005144059810479154
0.0005067747145050648
0.0004992513295555569
0.0004918343848138805
0.0004845224569121912
0.0004773141402928672
0.0004702080470031772
0.0004632028064919482
0.0004562970654085333
0.0004494894874037961
0.0004427787529330817
0.0004361635590613447
0.0004296426192703225
0.0004232146632677495
0.0004168784367983606
0.000410632701457166
0.000404476234504534
0.0003984078286832681
0.0003924262920375314
0.0003865304477337339
0.0003807191338834012
0.0003749912033677796
0.0003693455236643273
0.0003637809766751234
0.0003582964585570119
0.0003528908795536507
0.0003475631638291855
0.0003423122493038509
0.0003371370874914132
0.0003320366433379706
0.0003270098950629187
0.0003220558340013456
0.00031717346444824
0.0003123618035043041
0.0003076198809235361
0.000302946738962274
0.0002983414322300863
0.0002938030275420806
0.0002893306037729625
0.0002849232517125892
0.0002805800739231193
0.0002763001845976872
0.0002720827094207038
0.0002679267854295878
0.0002638315608779794
0.0002597961951006105
0.0002558198583794611
0.0002519017318115633
0.0002480410071780867
0.0002442368868150034
0.0002404885834850682
0.0002367953202512583
0.0002331563303516967
0.000229570857075724
0.000226038153641642
0.0002225574830755373
0.0002191281180916781
0.0002157493409740135
0.0002124204434592133
0.0002091407266209353
0.0002059095007552066
0.0002027260852673566
0.0001995898085600778
0.0001965000079227678
0.0001934560294221066
0.000190457227793755
0.0001875029663355271
0.0001845926168015098
0.0001817255592975864
0.0001789011821779004
0.0001761188819427172
0.0001733780631373462
0.0001706781382521868
0.000168018527623926
0.0001653986593379215
0.0001628179691315554
0.0001602759002988979
0.000157771903596254
0.0001553054371488248
0.0001528759663586725
0.0001504829638133186
0.0001481259091958024
0.0001458042891955013
0.0001435175974201768
0.0001412653343087981
0.0001390470070455178
0.0001368621294747761
0.0001347102220170395
0.0001325908115858437
0.0001305034315056636
0.0001284476214306003
0.0001264229272643465
0.0001244289010806853
0.0001224651010453221
0.0001205310913382672
0.0001186264420773346
0.0001167507292425279
0.0001149035346012138
0.0001130844456342322
0.0001112930554629044
0.0001095289627768246
0.0001077917717625674
0.0001060810920331561
0.000104396538558511
0.0001027377315965405
0.0001011042966251747
9.949586427509987e-05
9.79120702635099e-05
9.635255532821988e-05
9.481696516309808e-05
9.330495035385906e-05
9.181616631476342e-05
9.035027322612671e-05
8.890693597243575e-05
8.748582408139865e-05
8.608661166349428e-05
8.470897735243409e-05
8.335260424629727e-05
8.201717984927139e-05
8.070239601424272e-05
7.940794888592968e-05
7.813353884488706e-05
7.687887045199541e-05
7.564365239368373e-05
7.442759742790626e-05
7.323042233068266e-05
7.205184784328801e-05
7.089159862012983e-05
6.974940317722111e-05
6.862499384130745e-05
6.751810669955821e-05
6.642848154999677e-05
6.535586185238927e-05
6.429999467985854e-05
6.326063067089524e-05
6.223752398232704e-05
6.123043224238459e-05
6.023911650477118e-05
5.9263341203086e-05
5.830287410579918e-05
5.735748627180205e-05
5.642695200672176e-05
5.551104881925747e-05
5.460955737868003e-05
5.372226147244343e-05
5.284894796444389e-05
5.198940675382015e-05
5.114343073424711e-05
5.031081575364673e-05
4.949136057461418e-05
4.868486683517074e-05
4.78911390099756e-05
4.710998437219602e-05
4.634121295566579e-05
4.558463751770179e-05
4.484007350213921e-05
4.410733900312419e-05
4.338625472923959e-05
4.267664396791776e-05
4.197833255057427e-05
4.129114881793326e-05
4.061492358609661e-05
3.994949011268159e-05
3.92946840636419e-05
3.865034348043899e-05
3.801630874759156e-05
3.739242256068642e-05
3.67785298948187e-05
3.617447797332022e-05
3.558011623696329e-05
3.499529631362742e-05
3.441987198821838e-05
3.385369917310785e-05
3.32966358787289e-05
3.274854218483418e-05
3.22092802119713e-05
3.167871409325558e-05
3.11567099466517e-05
3.064313584756005e-05
3.013786180170483e-05
2.964075971846173e-05
2.915170338441121e-05
2.867056843741836e-05
2.819723234075268e-05
2.773157435794795e-05
2.727347552754588e-05
2.682281863855865e-05
2.63794882059749e-05
2.594337044667014e-05
2.551435325577366e-05
2.509232618310374e-05
2.467718041006633e-05
2.426880872677541e-05
2.386710550955706e-05
2.347196669867179e-05
2.30832897763921e-05
2.270097374526416e-05
2.232491910680182e-05
2.195502784037904e-05
2.15912033823259e-05
2.123335060544838e-05
2.08813757987499e-05
2.053518664730716e-05
2.019469221271641e-05
1.985980291344966e-05
1.953043050573857e-05
1.920648806443838e-05
1.888788996451369e-05
1.857455186237663e-05
1.826639067777627e-05
1.796332457576139e-05
1.766527294899396e-05
1.737215640021329e-05
1.708389672487592e-05
1.680041689423522e-05
1.652164103847375e-05
1.624749443008709e-05
1.597790346754532e-05
1.57127956591835e-05
1.545209960715006e-05
1.519574499188505e-05
1.494366255641812e-05
1.469578409113904e-05
1.445204241876229e-05
1.42123713793806e-05
1.3976705815866e-05
1.374498155924532e-05
1.351713541447295e-05
1.329310514646999e-05
1.307282946595036e-05
1.285624801599277e-05
1.264330135827955e-05
1.243393095989475e-05
1.222807918018613e-05
1.202568925760387e-05
1.182670529705075e-05
1.163107225723807e-05
1.143873593828827e-05
1.124964296923874e-05
1.106374079614764e-05
1.088097767005946e-05
1.07013026352032e-05
1.05246655174275e-05
1.035101691271056e-05
1.018030817583058e-05
1.001249140931634e-05
9.847519452328984e-06
9.685345869958545e-06
9.525924942427106e-06
9.369211654637689e-06
9.215161685717367e-06
9.063731398830702e-06
8.914877831022239e-06
8.768558683353887e-06
8.624732310948338e-06
8.483357713426225e-06
8.344394525291773e-06
8.207803006525326e-06
8.073544033444956e-06
7.941579089282319e-06
7.811870255502051e-06
7.684380202661331e-06
7.559072181733885e-06
7.43591001546001e-06
7.314858089866882e-06
7.195881345846435e-06
7.078945270927498e-06
6.964015891045506e-06
6.851059762622768e-06
6.740043964493077e-06
6.630936090222295e-06
6.523704240362001e-06
6.418317014951551e-06
6.314743505856265e-06
6.212953289588458e-06
6.112916420040359e-06
6.014603421241669e-06
5.917985280329127e-06
5.823033440645882e-06
5.729719794920621e-06
5.638016678479669e-06
5.547896862598439e-06
5.459333548034042e-06
5.372300358513798e-06
5.286771334350963e-06
5.202720926292762e-06
5.120123989260508e-06
5.038955776375294e-06
4.959191932908196e-06
4.880808490377545e-06
4.803781860763324e-06
4.728088830831134e-06
4.653706556500962e-06
4.580612557230852e-06
4.508784710587326e-06
4.438201246891516e-06
4.368840743895221e-06
4.300682121640261e-06
4.233704637213675e-06
4.167887879683521e-06
4.103211765261328e-06
4.039656532196773e-06
3.977202736104423e-06
3.915831245189895e-06
3.855523235384785e-06
3.796260186015743e-06
3.738023875055462e-06
3.680796374697062e-06
3.624560046973963e-06
3.569297539435022e-06
3.51499178087191e-06
3.461625977025475e-06
3.409183606581679e-06
3.357648417019569e-06
3.307004420590683e-06
3.257235890380188e-06
3.208327356488884e-06
3.160263602084048e-06
3.113029659727336e-06
3.066610807518707e-06
3.020992565648225e-06
2.976160692633961e-06
2.932101181847409e-06
2.888800257987901e-06
2.846244373659452e-06
2.804420206013706e-06
2.763314653384469e-06
2.722914831955357e-06
2.683208072603096e-06
2.644181917761518e-06
2.605824118177805e-06
2.56812262979445e-06
2.531065610837141e-06
2.494641418723615e-06
2.458838607198736e-06
2.423645923280988e-06
2.389052304534629e-06
2.355046876151673e-06
2.321618948300028e-06
2.288758013148515e-06
2.256453742425741e-06
2.224695984583474e-06
2.193474762247755e-06
2.162780269632483e-06
2.132602869886853e-06
2.102933092729834e-06
2.073761631905846e-06
2.045079342698831e-06
2.016877239562339e-06
1.989146493789579e-06
1.961878431023866e-06
1.935064529115307e-06
1.908696415796051e-06
1.882765866323335e-06
1.857264801311491e-06
1.832185284669934e-06
1.807519521255974e-06
1.783259854867057e-06
1.759398766077989e-06
1.735928870164608e-06
1.712842915088544e-06
1.690133779383249e-06
1.667794470309478e-06
1.645818121740679e-06
1.62419799223116e-06
1.602927463206036e-06
1.582000036881795e-06
1.561409334567883e-06
1.541149094764308e-06
1.521213171189533e-06
1.501595531145086e-06
1.482290253709904e-06
1.463291527822145e-06
1.444593650802624e-06
1.426191026303236e-06
1.40807816293126e-06
1.390249672344101e-06
1.372700267660294e-06
1.35542476185576e-06
1.338418066100501e-06
1.321675188156616e-06
1.305191230797577e-06
1.288961390290909e-06
1.272980954773649e-06
1.257245302819563e-06
1.241749901856381e-06
1.226490306680886e-06
1.211462158056479e-06
1.196661181176019e-06
1.182083184285189e-06
1.167724057278244e-06
1.153579770152359e-06
1.139646371869198e-06
1.125919988778215e-06
1.11239682335073e-06
1.099073152854114e-06
1.085945328006178e-06
1.073009771713978e-06
1.060262977747628e-06
1.047701509494335e-06
1.035321998785454e-06
1.023121144490774e-06
1.011095711463477e-06
9.992425292305366e-07
9.875584908933208e-07
9.760405518821953e-07
9.64685728867796e-07
9.534910985867966e-07
9.424537967517951e-07
9.315710168491297e-07
9.20840009217014e-07
9.102580798099183e-07
8.998225891808743e-07
8.895309514985053e-07
8.793806334742469e-07
8.693691533592898e-07
8.594940798962004e-07
8.497530313953146e-07
8.401436747611226e-07
8.306637244322737e-07
8.213109416029786e-07
8.120831332480125e-07
8.029781511179382e-07
7.939938909334637e-07
7.851282914101131e-07
7.763793335951537e-07
7.677450397346474e-07
7.592234725832973e-07
7.508127346987572e-07
7.425109673103823e-07
7.343163498251216e-07
7.262270988714479e-07
7.18241467565129e-07
7.103577447907691e-07
7.025742543640187e-07
6.94889354398188e-07
6.87301436566153e-07
6.798089252831255e-07
6.724102771639876e-07
6.651039802604635e-07
6.578885533665322e-07
6.507625454587474e-07
6.437245349263311e-07
6.367731290394275e-07
6.299069632196656e-07
6.231247006134044e-07
6.164250312572722e-07
6.098066716923551e-07
6.032683643073419e-07
5.968088766856418e-07
5.904270012265215e-07
5.841215544927806e-07
5.778913766915022e-07
5.717353311614984e-07
5.656523038573109e-07
5.596412028433468e-07
5.53700957834105e-07
5.478305197354682e-07
5.420288600229715e-07
5.362949705264704e-07
5.306278627287962e-07
5.250265674940515e-07
5.194901345527368e-07
5.140176321197991e-07
5.086081464902032e-07
5.032607815402148e-07
4.979746584656714e-07
4.92748915290773e-07
4.875827064918064e-07
4.824752027585736e-07
4.774255904369631e-07
4.724330713004673e-07
4.674968621004448e-07
4.626161944296161e-07
4.577903141294213e-07
4.530184811586731e-07
4.482999691815868e-07
4.436340652424699e-07
4.390200696167964e-07
4.34457295221084e-07
4.299450676652614e-07
4.254827247182955e-07
4.210696161653828e-07
4.167051034078714e-07
4.123885593435792e-07
4.081193680739607e-07
4.038969245349283e-07
3.997206344098836e-07
3.955899138020335e-07
3.915041889843289e-07
3.874628962224077e-07
3.834654815748877e-07
3.795114005742966e-07
3.756001180730941e-07
3.717311080243563e-07
3.679038533416303e-07
3.641178455262561e-07
3.603725846999923e-07
3.566675793082215e-07
3.530023458821165e-07
3.493764088743766e-07
3.457893006283462e-07
3.422405609871439e-07
3.38729737319786e-07
3.35256384217681e-07
3.318200634273415e-07
3.284203435810512e-07
3.250568002364091e-07
3.217290155569159e-07
3.184365782069116e-07
3.151790832670271e-07
3.119561320039572e-07
3.087673318781271e-07
3.056122962009621e-07
3.024906442206726e-07
2.994020008993508e-07
2.963459967281449e-07
2.933222677860101e-07
2.903304554536652e-07
2.8737020635404e-07
2.844411722875149e-07
2.815430100599293e-07
2.786753814351368e-07
2.758379529626978e-07
2.730303959867529e-07
2.702523864457278e-07
2.675036047710616e-07
2.647837359416489e-07
2.620924691950522e-07
2.594294981027123e-07
2.567945203243727e-07
2.541872377005263e-07
2.516073560576152e-07
2.490545851897695e-07
2.465286386548808e-07
2.440292339106896e-07
2.415560920131322e-07
2.391089377054321e-07
2.366874993385995e-07
2.342915086603453e-07
2.319207008882554e-07
2.295748146408242e-07
2.27253591733704e-07
2.249567773689878e-07
2.226841198367946e-07
2.204353705163653e-07
2.182102839007127e-07
2.160086174286063e-07
2.138301315260182e-07
2.116745894920324e-07
2.095417574890952e-07
2.074314044526984e-07
2.053433020344234e-07
2.032772246112737e-07
2.012329491800408e-07
1.992102553426265e-07
1.97208925231347e-07
1.952287434884671e-07
1.932694972613549e-07
1.913309760266275e-07
1.894129716926008e-07
1.87515278506151e-07
1.856376929778613e-07
1.837800139132438e-07
1.819420423324646e-07
1.801235814274975e-07
1.783244365012947e-07
1.76544415021458e-07
1.747833264961226e-07
1.730409825158763e-07
1.713171966718567e-07
1.696117845164274e-07
1.679245635092672e-07
1.662553530663322e-07
1.646039745257274e-07
1.629702510156025e-07
1.613540075349584e-07
1.597550708447571e-07
1.581732694641434e-07
1.566084337166308e-07
1.550603956552237e-07
1.535289889330829e-07
1.5201404891115e-07
1.50515412601506e-07
1.490329186418424e-07
1.475664072287406e-07
1.461157201831636e-07
1.446807007823486e-07
1.432611939248861e-07
1.418570459802453e-07
1.404681047256622e-07
1.390942195019754e-07
1.377352410584331e-07
1.363910215546784e-07
1.350614145389081e-07
1.337462749183734e-07
1.324454590508444e-07
1.311588245498668e-07
1.29886230391398e-07
1.286275368413408e-07
1.27382605499959e-07
1.261512991796493e-07
1.249334819683088e-07
1.237290192412815e-07
1.225377774862832e-07
1.213596245168911e-07
1.201944292993749e-07
1.190420619277082e-07
1.179023937366838e-07
1.167752971711605e-07
1.156606457898569e-07
1.145583142611927e-07
1.134681784471734e-07
1.123901151926465e-07
1.113240025105902e-07
1.102697194045542e-07
1.092271459792847e-07
1.081961633744432e-07
1.071766536951892e-07
1.061685001856733e-07
1.051715870078415e-07
1.041857993088345e-07
1.032110232649053e-07
1.022471460160192e-07
1.012940556243071e-07
1.003516411221444e-07
9.941979250989908e-08
9.849840064840827e-08
9.758735739892987e-08
9.668655549705308e-08
9.57958885726436e-08
9.491525114508127e-08
9.404453858111983e-08
9.318364720236404e-08
9.233247411163919e-08
9.149091728770212e-08
9.065887558684405e-08
8.983624868207309e-08
8.902293706896877e-08
8.8218842072216e-08
8.742386581088338e-08
8.663791126281061e-08
8.586088218694418e-08
8.509268303482361e-08
8.433321918764507e-08
8.358239671985525e-08
8.284012253586469e-08
8.21063041653734e-08
8.138085008304701e-08
8.066366937515047e-08
7.995467194204372e-08
7.925376838640601e-08
7.856087006956261e-08
7.787588907005027e-08
7.719873817516457e-08
7.652933089318145e-08
7.586758140053804e-08
7.521340473919518e-08
7.456671643466083e-08
7.392743287750822e-08
7.329547103817948e-08
7.267074863197345e-08
7.205318401005077e-08
7.144269620616758e-08
7.083920498243053e-08
7.024263072217296e-08
6.965289447321131e-08
6.906991792292738e-08
6.849362346070516e-08
6.792393410066815e-08
6.736077347257615e-08
6.680406589711931e-08
6.625373633428668e-08
6.570971033720325e-08
6.517191413316543e-08
6.464027455382744e-08
6.411471910412122e-08
6.359517581394745e-08
6.308157345313937e-08
6.257384124388201e-08
6.207190920505658e-08
6.157570786806908e-08
6.108516834635313e-08
6.060022249068134e-08
6.012080261013851e-08
5.96468416407123e-08
5.917827317663946e-08
5.87150313222626e-08
5.825705089354593e-08
5.780426719285933e-08
5.735661611775277e-08
5.691403421334921e-08
5.647645850375632e-08
5.604382671659249e-08
5.561607706433958e-08
5.519314838959125e-08
5.477498003269638e-08
5.436151200384381e-08
5.395268484869127e-08
5.354843960004975e-08
5.314871798206402e-08
5.275346220106986e-08
5.236261506130252e-08
5.197611990353887e-08
5.159392059884992e-08
5.12159616469018e-08
5.084218802168562e-08
5.04725453314829e-08
5.010697962043615e-08
4.974543756099806e-08
4.938786635069167e-08
4.903421376891601e-08
4.868442805394882e-08
4.833845801318898e-08
4.799625303035332e-08
4.765776301322638e-08
4.732293833926953e-08
4.699172996168584e-08
4.666408936170794e-08
4.633996850733121e-08
4.601931999431364e-08
4.570209680461618e-08
4.538825251671165e-08
4.507774123546932e-08
4.477051752661684e-08
4.446653651955754e-08
4.416575382170236e-08
4.386812552252233e-08
4.357360826751212e-08
4.3282159179087e-08
4.299373591773863e-08
4.270829658133556e-08
4.242579977477065e-08
4.21462046224633e-08
4.186947072674303e-08
4.159555820566574e-08
4.132442758157053e-08
4.105603992817766e-08
4.079035677337339e-08
4.052734010581158e-08
4.026695244205408e-08
4.000915669511071e-08
3.9753916270538e-08
3.950119510093524e-08
3.925095747153065e-08
3.900316823935068e-08
3.875779265214136e-08
3.851479639356656e-08
3.827414564551525e-08
3.80358069568023e-08
3.779974743696068e-08
3.756593453262512e-08
3.733433618128296e-08
3.710492071846394e-08
3.687765694867875e-08
3.665251405986722e-08
3.64294617002844e-08
3.620846991738448e-08
3.598950920153909e-08
3.577255038858787e-08
3.555756479783531e-08
3.534452411631388e-08
3.513340045796663e-08
3.492416633677049e-08
3.471679460325795e-08
3.451125855883119e-08
3.430753191331203e-08
3.410558867972226e-08
3.390540328298205e-08
3.370695056965358e-08
3.351020570972991e-08
3.33151442895856e-08
3.312174221628061e-08
3.292997577473802e-08
3.273982162976458e-08
3.255125677073483e-08
3.236425856469803e-08
3.217880467627996e-08
3.199487316913253e-08
3.181244244593626e-08
3.16314912118205e-08
3.145199853069798e-08
3.127394373881413e-08
3.109730661449959e-08
3.092206715407531e-08
3.074820569899031e-08
3.057570290211492e-08
3.04045397676432e-08
3.023469754868857e-08
3.006615784430483e-08
2.989890251791306e-08
2.973291375325843e-08
2.956817399896289e-08
2.940466604141367e-08
2.924237289507238e-08
2.908127788623249e-08
2.892136460076515e-08
2.876261698126764e-08
2.86050191231002e-08
2.844855537673324e-08
2.829321048423469e-08
2.813896937898204e-08
2.798581720005417e-08
2.783373937727092e-08
2.768272163903209e-08
2.753274990091523e-08
2.73838103864817e-08
2.723588942937413e-08
2.708897371617011e-08
2.694305012778402e-08
2.679810575348786e-08
2.665412793663802e-08
2.651110422326399e-08
2.63690224101036e-08
2.622787043343741e-08
2.608763649963517e-08
2.594830903013192e-08
2.580987665580052e-08
2.567232816891555e-08
2.55356525733843e-08
2.539983911933773e-08
2.526487715943481e-08
2.513075628480582e-08
2.499746630315626e-08
2.486499717263995e-08
2.473333902190466e-08
2.460248220689886e-08
2.447241718636871e-08
2.434313461936184e-08
2.421462538884643e-08
2.408688046177668e-08
2.395989102288955e-08
2.383364837743019e-08
2.370814403920003e-08
2.358336963068523e-08
2.345931696965519e-08
2.333597801433939e-08
2.321334484706963e-08
2.309140968134128e-08
2.297016495254158e-08
2.284960314989296e-08
2.272971690687166e-08
2.261049905108198e-08
2.249194252099013e-08
2.237404033303903e-08
2.225678575435736e-08
2.214017202810141e-08
2.202419262902613e-08
2.190884106154753e-08
2.179411107527809e-08
2.167999644823686e-08
2.156649105326466e-08
2.145358897122614e-08
2.134128426877888e-08
2.122957123427989e-08
2.111844423583432e-08
2.100789770431901e-08
2.089792619674131e-08
2.07885243749231e-08
2.067968696201199e-08
2.057140884711965e-08
2.046368497542053e-08
2.035651042503116e-08
2.024988028824183e-08
2.014378977561563e-08
2.003823423765219e-08
1.99332090339594e-08
1.98287096691798e-08
1.972473171871846e-08
1.962127080076731e-08
1.951832267649232e-08
1.941588314732011e-08
1.931394802959929e-08
1.921251333391939e-08
1.911157509392017e-08
1.901112938206444e-08
1.891117237273028e-08
1.881170033838494e-08
1.87127095543135e-08
1.86141964064578e-08
1.85161573402249e-08
1.841858888282007e-08
1.83214875245516e-08
1.82248499685606e-08
1.812867286954616e-08
1.8032952988829e-08
1.793768705804947e-08
1.784287197533875e-08
1.774850469581107e-08
1.765458212382298e-08
1.75611013144304e-08
1.746805935116492e-08
1.737545332838468e-08
1.7283280416667e-08
1.719153780448258e-08
1.710022281274331e-08
1.700933271118942e-08
1.691886488748746e-08
1.68288166730224e-08
1.6739185582934e-08
1.664996910366759e-08
1.656116473582613e-08
1.647277002760579e-08
1.63847825756621e-08
1.629720006246874e-08
1.621002013653035e-08
1.612324056457398e-08
1.603685912300577e-08
1.595087351689234e-08
1.586528158214207e-08
1.578008121659356e-08
1.569527027353666e-08
1.561084668690023e-08
1.552680843474545e-08
1.544315348572428e-08
1.535987983663347e-08
1.527698554783901e-08
1.519446869882172e-08
1.511232737723035e-08
1.503055969293604e-08
1.494916385220168e-08
1.486813800552766e-08
1.478748029794518e-08
1.470718908518018e-08
1.462726255044112e-08
1.454769894518737e-08
1.446849658122378e-08
1.438965380480313e-08
1.43111689624413e-08
1.423304041573842e-08
1.415526653442969e-08
1.407784574837529e-08
1.400077644228929e-08
1.392405710424473e-08
1.384768620532195e-08
1.377166222084361e-08
1.369598362791911e-08
1.362064896675268e-08
1.354565677041434e-08
1.347100557008029e-08
1.339669395332092e-08
1.332272055536392e-08
1.324908387528752e-08
1.317578258786969e-08
1.310281532961345e-08
1.303018071940071e-08
1.295787745074726e-08
1.288590417129372e-08
1.281425952601495e-08
1.274294226096509e-08
1.267195108633524e-08
1.260128471934476e-08
1.253094190286601e-08
1.246092136316317e-08
1.239122186871831e-08
1.232184220999654e-08
1.225278118041223e-08
1.218403747427651e-08
1.211560997734405e-08
1.204749748478825e-08
1.197969881553909e-08
1.191221279446927e-08
1.18450382307062e-08
1.177817398031096e-08
1.171161892126503e-08
1.164537193059079e-08
1.157943183603196e-08
1.151379754177887e-08
1.144846796977163e-08
1.138344197842787e-08
1.131871848939802e-08
1.125429639371701e-08
1.119017463474497e-08
1.112635207987878e-08
1.106282773144264e-08
1.099960046637521e-08
1.093666924955089e-08
1.087403302708685e-08
1.081169080208317e-08
1.07496414341392e-08
1.06878839817734e-08
1.0626417384557e-08
1.0565240625832e-08
1.050435266511968e-08
1.044375252563905e-08
1.038343918169767e-08
1.032341163639988e-08
1.02636688848081e-08
1.020420990594672e-08
1.014503373559896e-08
1.008613943554775e-08
1.002752595229573e-08
9.969192343594082e-09
9.911137631999658e-09
9.853360854509948e-09
9.795861026512473e-09
9.738637192816982e-09
9.681688410459302e-09
9.62501369583739e-09
9.568612107217933e-09
9.51248271406855e-09
9.456624564175216e-09
9.401036705062507e-09
9.345718195191891e-09
9.290668119892946e-09
9.235885544532867e-09
9.181369493366529e-09
9.127119076395489e-09
9.073133342521546e-09
9.019411405969266e-09
8.965952309923584e-09
8.912755167705208e-09
8.85981903343237e-09
8.807143030322469e-09
8.754726218062895e-09
8.702567707264522e-09
8.65066657054039e-09
8.59902190512041e-09
8.547632800467829e-09
8.496498370868453e-09
8.445617719365682e-09
8.394989909662208e-09
8.344614066648894e-09
8.294489353627391e-09
8.244614839691216e-09
8.194989626882463e-09
8.145612802367152e-09
8.096483530714079e-09
8.047600940544081e-09
7.998964102114177e-09
7.950572141084286e-09
7.902424189338461e-09
7.85451935458488e-09
7.806856762232155e-09
7.759435562052855e-09
7.712254837080404e-09
7.665313762608849e-09
7.618611418921939e-09
7.572146993925471e-09
7.525919568609712e-09
7.479928294209324e-09
7.43417232962308e-09
7.388650770710291e-09
7.343362763210808e-09
7.298307474690695e-09
7.253484006203931e-09
7.20889151043634e-09
7.164529160547023e-09
7.120396072822147e-09
7.076491391797491e-09
7.032814318200176e-09
6.989363968389649e-09
6.94613940843843e-09
6.903139878645544e-09
6.860364481231146e-09
6.817812425568302e-09
6.775482813947444e-09
6.733374823000674e-09
6.691487580515827e-09
6.649820283636123e-09
6.608372133223337e-09
6.567142192629076e-09
6.526129682322122e-09
6.485333733528637e-09
6.444753505271156e-09
6.404388174323421e-09
6.36423689133566e-09
6.324298875298979e-09
6.284573261331207e-09
6.245059213552342e-09
6.205755900332873e-09
6.166662501826037e-09
6.127778216610085e-09
6.089102161999331e-09
6.050633538697016e-09
6.012371523090728e-09
5.974315330306179e-09
5.936464102345874e-09
5.898817018012246e-09
5.861373254095695e-09
5.824132019059935e-09
5.787092505038497e-09
5.750253852011296e-09
5.713615274017411e-09
5.677175976633996e-09
5.64093512253966e-09
5.604891908008192e-09
5.569045514465611e-09
5.533395135615985e-09
5.497939991840826e-09
5.462679234133825e-09
5.427612107507941e-09
5.392737776429286e-09
5.358055457563274e-09
5.323564373782905e-09
5.289263705991068e-09
5.255152640193211e-09
5.221230395162655e-09
5.187496182828866e-09
5.153949226751299e-09
5.120588702530527e-09
5.087413834228493e-09
5.05442384987172e-09
5.021617954005985e-09
4.9889953403902e-09
4.956555252298974e-09
4.924296886798616e-09
4.892219494296369e-09
4.860322285196624e-09
4.828604441246844e-09
4.797065240786702e-09
4.76570391197518e-09
4.734519624299023e-09
4.703511659070112e-09
4.672679227301254e-09
4.642021544783025e-09
4.611537847520811e-09
4.581227409673342e-09
4.551089407786073e-09
4.521123151380674e-09
4.491327842319131e-09
4.461702692841502e-09
4.432246989120134e-09
4.402959975852901e-09
4.373840870946685e-09
4.344888939653992e-09
4.316103423038406e-09
4.28748357031898e-09
4.259028623106486e-09
4.230737898981479e-09
4.202610600063661e-09
4.174645988782246e-09
4.146843327443337e-09
4.11920189877592e-09
4.09172091597571e-09
4.064399696531425e-09
4.037237479479092e-09
4.010233548277084e-09
3.983387127552061e-09
3.956697559398979e-09
3.930164082325148e-09
3.903785958517364e-09
3.877562456268037e-09
3.851492900883048e-09
3.825576563454422e-09
3.799812704276094e-09
3.774200635871365e-09
3.748739617591457e-09
3.723428933089892e-09
3.698267880969544e-09
3.673255757102245e-09
3.648391852852744e-09
3.623675460132714e-09
3.59910587991047e-09
3.57468243114256e-09
3.550404407321676e-09
3.526271066695031e-09
3.502281741058101e-09
3.478435764237917e-09
3.454732433424168e-09
3.43117106498105e-09
3.407750968735438e-09
3.384471426634189e-09
3.361331751102405e-09
3.338331315785334e-09
3.315469399264474e-09
3.292745357948154e-09
3.270158486857338e-09
3.247708120978027e-09
3.225393594892772e-09
3.20321425355345e-09
3.181169420311346e-09
3.159258429737165e-09
3.13748059557465e-09
3.115835239505534e-09
3.094321761237874e-09
3.07293946916187e-09
3.051687697896201e-09
3.030565831556076e-09
3.009573198557174e-09
2.98870915627162e-09
2.967973076480573e-09
2.947364269595701e-09
2.926882106091401e-09
2.906525938619365e-09
2.886295097706564e-09
2.866189023958832e-09
2.846207051788581e-09
2.826348550405556e-09
2.806612912242445e-09
2.786999460543073e-09
2.767507590050258e-09
2.748136652483574e-09
2.728886064196877e-09
2.709755191793481e-09
2.690743415293808e-09
2.671850088620983e-09
2.653074640572504e-09
2.634416449708739e-09
2.615874919144506e-09
2.597449421671077e-09
2.57913936510536e-09
2.560944133977715e-09
2.542863117453967e-09
2.524895752210239e-09
2.507041392113929e-09
2.489299505043759e-09
2.471669457076197e-09
2.45415065258531e-09
2.436742519533331e-09
2.419444466996263e-09
2.402255907385256e-09
2.38517626952243e-09
2.368204926790583e-09
2.351341366479811e-09
2.334584966629711e-09
2.317935183213106e-09
2.301391439824607e-09
2.28495314654421e-09
2.268619772524082e-09
2.252390752158521e-09
2.23626552226047e-09
2.220243457023957e-09
2.204324041155475e-09
2.188506755504255e-09
2.172790976395248e-09
2.157176216894895e-09
2.141661882354826e-09
2.126247435606796e-09
2.110932348018812e-09
2.095716045219221e-09
2.080598022415584e-09
2.065577722418532e-09
2.050654628870399e-09
2.035828189982893e-09
2.021097853411625e-09
2.006463098926772e-09
1.991923411677201e-09
1.977478269067087e-09
1.963127133029758e-09
1.948869490557893e-09
1.934704829592045e-09
1.920632609159319e-09
1.90665233500968e-09
1.892763458426715e-09
1.878965491111079e-09
1.865257923049726e-09
1.851640232182672e-09
1.838111954817658e-09
1.824672550680348e-09
1.81132153015451e-09
1.798058392219187e-09
1.78488264286488e-09
1.771793795151649e-09
1.75879135316773e-09
1.745874790920568e-09
1.733043666171887e-09
1.720297485952809e-09
1.707635765282662e-09
1.695058014500901e-09
1.682563709600602e-09
1.670152424567408e-09
1.657823687817681e-09
1.645576998284107e-09
1.633411925919e-09
1.621327960672271e-09
1.609324689243089e-09
1.597401586278017e-09
1.585558194538511e-09
1.573794091003568e-09
1.562108768284755e-09
1.550501792014703e-09
1.538972712504833e-09
1.527521078621459e-09
1.516146420197399e-09
1.504848324616417e-09
1.493626288178586e-09
1.482479894890229e-09
1.471408706571518e-09
1.460412288163802e-09
1.449490165192993e-09
1.438641967896587e-09
1.427867225683615e-09
1.417165482519023e-09
1.406536362311953e-09
1.395979358796833e-09
1.385494107459051e-09
1.375080149360786e-09
1.364737054289901e-09
1.354464442029817e-09
1.344261897847947e-09
1.334128953635231e-09
1.324065221485142e-09
1.314070292425899e-09
1.304143722643595e-09
1.294285148681326e-09
1.284494172004778e-09
1.274770333797718e-09
1.26511327193475e-09
1.25552257203461e-09
1.245997814791466e-09
1.2365386205345e-09
1.227144595199092e-09
1.217815359918123e-09
1.208550509287994e-09
1.199349674131022e-09
1.190212415420914e-09
1.181138376773966e-09
1.172127160251751e-09
1.163178392427855e-09
1.154291696266359e-09
1.145466705513897e-09
1.136703036127464e-09
1.128000264986313e-09
1.11935808100579e-09
1.110776110353635e-09
1.102253950691451e-09
1.09379124402558e-09
1.085387653025202e-09
1.077042780111358e-09
1.068756270476446e-09
1.060527770823882e-09
1.052356905444199e-09
1.044243338732909e-09
1.036186717659502e-09
1.02818666989829e-09
1.020242854362439e-09
1.012354933831443e-09
1.004522535581343e-09
9.967453521724619e-10
9.890230060665454e-10
9.813551697469497e-10
9.737414950685407e-10
9.66181624432722e-10
9.586752673851022e-10
9.512220322517294e-10
9.438216277303225e-10
9.364737098660077e-10
9.291779570931256e-10
9.219340503575487e-10
9.14741636984187e-10
9.076003974709637e-10
9.005099839331059e-10
8.934701370834402e-10
8.864804701392699e-10
8.795406946160836e-10
8.726504820987596e-10
8.658095575440622e-10
8.59017575718146e-10
8.522742370149354e-10
8.455792459360974e-10
8.389322634482147e-10
8.323329925552678e-10
8.257811090341957e-10
8.192763507497815e-10
8.12818377253301e-10
8.064069086003172e-10
8.000416626344158e-10
7.937223183417493e-10
7.874485838241724e-10
7.812201926757376e-10
7.75036793263527e-10
7.68898159904789e-10
7.62803976439277e-10
7.567539482092763e-10
7.507477678990534e-10
7.447851847892595e-10
7.388659238432666e-10
7.329896618959661e-10
7.271561702326281e-10
7.213651632804168e-10
7.156163598965398e-10
7.099094240676159e-10
7.042441470647863e-10
6.98620244472015e-10
6.930374441048406e-10
6.874954940464294e-10
6.819941155576351e-10
6.765330370173293e-10
6.711119907942942e-10
6.657307013405268e-10
6.603889428488861e-10
6.550864271390133e-10
6.498228975846904e-10
6.445981065537795e-10
6.394117958941594e-10
6.342637182404606e-10
6.291536106159601e-10
6.24081246719384e-10
6.190463419257876e-10
6.140486844439078e-10
6.090879764744756e-10
6.041640063844525e-10
5.992765219019884e-10
5.944252755498505e-10
5.89610040596969e-10
5.84830577858444e-10
5.800866257176128e-10
5.753779493478032e-10
5.707043204406814e-10
5.660655359583229e-10
5.614613016021042e-10
5.568914217159592e-10
5.523556694049558e-10
5.478537896672236e-10
5.433855861347569e-10
5.389508344725154e-10
5.345492893709518e-10
5.301807322604848e-10
5.258449360379602e-10
5.215416648562944e-10
5.172707438278749e-10
5.130319259969025e-10
5.088250061070871e-10
5.046497272878276e-10
5.005059224750388e-10
4.963933733104411e-10
4.923118057547052e-10
4.882610696814612e-10
4.842409449322236e-10
4.802512193597938e-10
4.762916947520273e-10
4.723621635045264e-10
4.684624338599941e-10
4.645922734821434e-10
4.607514852497625e-10
4.569398745793896e-10
4.531572310295237e-10
4.494033573001261e-10
4.456780685122022e-10
4.419811992784258e-10
4.383124676857614e-10
4.346717032664933e-10
4.310587611922342e-10
4.274734408437208e-10
4.239155147615197e-10
4.203848230783232e-10
4.168811705082241e-10
4.134043675222286e-10
4.099542390807388e-10
4.06530597374269e-10
4.031332619261109e-10
3.997620163373758e-10
3.964167207057001e-10
3.930971678315049e-10
3.898031820851072e-10
3.865345743316701e-10
3.832911994705547e-10
3.800728857769488e-10
3.768793985933775e-10
3.737106294270915e-10
3.705663878955605e-10
3.674464457183301e-10
3.643506957580137e-10
3.612789765631566e-10
3.582310664584501e-10
3.55206852820162e-10
3.522061334785025e-10
3.492287001889971e-10
3.462744684751826e-10
3.433432600446298e-10
3.404349028544525e-10
3.375492281456515e-10
3.346860858540632e-10
3.318452941138805e-10
3.290266981443086e-10
3.262301488122735e-10
3.234555016207176e-10
3.207025992391367e-10
3.179712769260288e-10
3.152613739962544e-10
3.125727685395535e-10
3.099052887132931e-10
3.072587341415401e-10
3.04633061594183e-10
3.020280568141964e-10
2.994435491685578e-10
2.968794291696648e-10
2.943355572839208e-10
2.918117630813334e-10
2.893079161161894e-10
2.868238796788918e-10
2.843595186314805e-10
2.819146376456461e-10
2.794891520385954e-10
2.770829067399706e-10
2.746957448050767e-10
2.723275613910726e-10
2.699782159828107e-10
2.676475722249723e-10
2.653354700982959e-10
2.630417830967798e-10
2.607663827406291e-10
2.585091784220494e-10
2.56269982115915e-10
2.540486684007304e-10
2.51845104950526e-10
2.496591729682968e-10
2.474907376174086e-10
2.453397098423821e-10
2.432059112658034e-10
2.410892365945752e-10
2.389895468069197e-10
2.369067418936575e-10
2.348407173187786e-10
2.327913111611277e-10
2.307584269261946e-10
2.287419216041106e-10
2.267416698942027e-10
2.247575759174639e-10
2.227895035739036e-10
2.208373428626999e-10
2.189009913702695e-10
2.169802617816484e-10
2.150751455027192e-10
2.131854583240475e-10
2.113111101601127e-10
2.094519741397628e-10
2.076079602063547e-10
2.057789189995855e-10
2.039647723819419e-10
2.021654154042727e-10
2.00380702993157e-10
1.986105638059806e-10
1.96854849288678e-10
1.951135145298004e-10
1.933864059973236e-10
1.916734237774473e-10
1.899744660235172e-10
1.882894371725764e-10
1.866182016106655e-10
1.849606938863916e-10
1.833167683366997e-10
1.816863490400758e-10
1.800693279506558e-10
1.784656382616948e-10
1.768751457877689e-10
1.752977616810585e-10
1.737333895133575e-10
1.721819312477324e-10
1.706432716477981e-10
1.691173475280073e-10
1.676040330713337e-10
1.661032324658324e-10
1.646148742040615e-10
1.631388863047645e-10
1.616751239843985e-10
1.602235157848432e-10
1.587839454698957e-10
1.573563498429529e-10
1.55940646585614e-10
1.545367182025499e-10
1.531445249924637e-10
1.517639052360462e-10
1.503948092456089e-10
1.490371467144057e-10
1.476908430183497e-10
1.463558150019038e-10
1.450319590462581e-10
1.437191940684537e-10
1.424174346902372e-10
1.411265817581796e-10
1.398465899809453e-10
1.385773242243074e-10
1.373187458206386e-10
1.360707827228097e-10
1.348333285452846e-10
1.336063155464729e-10
1.323896140764594e-10
1.311831802968669e-10
1.299869756752774e-10
1.288008797446072e-10
1.276247923441909e-10
1.264586745298204e-10
1.2530245068894e-10
1.241560462030417e-10
1.230193417793366e-10
1.218922828689483e-10
1.207747756211635e-10
1.196668300909957e-10
1.18568310043552e-10
1.174791473958328e-10
1.163992751384737e-10
1.153285777383682e-10
1.142670751326198e-10
1.132146154946538e-10
1.121711545482343e-10
1.111366424185393e-10
1.1011099583145e-10
1.090941309103622e-10
1.080859817085703e-10
1.070864994466798e-10
1.060956193861939e-10
1.051132614252814e-10
1.041393641855204e-10
1.031738391003348e-10
1.022166361430564e-10
1.012677069953253e-10
1.003269576793423e-10
9.939436688075615e-11
9.846978628485663e-11
9.755323622259182e-11
9.664461311603121e-11
9.574387792211619e-11
9.485095252660555e-11
9.396575599256186e-11
9.308826539064014e-11
9.221840440085451e-11
9.135608549841212e-11
9.050130690796504e-11
8.965394284090457e-11
8.881399319843735e-11
8.798138177614691e-11
8.715605070054137e-11
8.633793518153712e-11
8.552697731664928e-11
8.472312650125824e-11
8.392633708342618e-11
8.313654488743223e-11
8.235367289968398e-11
8.157768691492541e-11
8.080850778340235e-11
8.004611877179947e-11
7.929043690138934e-11
7.854139718370551e-11
7.779898785331895e-11
7.706313570833894e-11
7.633379753370282e-11
7.561090082732081e-11
7.489441662067233e-11
7.418425273411412e-11
7.34804081123308e-11
7.27828040972319e-11
7.209140833538636e-11
7.140614568250639e-11
7.072697613249077e-11
7.005387390321043e-11
6.93867767344937e-11
6.872563011552111e-11
6.807035561903317e-11
6.742092449937801e-11
6.67773453259755e-11
6.613951501286645e-11
6.550736096087221e-11
6.488090935684748e-11
6.426010888571241e-11
6.364486953727387e-11
6.303514382150608e-11
6.24309092471786e-11
6.183210580728259e-11
6.123872097209672e-11
6.065067757656976e-11
6.00679521899102e-11
5.949049208213923e-11
5.89182361106557e-11
5.835117803219483e-11
5.778927475107111e-11
5.723244005906156e-11
5.668067351515769e-11
5.613389522135741e-11
5.559211415609104e-11
5.505526616432849e-11
5.452326929524215e-11
5.399615756779569e-11
5.347388200234899e-11
5.295634872184232e-11
5.244355348219911e-11
5.193542460609735e-11
5.143196376894503e-11
5.093310375567294e-11
5.043883872151001e-11
4.994911610759028e-11
4.946389262776946e-11
4.898313163596961e-11
4.850681879778647e-11
4.80348998385937e-11
4.756733661888259e-11
4.710405412190816e-11
4.664506566788021e-11
4.619033523194797e-11
4.573978954276725e-11
4.52934078426608e-11
4.485118656361674e-11
4.441308051627986e-11
4.397906486712319e-11
4.354907312303066e-11
4.312311086946287e-11
4.27010855049271e-11
4.228299923400333e-11
4.186883291789292e-11
4.14585236260474e-11
4.105207447264754e-11
4.064943089970054e-11
4.025053535711649e-11
3.985540338696334e-11
3.946400823371975e-11
3.907628230165825e-11
3.869219505287722e-11
3.831173878496623e-11
3.793487545517208e-11
3.756158633311716e-11
3.719179330739332e-11
3.682551790495421e-11
3.646269968157659e-11
3.610329981453064e-11
3.574732139841208e-11
3.539473761602531e-11
3.504550799804834e-11
3.469960545861448e-11
3.435699959489196e-11
3.401766970462628e-11
3.368159131469319e-11
3.334871887974946e-11
3.301901591101698e-11
3.269247048490359e-11
3.23690695552309e-11
3.204873074261602e-11
3.173151815006103e-11
3.141733831630728e-11
3.110618175114714e-11
3.079803391901972e-11
3.049284104582607e-11
3.019060002709262e-11
2.989130945746687e-11
2.959490234802392e-11
2.930136301965486e-11
2.901067072916981e-11
2.872282387798604e-11
2.843776808793092e-11
2.815547995958954e-11
2.787595765007806e-11
2.759915146192279e-11
2.732505270689275e-11
2.70536241839223e-11
2.678484216511246e-11
2.651870938830096e-11
2.625519301525184e-11
2.599425818084227e-11
2.573589736577165e-11
2.54800631861562e-11
2.522675925385771e-11
2.49759575089399e-11
2.472760596200502e-11
2.448172774937886e-11
2.423829540337886e-11
2.399730776044502e-11
2.375868522276523e-11
2.352243973874607e-11
2.328851834075262e-11
2.305694280709178e-11
2.282765028751718e-11
2.260066539727016e-11
2.237594408040549e-11
2.215345990715096e-11
2.193323301435284e-11
2.171522655621616e-11
2.149940030472063e-11
2.128577599173854e-11
2.107423610121873e-11
2.086484094364939e-11
2.065757233197554e-11
2.045238666230099e-11
2.024929824439139e-11
2.00482794403868e-11
1.984926720469346e-11
1.965227192205784e-11
1.945730013455527e-11
1.926428220851983e-11
1.907325464122762e-11
1.888416888794041e-11
1.869702719259964e-11
1.851179815511389e-11
1.832846396190118e-11
1.814700656207955e-11
1.796741585378004e-11
1.778964870060742e-11
1.761370400339588e-11
1.74396001253693e-11
1.726723843946176e-11
1.709669552718946e-11
1.692791758882441e-11
1.676088869506037e-11
1.659559257092406e-11
1.643199492274838e-11
1.627012677296053e-11
1.610993688725389e-11
1.595143572709425e-11
1.57945949039897e-11
1.563936565324884e-11
1.548575834558255e-11
1.533378119143074e-11
1.518337888480511e-11
1.503455090906686e-11
1.488729559842527e-11
1.474156722679311e-11
1.459741835297135e-11
1.445475544710056e-11
1.431360057161756e-11
1.417392617276572e-11
1.403579536958601e-11
1.389909020062263e-11
1.376382977499083e-11
1.36300391028949e-11
1.349763860420299e-11
1.336663485932108e-11
1.323706220788244e-11
1.310885969300116e-11
1.298205774401541e-11
1.285659711281904e-11
1.273247227452271e-11
1.260967005649999e-11
1.248819448071279e-11
1.236805197852449e-11
1.224921019552818e-11
1.213163089649008e-11
1.201532695146195e-11
1.190027110171953e-11
1.178646141977656e-11
1.167389028136987e-11
1.156257215384594e-11
1.145246026266308e-11
1.134357216016183e-11
1.12358310388975e-11
1.112928594535418e-11
1.102386341397685e-11
1.091962441122067e-11
1.081650889750472e-11
1.071454890303177e-11
1.06136983380464e-11
1.051395002233999e-11
1.041531236218559e-11
1.031775704219019e-11
1.022130313766665e-11
1.012588233510666e-11
1.003154072956967e-11
9.938253275537395e-12
9.84598339036901e-12
9.754727379248373e-12
9.664493934627832e-12
9.575246524305224e-12
9.487017163976206e-12
9.39977716105208e-12
9.313510177389306e-12
9.2281824095465e-12
9.14383696026089e-12
9.060386204500928e-12
8.977904108476173e-12
8.896349675204407e-12
8.81572017652853e-12
8.735973585344923e-12
8.657160995537068e-12
8.579214461799712e-12
8.502138616438413e-12
8.425925125167313e-12
8.350547897010127e-12
8.276033109434163e-12
8.202342170303712e-12
8.129492058973122e-12
8.057511778505015e-12
7.986322922545812e-12
7.915919421423154e-12
7.846320438506548e-12
7.777504482474138e-12
7.709486122693095e-12
7.642234502888316e-12
7.575715992994019e-12
7.509974752838529e-12
7.445012182929994e-12
7.380767321994834e-12
7.317243906593385e-12
7.254435299364144e-12
7.192349445869012e-12
7.130993080858626e-12
7.070320969357178e-12
7.010335055340375e-12
6.951024045221762e-12
6.89240264962016e-12
6.834425573136273e-12
6.777148912561349e-12
6.720514315343442e-12
6.664532968397384e-12
6.609145872641463e-12
6.554413827052724e-12
6.500297565577329e-12
6.446812084657685e-12
6.393945024024386e-12
6.341666136234879e-12
6.289989115429602e-12
6.238925112538064e-12
6.188407270474337e-12
6.138464288269193e-12
6.089109522988073e-12
6.040320997569533e-12
5.992086586646299e-12
5.944377707761191e-12
5.897212281617771e-12
5.850593926820229e-12
5.804535064418341e-12
5.758954686892782e-12
5.713894339805932e-12
5.669321041160163e-12
5.625275860781176e-12
5.581771926640048e-12
5.538737729429846e-12
5.496166606503593e-12
5.454084134323638e-12
5.412479786283747e-12
5.371313894218923e-12
5.330632776040476e-12
5.290386765026123e-12
5.25057762795988e-12
5.211234985509397e-12
5.17234335058432e-12
5.133884367443851e-12
5.095819283532245e-12
5.058200701489162e-12
5.020979528187803e-12
4.984178402829869e-12
4.947805753478806e-12
4.911826141005555e-12
4.876237146501182e-12
4.841040429752666e-12
4.80624038988907e-12
4.771817620159089e-12
4.737753851401277e-12
4.704086654385653e-12
4.670772297453828e-12
4.637832985179016e-12
4.605232038464683e-12
4.57299488978278e-12
4.541095136509399e-12
4.50952795829768e-12
4.478316839609534e-12
4.447412352874531e-12
4.416854599145053e-12
4.386627373778885e-12
4.356674565722198e-12
4.327064271216028e-12
4.297770535481416e-12
4.26878781228964e-12
4.240109969077894e-12
4.211741146860892e-12
4.18364164002224e-12
4.15585440582704e-12
4.128368258408692e-12
4.101130727583003e-12
4.074142483708686e-12
4.04745329674891e-12
4.021038503650857e-12
3.994884522590709e-12
3.969002367741863e-12
3.943378482042304e-12
3.918030726094633e-12
3.892935371598154e-12
3.868064773754112e-12
3.84345943217051e-12
3.819074499988706e-12
3.794956741052507e-12
3.77103359917233e-12
3.747354424305043e-12
3.723919183194953e-12
3.700694787967805e-12
3.677693396459405e-12
3.654907399997386e-12
3.632351424322236e-12
3.61000960542132e-12
3.587887635447677e-12
3.565927717820519e-12
3.544206975508261e-12
3.522668658970906e-12
3.501350886229621e-12
3.480226483881699e-12
3.459297110422217e-12
3.438560513889087e-12
3.417984089529287e-12
3.397601894914481e-12
3.377405751498559e-12
3.35736757447224e-12
3.337539668349004e-12
3.317860637730953e-12
3.298341792396448e-12
3.278995401335528e-12
3.259836621286759e-12
3.240836479541015e-12
3.222010310128889e-12
3.203318811263845e-12
3.184783100517166e-12
3.166426367752009e-12
3.148182807427594e-12
3.13010882068471e-12
3.112181062025766e-12
3.094402928589178e-12
3.076771978041737e-12
3.059304244843974e-12
3.04196137084369e-12
3.024771184656671e-12
3.007718416941997e-12
2.990776175989769e-12
2.973965457139393e-12
2.957315446447675e-12
2.940764270775258e-12
2.924353783752908e-12
2.908054411450824e-12
2.891908114643256e-12
2.875862021671978e-12
2.859928211781693e-12
2.844110728046727e-12
2.828410957524649e-12
2.81284269002681e-12
2.797361526261241e-12
2.781992300221485e-12
2.766736334340045e-12
2.75159134196299e-12
2.736564836544964e-12
2.721644750388065e-12
2.706827408209274e-12
2.692112408811456e-12
2.677490105298666e-12
2.662990544016314e-12
2.648568931133195e-12
2.634278103892802e-12
2.62005799319917e-12
2.605916884897359e-12
2.591875266917355e-12
2.577929969785173e-12
2.564126392639326e-12
2.550368052387997e-12
2.536706636991715e-12
2.523120690720507e-12
2.50964878207623e-12
2.49627482398731e-12
2.482964955605215e-12
2.469716920118403e-12
2.456570570198638e-12
2.443514130746285e-12
2.43052737970837e-12
2.417617672905276e-12
2.404788085649101e-12
2.392047417096772e-12
2.379385340317494e-12
2.366775584771935e-12
2.354260277149061e-12
2.341827196044558e-12
2.329469037333793e-12
2.317150322572675e-12
2.304913706805921e-12
2.292758726744785e-12
2.280656898538279e-12
2.268649099816491e-12
2.256697851134745e-12
2.244824177216553e-12
2.233012359541413e-12
2.221282261175775e-12
2.209584857683257e-12
2.19799562435394e-12
2.186427617161183e-12
2.174964909154186e-12
2.163541238502884e-12
2.152204595582807e-12
2.140884152598825e-12
2.129664753460655e-12
2.118496605223128e-12
2.10737842846577e-12
2.096300766068256e-12
2.085324063856065e-12
2.074392102094972e-12
2.063531786190972e-12
2.052733013307823e-12
2.041988564036719e-12
2.031275276612875e-12
2.020625473070354e-12
2.010032663341809e-12
1.999494413786276e-12
1.989016154495301e-12
1.978581648336927e-12
1.968235501003726e-12
1.957885115522454e-12
1.947590384887268e-12
1.937367825747784e-12
1.927180212449275e-12
1.917059529239146e-12
1.907000317787477e-12
1.896990932743732e-12
1.887024920822607e-12
1.877111526027225e-12
1.867249313725692e-12
1.857383167170906e-12
1.847609461208135e-12
1.837874954899876e-12
1.828186161580998e-12
1.818562739086827e-12
1.808959410747931e-12
1.799423414318463e-12
1.789913216604711e-12
1.780433379487204e-12
1.771038672358897e-12
1.761672537997047e-12
1.752364999645811e-12
1.74310273860677e-12
1.733840975221078e-12
1.724641886794574e-12
1.715502908117194e-12
1.706384868576709e-12
1.697330422061541e-12
1.688353499237237e-12
1.679372909779336e-12
1.670436131532908e-12
1.661526209581863e-12
1.652669323873323e-12
1.643850263051174e-12
1.635108820793617e-12
1.626389688538577e-12
1.617689168032439e-12
1.609010914474927e-12
1.600412068427083e-12
1.591837094238177e-12
1.583336628996671e-12
1.574826608254286e-12
1.56636872990436e-12
1.557975742840499e-12
1.549593392357241e-12
1.541248975616415e-12
1.53296371120368e-12
1.524696270695965e-12
1.516446641024495e-12
1.508253679327002e-12
1.500103626686858e-12
1.491992834055793e-12
1.483938405657383e-12
1.475921029359928e-12
1.467961816371686e-12
1.459977352595149e-12
1.452062905355249e-12
1.444181578319854e-12
1.436322675010233e-12
1.428480199911336e-12
1.420694129549727e-12
1.412927420797392e-12
1.405207920508086e-12
1.397515702292531e-12
1.389879042015385e-12
1.382268255825514e-12
1.374674992466007e-12
1.367140870954412e-12
1.359642607960067e-12
1.352196546384623e-12
1.344744895542126e-12
1.337343494811077e-12
1.329977303511963e-12
1.322639856822129e-12
1.315346985578166e-12
1.308086055847529e-12
1.300843289284231e-12
1.293654153624136e-12
1.286489048866886e-12
1.279361554791265e-12
1.272248495692217e-12
1.265193420201841e-12
1.258139137040661e-12
1.251128160277407e-12
1.244167297068767e-12
1.237216620218158e-12
1.230313219397625e-12
1.22340432949472e-12
1.216548100838887e-12
1.209720555072047e-12
1.202938280485258e-12
1.196190495000864e-12
1.189480072704322e-12
1.182786685728059e-12
1.176103725992383e-12
1.169483131055408e-12
1.162899604236708e-12
1.156341624301211e-12
1.149781422314468e-12
1.143278401667676e-12
1.136784580204206e-12
1.130328192623303e-12
1.12393369467289e-12
1.117524426472286e-12
1.111164239482802e-12
1.104816261922558e-12
1.098519212108613e-12
1.092252408468646e-12
1.086023557247926e-12
1.079811416259828e-12
1.073607628043697e-12
1.067451740866093e-12
1.061318000866983e-12
1.05524732436302e-12
1.049166309405888e-12
1.043116435276412e-12
1.037113103564271e-12
1.031144422094045e-12
1.025188167546079e-12
1.019282535818158e-12
1.013351735149832e-12
1.007505925711153e-12
1.001662784039844e-12
9.958614875122748e-13
9.900735247977421e-13
9.843212611743953e-13
9.785541949880875e-13
9.728366993282397e-13
9.671708144101855e-13
9.61522572542257e-13
9.558874081589838e-13
9.502684011704339e-13
9.446952126545926e-13
9.391555810754654e-13
9.336273009078804e-13
9.281400431841095e-13
9.226889129751007e-13
9.172731730439592e-13
9.118611673241914e-13
9.06453848304996e-13
9.010815963641597e-13
8.95724752089378e-13
8.904048120446103e-13
8.851202525235426e-13
8.798709160956434e-13
8.746257259736569e-13
8.694360543565518e-13
8.642974817381328e-13
8.591385809337201e-13
8.539960393995394e-13
8.488854175895497e-13
8.437888088229362e-13
8.38735507983135e-13
8.337081226726178e-13
8.286908277609704e-13
8.237053585879247e-13
8.187561364353913e-13
8.13822607844726e-13
8.089165740950785e-13
8.040124947659006e-13
7.991758203731082e-13
7.943317997378865e-13
7.895397152858017e-13
7.847718255573665e-13
7.799940931941817e-13
7.75242228931511e-13
7.705483276513257e-13
7.658516054064474e-13
7.611494886955571e-13
7.565270884314257e-13
7.519371459442903e-13
7.473334419801819e-13
7.427610085466008e-13
7.381949592094174e-13
7.336592188806992e-13
7.291463777772721e-13
7.246813754083849e-13
7.202434047838652e-13
7.158010641199639e-13
7.11374933577253e-13
7.069760599748426e-13
7.026000219474671e-13
6.982390037619276e-13
6.939298868409946e-13
6.896494898405948e-13
6.85391873388401e-13
6.81142294707342e-13
6.769056057175635e-13
6.727126029940657e-13
6.685430658407548e-13
6.64371233363431e-13
6.602390179787451e-13
6.561089798502493e-13
6.520015640424637e-13
6.479239196631658e-13
6.438287607635241e-13
6.397683912882924e-13
6.357394073246054e-13
6.31735235881722e-13
6.277536588695308e-13
6.238132801922446e-13
6.198782006227144e-13
6.159718414340062e-13
6.120916891831772e-13
6.082164462324708e-13
6.043676401146412e-13
6.005411466337678e-13
5.967319865368574e-13
5.929567617413683e-13
5.892069816726692e-13
5.854378400737172e-13
5.817073455338408e-13
5.779935566810919e-13
5.742890258661376e-13
5.706241800765699e-13
5.669821256978057e-13
5.633499723428468e-13
5.597492116366612e-13
5.561666813226268e-13
5.526020282244646e-13
5.490331505261741e-13
5.454900682893093e-13
5.420013826793173e-13
5.384834616775261e-13
5.35026583245195e-13
5.315905605319635e-13
5.28180623301114e-13
5.247487376559761e-13
5.213560173759776e-13
5.179941782862754e-13
5.146508817910537e-13
5.112932353693326e-13
5.079609913743254e-13
5.046499840319236e-13
5.013633066000482e-13
4.981089064736494e-13
4.948753817549674e-13
4.916493872221848e-13
4.884298613981978e-13
4.852516582339633e-13
4.820855802331243e-13
4.789412641658821e-13
4.758010117471008e-13
4.726711754091713e-13
4.695668848376248e-13
4.664926291618415e-13
4.634095612349756e-13
4.603442905176184e-13
4.57318075573113e-13
4.54307992393361e-13
4.512954378440651e-13
4.482772131796256e-13
4.453065569885573e-13
4.423371880477405e-13
4.394088100802778e-13
4.36513488282725e-13
4.336102884656648e-13
4.307148609526628e-13
4.2783722877073e-13
4.249896589896488e-13
4.221381440167963e-13
4.193013001063414e-13
4.164742999948641e-13
4.137012438848573e-13
4.109523534844694e-13
4.081863689808042e-13
4.05460610295061e-13
4.027587540402261e-13
4.000210619960072e-13
3.973156978497759e-13
3.946539418586317e-13
3.9199498771282e-13
3.893401954310018e-13
3.867155042489518e-13
3.841059161052011e-13
3.815055321216887e-13
3.789146909868378e-13
3.763142909687833e-13
3.737349264385033e-13
3.711873526440367e-13
3.68678995432423e-13
3.661716191833369e-13
3.636799550628127e-13
3.612101543142912e-13
3.587494773355697e-13
3.562759791691354e-13
3.538324492183745e-13
3.513924333756986e-13
3.490039214396541e-13
3.466149109940969e-13
3.442479333369754e-13
3.419113086156108e-13
3.395545370818727e-13
3.371841792394356e-13
3.348438709238871e-13
3.325454780719184e-13
3.302509078736744e-13
3.279669324968816e-13
3.257124094433946e-13
3.234423524114466e-13
3.211847633431555e-13
3.189294425983609e-13
3.16677230681036e-13
3.144748644664621e-13
3.122793364296171e-13
3.101157816149066e-13
3.079588924490498e-13
3.058058344747183e-13
3.036714515386284e-13
3.015123069323434e-13
2.994053715062781e-13
2.973008228848152e-13
2.9520549664347e-13
2.931414749443612e-13
2.910829646560529e-13
2.890381919340154e-13
2.869996712435862e-13
2.849880013989887e-13
2.829889053363452e-13
2.809827194464635e-13
2.78988039354107e-13
2.770291292053317e-13
2.750847746998911e-13
2.731251430164685e-13
2.712165096771083e-13
2.693181513335583e-13
2.674206731718991e-13
2.655244104823166e-13
2.636255597961834e-13
2.617549773037762e-13
2.598911397442426e-13
2.580250689842393e-13
2.561373091128662e-13
2.543075691323438e-13
2.52477802146442e-13
2.506156612265173e-13
2.488153704131696e-13
2.470147858933523e-13
2.452588532275896e-13
2.434862866063494e-13
2.417506793987741e-13
2.400304731027547e-13
2.382937617034533e-13
2.365665586905573e-13
2.348646996420685e-13
2.331489971190707e-13
2.314235854364193e-13
2.297433629942074e-13
2.280575421559631e-13
2.264042255570853e-13
2.247574834858582e-13
2.231082761370707e-13
2.214778701044896e-13
2.198638952822364e-13
2.182604556375638e-13
2.166942430661794e-13
2.151394741248197e-13
2.135891413475463e-13
2.120300638850284e-13
2.104645341060612e-13
2.089325443611047e-13
2.074058246670565e-13
2.05871404768862e-13
2.043549008276099e-13
2.028329048126848e-13
2.01363115101207e-13
1.998876348108122e-13
1.984286553878681e-13
1.96972014965886e-13
1.955305354420557e-13
1.940634984390337e-13
1.926288714377125e-13
1.911886925560682e-13
1.897624755434082e-13
1.883530000477493e-13
1.86960188008863e-13
1.85567158355989e-13
1.84197478811348e-13
1.828499986097832e-13
1.814919415263792e-13
1.801397603978007e-13
1.787945462596112e-13
1.774429427815026e-13
1.760958199038865e-13
1.747804295952263e-13
1.734600562354955e-13
1.721685136414518e-13
1.708746155996817e-13
1.695905115924125e-13
1.683165496069802e-13
1.670577479663255e-13
1.657817318012319e-13
1.645237228005762e-13
1.632786418930186e-13
1.620481309890949e-13
1.608555179793352e-13
1.596933302455959e-13
1.584846798796499e-13
1.572801428189552e-13
1.560910568527867e-13
1.548932406714082e-13
1.537328146615389e-13
1.5256565244719e-13
1.514258275905076e-13
1.502693705031154e-13
1.491387324228371e-13
1.479905663879623e-13
1.468659875029874e-13
1.457499667729908e-13
1.446151473730156e-13
1.43475192771843e-13
1.423742624524513e-13
1.413041004044988e-13
1.402270087815398e-13
1.391463466848675e-13
1.380742101712208e-13
1.369933962144445e-13
1.359063467892813e-13
1.348613998066441e-13
1.338033778565142e-13
1.327604990760405e-13
1.317482465864063e-13
1.307066877475687e-13
1.296904850118447e-13
1.286791929930515e-13
1.27671884110147e-13
1.26688381000554e-13
1.257251355461221e-13
1.247663751306205e-13
1.238007112543234e-13
1.228234979056824e-13
1.218595320580248e-13
1.209033072119167e-13
1.199524224494859e-13
1.190060267821509e-13
1.180674275472107e-13
1.171302706804105e-13
1.162322049066245e-13
1.15313701677958e-13
1.1439921741222e-13
1.135138748296613e-13
1.126331697582557e-13
1.117385704866158e-13
1.108569098965372e-13
1.099469905112935e-13
1.090944920718956e-13
1.082572495382147e-13
1.074172157347902e-13
1.065687237782022e-13
1.057396678128414e-13
1.049059346248765e-13
1.040756840468428e-13
1.032514314044853e-13
1.024136625189504e-13
1.015924173881506e-13
1.007718245681819e-13
9.995960158745111e-14
9.916077712901492e-14
9.836893472989098e-14
9.758486144320821e-14
9.681844562661511e-14
9.606503220121233e-14
9.530982526128465e-14
9.454698498193797e-14
9.380398482841206e-14
9.307482096671552e-14
9.233598127756121e-14
9.155915624002401e-14
9.080135411396668e-14
9.009830009803788e-14
8.938448301600296e-14
8.8669065175015e-14
8.795510317251506e-14
8.722831298518118e-14
8.651669156677675e-14
8.583346839311305e-14
8.514431939810658e-14
8.447420753862694e-14
8.376020012831539e-14
8.306573714563811e-14
8.239174318010785e-14
8.172702819584613e-14
8.104899627882989e-14
8.039898674064803e-14
7.975234464551808e-14
7.90848433767363e-14
7.844465696411203e-14
7.778355721734378e-14
7.713204832330792e-14
7.64638024468293e-14
7.583735969486967e-14
7.522217901308034e-14
7.45884212197897e-14
7.397670817915356e-14
7.334855856329636e-14
7.275188923688067e-14
7.215947153254354e-14
7.157505977358629e-14
7.0982368678255e-14
7.039387514819195e-14
6.981096596242611e-14
6.921508153588423e-14
6.864264818781053e-14
6.806439821082447e-14
6.749341453110602e-14
6.693193348994082e-14
6.636382594874928e-14
6.579992649210662e-14
6.523019782319978e-14
6.46411219145945e-14
6.409383568729422e-14
6.354524480839948e-14
6.300904968224172e-14
6.247720478572985e-14
6.194202796714235e-14
6.142877672555939e-14
6.091050524855497e-14
6.038755017383906e-14
5.985473999376234e-14
5.931918759480122e-14
5.881979097548687e-14
5.828473615532768e-14
5.777983860489068e-14
5.729486738445482e-14
5.680818546575381e-14
5.63032392523262e-14
5.58442895646625e-14
5.540594654772688e-14
5.493961284842241e-14
5.450028656132288e-14
5.408167148654154e-14
5.363989246651378e-14
5.31685718351955e-14
5.27225673940088e-14
5.224882428105458e-14
5.180677792641957e-14
5.138618596801139e-14
5.094182744732416e-14
5.049855361387244e-14
5.00355331295243e-14
4.959447294889956e-14
4.915754664299275e-14
4.872298602785698e-14
4.83038345835771e-14
4.78503417007106e-14
4.742268792155001e-14
4.697855874658577e-14
4.657738423264222e-14
4.617017301304751e-14
4.57664471452906e-14
4.536645231017699e-14
4.498330046901762e-14
4.458436422679715e-14
4.421702516314158e-14
4.38774242441353e-14
4.351032838074187e-14
4.311775120910749e-14
4.274444430439451e-14
4.236406372598644e-14
4.199080095920212e-14
4.167450091178693e-14
4.131347822000556e-14
4.098853528500982e-14
4.065335236264553e-14
4.030444588928967e-14
3.996900506842619e-14
3.964001059970625e-14
3.928308673143166e-14
3.893296316682408e-14
3.860422512907922e-14
3.826381875589737e-14
3.79349490886763e-14
3.762702161359225e-14
3.728587550503089e-14
3.696128074937851e-14
3.6648163226031e-14
3.630450971052229e-14
3.598099926600298e-14
3.566356596434364e-14
3.535206683672237e-14
3.503537064521204e-14
3.474071341848372e-14
3.44394243385892e-14
3.416864447858208e-14
3.387500385828378e-14
3.358358976408704e-14
3.327598108744954e-14
3.300087362762532e-14
3.273021403631675e-14
3.246115525008261e-14
3.218801657738892e-14
3.192545720036914e-14
3.165473934842332e-14
3.137253664642671e-14
3.109094736170286e-14
3.080493294810585e-14
3.052471692908892e-14
3.025163700814137e-14
2.997291633553073e-14
2.969920390938619e-14
2.942673712005628e-14
2.915958869074089e-14
2.889113434123046e-14
2.862444370980482e-14
2.83851841338088e-14
2.813507237063376e-14
2.787814221998871e-14
2.763310692350387e-14
2.73924631251652e-14
2.714844325420753e-14
2.690976858975379e-14
2.667695629155224e-14
2.644058732519661e-14
2.619630266080009e-14
2.596071876116876e-14
2.569873146252836e-14
2.545489573072612e-14
2.523121733941137e-14
2.499979173174816e-14
2.478933714862987e-14
2.456408373693614e-14
2.433506353533749e-14
2.412618430794927e-14
2.394214314040575e-14
2.376643034639353e-14
2.356878360781286e-14
2.337140228745423e-14
2.316846919211213e-14
2.295636204162772e-14
2.278637884585127e-14
2.26231482682207e-14
2.243050578338653e-14
2.226208158343916e-14
2.209297377157759e-14
2.193279232092264e-14
2.175763111033754e-14
2.159087027049784e-14
2.142784995669757e-14
2.125650051601382e-14
2.109792147615042e-14
2.094196073330724e-14
2.075969054417867e-14
2.058853056879576e-14
2.040895832416357e-14
2.022802890378827e-14
2.004567987173083e-14
1.987032611911098e-14
1.971082340745472e-14
1.95168578290404e-14
1.934978465297881e-14
1.916745674491453e-14
1.899944450604186e-14
1.8843045622596e-14
1.86969880610582e-14
1.853353049304639e-14
1.836884838363687e-14
1.823183255053643e-14
1.807342894722171e-14
1.792048210519276e-14
1.77756465063621e-14
1.761761265142031e-14
1.747575239201966e-14
1.729996745602707e-14
1.714021189256977e-14
1.696782726261993e-14
1.678774200186059e-14
1.661129332615572e-14
1.64342583683581e-14
1.625069329354876e-14
1.608649110050298e-14
1.593151869509265e-14
1.578343987845685e-14
1.563257626160296e-14
1.549730691948245e-14
1.53616325277227e-14
1.520010148227867e-14
1.502831696163609e-14
1.487039402644685e-14
1.471498227791766e-14
1.454574169927553e-14
1.438645020360575e-14
1.422818192368079e-14
1.406444042981883e-14
1.390362109314644e-14
1.375323488318308e-14
1.361025093558506e-14
1.346058366532607e-14
1.329771688187711e-14
1.31385212867005e-14
1.300448154848806e-14
1.289831177888896e-14
1.278476024312685e-14
1.267504196062021e-14
1.256433829118308e-14
1.245124300407188e-14
1.233738085544105e-14
1.220750143256271e-14
1.205691213333612e-14
1.193096265481319e-14
1.181843908768354e-14
1.170329764478869e-14
1.159445437195086e-14
1.149542454785663e-14
1.139287782901256e-14
1.127545414684144e-14
1.117143410034962e-14
1.106467581725056e-14
1.095322467158633e-14
1.084649369702972e-14
1.073695120049883e-14
1.06385529348816e-14
1.052512244598478e-14
1.040737583528962e-14
1.029102372687788e-14
1.019490173617602e-14
1.010231185890933e-14
9.984522614233929e-15
9.855919554198451e-15
9.767883503610632e-15
9.661845072001409e-15
9.552477465795079e-15
9.458816546987883e-15
9.348438651770382e-15
9.250975987944439e-15
9.172923107685947e-15
9.066136978765987e-15
8.977408406898494e-15
8.889951349195134e-15
8.815867699799148e-15
8.721696270684102e-15
8.641348807603251e-15
8.554745186780202e-15
8.481360214158602e-15
8.391637018664755e-15
8.309920334761575e-15
8.228488606629043e-15
8.152148433766637e-15
8.075928833109521e-15
7.983089788204389e-15
7.917157199448457e-15
7.85545567754745e-15
7.779595992638649e-15
7.71075421254441e-15
7.651236899322828e-15
7.585753280676049e-15
7.50911796313042e-15
7.423693648252688e-15
7.35044201646616e-15
7.289592635441948e-15
7.223204067536138e-15
7.130820889302083e-15
7.052319517996748e-15
6.975342275200198e-15
6.90064540193014e-15
6.832321765517554e-15
6.77533177559476e-15
6.711946840736102e-15
6.64410550896149e-15
6.598600536672165e-15
6.534180566375448e-15
6.462837626444876e-15
6.390114718881756e-15
6.328856816488475e-15
6.271789911662943e-15
6.228590599234094e-15
6.179872253880428e-15
6.126549409438874e-15
6.058311714040879e-15
5.997564872041941e-15
5.948106466494435e-15
5.898386965811579e-15
5.837339594714567e-15
5.79062043897848e-15
5.747200212910366e-15
5.666378294630122e-15
5.602466544305434e-15
5.547893146523557e-15
5.495752047933746e-15
5.417708545897384e-15
5.366090744851967e-15
5.311086436385559e-15
5.243497740892261e-15
5.184287513533658e-15
5.133068892567467e-15
5.079022645801269e-15
5.04386863946392e-15
4.994656178680907e-15
4.951094888683881e-15
4.903184814870116e-15
4.866263901866272e-15
4.830379900884877e-15
4.795271693299043e-15
4.763061795087786e-15
4.736082993669974e-15
4.708054372693043e-15
4.67397007185451e-15
4.634163416056782e-15
4.615519007673161e-15
4.564992581300121e-15
4.542541675561885e-15
4.520022915215054e-15
4.49159232668284e-15
4.461506966980417e-15
4.430550930860491e-15
4.40251555200991e-15
4.378674176158421e-15
4.342052561440598e-15
4.292438604163345e-15
4.250544964781948e-15
4.204208179999838e-15
4.138495082800626e-15
4.120594625684005e-15
4.071741925918623e-15
4.027475023637356e-15
3.995584403562947e-15
3.955794535830403e-15
3.903796717560146e-15
3.881174950261548e-15
3.82819815413367e-15
3.781486143345565e-15
3.747526882233954e-15
3.717650717024495e-15
3.686723389045095e-15
3.65192117331624e-15
3.62912233360125e-15
3.629806063827218e-15
3.619895084270577e-15
3.595842027316879e-15
3.518387619772575e-15
3.519623809532589e-15
3.467023629784838e-15
3.455551304159084e-15
3.393100230489026e-15
3.32834711708228e-15
3.280451844840516e-15
3.300686189818513e-15
3.234609582923882e-15
3.232828817394837e-15
3.148269536497633e-15
3.041332330707899e-15
3.022659585087536e-15
2.999794131265795e-15
2.983535751543071e-15
2.934721077728488e-15
2.881910366505328e-15
2.82262762852233e-15
2.778976218456382e-15
2.704142347248546e-15
2.723831450663998e-15
2.673826785537475e-15
2.631286189082118e-15
2.602674436637937e-15
2.573725716971941e-15
2.543538981557334e-15
2.513310205178489e-15
2.467865896730991e-15
2.403927506042483e-15
2.347270371682624e-15
2.285527151507962e-15
2.245362250968204e-15
2.253615378177009e-15
2.185724696903546e-15
2.19880066802218e-15
2.137563010580288e-15
2.128317557167067e-15
2.059297560285698e-15
2.021914488179792e-15
1.988771590286703e-15
1.942754951632107e-15
1.9061945518814e-15
1.889294421959768e-15
1.865970973832432e-15
1.834901396599753e-15
1.796305925991816e-15
1.783626626669603e-15
1.719068299813816e-15
1.673316332806527e-15
1.644680734877928e-15
1.628585911729396e-15
1.62065092415702e-15
1.573871729838111e-15
1.522355039724638e-15
1.526469084137738e-15
1.484835840578685e-15
1.459665094567404e-15
1.440680526933822e-15
1.419905465863716e-15
1.405914399846539e-15
1.383478068764217e-15
1.368019685902367e-15
1.349933187367666e-15
1.335568313367604e-15
1.32000884297489e-15
1.309849175523902e-15
1.298421408590402e-15
1.279262491630429e-15
1.264950154589645e-15
1.238077698874104e-15
1.222118769021422e-15
1.212079764314564e-15
1.189434297918798e-15
1.168937198611147e-15
1.155959845526699e-15
1.145920909783902e-15
1.132575394625979e-15
1.128869667593955e-15
1.117769092431041e-15
1.104998433107969e-15
1.098732042882406e-15
1.093675299870759e-15
1.089529838351904e-15
1.084738125552839e-15
1.079226293621895e-15
1.074912920127698e-15
1.072344918430265e-15
1.120832808544049e-15
1.094899790082653e-15
1.12001937830805e-15
1.033991443535022e-15
1.070872758079874e-15
1.024248678258213e-15
9.976189949076494e-16
9.821692979704732e-16
9.561999282891465e-16
9.431655910874157e-16
9.243000224000494e-16
9.081755210685035e-16
8.994204038209916e-16
8.822321152598535e-16
8.71758046367475e-16
8.530296972950062e-16
8.337753716661898e-16
8.096916694498582e-16
7.96250458754783e-16
7.798318324267769e-16
7.746469053539168e-16
7.440576638112941e-16
7.63012626879477e-16
7.089430708911401e-16
7.240961906883069e-16
6.830660347105733e-16
7.035067928823316e-16
6.626923045075746e-16
6.788629797574693e-16
6.426364501064751e-16
6.568685010712355e-16
5.947953050868263e-16
5.922059263877863e-16
5.429981316228365e-16
5.536521329401823e-16
5.095812275419814e-16
4.793298543427832e-16
4.535120316353062e-16
4.067855180971905e-16
3.733223571852295e-16
3.501451782942722e-16
3.31197553991832e-16
3.144749572586291e-16
2.868285296613885e-16
3.326972655288484e-16
2.784578826156307e-16
2.305201758060623e-16
2.104671785302948e-16
1.977180533405352e-16
1.883115711182367e-16
1.663586142885243e-16
1.490959720520265e-16
1.368639035222074e-16
1.282126557040711e-16
1.218957373646033e-16
1.110508582035042e-16
