0.01
9.595020430267301
8.814753902788823
8.138333888256353
7.54578460203128
7.022219476676733
6.556219643882686
6.138836103927533
5.762934259402452
5.422743736191399
5.113539209617851
4.831408584906251
4.573081319445358
4.335799179246319
4.117217534565638
3.91532900538604
3.728403705334752
3.554941976113525
3.393636634674593
3.243342545691021
3.103051892735495
2.971873924935932
2.849018249518399
2.733780956859556
2.625533025569853
2.523710576064754
2.427806632835917
2.337364125865571
2.251969915830265
2.17124966990125
2.09486344798387
2.022501885302733
1.953882877938343
1.888748694459741
1.826863450090651
1.768010890588794
1.711992441744995
1.658625487533759
1.607741845791862
1.559186415117637
1.512815970670308
1.468498089860845
1.426110191690519
1.385538675808223
1.346678149304015
1.309430730898477
1.273705423577482
1.239417547902824
1.206488229235038
1.1748439329648
1.14441604258625
1.115140476079669
1.086957336616958
1.059810594075992
1.033647794259313
1.008419793068231
0.9840805131936087
0.9605867211548269
0.9378978227556838
0.9159756752333508
0.8947844145593783
0.8742902965124735
0.8544615502848505
0.8352682435094163
0.8166821577065571
0.7986766732477754
0.7812266630216198
0.764308394065381
0.7478994364959437
0.7319785791357155
0.7165257512853112
0.7015219501448552
0.6869491734308039
0.6727903567755372
0.6590293155335704
0.6456506906508905
0.6326398982838458
0.6199830828805409
0.6076670734622025
0.5956793428638369
0.5840079697135202
0.5726416029477458
0.5615694286767424
0.5507811392286993
0.5402669042154515
0.5300173434746741
0.5200235017549928
0.510276825020857
0.5007691382634218
0.491492624712513
0.4824398063526427
0.4736035256533693
0.4649769284310108
0.4565534477648823
0.4483267888968572
0.4402909150483291
0.4324400340933587
0.4247685860312528
0.4172712312059013
0.4099428392229172
0.4027784785190867
0.3957734065418899
0.3889230604997164
0.3822230486462111
0.3756691420646912
0.3692572669208772
0.3629834971543867
0.3568440475814675
0.3508352673832233
0.3449536339553986
0.3391957470973616
0.3335583235193829
0.3280381916487292
0.3226322867163623
0.3173376461072078
0.3121514049580981
0.3070707919885011
0.3020931255501416
0.2972158098824617
0.2924363315617601
0.287752256132597
0.2831612249107675
0.2786609519478596
0.2742492211479761
0.2699238835278923
0.2656828546123449
0.2615241119567758
0.2574456927902329
0.2534456917716837
0.2495222588533076
0.2456735972448074
0.2418979614730861
0.2381936555320457
0.2345590311174959
0.2309924859425581
0.2274924621291244
0.2240574446713167
0.2206859599670136
0.2173765744138303
0.214127893066126
0.21093855834979
0.2078072488317987
0.204732678041664
0.2017135933420911
0.1987487748463182
0.1958370343797343
0.1929772144835327
0.1901681874582989
0.1874088544454988
0.1846981445450069
0.1820350139669004
0.1794184452158288
0.1768474463063753
0.1743210500079403
0.1718383131177073
0.1693983157603866
0.1670001607134583
0.1646429727567392
0.162325898045158
0.1600481035036511
0.157808776243209
0.155607122997102
0.153442369576393
0.1513137603438934
0.1492205577057527
0.1471620416199173
0.1451375091207517
0.143146273859116
0.1411876656572746
0.1392610300780066
0.1373657280073439
0.1355011352503776
0.133666642139616
0.1318616531553864
0.1300855865578228
0.1283378740299663
0.1266179603315795
0.1249253029632441
0.1232593718403699
0.1216196489767411
0.120005628177254
0.1184168147395024
0.1168527251639142
0.1153128868721035
0.1137968379331863
0.1123041267977533
0.1108343120392523
0.1093869621025308
0.1079616550592811
0.1065579783701827
0.1051755286535031
0.1038139114599532
0.1024727410535996
0.1011516401986362
0.09985023995182907
0.09856817946046713
0.0973051057656374
0.09606067361066281
0.09483454525455917
0.09362639029034112
0.09243588546805354
0.09126271452236465
0.09010656800461499
0.08896714311916921
0.08784414356396252
0.08673727937511365
0.08564626677549476
0.08457082802714307
0.08351069128740667
0.08246559046872959
0.08143526510196213
0.0804194602031103
0.07941792614343292
0.07843041852278278
0.07745669804612082
0.07649653040310705
0.0755496861506935
0.07461594059863479
0.07369507369784509
0.07278686993151948
0.07189111820895881
0.07100761176201575
0.07013614804410112
0.0692765286316878
0.06842855912823648
0.06759204907049733
0.06676681183710988
0.06595266455945893
0.06514942803471545
0.06435692664101872
0.0635749882547373
0.06280344416976097
0.06204212901877064
0.0612908806964389
0.06054954028451046
0.0598179519787181
0.0590959630174826
0.05838342361236375
0.05768018688020386
0.056986108776935
0.05630104803300168
0.0556248660903577
0.05495742704100604
0.05429859756703287
0.05364824688210786
0.05300624667441065
0.05237247105094519
0.05174679648321547
0.05112910175422045
0.05051926790674263
0.04991717819289086
0.04932271802487686
0.04873577492698299
0.04815623848870077
0.04758400031900695
0.04701895400175124
0.04646099505212561
0.04591002087419031
0.04536593071943092
0.04482862564631933
0.04429800848085487
0.04377398377805945
0.04325645778440708
0.04274533840116041
0.04224053514859377
0.04174195913108036
0.04124952300302302
0.04076314093560575
0.04028272858434699
0.03980820305743481
0.03933948288482504
0.03887648798807888
0.03841913965093037
0.03796736049055603
0.03752107442953644
0.03708020666848744
0.03664468365934852
0.03621443307930755
0.03578938380535119
0.03536946588942019
0.0349546105341568
0.03454475006923218
0.03413981792823331
0.03373974862610037
0.03334447773710015
0.0329539418733187
0.03256807866366469
0.03218682673336782
0.03181012568396119
0.03143791607373456
0.03107013939864709
0.03070673807368977
0.0303476554146823
0.02999283562049757
0.02964222375570106
0.02929576573359465
0.02895340829965594
0.0286150990153612
0.02828078624238573
0.02795041912716625
0.02762394758582429
0.02730132228943404
0.02698249464963051
0.02666741680454819
0.02635604160508221
0.02604832260146184
0.02574421403013321
0.0254436708009383
0.02514664848458605
0.0248531033004078
0.02456299210438847
0.0242762723774685
0.02399290221410887
0.02371284031111213
0.02343604595669461
0.02316247901980163
0.02289209993966091
0.0226248697155697
0.02236074989690353
0.02209970257335188
0.02184169036536378
0.02158667641480518
0.02133462437582171
0.02108549840589918
0.02083926315712064
0.02059588376761079
0.02035532585316819
0.02011755549907611
0.01988253925208994
0.01965024411259658
0.01942063752694156
0.0191936873799186
0.01896936198742003
0.01874763008924125
0.01852846084203801
0.01831182381243075
0.01809768897025467
0.01788602668194909
0.01767680770408529
0.01747000317702811
0.01726558461872869
0.01706352391864438
0.01686379333178382
0.01666636547287312
0.01647121331064129
0.01627831016222054
0.01608762968766114
0.01589914588455459
0.01571283308276683
0.01552866593927417
0.01534661943310356
0.01516666886037246
0.01498878982942643
0.01481295825607219
0.01463915035890423
0.01446734265472177
0.01429751195403573
0.01412963535666138
0.01396369024739597
0.01379965429178008
0.01363750543193842
0.01347722188250089
0.01331878212659973
0.01316216491194277
0.01300734924695992
0.01285431439702182
0.01270303988072849
0.01255350546626683
0.01240569116783518
0.01225957724213337
0.01211514418491686
0.01197237272761396
0.01183124383400314
0.01169173869695145
0.01155383873521031
0.01141752559026968
0.01128278112326677
0.0111495874119506
0.01101792674769888
0.01088778163258851
0.01075913477651571
0.01063196909436723
0.01050626770323985
0.01038201391970806
0.01025919125713816
0.0101377834230484
0.0100177743165138
0.009899148025614589
0.009781888824928007
0.009665981173061377
0.00955140971022682
0.009438159255855727
0.009326214806252873
0.009215561532288719
0.009106184777129711
0.008998070054005231
0.008891203044010842
0.008785569593946789
0.008681155714191332
0.008577947576607538
0.008475931512483978
0.00837509401050749
0.008275421714767936
0.008176901422794206
0.008079520083621075
0.007983264795885471
0.007888122805952776
0.007794081506071605
0.007701128432556669
0.007609251263999494
0.007518437819506568
0.00742867605696341
0.0073399540713252
0.007252260092932763
0.007165582485853856
0.007079909746248565
0.006995230500759376
0.006911533504924368
0.006828807641614152
0.006747041919490997
0.006666225471490674
0.006586347553325983
0.006507397542012109
0.006429364934412546
0.006352239345806141
0.006276010508474303
0.006200668270308174
0.006126202593435498
0.006052603552866438
0.005979861335158545
0.005907966237100102
0.005836908664411713
0.005766679130465819
0.005697268255023798
0.005628666762990069
0.005560865483183445
0.005493855347124928
0.005427627387842105
0.00536217273868914
0.005297482632183135
0.005233548398855788
0.005170361466119835
0.005107913357151486
0.005046195689786644
0.004985200175432124
0.004924918617990985
0.004865342912801956
0.004806465045592478
0.004748277091445533
0.00469077121377949
0.004633939663341365
0.004577774777212757
0.004522268977828664
0.004467414772008506
0.004413204749999786
0.004359631584533513
0.00430668802989164
0.004254366920986309
0.004202661172450398
0.00415156377773968
0.004101067808245691
0.004051166412420293
0.004001852814910291
0.00395312031570326
0.003904962289283577
0.00385737218379877
0.003810343520236305
0.00376386989161008
0.003717944962156973
0.003672562466543087
0.00362771620907935
0.003583400062947033
0.003539607969432067
0.003496333937168705
0.003453572041392412
0.003411316423201231
0.003369561288826223
0.003328300908910569
0.003287529617796969
0.003247241812823583
0.003207431953628152
0.003168094561460433
0.003129224218502561
0.003090815567197305
0.00305286330958426
0.003015362206643669
0.002978307077647781
0.002941692799520005
0.002905514306201004
0.002869766588022511
0.002834444691088139
0.002799543716661189
0.00276505882055979
0.002730985212558568
0.002697318155797448
0.002664052966196932
0.002631185011880253
0.002598709712601867
0.002566622539182539
0.002534919012950761
0.00250359470519051
0.002472645236595147
0.002442066276727422
0.002411853543485871
0.002382002802576621
0.002352509866991502
0.002323370596492038
0.002294580897098828
0.002266136720586983
0.002238034063986815
0.002210268969090456
0.002182837521963704
0.002155735852463205
0.002128960133759184
0.002102506581863305
0.00207637145516181
0.002050551053953672
0.002025041719994001
0.001999839836042279
0.001974941825415803
0.001950344151547652
0.001926043317549876
0.001902035865781202
0.001878318377419564
0.001854887472039276
0.001831739807192826
0.001808872077997204
0.001786281016724688
0.001763963392398207
0.001741916010391034
0.001720135712030636
0.001698619374207102
0.001677363908985755
0.001656366263223739
0.001635623418191016
0.001615132389195299
0.001594890225211104
0.00157489400851273
0.001555140854311275
0.001535627910395535
0.001516352356776772
0.001497311405337235
0.001478502299482583
0.001459922313797928
0.001441568753707699
0.001423438955139014
0.001405530284188673
0.001387840136793903
0.00137036593840641
0.001353105143670104
0.001336055236102083
0.00131921372777716
0.001302578159015841
0.001286146098075344
0.001269915140844301
0.001253882910540443
0.001238047057411548
0.001222405258439775
0.001206955217048926
0.001191694662814933
0.001176621351179394
0.001161733063166329
0.00114702760510161
0.0011325028083358
0.001118156528969492
0.001103986647582095
0.001089991068963095
0.001076167721846302
0.001062514558646891
0.001049029555201491
0.001035710710510638
0.00102255604648431
0.001009563607689922
0.0009967314611032878
0.0009840576958618735
0.0009715404230209666
0.0009591777753123117
0.0009469679069054397
0.000934908993171274
0.0009229992304485196
0.0009112368358124414
0.0008996200468460103
0.0008881471214137065
0.0008768163374374818
0.0008656259926753261
0.0008545744045019666
0.0008436599096920607
0.0008328808642057758
0.0008222356429763249
0.0008117226397001619
0.0008013402666290747
0.0007910869543647221
0.0007809611516552956
0.0007709613251942313
0.0007610859594212894
0.0007513335563255451
0.000741702635250542
0.00073219173270161
0.0007227994021551668
0.0007135242138699969
0.0007043647547006525
0.0006953196279128036
0.000686387453000474
0.0006775668655054403
0.0006688565168383155
0.0006602550741017169
0.0006517612199151533
0.0006433736522420987
0.0006350910842184416
0.0006269122439833053
0.0006188358745111577
0.0006108607334461085
0.0006029855929378181
0.0005952092394791558
0.0005875304737456372
0.0005799481104365401
0.0005724609781177306
0.0005650679190662983
0.0005577677891167015
0.0005505594575085327
0.0005434418067360319
0.0005364137323993348
0.0005294741430569349
0.0005226219600800892
0.0005158561175086079
0.000509175561908274
0.0005025792522298626
0.0004960661596693872
0.0004896352675301963
0.0004832855710863355
0.0004770160774474853
0.0004708258054253136
0.0004647137854012596
0.0004586790591958042
0.0004527206799390286
0.0004468377119427477
0.0004410292305738232
0.0004352943221290769
0.0004296320837112705
0.0004240416231067235
0.000418522058664083
0.0004130725191743419
0.0004076921437524333
0.0004023800817196819
0.0003971354924880544
0.000391957545445176
0.0003868454198409527
0.0003817983046751047
0.0003768153985863021
0.0003718959097421426
0.0003670390557305635
0.0003622440634522935
0.0003575101690145591
0.000352836617625937
0.0003482226634923525
0.0003436675697141775
0.0003391706081844354
0.0003347310594881935
0.0003303482128030177
0.0003260213658004443
0.0003217498245487561
0.0003175329034164291
0.0003133699249770618
0.0003092602199150151
0.0003052031269323124
0.0003011979926564658
0.0002972441715492055
0.0002933410258164372
0.00028948792531901
0.0002856842474845514
0.0002819293772202584
0.0002782227068265413
0.0002745636359118555
0.0002709515713081374
0.000267385926987575
0.0002638661239799041
0.0002603915902908863
0.0002569617608215282
0.0002535760772883
0.0002502339881441795
0.0002469349485005616
0.0002436784200501077
0.0002404638709902956
0.0002372907759479474
0.000234158615904625
0.0002310668781226646
0.0002280150560722431
0.0002250026493591174
0.0002220291636531907
0.0002190941106179748
0.0002161970078406539
0.0002133373787630015
0.0002105147526132508
0.0002077286643384571
0.0002049786545375785
0.0002022642693956996
0.0001995850606185835
0.0001969405853681317
0.0001943304061984698
0.0001917540909929459
0.0001892112129015691
0.0001867013502793375
0.0001842240866252332
0.0001817790105217079
0.0001793657155752263
0.0001769838003570335
0.0001746328683450436
0.0001723125278658726
0.0001700223920379539
0.0001677620787150405
0.000165531210430639
0.0001633294143426155
0.0001611563221787794
0.0001590115701829488
0.0001568947990616526
0.0001548056539314972
0.0001527437842669042
0.0001507088438487844
0.0001487004907134356
0.000146718387102225
0.0001447621994118949
0.0001428315981452228
0.000140926257862327
0.0001390458571326623
0.0001371900784874067
0.0001353586083723654
0.000133551137101548
0.0001317673588111186
0.0001300069714139869
0.0001282696765549772
0.0001265551795662166
0.0001248631894232945
0.0001231934187019491
0.000121545583535
0.0001199194035699903
0.000118314601927211
0.0001167309051582842
0.0001151680432050976
0.0001136257493593233
0.000112103760222375
0.0001106018156657467
0.0001091196587918999
0.0001076570358955346
0.0001062136964253765
0.0001047893929463257
0.0001033838811020656
0.0001019969195781674
0.0001006282700654528
9.927769722400633e-05
9.794496864732443e-05
9.662985482721287e-05
9.533212911878699e-05
9.405156770601615e-05
9.278794956770305e-05
9.154105644368653e-05
9.031067280168808e-05
8.909658580435101e-05
8.78985852765205e-05
8.671646367345888e-05
8.555001604868841e-05
8.439904002292936e-05
8.326333575269083e-05
8.214270589984253e-05
8.10369556012157e-05
7.994589243857114e-05
7.886932640900213e-05
7.780706989564772e-05
7.675893763872523e-05
7.572474670691875e-05
7.470431646911247e-05
7.369746856644652e-05
7.270402688471898e-05
7.172381752697585e-05
7.07566687866507e-05
6.98024111208451e-05
6.886087712397779e-05
6.79319015017043e-05
6.701532104520487e-05
6.611097460578834e-05
6.521870306960537e-05
6.43383493329693e-05
6.346975827766727e-05
6.261277674679605e-05
6.17672535206265e-05
6.093303929306346e-05
6.01099866481378e-05
5.929795003682668e-05
5.849678575424266e-05
5.770635191696464e-05
5.692650844074804e-05
5.615711701841656e-05
5.539804109805208e-05
5.464914586142027e-05
5.391029820262597e-05
5.318136670715103e-05
5.246222163096551e-05
5.175273487998566e-05
5.105277998982569e-05
5.036223210555873e-05
4.96809679620974e-05
4.900886586431647e-05
4.834580566795916e-05
4.76916687603008e-05
4.704633804128336e-05
4.640969790487339e-05
4.57816342205369e-05
4.516203431496036e-05
4.455078695416635e-05
4.394778232550736e-05
4.335291202018665e-05
4.276606901575299e-05
4.218714765904442e-05
4.161604364915568e-05
4.105265402054828e-05
4.049687712660556e-05
3.994861262321048e-05
3.940776145250649e-05
3.887422582699067e-05
3.834790921360766e-05
3.782871631829583e-05
3.731655307031985e-05
3.681132660728691e-05
3.631294525987095e-05
3.582131853707996e-05
3.533635711143048e-05
3.485797280462796e-05
3.438607857298371e-05
3.392058849339911e-05
3.346141774923977e-05
3.300848261659973e-05
3.256170045057197e-05
3.212098967178227e-05
3.168626975300424e-05
3.125746120595993e-05
3.083448556841211e-05
3.041726539112713e-05
3.000572422535054e-05
2.959978661002715e-05
2.919937805957009e-05
2.880442505157944e-05
2.841485501471359e-05
2.803059631671067e-05
2.765157825253195e-05
2.727773103278635e-05
2.690898577213768e-05
2.654527447793461e-05
2.618653003896193e-05
2.583268621432411e-05
2.548367762237803e-05
2.513943973004537e-05
2.479990884194473e-05
2.446502208992225e-05
2.413471742252447e-05
2.380893359471656e-05
2.348761015757635e-05
2.31706874483227e-05
2.285810658036343e-05
2.254980943337033e-05
2.224573864367523e-05
2.194583759457552e-05
2.165005040687519e-05
2.135832192959309e-05
2.107059773067264e-05
2.078682408776161e-05
2.050694797934427e-05
2.023091707573943e-05
1.995867973028055e-05
1.969018497068425e-05
1.94253824904317e-05
1.916422264027586e-05
1.890665641982227e-05
1.865263546935004e-05
1.8402112061628e-05
1.815503909373059e-05
1.791137007918548e-05
1.767105914004354e-05
1.743406099913657e-05
1.720033097229838e-05
1.696982496089884e-05
1.674249944428832e-05
1.651831147240879e-05
1.629721865851351e-05
1.607917917186278e-05
1.586415173072207e-05
1.565209559515712e-05
1.544297056024023e-05
1.523673694909629e-05
1.503335560619615e-05
1.483278789046622e-05
1.463499566893074e-05
1.44399413099545e-05
1.424758767702081e-05
1.405789812213875e-05
1.387083647967496e-05
1.368636706012607e-05
1.35044546439581e-05
1.332506447551874e-05
1.314816225713569e-05
1.297371414316641e-05
1.280168673412388e-05
1.263204707098276e-05
1.246476262943832e-05
1.229980131433873e-05
1.213713145410891e-05
1.197672179521777e-05
1.181854149686807e-05
1.166256012555942e-05
1.150874764990823e-05
1.135707443536589e-05
1.120751123908224e-05
1.106002920487447e-05
1.091459985820132e-05
1.07711951011741e-05
1.062978720766986e-05
1.04903488185629e-05
1.03528529368964e-05
1.021727292322591e-05
1.008358249092031e-05
9.951755701625531e-06
9.821766960716712e-06
9.693591012809398e-06
9.567202937421115e-06
9.442578144493051e-06
9.319692370157238e-06
9.198521672465621e-06
9.079042427288048e-06
8.961231324017646e-06
8.845065361605277e-06
8.730521844491277e-06
8.617578378531907e-06
8.506212867213508e-06
8.396403507744666e-06
8.288128787090275e-06
8.181367478352117e-06
8.076098636940714e-06
7.972301596934228e-06
7.869955967398483e-06
7.769041628784736e-06
7.669538729473498e-06
7.571427682222994e-06
7.474689160691223e-06
7.379304096003892e-06
7.285253673522973e-06
7.192519329355805e-06
7.101082747156685e-06
7.010925854907105e-06
6.922030821737598e-06
6.834380054709262e-06
6.747956195702256e-06
6.66274211843165e-06
6.578720925319326e-06
6.495875944603037e-06
6.41419072729251e-06
6.333649044265487e-06
6.254234883485882e-06
6.175932447058118e-06
6.09872614849959e-06
6.022600609937332e-06
5.947540659394573e-06
5.873531328097441e-06
5.800557847844766e-06
5.728605648369569e-06
5.657660354720959e-06
5.587707784768174e-06
5.518733946697122e-06
5.450725036380965e-06
5.383667435124807e-06
5.31754770715616e-06
5.252352597300756e-06
5.188069028477755e-06
5.124684099544782e-06
5.062185082893699e-06
5.00055942224151e-06
4.939794730394213e-06
4.879878787069777e-06
4.82079953666316e-06
4.76254508614766e-06
4.705103702965325e-06
4.648463812983493e-06
4.592613998320566e-06
4.537542995382921e-06
4.483239692878981e-06
4.429693129847759e-06
4.37689249367336e-06
4.32482711817005e-06
4.273486481719974e-06
4.222860205349592e-06
4.172938050937196e-06
4.123709919338346e-06
4.075165848630549e-06
4.027296012374549e-06
3.980090717792229e-06
3.933540404025204e-06
3.887635640497957e-06
3.842367125282133e-06
3.797725683298218e-06
3.753702264784859e-06
3.710287943692723e-06
3.667473916044204e-06
3.625251498405261e-06
3.58361212628499e-06
3.542547352651277e-06
3.502048846480171e-06
3.462108391082961e-06
3.422717882843824e-06
3.383869329667752e-06
3.345554849592202e-06
3.307766669332322e-06
3.270497122963642e-06
3.233738650498101e-06
3.197483796470738e-06
3.161725208754483e-06
3.126455637117889e-06
3.091667931990234e-06
3.057355043184819e-06
3.023510018533443e-06
2.990126002746122e-06
2.957196236176433e-06
2.924714053502297e-06
2.89267288256878e-06
2.861066243324444e-06
2.829887746472733e-06
2.799131092392257e-06
2.768790070026441e-06
2.738858555704341e-06
2.709330512054176e-06
2.680199986922051e-06
2.65146111220072e-06
2.623108102934287e-06
2.595135256067157e-06
2.567536949522803e-06
2.540307641098128e-06
2.51344186759507e-06
2.486934243533928e-06
2.460779460508309e-06
2.434972285919484e-06
2.409507562149673e-06
2.384380205600179e-06
2.359585205684283e-06
2.335117623958308e-06
2.310972593161059e-06
2.287145316342567e-06
2.263631065897596e-06
2.240425182716523e-06
2.217523075347603e-06
2.19492021904452e-06
2.172612154966573e-06
2.150594489337022e-06
2.128862892585775e-06
2.10741309853238e-06
2.086240903444168e-06
2.065342165466616e-06
2.044712803687268e-06
2.024348797225104e-06
2.004246184709495e-06
1.984401063328487e-06
1.964809588127452e-06
1.945467971243806e-06
1.926372481108916e-06
1.907519441763953e-06
1.888905232186351e-06
1.870526285466612e-06
1.852379088058428e-06
1.834460179302102e-06
1.816766150431318e-06
1.799293644078858e-06
1.782039353501891e-06
1.765000021994881e-06
1.748172442146723e-06
1.731553455186655e-06
1.715139950388807e-06
1.698928864315411e-06
1.682917180331001e-06
1.667101927809038e-06
1.65148018162034e-06
1.636049061520284e-06
1.620805731416705e-06
1.605747398883778e-06
1.590871314548911e-06
1.576174771405912e-06
1.561655104392525e-06
1.547309689667182e-06
1.533135944084645e-06
1.519131324636126e-06
1.505293327932242e-06
1.491619489521536e-06
1.478107383489824e-06
1.464754621853676e-06
1.451558854014182e-06
1.438517766216463e-06
1.42562908102842e-06
1.412890556918723e-06
1.4002999876322e-06
1.387855201662043e-06
1.375554061902771e-06
1.36339446496373e-06
1.351374340839931e-06
1.339491652289581e-06
1.327744394520814e-06
1.31613059454474e-06
1.30464831083255e-06
1.293295632731571e-06
1.282070680185794e-06
1.270971603131727e-06
1.259996581041299e-06
1.24914382265509e-06
1.238411565379416e-06
1.22779807487488e-06
1.21730164464243e-06
1.206920595752795e-06
1.196653276172989e-06
1.186498060499994e-06
1.176453349565363e-06
1.166517570013466e-06
1.15668917386595e-06
1.146966638177823e-06
1.13734846461414e-06
1.127833179145918e-06
1.11841933153607e-06
1.109105495113174e-06
1.099890266283113e-06
1.090772264299752e-06
1.081750130730213e-06
1.072822529260614e-06
1.063988145287362e-06
1.055245685544601e-06
1.046593877792607e-06
1.038031470508558e-06
1.029557232469895e-06
1.021169952537855e-06
1.012868439284988e-06
1.004651520604002e-06
9.96518043542438e-07
9.884668738857059e-07
9.804968958561053e-07
9.726070118612802e-07
9.64796142160354e-07
9.570632246004961e-07
9.494072142983124e-07
9.418270833459579e-07
9.343218205511904e-07
9.268904312196998e-07
9.195319367545862e-07
9.122453745018717e-07
9.050297973958741e-07
8.978842737753739e-07
8.908078870794906e-07
8.83799735590675e-07
8.768589322311593e-07
8.699846042781181e-07
8.631758931276882e-07
8.564319540609563e-07
8.497519559584647e-07
8.431350811893191e-07
8.365805252745884e-07
8.300874967065968e-07
8.236552166695909e-07
8.172829189166279e-07
8.109698494997455e-07
8.047152665904998e-07
7.985184402068056e-07
7.923786520657961e-07
7.862951953654498e-07
7.802673745462201e-07
7.742945052135775e-07
7.683759138596671e-07
7.625109375974479e-07
7.566989241514271e-07
7.509392315592765e-07
7.452312279607694e-07
7.39574291570021e-07
7.339678103703816e-07
7.284111819361291e-07
7.2290381333923e-07
7.1744512094496e-07
7.120345302837058e-07
7.066714758596042e-07
7.013554009498302e-07
6.960857575111405e-07
6.908620060537808e-07
6.856836154093843e-07
6.805500626003591e-07
6.754608328025017e-07
6.704154190078732e-07
6.654133221345292e-07
6.60454050634055e-07
6.555371205522663e-07
6.506620552252566e-07
6.458283853245662e-07
6.410356486070452e-07
6.36283389842703e-07
6.315711606637225e-07
6.268985194191466e-07
6.222650311274875e-07
6.176702673756458e-07
6.131138060360092e-07
6.085952313542321e-07
6.041141337028937e-07
5.996701095208227e-07
5.952627612253199e-07
5.908916971058164e-07
5.865565311932789e-07
5.822568831464636e-07
5.779923781393648e-07
5.7376264682217e-07
5.695673252229709e-07
5.654060546234986e-07
5.612784814301771e-07
5.571842571404464e-07
5.531230383023142e-07
5.490944862460335e-07
5.45098267231941e-07
5.411340521490688e-07
5.372015165423749e-07
5.333003405560571e-07
5.294302088211492e-07
5.255908103413226e-07
5.217818384394146e-07
5.180029906826152e-07
5.142539688843028e-07
5.10534478871263e-07
5.06844230539207e-07
5.031829377099556e-07
4.995503182124345e-07
4.959460935771473e-07
4.923699890957687e-07
4.888217338312918e-07
4.853010603848119e-07
4.818077050271944e-07
4.7834140741814e-07
4.749019107331399e-07
4.714889615126594e-07
4.681023096241303e-07
4.647417082069324e-07
4.614069136086508e-07
4.580976853655131e-07
4.54813786050333e-07
4.515549813382993e-07
4.483210398856289e-07
4.451117332862574e-07
4.419268360797038e-07
4.387661255832011e-07
4.356293819934916e-07
4.325163882098021e-07
4.294269298778484e-07
4.263607952200173e-07
4.233177751392463e-07
4.202976631820484e-07
4.173002553266717e-07
4.143253500363181e-07
4.113727483057755e-07
4.084422534480109e-07
4.055336711778916e-07
4.026468095620604e-07
3.997814789157366e-07
3.969374918824156e-07
3.941146631975755e-07
3.913128099432915e-07
3.885317512103305e-07
3.857713082525201e-07
3.830313043708656e-07
3.803115649495125e-07
3.776119173920176e-07
3.749321910289978e-07
3.722722171656151e-07
3.696318290368875e-07
3.670108617332893e-07
3.644091521862137e-07
3.618265392713625e-07
3.592628634923897e-07
3.567179671977398e-07
3.541916946043781e-07
3.516838914206536e-07
3.491944051502427e-07
3.467230850146268e-07
3.442697817845163e-07
3.418343479138075e-07
3.394166373521026e-07
3.370165056538363e-07
3.346338099878502e-07
3.322684089786579e-07
3.299201627103284e-07
3.275889327667887e-07
3.252745821971025e-07
3.229769754745639e-07
3.206959784790481e-07
3.184314584915776e-07
3.161832840909999e-07
3.139513252899233e-07
3.117354533560089e-07
3.095355409367437e-07
3.073514618815119e-07
3.051830913673872e-07
3.030303058390099e-07
3.0089298295074e-07
2.987710015144833e-07
2.966642416239001e-07
2.945725845340987e-07
2.924959126632273e-07
2.90434109517721e-07
2.883870598532409e-07
2.863546494757643e-07
2.843367652720969e-07
2.823332952705299e-07
2.803441285502808e-07
2.78369155207292e-07
2.76408266431471e-07
2.744613544729889e-07
2.725283124697182e-07
2.706090347003738e-07
2.687034163498078e-07
2.668113535779113e-07
2.649327435859642e-07
2.630674844507532e-07
2.612154752039787e-07
2.593766157880539e-07
2.575508071277467e-07
2.557379509586438e-07
2.539379499797588e-07
2.521507076981802e-07
2.503761285499026e-07
2.486141177885309e-07
2.46864581546381e-07
2.451274267729207e-07
2.434025612436715e-07
2.416898935136076e-07
2.399893330525399e-07
2.383007899989611e-07
2.366241753419435e-07
2.34959400819885e-07
2.333063789648558e-07
2.316650230658815e-07
2.300352471315816e-07
2.284169659050712e-07
2.268100949018974e-07
2.252145503377434e-07
2.23630249120527e-07
2.220571089273073e-07
2.204950480616467e-07
2.189439855436015e-07
2.174038410626493e-07
2.158745349841094e-07
2.143559883752035e-07
2.128481229065124e-07
2.113508609492859e-07
2.098641254614326e-07
2.083878401252907e-07
2.0692192909395e-07
2.054663173224914e-07
2.040209302803001e-07
2.025856940823892e-07
2.011605354464462e-07
1.997453816205211e-07
1.983401605015169e-07
1.969448005584184e-07
1.955592308346031e-07
1.941833809687218e-07
1.928171811297571e-07
1.914605620506199e-07
1.901134549975072e-07
1.887757918357608e-07
1.874475049458768e-07
1.861285272353609e-07
1.848187921491456e-07
1.835182336052023e-07
1.822267861324974e-07
1.809443846981046e-07
1.796709648324221e-07
1.784064625435268e-07
1.771508143532104e-07
1.759039572217717e-07
1.746658286793538e-07
1.734363666520843e-07
1.72215509670344e-07
1.710031965877599e-07
1.697993668237196e-07
1.686039602559451e-07
1.674169171663385e-07
1.662381783749685e-07
1.65067685124657e-07
1.63905379047757e-07
1.627512022305182e-07
1.616050973341706e-07
1.604670073149607e-07
1.593368755542145e-07
1.582146459661161e-07
1.571002627823691e-07
1.559936707032993e-07
1.548948149004149e-07
1.538036408300452e-07
1.52720094429882e-07
1.516441220114755e-07
1.50575670363192e-07
1.495146865333629e-07
1.484611181009382e-07
1.474149129562553e-07
1.463760193927337e-07
1.453443861169226e-07
1.44319962186596e-07
1.433026970204392e-07
1.422925403832809e-07
1.412894425348148e-07
1.402933539701042e-07
1.393042255849023e-07
1.383220086666915e-07
1.373466548337202e-07
1.363781160555347e-07
1.354163446519514e-07
1.344612932980814e-07
1.33512915008822e-07
1.325711631352308e-07
1.316359914095938e-07
1.307073538156794e-07
1.297852047763845e-07
1.288694989148002e-07
1.279601912858829e-07
1.270572372570279e-07
1.261605924942006e-07
1.252702130024042e-07
1.243860550261463e-07
1.235080752611299e-07
1.226362305937224e-07
1.217704782615475e-07
1.20910775859547e-07
1.200570812004653e-07
1.192093524561421e-07
1.183675480616454e-07
1.175316268080441e-07
1.167015477189545e-07
1.15877270110028e-07
1.1505875358651e-07
1.142459581076511e-07
1.134388438227418e-07
1.126373713032e-07
1.118415012288866e-07
1.110511946701541e-07
1.102664129373516e-07
1.09487117601345e-07
1.087132705484756e-07
1.07944833947678e-07
1.071817701381456e-07
1.064240418050224e-07
1.056716118660303e-07
1.049244435241024e-07
1.041825002113084e-07
1.034457456436646e-07
1.027141438284545e-07
1.019876589502863e-07
1.01266255427592e-07
1.005498980203654e-07
9.983855170716233e-08
9.913218168173522e-08
9.843075345569971e-08
9.77342326355878e-08
9.704258520413114e-08
9.635577732935482e-08
9.567377543250532e-08
9.49965461448795e-08
9.432405637318731e-08
9.365627321532226e-08
9.299316402078679e-08
9.233469637212801e-08
9.168083803760385e-08
9.103155705736116e-08
9.038682165816498e-08
8.974660035541375e-08
8.911086176956566e-08
8.847957485400985e-08
8.7852708683409e-08
8.723023264695114e-08
8.661211624319966e-08
8.599832925280649e-08
8.538884166892682e-08
8.478362365864195e-08
8.418264561479029e-08
8.358587809949874e-08
8.299329193975885e-08
8.240485811107052e-08
8.182054784761769e-08
8.124033253266295e-08
8.066418376369812e-08
8.009207331999125e-08
7.952397324973567e-08
7.895985566849021e-08
7.839969295832084e-08
7.784345774295726e-08
7.729112274963446e-08
7.674266089123895e-08
7.61980453484623e-08
7.565724942342492e-08
7.512024664534304e-08
7.458701070268672e-08
7.405751541465957e-08
7.353173491008912e-08
7.300964330492226e-08
7.249121510843034e-08
7.197642488263618e-08
7.146524738465833e-08
7.095765753530962e-08
7.045363045164711e-08
6.99531414103696e-08
6.945616588302535e-08
6.896267945508045e-08
6.847265792834167e-08
6.798607725985132e-08
6.750291356140926e-08
6.702314312161305e-08
6.654674239533174e-08
6.607368800330513e-08
6.560395668195793e-08
6.513752540557867e-08
6.467437123366638e-08
6.421447145117583e-08
6.375780342809915e-08
6.330434474349275e-08
6.285407312353547e-08
6.24069664163872e-08
6.196300265384552e-08
6.152216000191718e-08
6.108441681171388e-08
6.064975153866704e-08
6.021814280212975e-08
5.978956931360893e-08
5.936401010031085e-08
5.894144415026228e-08
5.852185066497451e-08
5.81052090144115e-08
5.769149869717202e-08
5.728069933756371e-08
5.687279069888925e-08
5.646775268308974e-08
5.606556535647213e-08
5.566620889826595e-08
5.526966362466871e-08
5.48759099951511e-08
5.448492859523393e-08
5.409670015560017e-08
5.371120554816246e-08
5.332842571438637e-08
5.294834180992104e-08
5.257093512114444e-08
5.21961869764201e-08
5.182407892035631e-08
5.145459254296917e-08
5.108770961573392e-08
5.072341203550541e-08
5.03616818276504e-08
5.000250110774141e-08
4.964585212321486e-08
4.929171727950112e-08
4.894007904026387e-08
4.859092008849652e-08
4.824422309024928e-08
4.789997091877736e-08
4.755814663399827e-08
4.721873326181503e-08
4.688171402657279e-08
4.654707225699714e-08
4.621479137286307e-08
4.588485495688205e-08
4.5557246656257e-08
4.523195031417471e-08
4.4908949708752e-08
4.458822892796222e-08
4.426977204965511e-08
4.395356330241206e-08
4.363958703859074e-08
4.332782766483241e-08
4.301826974697772e-08
4.2710897944382e-08
4.240569702037228e-08
4.210265183191959e-08
4.180174731091583e-08
4.150296853644269e-08
4.120630071158699e-08
4.09117291197015e-08
4.06192390982182e-08
4.032881613007032e-08
4.004044581496152e-08
3.975411384464298e-08
3.946980592641086e-08
3.918750799079517e-08
3.890720600884868e-08
3.862888601812294e-08
3.835253417221035e-08
3.807813678892752e-08
3.780568019020842e-08
3.753515083106232e-08
3.726653522904329e-08
3.699982003482777e-08
3.673499196545408e-08
3.647203786414405e-08
3.621094461338807e-08
3.595169922279405e-08
3.569428875858407e-08
3.543870040611408e-08
3.518492144523551e-08
3.493293921769592e-08
3.468274114665499e-08
3.443431479163841e-08
3.418764776879435e-08
3.394272778480607e-08
3.369954256168765e-08
3.345808002592994e-08
3.321832810023738e-08
3.298027484189427e-08
3.274390835638346e-08
3.250921679046502e-08
3.227618851560366e-08
3.204481185312758e-08
3.181507520994285e-08
3.158696715025859e-08
3.136047624282766e-08
3.113559120225432e-08
3.091230077086953e-08
3.069059376754054e-08
3.047045914232551e-08
3.025188587391422e-08
3.003486297370797e-08
2.981937961466857e-08
2.960542504420109e-08
2.939298851367882e-08
2.918205940561481e-08
2.897262716030851e-08
2.876468126660936e-08
2.855821131977635e-08
2.835320698482926e-08
2.814965797118003e-08
2.794755409481072e-08
2.774688522918982e-08
2.754764125332476e-08
2.734981221416046e-08
2.715338821054879e-08
2.695835934191354e-08
2.676471586426598e-08
2.657244803521613e-08
2.638154622676499e-08
2.619200081854792e-08
2.600380230607058e-08
2.581694124332505e-08
2.563140822714905e-08
2.544719395556098e-08
2.526428917695791e-08
2.508268468411431e-08
2.490237136603525e-08
2.472334011365846e-08
2.454558193983146e-08
2.436908791939165e-08
2.419384916430505e-08
2.401985683023345e-08
2.38471022247345e-08
2.367557657831898e-08
2.350527129815921e-08
2.333617778646149e-08
2.316828755821555e-08
2.300159212001602e-08
2.28360831020265e-08
2.26717521403309e-08
2.250859099921177e-08
2.234659139876947e-08
2.218574519309432e-08
2.202604423750445e-08
2.186748048111137e-08
2.171004594527388e-08
2.155373270300477e-08
2.139853285966433e-08
2.124443855762382e-08
2.109144205265875e-08
2.093953554675717e-08
2.078871142424639e-08
2.063896207462135e-08
2.049027993272936e-08
2.034265745448489e-08
2.01960871708886e-08
2.005056169954186e-08
1.990607367005183e-08
1.976261575465215e-08
1.962018075391099e-08
1.947876141942904e-08
1.933835055694524e-08
1.919894117692917e-08
1.906052614531828e-08
1.892309842697614e-08
1.878665107734892e-08
1.865117726574999e-08
1.851667004879929e-08
1.838312262491634e-08
1.825052824199725e-08
1.811888015534418e-08
1.798817172258467e-08
1.785839625896993e-08
1.772954726903841e-08
1.760161818599297e-08
1.747460246711222e-08
1.73484937306979e-08
1.7223285552385e-08
1.709897160074896e-08
1.697554554782688e-08
1.685300111576986e-08
1.673133211434229e-08
1.661053230064491e-08
1.64905955747062e-08
1.63715158442308e-08
1.625328705456705e-08
1.61359031834345e-08
1.60193583093938e-08
1.590364648518856e-08
1.578876181138378e-08
1.567469842417979e-08
1.556145054733475e-08
1.544901241558684e-08
1.533737829654468e-08
1.522654250561643e-08
1.511649944186312e-08
1.500724344578517e-08
1.489876898683038e-08
1.47910705188743e-08
1.468414257462457e-08
1.457797968864202e-08
1.447257643392833e-08
1.43679274730072e-08
1.42640274939039e-08
1.41608711623276e-08
1.405845320491474e-08
1.395676839765643e-08
1.38558115353859e-08
1.375557753425522e-08
1.365606124842447e-08
1.355725759749288e-08
1.345916151621784e-08
1.336176797617541e-08
1.3265072043306e-08
1.31690687804136e-08
1.307375326134709e-08
1.297912063029604e-08
1.288516604992064e-08
1.279188470023776e-08
1.269927183575939e-08
1.260732269850038e-08
1.251603261575962e-08
1.242539687785443e-08
1.233541083834023e-08
1.224606993413876e-08
1.215736961582081e-08
1.206930531270676e-08
1.198187246954143e-08
1.189506665594887e-08
1.180888340792068e-08
1.17233183404035e-08
1.163836705663017e-08
1.155402518048538e-08
1.147028840198242e-08
1.138715241864615e-08
1.130461298648787e-08
1.122266585450195e-08
1.114130684521088e-08
1.106053177612777e-08
1.098033649387892e-08
1.090071688521808e-08
1.082166889488814e-08
1.074318840543823e-08
1.066527141212612e-08
1.058791393681466e-08
1.051111197743919e-08
1.043486163045989e-08
1.035915892894552e-08
1.028400000406636e-08
1.020938100357593e-08
1.013529807292008e-08
1.006174739822541e-08
9.988725218737718e-09
9.916227796743947e-09
9.844251341261482e-09
9.772792185267494e-09
9.70184666554384e-09
9.631411129094553e-09
9.561481933065437e-09
9.492055468433005e-09
9.423128178941555e-09
9.354696525134554e-09
9.28675695704113e-09
9.219305975545057e-09
9.152340104175059e-09
9.085855896300855e-09
9.019849940160121e-09
8.954318841458838e-09
8.889259186837066e-09
8.82466764995631e-09
8.760540898871296e-09
8.696875625111003e-09
8.633668490580927e-09
8.570916299378029e-09
8.508615757440476e-09
8.446763694050964e-09
8.385356882772648e-09
8.324392180213962e-09
8.263866431205677e-09
8.203776520508264e-09
8.144119341616658e-09
8.084891783490641e-09
8.026090808334541e-09
7.967713417381844e-09
7.909756491284078e-09
7.852217115652895e-09
7.795092275380237e-09
7.738378997203689e-09
7.682074410423871e-09
7.626175558835265e-09
7.570679558112188e-09
7.515583535380868e-09
7.460884643301885e-09
7.406580028175189e-09
7.35266690601751e-09
7.299142481211068e-09
7.24600398514614e-09
7.193248651268411e-09
7.140873751512695e-09
7.088876588282564e-09
7.037254414444124e-09
6.986004590659069e-09
6.935124466623048e-09
6.884611397580511e-09
6.834462759501146e-09
6.784675943142566e-09
6.735248363981953e-09
6.686177471794088e-09
6.637460697509667e-09
6.589095532766255e-09
6.541079458398774e-09
6.493409997582108e-09
6.446084637970071e-09
6.399100939436175e-09
6.352456481542314e-09
6.30614883779019e-09
6.260175590143063e-09
6.214534311081444e-09
6.169222699261917e-09
6.124238327350503e-09
6.079578922704164e-09
6.03524215606859e-09
5.991225686072047e-09
5.947527234994246e-09
5.904144504664035e-09
5.861075267647149e-09
5.818317300909943e-09
5.775868345427323e-09
5.733726188082132e-09
5.691888632514906e-09
5.650353506928869e-09
5.609118648081843e-09
5.568181914836512e-09
5.527541179967744e-09
5.487194299494065e-09
5.44713922727971e-09
5.407373833327837e-09
5.367896027953111e-09
5.328703772133333e-09
5.289795013400465e-09
5.251167744006291e-09
5.212819943141225e-09
5.174749602620629e-09
5.136954726408992e-09
5.099433337388203e-09
5.062183488238187e-09
5.025203239823083e-09
4.988490656030344e-09
4.952043806767196e-09
4.915860770151134e-09
4.879939693634874e-09
4.844278655444356e-09
4.808875852173053e-09
4.773729416885068e-09
4.738837487788239e-09
4.704198264463125e-09
4.66980993673279e-09
4.635670678265453e-09
4.601778698851911e-09
4.568132269821652e-09
4.534729610326566e-09
4.501568954081174e-09
4.468648585723962e-09
4.435966780552942e-09
4.403521822162562e-09
4.371312025283375e-09
4.339335673303781e-09
4.30759108927737e-09
4.276076655768395e-09
4.244790662003074e-09
4.213731514432028e-09
4.182897567487448e-09
4.15228719826558e-09
4.121898802904471e-09
4.091730772667496e-09
4.061781560422865e-09
4.032049578920636e-09
4.0025332663527e-09
3.973231082617451e-09
3.944141476847728e-09
3.915262945295904e-09
3.886593962828184e-09
3.858133020589032e-09
3.829878581854172e-09
3.801829246472192e-09
3.773983462005126e-09
3.746339802208892e-09
3.718896812867241e-09
3.691653053013981e-09
3.66460709246852e-09
3.637757513776369e-09
3.611102874511694e-09
3.584641792262318e-09
3.55837285995209e-09
3.53229474372268e-09
3.506406034335823e-09
3.480705359575402e-09
3.455191360567967e-09
3.429862762085473e-09
3.404718194885051e-09
3.37975629023762e-09
3.354975792202809e-09
3.330375322459427e-09
3.305953639412271e-09
3.281709467899563e-09
3.257641512218413e-09
3.233748537938329e-09
3.210029206621477e-09
3.186482343211587e-09
3.163106702896842e-09
3.139900998944709e-09
3.116864050594949e-09
3.093994642609769e-09
3.071291529016991e-09
3.048753513210562e-09
3.026379462008134e-09
3.004168135176322e-09
2.982118398966738e-09
2.960229092185152e-09
2.938499036695028e-09
2.916927086451057e-09
2.895512136299457e-09
2.87425301440864e-09
2.853148590059858e-09
2.832197786776849e-09
2.811399458756604e-09
2.790752501103305e-09
2.770255871952112e-09
2.749908483768015e-09
2.729709224658823e-09
2.70965706625059e-09
2.689750907577349e-09
2.669989717115898e-09
2.65037243958054e-09
2.630898028566188e-09
2.611565449842718e-09
2.592373707825982e-09
2.573321805615912e-09
2.554408677299661e-09
2.535633366344191e-09
2.51699485100001e-09
2.498492163841414e-09
2.480124297471653e-09
2.461890297341192e-09
2.443789183272544e-09
2.4258200192446e-09
2.407981818955976e-09
2.390273680094121e-09
2.372694621644772e-09
2.355243737373407e-09
2.337920062990681e-09
2.32072275861995e-09
2.303650835644381e-09
2.286703452254587e-09
2.269879634594212e-09
2.253178519117816e-09
2.23659926181722e-09
2.220140919335428e-09
2.20380265716439e-09
2.187583612558092e-09
2.171482900283321e-09
2.155499687830746e-09
2.139633104209182e-09
2.123882311392338e-09
2.108246467967976e-09
2.092724726908871e-09
2.077316282736093e-09
2.062020341534621e-09
2.046836046316852e-09
2.031762615211401e-09
2.01679925915433e-09
2.001945163352528e-09
1.987199537769657e-09
1.972561579995499e-09
1.958030509540406e-09
1.943605584598192e-09
1.92928605614212e-09
1.915071136819348e-09
1.900960027924435e-09
1.886952009416023e-09
1.873046359511905e-09
1.859242318526818e-09
1.845539139139329e-09
1.831936085690805e-09
1.818432436796163e-09
1.805027504127971e-09
1.791720556064149e-09
1.778510862197415e-09
1.765397727773255e-09
1.752380479213087e-09
1.739458414433116e-09
1.726630846197326e-09
1.713897065876609e-09
1.701256435487194e-09
1.688708233187843e-09
1.67625178314578e-09
1.663886451151723e-09
1.651611554065861e-09
1.639426467287894e-09
1.627330504961959e-09
1.615323047773725e-09
1.603403391487942e-09
1.591570997486407e-09
1.579825168391882e-09
1.568165320742146e-09
1.556590783606735e-09
1.545100953905323e-09
1.533695251613004e-09
1.522373015779482e-09
1.511133676896875e-09
1.499976647327899e-09
1.488901284412198e-09
1.477907013142631e-09
1.466993243588619e-09
1.456159382486346e-09
1.445404867271407e-09
1.434729152743024e-09
1.424131631536374e-09
1.413611762987432e-09
1.403168909704909e-09
1.392802604874364e-09
1.38251221177899e-09
1.372297216584043e-09
1.362157044769356e-09
1.35209120532355e-09
1.342099149921735e-09
1.332180298442289e-09
1.322334161684918e-09
1.312560201208058e-09
1.302857873948286e-09
1.293226685685065e-09
1.28366607644196e-09
1.274175574392419e-09
1.26475466832317e-09
1.255402826991999e-09
1.246119571459879e-09
1.236904409994946e-09
1.227756820820934e-09
1.218676333501481e-09
1.209662426449582e-09
1.200714651626392e-09
1.191832534345823e-09
1.183015581116445e-09
1.174263299938759e-09
1.165575244603157e-09
1.156950948018805e-09
1.148389933478279e-09
1.139891746886871e-09
1.13145594153278e-09
1.123082043427573e-09
1.114769625872963e-09
1.106518208477756e-09
1.09832738319553e-09
1.090196702776153e-09
1.082125664887818e-09
1.074113920990162e-09
1.066161003888212e-09
1.058266494960704e-09
1.050429980222453e-09
1.042650992328656e-09
1.034929144601033e-09
1.027264068834188e-09
1.019655255987648e-09
1.012102342528879e-09
1.004604923374637e-09
9.971625908134571e-10
9.897749570704068e-10
9.824415993412163e-10
9.751621193381954e-10
9.679361438457149e-10
9.607632924448445e-10
9.536431784607523e-10
9.465753804777542e-10
9.395595466342739e-10
9.325952705998192e-10
9.256822041794711e-10
9.18819958968372e-10
9.120081851995653e-10
9.052465157817048e-10
8.985345583789154e-10
8.918719840679114e-10
8.852583984438066e-10
8.786934484436038e-10
8.721767923333911e-10
8.657080775508487e-10
8.592869638969789e-10
8.529130710352787e-10
8.465860948162338e-10
8.403056675942674e-10
8.340714708289387e-10
8.278831514626844e-10
8.217403797664602e-10
8.156428059597873e-10
8.095901292191942e-10
8.035820033898753e-10
7.976180943042476e-10
7.916980905390747e-10
7.858216794342868e-10
7.799885501419137e-10
7.741983665938261e-10
7.684508328183805e-10
7.627456062018852e-10
7.57082414065739e-10
7.51460913782217e-10
7.458808341028235e-10
7.403418336710918e-10
7.348436742625775e-10
7.293859949685637e-10
7.239685286267783e-10
7.185909717190834e-10
7.132530421223557e-10
7.07954445928879e-10
7.026949264538549e-10
6.974741650146494e-10
6.922918736693096e-10
6.871477626853335e-10
6.820415599028428e-10
6.769730248208022e-10
6.71941839178649e-10
6.669477883542288e-10
6.619905399223308e-10
6.57069853041972e-10
6.521854185470631e-10
6.473370453111641e-10
6.425244019034643e-10
6.377472634032663e-10
6.330053513302727e-10
6.282984381825163e-10
6.236262182276833e-10
6.189884774634279e-10
6.143849444587757e-10
6.098153797217101e-10
6.052795176720224e-10
6.007771650755741e-10
5.963080413508623e-10
5.918718864209658e-10
5.874684598308384e-10
5.830975648177198e-10
5.787589122097456e-10
5.744522989287436e-10
5.701775032750448e-10
5.659342423529905e-10
5.617223116822397e-10
5.575414375250688e-10
5.533915189258601e-10
5.492722416979966e-10
5.451833469626277e-10
5.411246549751726e-10
5.37095926940572e-10
5.330969728755171e-10
5.291275465974374e-10
5.251874479089927e-10
5.21276451358583e-10
5.173943799714962e-10
5.13540988469585e-10
5.09716052677109e-10
5.05919384358331e-10
5.021508233049117e-10
4.984100518463689e-10
4.946969352353839e-10
4.910112752049519e-10
4.873529016917723e-10
4.83721530619961e-10
4.80116990606713e-10
4.765391186924042e-10
4.729876699728356e-10
4.694624975763921e-10
4.659633998446878e-10
4.624901559090077e-10
4.590426202773305e-10
4.556205885461406e-10
4.522238636960661e-10
4.488522823915031e-10
4.455056144234961e-10
4.421837217186722e-10
4.388864266408718e-10
4.356134960128495e-10
4.323648012653815e-10
4.2914015005052e-10
4.259393425088881e-10
4.227622559701364e-10
4.196086368224919e-10
4.164783596014273e-10
4.133712862687415e-10
4.10287197484053e-10
4.072259468997259e-10
4.041873531647579e-10
4.011712393168174e-10
3.981774524703894e-10
3.952058683646021e-10
3.922562977420131e-10
3.893285520993392e-10
3.864224879792462e-10
3.835379668729542e-10
3.80674779048569e-10
3.778328343792846e-10
3.750119238022694e-10
3.722118994791915e-10
3.694326208392506e-10
3.666739398795955e-10
3.639357302740363e-10
3.612177858764838e-10
3.5851997391187e-10
3.558421632490013e-10
3.531841901742919e-10
3.505459296270448e-10
3.479271819282908e-10
3.453278788055081e-10
3.427478780874267e-10
3.401870146926685e-10
3.376451143632349e-10
3.351220514550808e-10
3.326177087908848e-10
3.301319183529289e-10
3.276645543583446e-10
3.252154943707444e-10
3.227846429212512e-10
3.203718068252516e-10
3.179768556564097e-10
3.155996767723756e-10
3.132401386275495e-10
3.108981028385569e-10
3.085734249185447e-10
3.062660325882289e-10
3.03975723722847e-10
3.017024089270637e-10
2.994459846211724e-10
2.972062970100752e-10
2.949832396034509e-10
2.927766609234311e-10
2.905864768450404e-10
2.884125571011392e-10
2.862547735283793e-10
2.841130123725135e-10
2.819871533367296e-10
2.798770859807749e-10
2.777826826624037e-10
2.757038500759233e-10
2.736404365613376e-10
2.715923392935099e-10
2.695594598972501e-10
2.675416746064203e-10
2.655388978712949e-10
2.635509934337283e-10
2.615778500159455e-10
2.596193535692593e-10
2.576754433837026e-10
2.557459418844337e-10
2.538308079503797e-10
2.51929901263748e-10
2.500430795632286e-10
2.481703250217223e-10
2.463114890707472e-10
2.444664289961054e-10
2.426351162428093e-10
2.408174103292138e-10
2.390132064806083e-10
2.372224290152109e-10
2.354449677332188e-10
2.336807263853576e-10
2.319296347175712e-10
2.301915298028708e-10
2.284663605915457e-10
2.267540152946042e-10
2.250543965340705e-10
2.233674450303928e-10
2.216930557448567e-10
2.20031087864761e-10
2.183815096213407e-10
2.167441801036921e-10
2.151190465956791e-10
2.135060190701822e-10
2.119049754658762e-10
2.103158616724945e-10
2.087385936426749e-10
2.071730348069819e-10
2.056191352835067e-10
2.040767823860361e-10
2.025459403071508e-10
2.010264593548383e-10
1.995183228247523e-10
1.980214109109647e-10
1.96535650828583e-10
1.950609415341238e-10
1.935972073312784e-10
1.921443667400048e-10
1.907023517120233e-10
1.892711075293369e-10
1.878504837570794e-10
1.864404659750699e-10
1.850409394079596e-10
1.83651861602364e-10
1.822731269077996e-10
1.809046893887916e-10
1.795464242629838e-10
1.781982721925203e-10
1.768601653375323e-10
1.75532044282767e-10
1.742138297542971e-10
1.729054129764015e-10
1.716067411606446e-10
1.703177828260225e-10
1.690384098881646e-10
1.677685960825366e-10
1.665082456599283e-10
1.65257301947832e-10
1.640156749115283e-10
1.627833102035761e-10
1.615601279614335e-10
1.603460695890901e-10
1.591410433025847e-10
1.579450237529893e-10
1.567579418903928e-10
1.555796996407832e-10
1.544102509125198e-10
1.532495218322127e-10
1.520974640700196e-10
1.509539702352028e-10
1.498190477597117e-10
1.48692596435085e-10
1.475745613846813e-10
1.464648377700054e-10
1.453633846124123e-10
1.44270170589269e-10
1.431851132560746e-10
1.421081501234563e-10
1.410392164739335e-10
1.399782506378146e-10
1.389252569057718e-10
1.378801289388873e-10
1.368427706283425e-10
1.35813155494871e-10
1.347912405239465e-10
1.337769653937999e-10
1.327702112241587e-10
1.317710218348563e-10
1.307792951759634e-10
1.297949659765221e-10
1.28818017605327e-10
1.278483650738183e-10
1.268859444101877e-10
1.259307259377005e-10
1.249826436244585e-10
1.240416503921631e-10
1.231076779292285e-10
1.221806606325375e-10
1.212606024127324e-10
1.203474093043407e-10
1.194410473610043e-10
1.185414586133608e-10
1.17648586159459e-10
1.167624013331743e-10
1.158828581861556e-10
1.150099027921366e-10
1.141434207313837e-10
1.13283475852291e-10
1.124299291694088e-10
1.115827778011314e-10
1.107419731997269e-10
1.09907380602686e-10
1.090790832887095e-10
1.082569618521696e-10
1.074410249134592e-10
1.06631186500846e-10
1.058273741723606e-10
1.050295770579459e-10
1.042377806683554e-10
1.034519202098971e-10
1.026719317196996e-10
1.018977663375396e-10
1.011294077142173e-10
1.003667660273114e-10
9.960983256704986e-11
9.885861831189479e-11
9.811298771610245e-11
9.737294158035403e-11
9.663843951804733e-11
9.590945853416995e-11
9.518592002468212e-11
9.446777565904477e-11
9.375502844523682e-11
9.304759115611271e-11
9.23454771767195e-11
9.164863575512158e-11
9.095701952132845e-11
9.027056387404295e-11
8.958922590893189e-11
8.891300693457988e-11
8.824185905564257e-11
8.757574566959264e-11
8.691462668306287e-11
8.625846637156766e-11
8.560723714847443e-11
8.496084812181004e-11
8.431930616634005e-11
8.36826023762871e-11
8.305067155231848e-11
8.242347214571756e-11
8.180098829860593e-11
8.118313492111339e-11
8.056994005642011e-11
7.996131227603707e-11
7.935727153967137e-11
7.875774911184855e-11
7.81627072872324e-11
7.757216034133776e-11
7.6986034009408e-11
7.640432035018919e-11
7.582695669619974e-11
7.525393625791486e-11
7.468518813396971e-11
7.412071260429554e-11
7.356048694146239e-11
7.300442792442003e-11
7.245254710031914e-11
7.190478783278273e-11
7.136117347267677e-11
7.082165560970729e-11
7.028617735283152e-11
6.975470169987656e-11
6.922721186487772e-11
6.870370119683292e-11
6.818414462136658e-11
6.76684309561915e-11
6.715659075821686e-11
6.664861031876921e-11
6.614445089779736e-11
6.56441170262937e-11
6.514750189279103e-11
6.465462021443407e-11
6.416543537915142e-11
6.367992184456887e-11
6.319804813896537e-11
6.27198270029022e-11
6.22451826391145e-11
6.177409701896289e-11
6.130653260383512e-11
6.084251391548613e-11
6.03819403864026e-11
5.992482966549804e-11
5.947117335608743e-11
5.902093174752438e-11
5.857403423569285e-11
5.813053259249883e-11
5.76903432494869e-11
5.725350547454754e-11
5.68199319334381e-11
5.638962954852103e-11
5.596253388337176e-11
5.553863965423942e-11
5.511792803884098e-11
5.470039310982006e-11
5.428602808915663e-11
5.387477426147259e-11
5.346661233424635e-11
5.306150314721599e-11
5.265944928704862e-11
5.226043994671926e-11
5.186440293353646e-11
5.14713428558728e-11
5.108124543506262e-11
5.069408658668416e-11
5.030983657126499e-11
4.992846863177607e-11
4.954997130750669e-11
4.917432107466072e-11
4.880153250952955e-11
4.843150006897992e-11
4.806428817102609e-11
4.76998386475934e-11
4.733810232449794e-11
4.697909772067014e-11
4.662281291311291e-11
4.626922409565008e-11
4.591822113135025e-11
4.556988797030728e-11
4.522420583781311e-11
4.488112432233422e-11
4.454063147872361e-11
4.420272414891076e-11
4.38673362929507e-11
4.353446931553137e-11
4.320411742896244e-11
4.28762408901612e-11
4.255082625830148e-11
4.222786685616415e-11
4.190737858025314e-11
4.158926302360383e-11
4.127356110967839e-11
4.096024141380108e-11
4.064927794119486e-11
4.034062764687763e-11
4.003431859125953e-11
3.973030937429132e-11
3.942861981116031e-11
3.91292170156916e-11
3.883206371099416e-11
3.853712303976259e-11
3.824440785042967e-11
3.795390842634319e-11
3.766562055158681e-11
3.737949210313203e-11
3.70955261073144e-11
3.681370374448552e-11
3.653400572545834e-11
3.625640326886976e-11
3.598091786427977e-11
3.570749617985661e-11
3.543614113071131e-11
3.516680457866325e-11
3.489951619055543e-11
3.463426938403069e-11
3.437098807087745e-11
3.410969635880174e-11
3.38503937345201e-11
3.359304151433677e-11
3.3337643571042e-11
3.30841653477108e-11
3.283261509479958e-11
3.258294287296399e-11
3.233516394115571e-11
3.208926194619514e-11
3.184521329177079e-11
3.160297249974635e-11
3.136257051321189e-11
3.11240072346146e-11
3.088725490075101e-11
3.065225315490512e-11
3.041904335956862e-11
3.018758903541722e-11
2.995787557007482e-11
2.972991165330436e-11
2.950365672514209e-11
2.927910093124073e-11
2.90562581620884e-11
2.883510982694914e-11
2.861560690385954e-11
2.839778667979229e-11
2.818162378232252e-11
2.796706134213169e-11
2.775411623154557e-11
2.754276951751344e-11
2.733303699463864e-11
2.712490140211818e-11
2.691835710765802e-11
2.671335609388385e-11
2.650990642082103e-11
2.630798919389247e-11
2.610759086221098e-11
2.59087095137046e-11
2.571131787386462e-11
2.551541993151467e-11
2.532099420363991e-11
2.512806019537793e-11
2.493657805164616e-11
2.474655650543097e-11
2.45579845287924e-11
2.437082900976591e-11
2.418508007264593e-11
2.400073226591877e-11
2.3817789124673e-11
2.363622466128109e-11
2.345604725036648e-11
2.327723585333284e-11
2.30997728088748e-11
2.292365294601468e-11
2.274885364568496e-11
2.25753793961197e-11
2.240323386743393e-11
2.223238458106549e-11
2.206280306213862e-11
2.189452692750036e-11
2.172755046318662e-11
2.156181044919704e-11
2.139730095037821e-11
2.123408091460064e-11
2.107207017642311e-11
2.091126752627887e-11
2.075172779657722e-11
2.059338801907988e-11
2.043624723799431e-11
2.028027720576923e-11
2.012546471592415e-11
1.997188505630765e-11
1.981943809776102e-11
1.966816483886446e-11
1.951803023402622e-11
1.936902208017875e-11
1.922116785959265e-11
1.907442250013593e-11
1.89287689759778e-11
1.878423920386603e-11
1.864079816162892e-11
1.849847102531584e-11
1.835719446602e-11
1.821701811767552e-11
1.807786482390612e-11
1.79397694859012e-11
1.780272269714591e-11
1.766672848382724e-11
1.753173350134526e-11
1.739777552762431e-11
1.726484958616225e-11
1.713287987057983e-11
1.700195250786238e-11
1.687201791340508e-11
1.674305657156664e-11
1.661506425153747e-11
1.64880816002332e-11
1.636201412948801e-11
1.623693479047696e-11
1.611281669742298e-11
1.598962560235995e-11
1.586737445100342e-11
1.574603950412029e-11
1.562564135595232e-11
1.55061552225867e-11
1.538759314099353e-11
1.526992533029228e-11
1.515312847084001e-11
1.503721418858988e-11
1.492215681071721e-11
1.480798462942691e-11
1.469473082192455e-11
1.458231759402057e-11
1.447074087104294e-11
1.435999522844426e-11
1.425011014256445e-11
1.414104445434128e-11
1.403283716149012e-11
1.392542882222811e-11
1.381884770984151e-11
1.371307461597341e-11
1.36081116421469e-11
1.350392347247297e-11
1.340052376265495e-11
1.329791051572474e-11
1.31960892105481e-11
1.309502116652228e-11
1.299474393109903e-11
1.289522974266733e-11
1.279648215699855e-11
1.269846342683877e-11
1.260119422702828e-11
1.250465442580402e-11
1.240887638786294e-11
1.231379802466805e-11
1.221947044946785e-11
1.212585043535201e-11
1.203291261233816e-11
1.194068660881827e-11
1.184918039091151e-11
1.175836158921939e-11
1.166822571561655e-11
1.157877854055783e-11
1.149001171373445e-11
1.140192175375911e-11
1.131453062319654e-11
1.122779391107361e-11
1.11416773623357e-11
1.105624525383889e-11
1.097144331217082e-11
1.088730018183793e-11
1.080379494633525e-11
1.072094114439503e-11
1.063873468667234e-11
1.055715543178674e-11
1.04761439657318e-11
1.039574631974428e-11
1.031599775340841e-11
1.0236853098786e-11
1.015831449198323e-11
1.008038696307776e-11
1.000305370677837e-11
9.92624924664912e-12
9.850032141119505e-12
9.77442405936526e-12
9.699413847854951e-12
9.624967095227188e-12
9.551093408211527e-12
9.477775910954605e-12
9.405028879818944e-12
9.332820502818542e-12
9.26116348274556e-12
9.190024957206644e-12
9.119431317687412e-12
9.049375310292195e-12
8.979884462596252e-12
8.910886463369791e-12
8.842431756559143e-12
8.774501493172388e-12
8.707114720897784e-12
8.640216118150763e-12
8.573832070326126e-12
8.507949003388914e-12
8.442565011792558e-12
8.377715443159925e-12
8.313331209808614e-12
8.249412800165823e-12
8.185972510952632e-12
8.123060894732368e-12
8.060612049865918e-12
7.998644920955627e-12
7.93711852966979e-12
7.876105793751834e-12
7.815521792590622e-12
7.755415671817725e-12
7.695775933179235e-12
7.636598113084703e-12
7.577882769269077e-12
7.519602020852181e-12
7.461750550875278e-12
7.404338916341227e-12
7.347368876875002e-12
7.290844356866823e-12
7.234756410968129e-12
7.17907858445834e-12
7.123860251757477e-12
7.06904484705845e-12
7.014653607077863e-12
6.960667288447285e-12
6.907095358081982e-12
6.853909491238605e-12
6.801172862112151e-12
6.748811112781394e-12
6.696859417348049e-12
6.645286395720374e-12
6.594087572088248e-12
6.543310580365731e-12
6.492929883237268e-12
6.442939752427845e-12
6.393307314868368e-12
6.344054652090092e-12
6.295183803433716e-12
6.246673551415383e-12
6.198547727984938e-12
6.150790023649304e-12
6.103384042367037e-12
6.056351672604438e-12
6.009684521899995e-12
5.963355889361812e-12
5.917401366438214e-12
5.871809790370962e-12
5.826557394967288e-12
5.781617072079604e-12
5.737046623987829e-12
5.692806459082834e-12
5.648912967361862e-12
5.605342019997473e-12
5.562106230138648e-12
5.519207587851077e-12
5.476635087786051e-12
5.434404437842217e-12
5.39251069084482e-12
5.350916284949596e-12
5.309649919322254e-12
5.268678287170156e-12
5.22803060965264e-12
5.187678165225057e-12
5.147644061867662e-12
5.107927589627849e-12
5.068498289308627e-12
5.029384209012446e-12
4.99055456165101e-12
4.952033946094162e-12
4.913789950980532e-12
4.875864557776046e-12
4.838210250712939e-12
4.800858617511474e-12
4.763781450868396e-12
4.727010875494463e-12
4.690525928024921e-12
4.65429767889508e-12
4.618362308832575e-12
4.582713470247922e-12
4.547317417597853e-12
4.512195206909979e-12
4.477337808277793e-12
4.442729093380729e-12
4.408403582820931e-12
4.374328152901683e-12
4.34055177708359e-12
4.307018180252367e-12
4.273725194096433e-12
4.240664409733369e-12
4.207895018539412e-12
4.175344193347344e-12
4.143083691626234e-12
4.111061773632192e-12
4.07928224782552e-12
4.047713509859396e-12
4.016434551934604e-12
3.985349257020654e-12
3.954512293443834e-12
3.923907575941572e-12
3.893536595748725e-12
3.863414919246582e-12
3.833547330349671e-12
3.803890474449293e-12
3.774460812969425e-12
3.745231925119569e-12
3.716259518004009e-12
3.687483937720462e-12
3.658905300944113e-12
3.630588368318151e-12
3.602480428304564e-12
3.574587178827499e-12
3.546919833288539e-12
3.519448986517463e-12
3.492200448694696e-12
3.465147854125928e-12
3.438310440496322e-12
3.411668573686011e-12
3.38523405839663e-12
3.358985011314854e-12
3.33293894833649e-12
3.307115208910641e-12
3.281460431890124e-12
3.25604334140331e-12
3.230776999621255e-12
3.20572953803945e-12
3.180882186587167e-12
3.156214868571513e-12
3.131753038456888e-12
3.107462452696964e-12
3.083367977674639e-12
3.05944412848548e-12
3.035698284357521e-12
3.012152427603532e-12
2.988777729209137e-12
2.965601382762855e-12
2.942597327033565e-12
2.919754379810403e-12
2.897112913141398e-12
2.874620429978004e-12
2.852301238247372e-12
2.830160876734808e-12
2.808184814854058e-12
2.786400969888838e-12
2.764769075308899e-12
2.743302466565886e-12
2.722006483514456e-12
2.700854110308913e-12
2.679893017636199e-12
2.659072040135694e-12
2.638444648263706e-12
2.617938064387711e-12
2.597621109098343e-12
2.577441310885642e-12
2.557386291879383e-12
2.537520009155325e-12
2.517809692752879e-12
2.498248948019111e-12
2.478820811071179e-12
2.459557243690126e-12
2.440461178217459e-12
2.421495774466525e-12
2.402649040467257e-12
2.38394895102929e-12
2.365404819052804e-12
2.347002401511205e-12
2.328729944063148e-12
2.310613218501021e-12
2.292657719510343e-12
2.274822756291341e-12
2.257124916024125e-12
2.239569019632365e-12
2.222158278396305e-12
2.204866339310942e-12
2.187683878460477e-12
2.170665971352775e-12
2.153757483065634e-12
2.13698729383778e-12
2.12033377594367e-12
2.10380052194503e-12
2.087437949431337e-12
2.071186094673737e-12
2.055046414916238e-12
2.039028114705258e-12
2.023127696708766e-12
2.007356476643106e-12
1.991712342636755e-12
1.976197951050336e-12
1.960806205560449e-12
1.945548570257616e-12
1.930370902697557e-12
1.915340952423664e-12
1.900431755816851e-12
1.885619189518658e-12
1.870943106483762e-12
1.856375403701303e-12
1.841900320602931e-12
1.827519095462572e-12
1.813265563661893e-12
1.799129328765724e-12
1.785107273689941e-12
1.771181403068653e-12
1.757352143356528e-12
1.743631127169201e-12
1.730043922518078e-12
1.716566995592038e-12
1.703137850036347e-12
1.689835407371265e-12
1.676626679522901e-12
1.663537904699653e-12
1.650542674078483e-12
1.637656434350869e-12
1.624854609136795e-12
1.61216881514654e-12
1.599582228998376e-12
1.587107467638564e-12
1.574694189233667e-12
1.562378587684839e-12
1.55014250038523e-12
1.53802149681513e-12
1.525989070321511e-12
1.514067633633164e-12
1.502230377322511e-12
1.490479600058426e-12
1.478829387810119e-12
1.467262453134206e-12
1.455745699756885e-12
1.444373351465204e-12
1.433070275193903e-12
1.42187214344471e-12
1.410749892073443e-12
1.399714327575132e-12
1.388776773627716e-12
1.377901395383448e-12
1.367120008241629e-12
1.356399360507796e-12
1.345792410276039e-12
1.335274873388477e-12
1.324799846606438e-12
1.314423396712669e-12
1.304108867483872e-12
1.293898996260969e-12
1.283764339372148e-12
1.273680633743965e-12
1.263699402432977e-12
1.253809659804922e-12
1.243971883774233e-12
1.234192672613014e-12
1.224509028184435e-12
1.214947492130477e-12
1.205405100270788e-12
1.195960998608386e-12
1.186580751814432e-12
1.177280165088293e-12
1.168048950808663e-12
1.158898666804669e-12
1.149844338043036e-12
1.140837329355798e-12
1.131901061488467e-12
1.123017891276255e-12
1.11419295781345e-12
1.105452481976664e-12
1.096756814066193e-12
1.088143697775181e-12
1.079562395595148e-12
1.071062812511985e-12
1.062629696559126e-12
1.05430188231014e-12
1.046048275898983e-12
1.037843225272707e-12
1.029652354518754e-12
1.021542498121745e-12
1.013493289048204e-12
1.005518086419253e-12
9.97593296289595e-13
9.897392096390282e-13
9.819524504751099e-13
9.742434772159776e-13
9.665735363021167e-13
9.589742140205871e-13
9.514240430479756e-13
9.439580519148426e-13
9.365066512107934e-13
9.29160545871284e-13
9.21822030745193e-13
9.145554119975941e-13
9.073457106377918e-13
9.002184644253563e-13
8.931342430156194e-13
8.861099022812998e-13
8.791314113963487e-13
8.721827422141067e-13
8.65320093471948e-13
8.584943916166954e-13
8.517206966758208e-13
8.450145883662367e-13
8.383375612080324e-13
8.317415909522277e-13
8.251881542524465e-13
8.186733725508586e-13
8.122213224693418e-13
8.058212746545824e-13
7.994394991085011e-13
7.931343812986775e-13
7.868695762445004e-13
7.806405603755694e-13
7.744828147653201e-13
7.683750014681954e-13
7.623255577723435e-13
7.562723928251925e-13
7.503116503158761e-13
7.443847498402311e-13
7.385044802058818e-13
7.326520698283273e-13
7.268494972809265e-13
7.211095804527251e-13
7.154195025712434e-13
7.097620226074758e-13
7.04119741643537e-13
6.98546188980948e-13
6.930077769013616e-13
6.875370835299621e-13
6.821178424919932e-13
6.767312592545654e-13
6.713839487902767e-13
6.660585388977948e-13
6.607820912812936e-13
6.555304071620648e-13
6.503553567153644e-13
6.451933510708055e-13
6.400785972782164e-13
6.349950424302373e-13
6.299367865508463e-13
6.249259650463885e-13
6.199576205077118e-13
6.150604735076792e-13
6.101741245594758e-13
6.053417561547737e-13
6.005329221304915e-13
5.957648783633086e-13
5.910461351309071e-13
5.863390251146346e-13
5.816810931390512e-13
5.770658095247954e-13
5.724766481739119e-13
5.679132174588636e-13
5.633980154735384e-13
5.589347957371534e-13
5.54501847158351e-13
5.500835908556471e-13
5.457331770583444e-13
5.413594616044973e-13
5.370112570125423e-13
5.327322084934922e-13
5.285060702326072e-13
5.243055835616708e-13
5.201510713011158e-13
5.160083292336362e-13
5.119061398609479e-13
5.078041473860027e-13
5.037652661865396e-13
4.997629783681169e-13
4.957684591936249e-13
4.91822180658107e-13
4.879024609132758e-13
4.840077120553625e-13
4.801585732478419e-13
4.763349771616326e-13
4.725378292946174e-13
4.687628886207927e-13
4.650243343646521e-13
4.613268332587724e-13
4.576305182947705e-13
4.539548425427101e-13
4.503283959895128e-13
4.467250858444529e-13
4.431512778581873e-13
4.396056886850428e-13
4.361023001628811e-13
4.32625136323055e-13
4.291600238306223e-13
4.257145813753831e-13
4.223225059801986e-13
4.189446998630397e-13
4.155645404237081e-13
4.122556950850103e-13
4.08937329097611e-13
4.05656419549949e-13
4.023905317676104e-13
3.991610578540209e-13
3.959653903308218e-13
3.927898852905014e-13
3.896548969449193e-13
3.865280097929159e-13
3.834369331361969e-13
3.803388080132008e-13
3.772928452221717e-13
3.742630577736215e-13
3.712352513170174e-13
3.682650010182245e-13
3.653103021970207e-13
3.623955978665922e-13
3.594791568260108e-13
3.566036044490666e-13
3.537186218030589e-13
3.508587939938704e-13
3.480423327849661e-13
3.452150192793792e-13
3.424376707497637e-13
3.396659727330305e-13
3.369282668870949e-13
3.34226510904758e-13
3.315454996697371e-13
3.288793814139575e-13
3.262273042817385e-13
3.235939962229262e-13
3.210012336152974e-13
3.183654860219874e-13
3.157749549011852e-13
3.132231770758471e-13
3.106825846443574e-13
3.081743974027593e-13
3.0568049566764e-13
3.032026759058081e-13
3.007725798112515e-13
2.983696946561634e-13
2.959625013929463e-13
2.935745613741879e-13
2.912071853754491e-13
2.888420270882524e-13
2.864843199836861e-13
2.84152980995413e-13
2.818224608400058e-13
2.795408747135887e-13
2.772571808467923e-13
2.750272129014343e-13
2.728074286211134e-13
2.705883770633894e-13
2.683879222302611e-13
2.662203400480772e-13
2.640694800477905e-13
2.618950855718898e-13
2.59788493612561e-13
2.576923983295083e-13
2.555877584504787e-13
2.534809240467164e-13
2.514115640844216e-13
2.493668938631002e-13
2.473501175826226e-13
2.453367557740898e-13
2.433167092659331e-13
2.413265575205566e-13
2.393500925613109e-13
2.374083800025513e-13
2.354887933506754e-13
2.33538564952075e-13
2.316301900251292e-13
2.297390721465598e-13
2.278751322050988e-13
2.260050459329682e-13
2.241669450023622e-13
2.223019935324008e-13
2.204696212670826e-13
2.186774639194017e-13
2.168792027344682e-13
2.151050660651004e-13
2.133440841975276e-13
2.116086479313608e-13
2.098792510845026e-13
2.081809789434622e-13
2.064489732627113e-13
2.047491513728935e-13
2.031044304097621e-13
2.014372752679359e-13
1.997718683158959e-13
1.981219192105953e-13
1.964735414978626e-13
1.948444736199505e-13
1.93254290696432e-13
1.916637014782821e-13
1.900994211062041e-13
1.885472006347694e-13
1.8699341209312e-13
1.854771137025252e-13
1.839488830525691e-13
1.824262981579098e-13
1.809375124375692e-13
1.794478729513744e-13
1.77988637324277e-13
1.765062264099591e-13
1.750375414547485e-13
1.735881150409319e-13
1.721499016924789e-13
1.706910085580822e-13
1.692649813012223e-13
1.678438137135625e-13
1.664252897506372e-13
1.650153901244854e-13
1.636335932301816e-13
1.622624291180365e-13
1.609389179958259e-13
1.596271408612718e-13
1.583207008820222e-13
1.569961266115905e-13
1.556944239703716e-13
1.543742882738315e-13
1.531101094448855e-13
1.518266157083718e-13
1.505575950425461e-13
1.493171237189512e-13
1.480843709412328e-13
1.468177327514939e-13
1.455915493796267e-13
1.443856934944905e-13
1.431763461808828e-13
1.420155387039399e-13
1.408403183254799e-13
1.396813334261694e-13
1.385453057497956e-13
1.373930443293824e-13
1.362476134446851e-13
1.35102012701028e-13
1.339494611149563e-13
1.328110352275917e-13
1.317047664178401e-13
1.306075377367026e-13
1.295382977080831e-13
1.28439448248207e-13
1.273477894994384e-13
1.262771536965713e-13
1.252207991414638e-13
1.24151232450826e-13
1.230973461691791e-13
1.220597448649082e-13
1.210385568058075e-13
1.200309021168475e-13
1.189967614638524e-13
1.179862265010788e-13
1.169871982581478e-13
1.160018456511576e-13
1.150120634758981e-13
1.140332518544641e-13
1.130430092840118e-13
1.120705233824782e-13
1.111171576264222e-13
1.101687163934616e-13
1.092130079292543e-13
1.082788290562107e-13
1.073582413007412e-13
1.064313458211748e-13
1.055465972898752e-13
1.046472907709323e-13
1.037471986115025e-13
1.028653768298607e-13
1.020067650197951e-13
1.011426710327898e-13
1.002870040930911e-13
9.943873382345158e-14
9.858672194551946e-14
9.774816391422461e-14
9.691419121741286e-14
9.60941251334138e-14
9.527556992322825e-14
9.445447254582257e-14
9.361709187476905e-14
9.279888270923236e-14
9.198444959818215e-14
9.118622934604105e-14
9.040171515096373e-14
8.964203434754134e-14
8.890225578950757e-14
8.815108300337262e-14
8.738559997882968e-14
8.663870009953377e-14
8.591087899232939e-14
8.520330996376845e-14
8.448321947403031e-14
8.373169245176527e-14
8.299874217507104e-14
8.229290743033432e-14
8.157931913184172e-14
8.085869741774453e-14
8.016481555039523e-14
7.947551726232379e-14
7.875847561737884e-14
7.807019111913923e-14
7.740821217564888e-14
7.67340839195255e-14
7.607065961469499e-14
7.543205702156942e-14
7.478152196266917e-14
7.412104251629977e-14
7.348738861939715e-14
7.284463672047192e-14
7.220982526840943e-14
7.155415697565565e-14
7.089019875014792e-14
7.026485527857138e-14
6.966348082557262e-14
6.904883718195423e-14
6.84450018438449e-14
6.784541719790544e-14
6.725898467126584e-14
6.667969005591342e-14
6.609432364732562e-14
6.552022068862003e-14
6.494177026201761e-14
6.436261150890328e-14
6.37825932368565e-14
6.322415415109527e-14
6.269145966284001e-14
6.213490666477827e-14
6.158966134724345e-14
6.106808998284109e-14
6.054416361990713e-14
6.000002701058485e-14
5.945052168305786e-14
5.892142953466254e-14
5.83900795265001e-14
5.788147543194924e-14
5.737691721154613e-14
5.685395271500378e-14
5.634727328059031e-14
5.585624385360454e-14
5.538188063181704e-14
5.489340306391737e-14
5.438019658241776e-14
5.385849401480351e-14
5.335974352337213e-14
5.290036705651441e-14
5.242616580664421e-14
5.197767744745873e-14
5.15440089915498e-14
5.108140961404751e-14
5.062297247397706e-14
5.017385636064466e-14
4.972831031574899e-14
4.928370280813942e-14
4.887461620285619e-14
4.845476528333636e-14
4.801969175548865e-14
4.759747234904683e-14
4.716663008721716e-14
4.675083023527581e-14
4.633158285620095e-14
4.591425296751839e-14
4.551275459921155e-14
4.509938021696888e-14
4.468438497700229e-14
4.425847895616328e-14
4.384341093552917e-14
4.343299867484202e-14
4.303037705316519e-14
4.263453647257372e-14
4.225652323668309e-14
4.186243471625631e-14
4.150826895390138e-14
4.112329674244657e-14
4.075003835239273e-14
4.038077040194838e-14
4.00229934634336e-14
3.966844901607688e-14
3.931831151802729e-14
3.896210369820017e-14
3.86196149944195e-14
3.827407502528065e-14
3.793229937425107e-14
3.757439771942134e-14
3.720201264616452e-14
3.6845342552815e-14
3.648364036000667e-14
3.613636145497968e-14
3.579919771765581e-14
3.545718147871103e-14
3.512342178139154e-14
3.479260204597979e-14
3.446021897379492e-14
3.413479177482209e-14
3.383216357163266e-14
3.353734063049524e-14
3.323242414963496e-14
3.291727923571152e-14
3.261903828555768e-14
3.230834796757095e-14
3.200231796193009e-14
3.1698920793328e-14
3.14184317932253e-14
3.111736714102349e-14
3.082157730600107e-14
3.052367075330903e-14
3.024022101991737e-14
2.994762169594353e-14
2.963989757408459e-14
2.935437261232736e-14
2.907117153770346e-14
2.877748435861665e-14
2.850278946721985e-14
2.823438074502648e-14
2.799463116464983e-14
2.772576067343759e-14
2.746230644479369e-14
2.719062753639609e-14
2.691817320408287e-14
2.666203179141323e-14
2.642096635000498e-14
2.617189527548969e-14
2.591599709105581e-14
2.565740164462551e-14
2.542225682760077e-14
2.516215829080016e-14
2.491033060600846e-14
2.465606939254328e-14
2.442162850801145e-14
2.417106067464608e-14
2.393962209220443e-14
2.371263912312603e-14
2.349569885355312e-14
2.324966492122011e-14
2.302790720855274e-14
2.279758777379619e-14
2.256974186971316e-14
2.235150893812643e-14
2.211430627164532e-14
2.187383028500086e-14
2.164788927840417e-14
2.142239916031941e-14
2.120997291251384e-14
2.10010401596227e-14
2.080775915819978e-14
2.057469968371707e-14
2.036370917656169e-14
2.014743061224078e-14
1.99496874277404e-14
1.974511237045663e-14
1.957251505652969e-14
1.937617782117836e-14
1.920113706798042e-14
1.899935896293765e-14
1.880870190741555e-14
1.860504462879876e-14
1.841090563627189e-14
1.823005776270811e-14
1.803634401011202e-14
1.784949460462415e-14
1.767648746085333e-14
1.749399316530471e-14
1.731309333091063e-14
1.714319703447487e-14
1.696913340388004e-14
1.679252948823254e-14
1.662382442085923e-14
1.646300000877845e-14
1.62891744320687e-14
1.611225756846082e-14
1.595431563524882e-14
1.576937754725431e-14
1.56005006125702e-14
1.545183588897844e-14
1.525472055879189e-14
1.505595371765382e-14
1.489598269721775e-14
1.471943471446091e-14
1.454984115225338e-14
1.439004092415111e-14
1.422973594093094e-14
1.407759565956999e-14
1.391753661708013e-14
1.37815382164908e-14
1.363433799609302e-14
1.348838876774886e-14
1.334288157824764e-14
1.318795424911864e-14
1.305559551988567e-14
1.29177577965806e-14
1.276342745540031e-14
1.260618432001237e-14
1.245442600966981e-14
1.230209903504382e-14
1.216970811226896e-14
1.20281600133852e-14
1.18753913617039e-14
1.172260461137704e-14
1.157104591837694e-14
1.142136267050325e-14
1.12779733734548e-14
1.116247606807697e-14
1.102802076437866e-14
1.087445742268993e-14
1.073499485972161e-14
1.060297766900076e-14
1.046708306149216e-14
1.035314284450249e-14
1.022635537730264e-14
1.010328271231157e-14
9.989154216993362e-15
9.891513077080826e-15
9.725829861348718e-15
9.587096256494462e-15
9.464104098105488e-15
9.322843616472092e-15
9.202205270323581e-15
9.106094785101662e-15
9.016165106460755e-15
8.940752751214528e-15
8.854978810946087e-15
8.770924521554481e-15
8.6786061444452e-15
8.581213099136993e-15
8.468043826224551e-15
8.35544034364232e-15
8.244468905619648e-15
8.140404547898439e-15
8.02356250830944e-15
7.927723250535427e-15
7.816534823785132e-15
7.716442883736019e-15
7.616707447002525e-15
7.511661518750044e-15
7.40021104086607e-15
7.285147523902407e-15
7.198564619431141e-15
7.101515524730893e-15
7.021683202028691e-15
6.947213470678172e-15
6.872230518029005e-15
6.783015592606244e-15
6.731976909818642e-15
6.656313694164302e-15
6.581436147176413e-15
6.503761593356821e-15
6.432284185992431e-15
6.336316410050325e-15
6.257952217472581e-15
6.190530691230295e-15
6.128721296746744e-15
6.039683550672968e-15
5.954160797838189e-15
5.866051768133898e-15
5.788672879957216e-15
5.71027342980666e-15
5.627289991204453e-15
5.554573122993891e-15
5.473029043803367e-15
5.397902227223049e-15
5.310847093642666e-15
5.237494430232325e-15
5.155003302502631e-15
5.075542775393979e-15
5.014813536953396e-15
4.950219135239601e-15
4.905315619853085e-15
4.854647270743749e-15
4.804455974108483e-15
4.774073935061353e-15
4.671412403052528e-15
4.598855023252425e-15
4.545707478823639e-15
4.488924439793953e-15
4.430692957556329e-15
4.395823803254724e-15
4.351492047104832e-15
4.288917570274195e-15
4.223564125206021e-15
4.215083278513365e-15
4.101683082642654e-15
4.019685778749112e-15
3.973556093854727e-15
3.913182916282296e-15
3.818746268284918e-15
3.754834341917488e-15
3.692383300276334e-15
3.646280277962585e-15
3.598402062324206e-15
3.55670906836903e-15
3.499399811747724e-15
3.458050011343517e-15
3.423680898470396e-15
3.35647573341314e-15
3.320857809906895e-15
3.262595715891557e-15
3.197320902829688e-15
3.123764441367841e-15
3.061972881999695e-15
3.023352508495261e-15
2.961910551400152e-15
2.924843204354147e-15
2.884742056285038e-15
2.839304653955327e-15
2.806573767587037e-15
2.778577509282503e-15
2.749008368970656e-15
2.722842422843452e-15
2.700311126883725e-15
2.667362260913282e-15
2.629565802521132e-15
2.589198133839478e-15
2.560763397924998e-15
2.523930267219539e-15
2.483545291559519e-15
2.407185736821819e-15
2.350504716081233e-15
2.308889493234794e-15
2.276029718350141e-15
2.255120245963246e-15
2.217337741417304e-15
2.181872170574086e-15
2.140803748543097e-15
2.089411410161905e-15
2.060844373398532e-15
1.986951680430765e-15
1.935262911149177e-15
1.879791247979239e-15
1.833217199900086e-15
1.796643653197883e-15
1.774068309214296e-15
1.715989744271162e-15
1.6643562052282e-15
1.609608516681384e-15
1.581002344209425e-15
1.535945636423723e-15
1.50041074281057e-15
1.468554719245126e-15
1.435296788121926e-15
1.416002914249615e-15
1.378698204805145e-15
1.349071292125524e-15
1.328308903972507e-15
1.319749343262987e-15
1.222921670153997e-15
1.208312914731447e-15
1.192443966376411e-15
1.184837586173082e-15
1.143053088749815e-15
1.111085194221278e-15
1.094510710908161e-15
1.062865841340739e-15
1.037607222801921e-15
1.062144174945589e-15
9.819156095713119e-16
9.707410898588271e-16
9.383710474359911e-16
8.940839057018547e-16
8.568262335400213e-16
8.247009555652908e-16
7.950659709641041e-16
7.483438128142119e-16
7.359429935834939e-16
6.991503778373254e-16
6.652118504704271e-16
6.387739600453582e-16
6.180869978242763e-16
6.020660148807606e-16
5.838708483442883e-16
5.645523219942676e-16
5.435191001952518e-16
5.232550808092483e-16
5.042434221943826e-16
4.822861428247863e-16
4.69844146274779e-16
4.552794745077096e-16
4.452705528593776e-16
4.308746776615368e-16
4.209870906441378e-16
4.093425048809346e-16
3.983853708771079e-16
3.842675995360344e-16
3.740692092513971e-16
3.620660444490724e-16
3.454909084766901e-16
3.299847211780877e-16
3.119404555314089e-16
2.898849409118632e-16
2.769707807897728e-16
2.608394380618721e-16
2.462430151775141e-16
2.339499384507885e-16
2.250833929870901e-16
2.108831848386571e-16
2.04441589467233e-16
1.93406929569618e-16
1.873586954704379e-16
1.732190861003465e-16
1.676814915825337e-16
1.490646384127928e-16
1.43939654102246e-16
1.306803589541305e-16
1.248697105698267e-16
1.138278039300689e-16
1.128184436976054e-16

