### compare first eigenalue of FP and Kol when drift=\nabla V + JV and J antisiymmatric

## Fokker-Plank
# res = 100, r = 5
0 -0.5320158625473305 +i 0
0.1 -0.5427273440177738 +i 0
0.2 -0.5783561584847584 +i 0
0.3 -0.6604968349366006 +i 0
0.4 -0.7724530310224231 +i -0.1501860237518092
0.5 -0.7727584536847465 +i -0.260007049065047
0.6 -0.77309355676539 +i -0.3502376198753611
0.7 -0.7734497077832716 +i -0.4332907533848923
0.8 -0.7738199897133434 +i -0.5126636760891953
0.9 -0.7741989165293132 +i -0.5898417648473933
1 -0.7745822438566371 +i -0.6655874543204189
# res = 200
0.3 -0.6568680129970275 +i 0
0.5 -0.7671178033725329 +i -0.2608670738594816
# res = 300
0.3 -0.6561981107948297 +i 0
0.5 -0.7660742811477688 +i -0.2610246497030869

## Kolmogorov
# res = 100, r = 5
0 -0.5024780856508594 +i 0
0.1 -0.5127422426605559 +i 0
0.2 -0.5465554679502403 +i 0
0.3 -0.621255622489075 +i 0
0.4 -0.7513380787434454 +i -0.1344620469319199
0.5 -0.7512862408436723 +i -0.2511453674774996
0.6 -0.7513257485067125 +i -0.3435847380186308
0.7 -0.7513659459035229 +i -0.4278460276576706
0.8 -0.7511233715225033 +i -0.507558889629771
0.9 -0.7514129843929559 +i -0.5856740179960985
1 -0.7515325165710383 +i -0.6617198530714088
# res = 200
0.3 -0.6212972826334653 +i 0
0.5 -0.7513414711048343 +i -0.2511893977430167
# res = 300
0.3 -0.6212755100221026 +i 0
0.5 -0.7513327000043025 +i -0.2511338045847767


